55
21
18
69
19
51
70
4
9
64
28
10
14
35
45
8
40
78
41
57
31
8
20
78
30
3
30
27
4
58
40
33
11
9
47
12
28
82
7
64
21
77
55
16
9
42
27
33
17
53
1
59
24
16
1
19
41
78
20
33
5
8
13
27
42
34
53
19
49
20
21
2
30
33
3
35
50
10
18
14
64
88
8
35
75
25
50
31
51
1
32
49
66
4
52
14
36
48
18
45
49
29
71
29
20
2
24
27
28
16
77
13
13
27
37
33
7
13
39
27
13
61
38
22
19
18
82
59
11
3
29
1
24
32
13
2
91
56
44
10
73
13
6
14
57
15
19
52
21
9
80
16
50
46
34
17
50
42
59
88
19
67
89
16
35
45
18
25
25
10
65
53
42
34
26
25
19
39
0
74
33
58
48
85
3
18
68
27
7
24
18
75
61
9
30
49
26
60
37
57
48
13
64
29
41
16
70
66
3
49
6
39
9
86
74
58
28
6
35
37
48
55
27
42
34
66
39
50
18
6
31
63
26
0
25
25
31
20
46
19
17
64
18
12
17
37
48
25
43
16
37
14
31
16
52
43
9
23
28
80
35
6
55
59
94
14
11
60
28
25
36
7
17
38
18
8
10
22
7
2
75
28
55
9
38
73
25
41
59
39
9
17
53
79
59
11
15
74
43
83
13
77
52
24
14
52
38
82
47
14
50
77
31
10
9
66
40
3
38
33
9
20
59
21
39
24
35
22
2
33
40
23
53
23
27
57
65
32
25
20
43
93
56
39
24
3
12
39
85
19
52
0
54
4
14
49
2
84
48
32
13
5
19
31
66
1
56
29
46
68
75
85
16
30
40
51
42
96
44
23
25
3
38
34
34
8
27
46
6
4
65
5
2
59
40
61
90
4
3
33
16
17
40
33
44
22
2
58
14
61
11
51
58
25
6
31
27
71
82
21
12
15
21
41
73
64
27
42
62
86
41
2
55
72
21
14
15
13
60
58
8
3
41
44
51
78
14
31
1
14
7
1
24
15
23
28
69
34
83
94
20
34
16
2
12
35
41
55
1
16
32
29
39
42
32
43
12
14
30
20
10
7
6
26
39
93
80
66
43
59
8
46
85
0
21
66
8
78
19
11
17
19
21
91
59
64
8
13
44
92
13
31
59
36
13
13
51
33
0
60
65
57
67
25
56
9
60
13
7
17
63
82
14
8
25
58
4
4
45
62
65
77
15
5
49
35
28
17
77
12
7
13
18
53
42
51
84
5
28
33
65
14
0
29
2
4
58
11
67
91
64
6
13
23
26
26
35
12
2
65
16
9
22
22
40
71
51
35
41
13
27
29
7
16
40
13
73
33
48
5
12
63
25
3
11
67
88
35
74
29
5
13
25
44
58
17
17
13
62
42
68
10
10
6
32
82
56
59
38
48
34
57
58
3
46
12
26
23
81
1
5
2
33
12
15
43
50
7
22
65
30
18
41
17
76
13
72
1
59
58
29
81
75
26
36
63
39
21
80
61
36
37
34
17
50
25
43
77
68
13
41
71
62
2
21
16
16
21
33
13
4
3
45
14
59
57
42
25
29
6
33
16
9
73
3
21
45
35
49
18
37
30
32
36
44
46
37
16
10
3
9
36
75
8
20
6
71
10
32
42
4
40
31
77
3
33
28
17
37
2
35
15
47
32
77
98
25
63
0
1
46
34
15
16
53
14
19
4
24
57
2
31
25
33
3
1
44
52
62
67
6
24
12
57
57
34
5
19
0
15
9
15
33
28
14
18
7
83
91
82
9
34
3
98
47
49
35
43
1
49
7
29
49
9
49
27
7
34
3
67
45
15
62
11
40
16
46
18
16
25
14
29
57
10
33
52
8
16
37
37
29
54
58
4
55
31
13
27
2
15
7
25
57
20
47
52
82
10
34
15
29
26
14
24
87
55
90
58
35
43
26
6
24
29
57
53
9
45
28
18
35
8
75
43
23
42
9
95
35
13
57
12
35
29
47
90
58
37
30
55
47
3
10
22
58
29
28
70
34
4
44
44
16
4
23
37
26
2
37
14
19
32
11
15
1
13
33
3
2
6
0
53
4
4
19
51
40
5
34
21
56
35
89
0
23
0
95
41
11
46
43
3
51
44
10
62
25
46
61
57
14
73
86
61
32
28
48
1
38
8
3
36
8
23
26
7
0
46
9
12
39
41
9
34
26
2
11
18
60
24
6
1
41
13
25
4
45
19
17
36
37
28
14
66
31
53
64
7
40
10
1
26
61
46
41
32
34
48
36
5
28
9
29
6
21
59
39
0
49
26
57
1
11
34
66
16
69
16
1
69
10
8
3
30
33
8
3
17
29
36
50
41
93
34
6
24
60
48
18
46
68
48
35
25
35
13
41
75
80
20
4
10
9
35
12
90
24
5
0
36
16
55
30
16
42
12
44
37
8
15
41
22
50
5
25
54
1
81
13
52
84
88
17
75
12
9
31
29
25
58
28
13
62
8
49
20
40
58
13
29
11
44
34
39
26
60
18
87
12
27
25
75
11
20
13
13
8
12
35
24
16
35
32
35
50
39
80
9
22
15
2
7
22
39
8
33
4
37
32
13
3
9
81
38
7
0
12
49
31
15
39
33
65
9
46
8
20
6
9
45
36
82
0
24
37
36
45
42
53
34
7
66
0
83
31
8
37
67
69
11
23
7
33
16
14
63
34
6
19
2
4
1
26
13
37
18
14
36
13
42
12
64
8
13
27
0
36
35
82
18
4
38
26
32
19
68
5
35
40
60
12
53
15
4
59
22
12
5
32
33
25
36
40
75
3
66
30
34
18
13
63
12
1
15
15
52
52
42
50
25
15
40
16
39
33
26
48
47
63
14
15
45
23
26
16
21
11
36
32
13
53
59
70
41
18
44
82
3
49
43
76
31
34
48
51
47
4
25
9
8
63
1
64
37
8
0
15
25
52
18
20
31
22
80
41
84
43
0
3
67
57
38
25
39
56
7
41
14
34
31
56
86
29
43
3
2
56
19
17
30
5
5
60
1
72
91
27
59
31
5
67
38
23
85
31
11
47
40
9
0
26
40
38
49
32
3
45
63
7
23
39
48
75
8
71
16
13
42
54
19
15
36
15
50
58
41
52
53
29
11
40
23
82
83
19
0
22
8
25
68
32
51
33
40
14
52
22
66
39
19
26
61
8
3
63
82
58
58
4
19
16
0
37
34
1
60
13
32
68
5
37
7
60
21
31
13
10
27
15
31
49
30
37
84
33
31
9
5
91
23
3
10
76
42
31
8
99
69
61
19
12
80
14
32
52
3
82
61
13
17
4
58
16
40
17
58
37
18
15
66
18
20
8
39
4
15
52
7
11
96
50
57
54
18
48
2
36
32
31
69
6
18
59
36
47
22
61
12
41
10
5
87
35
2
19
53
1
94
64
5
20
50
7
36
21
51
37
54
15
22
26
4
6
6
12
86
3
25
21
27
8
38
9
4
73
20
27
2
41
10
25
7
3
64
5
68
53
23
7
26
28
35
75
12
33
3
11
5
55
18
52
21
48
9
8
8
36
65
15
4
27
5
65
24
61
36
58
8
12
9
37
86
13
25
17
5
55
27
15
14
44
3
69
17
74
66
60
41
5
37
57
53
37
18
47
26
22
16
26
70
30
43
30
21
50
81
29
64
66
42
10
17
84
3
19
88
36
6
29
12
94
73
27
15
27
48
34
25
59
12
59
20
34
25
36
4
16
15
42
59
0
70
0
33
26
26
66
3
29
19
50
20
30
55
43
43
17
45
47
14
19
63
34
56
35
14
28
83
37
28
9
60
42
27
21
11
51
2
4
3
6
2
47
11
25
34
33
58
3
68
21
2
28
17
91
53
17
71
45
45
7
36
40
8
34
17
15
5
2
20
13
24
32
8
76
35
13
73
16
57
81
51
39
32
36
28
51
87
18
28
24
40
49
19
39
52
11
65
36
41
24
23
93
25
87
64
18
39
24
52
32
47
10
56
7
44
65
3
57
1
14
12
76
3
18
22
26
44
26
0
92
57
9
13
5
22
1
35
47
13
18
45
59
17
4
36
22
51
44
17
9
8
3
8
3
52
38
2
42
3
30
8
35
30
23
86
83
88
17
45
29
14
31
25
13
24
41
3
35
45
40
20
12
72
57
80
3
26
23
14
46
8
64
38
28
31
95
83
32
37
25
23
36
37
86
68
70
22
2
21
19
79
81
30
1
32
56
7
15
23
24
21
9
32
23
24
82
0
48
37
16
44
44
74
29
60
81
84
32
22
95
8
19
19
8
43
59
41
5
41
14
28
53
17
37
20
2
4
73
15
56
46
22
22
50
84
4
53
27
20
7
68
4
14
3
72
29
4
59
9
1
27
57
19
66
9
23
2
2
17
72
54
14
35
60
73
10
10
58
21
6
23
64
6
18
25
73
14
41
34
12
16
38
47
28
27
78
28
3
16
11
14
18
52
41
5
15
34
28
6
15
29
78
77
27
56
97
23
50
31
15
21
79
11
79
31
12
59
5
18
84
65
17
24
4
50
43
92
48
49
46
30
7
66
71
23
48
56
2
5
48
47
67
15
26
47
26
45
41
15
11
8
64
9
52
24
41
32
30
44
4
11
64
44
62
8
46
23
91
47
14
32
69
14
8
12
19
47
33
26
69
26
6
56
37
41
18
3
89
73
5
5
45
14
31
14
57
8
8
12
32
48
16
55
10
9
60
30
13
37
14
85
50
38
50
0
1
14
8
14
50
12
50
21
52
56
50
5
32
50
72
41
7
30
31
69
34
26
46
24
57
24
17
1
53
51
89
7
82
10
36
9
14
15
31
9
31
6
53
15
26
25
58
13
31
12
4
88
21
12
14
27
47
60
65
51
75
58
35
32
34
4
65
14
59
43
19
17
24
32
50
34
26
51
83
23
48
40
0
28
5
14
49
26
4
22
56
1
66
36
52
70
29
52
30
7
39
10
23
57
49
38
13
29
54
16
18
31
13
5
44
51
29
29
22
40
40
91
13
60
19
23
3
59
36
7
51
45
27
4
3
6
55
29
45
44
32
35
87
4
34
8
26
6
54
44
33
8
43
5
93
29
40
40
9
48
5
1
81
44
64
54
1
73
76
25
43
47
29
36
9
37
49
29
58
21
43
3
24
25
5
73
56
69
8
13
87
43
55
4
47
0
2
35
47
58
42
47
19
73
7
31
60
43
4
28
15
17
15
23
57
68
15
74
36
37
3
18
11
13
82
30
22
61
44
86
58
50
4
59
65
19
22
3
53
10
58
5
15
35
5
1
38
27
9
15
68
91
38
34
91
33
6
5
61
43
14
23
16
34
43
7
34
56
6
74
54
10
28
55
44
51
21
9
4
41
25
49
47
60
50
54
3
62
61
82
9
4
67
80
22
4
13
56
15
20
51
43
63
18
17
28
11
80
61
72
32
4
26
26
36
73
59
16
3
34
6
35
28
66
57
22
79
59
1
49
82
4
65
53
26
5
24
9
19
27
6
21
23
87
12
3
3
48
42
32
9
13
30
15
39
63
16
14
22
58
50
86
73
21
15
2
35
57
17
42
21
22
36
42
58
17
69
27
8
2
36
15
7
41
58
17
10
25
81
56
12
31
61
4
44
4
34
38
26
89
19
44
11
6
76
14
7
70
12
51
62
12
36
4
39
45
36
32
9
4
10
1
13
45
48
66
75
19
16
0
9
29
55
5
7
44
16
2
11
0
17
28
51
79
24
7
9
41
37
51
41
38
20
6
52
61
11
30
6
16
1
12
63
33
5
30
36
16
26
40
24
69
76
9
42
37
61
3
22
12
50
80
77
4
26
10
44
33
33
90
17
68
19
80
29
47
71
27
36
22
39
1
30
14
91
31
75
24
60
35
19
49
32
42
8
46
51
46
10
58
6
29
24
77
2
9
47
5
24
33
49
2
22
62
59
10
55
40
43
22
62
4
28
78
1
82
5
15
55
15
10
53
44
36
47
10
5
54
33
4
34
13
60
43
38
3
94
70
49
72
13
7
18
25
51
35
6
5
13
65
72
14
61
21
34
12
9
86
7
21
46
16
80
11
49
48
11
59
23
21
11
38
30
85
11
47
51
53
31
3
52
26
30
31
36
8
22
1
27
8
26
49
41
58
74
15
27
27
91
4
21
20
39
75
32
1
53
21
21
74
59
34
90
2
82
25
14
4
10
8
59
11
26
27
65
14
36
80
57
9
39
79
58
41
20
42
42
56
82
31
2
37
68
46
3
91
31
13
30
35
22
74
9
3
26
85
9
11
14
4
20
46
4
77
36
41
14
70
10
12
40
23
43
13
4
22
60
19
17
28
66
2
1
8
9
51
40
6
9
11
24
60
0
16
28
19
15
25
15
22
5
9
23
26
32
4
2
76
52
15
60
46
52
36
8
42
21
17
7
71
14
19
62
44
19
26
15
34
38
58
23
21
10
4
34
76
16
4
16
11
32
2
42
9
46
17
33
55
47
59
55
60
54
36
5
43
37
2
28
74
29
55
45
32
87
16
10
3
59
26
44
13
3
16
36
45
21
4
2
34
90
8
20
31
7
1
2
11
51
59
58
30
27
56
68
23
37
80
9
60
42
8
49
36
61
15
14
42
29
37
27
8
23
50
22
58
41
6
83
28
8
38
46
84
6
27
39
23
42
69
36
17
21
17
28
7
35
19
67
30
72
81
89
64
34
77
62
32
0
92
17
32
11
13
4
37
75
49
29
6
41
8
10
31
33
51
17
12
45
53
20
83
5
78
24
15
11
2
11
59
41
82
67
81
95
10
9
68
7
45
67
22
67
46
7
43
55
6
35
58
57
10
13
29
40
23
42
17
32
46
19
64
69
32
62
30
55
24
28
29
41
64
77
39
53
29
51
57
25
33
66
2
17
61
16
11
6
80
0
1
8
22
22
3
13
79
51
26
30
34
1
37
22
15
3
57
47
50
46
44
14
18
63
58
64
15
10
9
12
45
23
46
54
19
3
14
48
59
27
40
92
14
10
82
39
14
37
21
42
36
39
34
89
66
90
28
42
90
49
20
47
30
8
14
6
57
46
24
2
41
70
39
20
25
60
84
1
17
64
25
70
49
88
2
26
28
23
24
0
33
10
32
17
25
37
78
16
10
26
34
10
38
63
34
85
20
46
53
20
46
29
10
40
20
52
22
11
60
61
90
56
7
26
3
26
30
21
28
58
81
26
12
29
2
21
27
37
77
62
52
48
19
15
57
47
57
6
54
2
17
45
41
66
1
35
51
22
17
78
4
2
14
19
37
21
0
3
35
18
47
2
55
67
71
88
1
1
33
8
8
27
15
57
1
10
13
24
25
48
40
12
40
47
39
59
0
8
27
41
22
3
37
35
4
20
32
61
25
60
2
84
23
54
40
16
13
2
35
51
41
52
22
9
18
84
41
43
7
61
45
25
4
17
20
73
7
75
6
5
7
6
14
8
39
36
26
33
54
41
69
23
27
68
25
13
57
18
18
19
20
15
64
63
61
17
40
26
38
4
19
51
57
14
47
59
7
84
27
29
16
72
38
24
41
5
35
5
46
87
37
36
27
44
15
19
36
57
24
3
12
32
49
40
51
83
31
63
70
55
4
41
61
7
38
13
14
42
85
15
42
38
68
66
2
47
83
27
33
25
44
16
34
26
23
33
65
5
77
4
81
73
35
45
77
5
35
11
55
5
11
3
15
38
82
43
12
10
47
8
34
39
52
7
75
1
35
87
13
1
36
15
24
10
13
59
69
10
11
61
47
57
70
24
26
13
19
8
7
61
47
54
9
51
19
28
17
55
40
45
32
7
58
55
83
5
38
50
94
3
59
30
9
48
35
75
31
44
8
18
31
41
14
50
4
16
58
32
25
35
10
2
35
6
10
44
20
21
47
16
42
57
40
49
35
0
23
74
43
70
34
14
3
74
51
5
17
59
6
4
30
52
87
53
9
32
21
15
31
41
91
31
1
41
79
11
4
32
45
24
44
69
57
51
7
34
6
3
12
51
21
46
25
68
28
34
14
26
59
0
31
2
16
5
48
63
22
85
15
25
72
29
30
55
9
37
41
35
37
4
57
32
24
66
23
61
1
4
33
3
62
23
44
56
50
4
62
59
6
18
12
34
6
43
3
23
39
45
54
77
65
56
35
35
45
15
31
75
35
32
20
31
27
77
64
53
27
4
1
43
0
15
89
62
2
10
14
30
10
15
82
44
42
44
23
1
44
81
53
35
16
8
84
14
89
17
3
12
63
13
36
72
70
56
15
54
24
6
4
62
73
88
49
60
22
29
61
64
31
4
5
13
48
71
12
49
19
20
15
22
4
12
26
4
41
80
23
26
73
31
17
38
77
17
67
17
8
11
28
2
35
74
47
66
79
28
10
51
33
27
2
12
28
66
61
2
27
31
22
66
62
91
6
32
18
56
51
17
29
50
25
13
58
67
2
48
16
43
11
27
95
22
31
41
3
13
59
25
62
20
33
9
20
10
24
44
55
10
2
65
10
57
32
1
55
0
25
48
61
3
1
42
2
41
53
94
41
69
10
13
82
40
54
17
7
76
3
13
28
53
22
72
40
43
74
4
31
22
27
91
53
5
9
81
50
38
19
36
19
14
15
41
56
35
18
28
82
47
7
1
7
3
12
19
57
50
21
16
10
23
50
22
10
67
31
80
21
5
2
9
10
81
32
24
7
30
47
23
3
54
32
29
70
20
45
35
44
12
73
53
14
65
28
1
49
63
10
72
53
25
31
73
68
44
15
56
42
56
22
13
31
74
8
49
12
19
21
47
52
34
44
7
33
27
8
56
75
36
56
64
7
6
80
47
43
37
9
39
21
70
6
70
19
21
17
80
55
28
20
47
9
67
25
44
9
33
16
16
78
10
4
0
19
6
46
53
41
14
4
32
76
3
42
59
22
66
44
50
14
26
18
61
59
85
6
17
87
54
56
7
5
60
26
28
19
36
42
13
11
85
75
8
4
31
9
54
34
84
69
3
18
57
82
31
17
26
27
53
42
4
42
22
23
25
1
36
42
22
56
23
40
16
40
20
19
25
29
35
41
46
12
55
6
3
16
67
17
67
75
28
6
62
28
5
59
3
51
11
34
52
18
15
13
39
2
61
11
15
60
5
3
41
24
54
2
14
48
11
45
32
28
36
26
63
47
12
22
69
48
77
62
91
44
16
38
7
11
46
23
10
31
41
44
14
25
29
78
5
47
1
67
68
10
70
94
13
65
15
35
43
42
24
12
79
88
81
6
70
17
36
13
55
12
50
61
19
7
21
29
9
14
73
9
4
19
33
11
29
20
6
61
69
55
5
16
41
52
64
2
11
30
11
6
3
41
22
72
16
9
47
6
41
1
0
42
15
41
7
41
17
3
49
60
42
18
49
36
60
51
35
38
30
11
25
2
28
27
14
28
47
24
43
11
53
10
15
19
71
32
43
28
24
11
16
9
1
4
47
42
9
72
21
13
3
8
70
17
22
80
43
44
7
83
26
21
16
14
55
18
38
19
7
79
46
38
4
26
16
20
46
6
4
79
44
60
57
11
56
20
88
42
65
40
21
50
19
33
50
5
75
22
36
60
78
33
70
6
32
1
21
66
29
5
31
42
62
85
11
85
4
57
31
17
60
53
35
15
18
48
42
53
50
8
19
15
11
3
82
17
22
38
22
5
31
6
35
60
28
2
22
49
16
21
15
25
55
0
69
53
26
20
24
42
80
42
37
20
44
30
13
4
43
63
39
51
40
31
24
15
24
20
14
35
41
68
56
18
27
40
6
49
82
33
30
11
8
69
53
41
22
18
41
39
62
76
46
47
65
35
40
38
82
17
65
66
4
89
21
53
16
12
68
27
49
12
21
14
36
21
28
59
15
20
5
41
76
57
23
18
34
21
21
45
91
63
27
55
7
85
10
20
2
6
20
75
59
31
8
65
20
9
76
45
39
13
42
56
19
35
47
12
11
16
32
55
23
59
0
52
7
6
69
16
19
26
25
20
27
68
25
2
24
24
38
74
74
16
83
20
48
8
43
32
31
5
23
1
15
21
6
26
10
2
14
60
46
39
32
20
14
49
32
1
45
2
5
75
14
3
40
9
40
28
76
14
26
15
58
15
36
21
16
37
58
5
7
70
41
5
16
1
29
9
31
88
37
38
43
54
54
46
49
5
34
27
51
18
13
63
35
18
34
18
42
57
16
27
64
18
31
46
41
81
20
80
58
60
72
29
17
0
67
19
44
8
46
41
22
13
7
21
37
34
12
7
76
23
22
74
4
46
51
10
6
2
64
57
28
29
4
5
24
5
31
46
70
79
60
30
40
67
49
24
71
5
2
0
34
12
25
57
10
33
53
5
69
19
27
54
7
46
36
78
26
60
47
6
4
38
26
68
70
92
12
5
62
36
59
72
18
1
41
36
77
45
0
66
8
85
29
66
77
37
7
27
44
63
18
26
59
76
64
37
59
3
47
34
60
1
13
26
32
21
33
11
8
63
28
26
30
44
63
66
83
74
54
12
15
13
34
60
30
37
0
1
28
1
24
14
31
10
38
44
4
55
61
35
50
56
12
2
9
41
15
81
64
10
14
22
41
55
65
11
38
16
37
81
100
7
43
7
44
32
32
3
21
10
22
41
28
42
41
16
26
55
22
80
64
14
10
49
90
37
37
26
26
61
15
63
17
55
4
24
20
9
3
33
1
9
43
16
38
26
42
51
71
65
10
33
47
19
13
6
15
2
70
94
11
78
4
25
8
82
33
17
87
43
90
34
36
23
50
28
67
16
7
6
0
20
31
38
5
59
29
79
38
64
14
23
42
80
72
56
47
24
60
19
27
78
5
25
34
47
31
43
25
75
20
36
7
27
70
30
5
77
28
12
48
56
45
47
3
34
79
44
30
10
39
1
29
45
22
29
53
26
9
38
3
8
3
39
64
16
13
10
17
13
67
8
61
24
64
73
2
27
24
77
24
70
24
92
22
91
3
3
38
22
10
76
15
65
52
80
50
21
9
47
80
21
60
44
50
54
33
15
81
40
22
83
9
6
29
73
66
46
31
54
42
3
0
6
3
2
27
87
27
43
38
71
20
48
51
95
29
1
12
37
33
38
45
51
15
8
6
61
12
5
1
23
45
7
70
14
75
3
28
45
23
15
28
34
27
27
35
37
27
48
10
21
32
33
38
87
23
26
9
1
63
6
45
47
4
36
4
59
69
45
55
3
28
7
21
85
58
4
