63539
24183
96850
89604
117911
20866
13704
170020
39598
165748
108467
131258
154730
91230
35482
15850
123102
67017
32604
136952
143254
106934
71666
170714
17556
51659
30269
894
37549
135835
91157
71481
3713
45334
29711
113217
6482
93691
30165
50961
23881
14591
25603
11343
13930
52507
144862
39034
25378
12661
29112
41114
40204
95770
63121
65189
17985
99868
111286
35445
158322
127675
113321
63723
9508
71481
100829
67649
53887
68653
63771
116528
124578
18869
52812
39441
85984
6555
57261
42212
36608
121922
26674
85925
27593
51882
83412
2378
5475
72112
131502
58244
130679
65007
16191
99032
23679
94462
7110
90287
81560
125969
66071
68375
26955
80408
90017
73115
52267
162958
39070
61580
1210
65317
61558
123303
159798
22443
15560
138826
34793
76901
55610
88280
50049
27120
132796
8433
77929
13649
32734
159801
24397
82129
71878
43078
126262
99995
73048
138312
117902
160408
1008
77825
88208
139606
18283
12899
39692
23717
59658
46661
64881
61501
14905
37361
35881
17100
84045
42204
69623
10726
15966
113935
68441
96283
79920
72253
102815
82884
47248
22255
53288
166334
52438
30040
154061
15161
62195
119596
26869
65601
74454
44590
20500
36053
12622
112107
101380
25660
144910
121125
122431
11030
1285
21343
113618
58446
41656
22290
25556
102931
180158
85565
125633
92462
60322
34669
49616
29160
84647
8001
37051
99783
16859
104610
49330
28194
144146
67964
103206
30587
46024
131472
173267
128807
148691
48
116512
70952
166400
47893
52835
150869
69181
20425
23843
9287
25847
113098
3195
48358
13872
77588
91660
163113
168737
39132
74104
34345
31332
43663
108211
137377
49
66336
112633
42835
112385
102829
33212
158664
68684
122814
101917
66322
42947
126279
92009
69531
57312
108056
59283
39612
90893
10085
34038
79705
81506
119071
32959
49777
60671
105332
92147
66314
142810
12632
90762
69653
16587
77912
19287
142393
2366
61273
46823
18232
34533
14262
63634
26338
9716
57174
146781
8970
18202
71450
32859
39449
51171
21044
51758
20622
125505
24169
39652
59621
38284
6519
151560
51249
49893
2993
31131
46497
109791
37652
86123
75450
68369
172881
33940
2973
27111
41175
1368
8695
95
115606
156422
192042
35770
85931
127786
39019
70220
39148
64302
63447
51541
79404
67821
49528
46964
89114
44451
4636
81539
27877
22547
105037
4903
172332
76087
173092
174076
65664
69729
128777
53023
167212
74339
121639
115765
10530
159848
85590
41290
144710
107540
148464
107982
112808
94500
47074
33201
30380
74742
95137
57779
114832
33088
56954
41573
70330
51236
50463
129552
66040
76511
36621
115144
29929
1052
68578
116622
114656
32915
28720
5670
79025
24200
5916
141463
30655
103505
77962
45359
24444
62963
115708
56868
149044
19649
52901
114225
103165
30876
7420
52886
34549
85633
25038
58771
100994
176695
92359
24930
79540
81799
72515
112297
164370
55960
107829
112164
28287
3703
22596
39275
136341
57328
74501
41515
127644
120000
120027
25920
7973
14871
137311
56692
138149
11545
176378
32225
13487
104393
5378
59200
78295
18885
42068
607
123062
16626
153398
24433
903
11132
50313
25265
74780
37290
40360
17739
72242
148201
37128
130743
60822
20063
139051
29601
32216
145897
109881
2523
9115
20606
109549
31970
21345
5039
87251
71502
5939
47904
7169
21358
71391
28324
5537
80456
156557
79266
81947
1736
111782
68983
148143
99775
7569
32161
29730
112298
70689
39235
36792
48131
41513
17298
59742
44169
410
147716
84672
51386
12939
90122
26480
52475
41415
180681
17541
74496
52365
11277
21029
65841
18716
168976
127838
128639
27644
102882
5751
40258
34364
71449
18181
24319
16081
101615
40020
57736
100610
82569
32719
49215
84288
9640
167562
112
9052
47838
81717
23099
78667
50390
18294
140488
80044
32851
57888
46846
63493
38788
13246
20726
2879
82395
128528
22406
45919
89369
4656
74822
38205
41111
67863
61184
92331
49246
124682
45878
80547
36499
127567
127187
108908
84178
30623
116097
20659
58103
10862
28621
119357
166959
39589
20020
44078
48645
2686
114687
5681
47813
49432
79491
85956
173876
48974
58282
1032
30963
23299
44826
72523
42335
125006
11238
40932
115868
97531
125221
10157
70392
70809
79136
66907
36829
121588
78922
65608
122355
57514
70797
115506
78764
60805
24918
54853
100213
108191
81704
62147
18218
142144
179123
17826
70880
40201
21043
31799
51202
122255
30251
24426
42785
140791
6513
84935
47641
90491
16203
82465
173379
21667
70309
50418
67249
27977
51328
32085
5487
153748
65170
30025
72530
26055
71547
25326
66874
21399
124896
42213
106268
147602
12914
95079
14612
3737
11990
1228
72388
72479
21211
53947
6638
49653
83843
28059
5302
11484
88769
102305
166358
66994
3042
129217
49350
3268
158137
97844
47212
52482
23077
149202
49061
84346
11609
130567
72142
139037
39105
132835
3952
35286
40418
34973
2977
16345
98625
66464
48864
5141
40241
132454
9804
68617
147169
149942
22967
33808
28745
170906
24527
193364
61129
113559
11649
44242
79704
29290
28139
84095
102161
2355
127209
80796
43607
12863
78389
88388
125832
9424
143324
83705
42930
98408
45229
5560
2428
79843
56743
73230
43848
32126
152506
103857
907
42813
70725
109514
28136
120615
110276
50778
131238
10505
125714
92148
22841
117364
8615
13609
47313
133540
181606
78293
52738
72628
25113
150489
4812
20263
121123
79660
38291
122846
172701
3122
125597
79703
48610
122356
52547
83505
51999
67626
127352
77712
23574
6654
92449
34248
140184
156533
5617
42859
25901
78629
20948
84049
75446
32866
60753
51793
46577
55889
128454
25815
156405
43942
123314
130559
29643
21508
46323
6325
32247
29464
39070
31602
22475
10532
65869
157516
15030
78278
14924
13914
35195
72173
61703
44669
139246
6523
69529
20543
39529
55967
104853
37353
133414
72665
178920
192628
83365
159161
8866
46899
148845
71192
53111
51337
9771
16466
93392
74933
16660
111757
118956
97798
891
170263
69605
33623
30634
163126
111321
27742
65122
37232
104331
14932
14917
20613
20395
24528
44628
13573
42759
56102
5124
20000
39432
85169
13325
10964
79299
27660
170747
155821
89760
121476
31868
3851
14724
30201
36782
47640
61847
131805
95297
12102
19434
139191
55836
81241
2631
20999
43124
62887
68883
93913
138116
14266
42856
112189
5698
12575
28849
107129
30221
8176
3158
36185
10054
17495
82174
18973
29187
31312
36773
4992
66826
91333
63793
132902
55664
140462
7713
63735
88681
13561
33693
65403
23532
148487
71654
70488
124452
154650
46955
167
52013
154911
26362
33686
140128
45207
77532
54608
45697
3415
80601
145515
26823
53782
6827
191634
21504
31904
7330
5052
31338
8467
85425
65141
32879
86777
47850
22138
10198
8532
47064
121652
22705
95611
39732
87886
60030
6927
11716
13323
87850
110010
140680
100950
174449
55298
12993
37345
91667
35887
31138
39435
87328
19810
51037
34500
67248
9175
113650
23204
5881
62983
150469
26194
16226
53299
4984
49930
9237
99721
97967
111238
54346
75377
133682
46838
26604
163103
8577
46501
42115
15025
5306
69966
63591
97172
91775
51470
45175
20533
61026
58428
55234
89020
15203
59053
132886
79585
192136
10127
21412
48948
32397
56413
38729
110884
55125
65516
141676
31904
168770
35798
65090
55782
88145
25557
111703
12330
46699
2336
55005
41492
84917
5120
34344
69917
64578
68897
63955
92163
39266
100770
103018
65765
29103
8675
96364
962
28114
74949
64336
31634
87827
22636
48087
76246
17391
87271
884
80300
76511
10695
10556
31681
54626
71442
179776
4301
22518
50999
144772
86488
115058
25042
187727
41963
22336
80547
100278
40322
56108
99667
33589
18641
5364
167127
8327
57763
40038
80549
161184
30643
85144
28259
44484
41066
41740
81796
151366
11264
33688
99764
113379
8543
116366
13912
38582
74063
61349
32219
53108
102902
11680
80458
69027
111476
14541
39852
118796
53490
103534
16905
36623
50556
71643
87984
31140
20817
339
85757
112601
181806
170002
4869
25426
149934
34524
23443
18932
110151
3937
143389
77538
9269
147846
17312
13875
64963
127468
15762
41109
134849
76896
73997
112426
7698
1217
29023
16326
17637
111898
112703
3611
125188
126284
129529
42606
92839
127117
58405
67560
82805
144714
132433
152789
84238
69287
25324
83458
146046
76095
61832
71466
91219
8612
11205
58765
72091
130254
22528
82727
172086
40396
59355
151932
5997
18636
23937
146829
176670
91241
131762
44455
45145
64133
176885
108168
77562
4822
102646
10299
52532
34004
5715
112422
48364
11828
26519
5809
84760
109472
44516
23650
70062
94511
136162
107314
9048
43286
31942
30868
112575
39245
24080
50355
24355
40694
121825
122618
17538
83075
79090
53036
46588
137158
25682
45036
45129
76796
14177
110663
21771
787
61524
63822
62006
89535
1186
9986
69359
103718
104122
2462
94181
142235
37940
51725
157305
64018
115905
49473
6713
137476
55649
103621
61752
82015
72657
35587
64007
1578
112178
95279
83205
129639
60548
86863
2095
8828
77336
105418
20009
45474
80926
47136
59451
12254
36942
56902
3402
179562
20324
24727
13239
84277
2838
105601
39144
31694
42585
45978
3173
25581
27605
106810
123967
33429
60453
50307
34197
4396
71676
90157
58404
26002
42448
60609
181026
28236
57873
8915
28990
111516
10966
26780
70801
35029
2081
38911
7393
38136
16207
157708
62131
76127
119961
10075
92876
110415
55722
25441
79399
44062
89136
75940
10620
59040
109719
50521
59617
115766
144795
95597
30490
64023
135800
5518
159548
41221
90968
77917
106690
69203
89009
37808
70142
105557
3511
141397
139138
192449
13334
128087
51428
51999
194649
24870
69187
40601
9204
10263
123199
18873
3066
113137
9408
112990
101252
144113
78994
60363
40176
105157
58986
188275
10363
60625
40259
51320
88900
133507
75051
3979
69624
42473
108865
43758
89708
56637
55412
100662
27207
112985
39766
63068
37579
134068
28803
8769
87997
78177
58371
13393
91947
74956
62942
20791
131143
5417
16017
11905
123141
75736
536
10060
173207
66302
99115
29068
50169
34561
16623
6651
79629
76878
25441
55448
44021
121163
18916
136073
43657
100745
24909
123185
158819
54581
12851
61779
2270
132430
5348
146238
64629
60339
102833
107271
47580
82085
102762
56253
36015
14425
368
47531
160339
30843
60338
73861
1464
18448
18963
37743
21485
50025
141719
134765
135673
6130
53315
36819
55741
69224
18128
3525
26322
67144
8576
3099
108671
2740
54401
69733
132559
61614
82031
65312
72494
46675
21584
115097
66326
129631
150689
73154
41059
17640
91738
160691
140509
194612
25679
109517
70042
40639
39545
92389
22581
55193
100727
112294
51152
403
158759
49097
8599
13928
41080
125774
49212
52098
40695
98086
82614
45847
91624
22834
69102
93371
29993
74781
121222
72317
136262
107898
72077
63038
125067
9731
40656
48566
73839
43900
77191
89281
167154
108447
105355
52724
16124
93343
99460
24334
147682
6599
85257
39074
32593
106348
59633
120432
128267
26304
112062
171785
178893
101401
91065
114484
96969
99056
14633
37591
44648
77997
121284
64164
3506
3327
70030
140238
79952
162487
31956
135858
2229
149475
60368
126649
27398
131470
31366
47274
10745
82680
132184
41177
99116
46341
1294
47247
35568
22708
54065
31720
22736
54126
176630
135206
34073
82756
119434
11708
88464
144057
13900
144709
41024
71342
100194
129109
14968
9659
129223
45146
107597
86696
100661
156082
80354
15306
5739
49661
156555
105060
61729
37184
17208
36382
4084
17879
112517
540
56291
59346
192266
130673
145124
13670
9758
130557
3932
25625
25110
155001
98896
108726
48602
24319
126489
11848
107448
22691
63136
104986
72480
87485
8920
131446
131030
64264
12994
3344
92809
49658
76565
139361
36250
18930
82538
66959
31750
49319
63536
123410
34568
56673
2532
20892
67700
88136
72637
21042
14796
73060
113111
93587
3030
25148
115065
22423
74354
90936
112800
51211
128754
50409
119023
116623
36789
121181
41365
100045
80006
69295
58184
43223
108086
21219
1118
30923
23262
110402
27191
54560
193370
21011
3877
116481
2064
25495
112713
66832
24306
20782
134539
8827
140063
176505
46193
136550
4413
24645
24107
117368
104755
36180
127062
2155
17277
49557
68740
47423
102697
5271
104077
24991
75405
26235
174014
23876
44773
54821
124892
113966
54684
89618
72861
156662
109110
77205
123970
130337
8333
176860
149627
13022
14799
141433
72605
61849
106496
45194
108207
115092
100774
53082
38413
123795
10520
57165
71900
138074
49172
106166
16095
42280
51219
1451
107323
33738
60220
3018
17539
53011
124773
51767
63375
135026
47339
132678
28586
54812
107341
144907
12099
24596
79921
70905
24132
118989
55155
68390
106155
14100
54064
39587
83232
70208
98310
111881
79816
83720
58546
10010
3696
33201
12167
137622
22015
76001
1853
100668
31297
90798
27948
37674
25859
23892
92985
163
82956
33141
33737
15465
91129
18390
22104
15080
18459
17007
44335
174551
23985
137093
76647
149966
44619
61606
119272
28441
37223
149248
4162
1065
68480
163252
187697
13046
95406
52337
19717
49287
82529
82201
145217
148400
114917
27201
2298
117186
19981
10199
21063
1849
10833
50831
107223
143239
163565
81681
132039
16463
22482
70719
159135
77941
123686
93759
86987
73634
69873
131435
61350
10712
51204
120377
36932
19910
29612
10992
54762
12730
153696
21189
15773
41995
35192
124145
53219
24334
8095
50814
9842
141117
117992
175088
113954
135344
96602
40173
123506
16636
56616
44337
38621
137328
54688
3454
14883
28965
112617
77378
75587
58347
86658
121191
140422
151081
49239
71346
74580
107711
86446
125253
36173
147440
106143
113873
18198
45593
150314
55690
80547
23955
29093
131482
66707
35976
92367
2378
34792
157724
28892
16032
19631
69779
88774
76497
49659
26742
127353
44717
92106
62772
108054
48258
121563
6834
1209
46812
79745
158934
18352
122058
93518
38498
129520
110337
34780
51350
50912
32025
125735
76128
7946
65696
3823
117278
12495
130768
14208
89447
50786
113778
6602
73099
98916
102886
9824
27662
3430
30855
173010
69043
2392
78846
9342
83768
696
157221
16088
4058
957
124014
99245
27652
3796
5839
61130
23505
50815
58617
162378
156945
165374
41169
86984
96329
32646
155957
125162
24155
1838
166352
47299
133769
131265
35342
25485
47841
32056
29828
100076
48315
115029
24370
34452
116152
123172
2854
38181
10636
136556
43661
79571
161566
130005
34391
72543
114790
49345
121653
145665
39742
7206
130006
57095
89343
111837
13382
45927
65975
69510
91664
85217
3698
78796
20239
7198
89028
22767
2891
115816
19444
92510
89516
152534
29777
63627
147588
10785
143202
137218
154838
143090
53265
50305
100923
72072
77949
35621
45747
91018
5484
68401
160601
39141
4275
59600
112824
135878
10029
31004
98241
44700
94104
43760
18281
96597
93266
20708
26209
27338
109720
57251
78121
59030
52223
46596
51252
20242
38775
124234
174609
136099
62902
26162
15842
46639
136874
185525
58597
66917
85307
52406
158327
34753
15752
78192
28229
25788
121409
11758
35929
108067
62841
31033
46935
136311
24476
8221
65579
59029
16491
114848
70024
418
118606
11228
26884
33921
90750
62469
139712
43686
15020
16844
46737
37849
68861
163337
1436
66262
72284
28014
100956
44991
129932
30373
190745
61543
11544
96135
39402
62814
62791
125497
62120
89469
64244
16028
137198
40887
8390
108436
128292
5563
19448
38372
25831
10567
53520
90496
20854
72392
55047
176668
102093
112712
18131
29651
128231
103054
152311
118169
20394
37395
54610
62633
109273
129900
5737
113225
136915
88575
122591
5428
111082
41510
17490
31467
8939
28795
58752
37691
40292
8145
112991
127187
176382
47553
77841
16840
675
111980
4834
117447
148116
86743
18753
54553
8701
51920
121956
78775
580
6445
29351
111477
99325
127911
129212
12761
31256
36138
21529
70935
25497
53018
52714
92347
72930
64949
52562
57450
79186
51855
122333
60518
11679
77455
94834
63870
47820
64965
755
65727
72256
50134
34068
72296
114755
41294
86604
72761
45588
22902
83008
153440
20634
112006
70286
40536
42310
57786
93361
81891
102515
170407
117005
67739
34221
148190
147748
117565
72439
11087
140500
82802
76963
28752
4281
147595
71811
100320
93965
19182
60502
82435
37256
87825
159891
27172
179204
81540
39292
56952
27263
46704
111960
126070
48487
20397
51992
54159
9257
127869
24696
24077
2733
126072
90331
66365
20848
96105
2193
9235
108367
40978
88255
134329
44021
42788
36331
99398
128815
20010
91445
103523
68381
139283
40151
72727
9057
73062
37444
43548
2358
83335
8041
102853
100721
128647
130358
160289
25646
23852
135449
56380
127249
9874
44457
12121
60052
133419
50462
73936
140172
7740
111904
35546
23952
166878
61090
133910
16369
94358
189939
44677
168510
104598
50532
61837
17106
5856
12705
109234
53460
64680
76573
16764
63826
141254
21279
32410
34833
56209
41249
66715
23082
33840
181474
2000
163306
124057
130894
15001
5007
2137
81119
14927
27694
5123
99948
36233
77067
4381
143268
63828
134905
143516
29244
96641
58371
150370
7191
67270
43309
15587
139684
19848
130966
70681
61504
135993
54673
29648
23302
103723
3766
49917
5777
14801
14234
11376
21425
56593
26243
24558
129663
52854
135865
35670
148808
304
30012
15038
72826
91351
153917
7592
57275
38501
133375
28779
67902
34358
24833
133558
135837
140578
46804
32713
37556
16180
98824
100928
24928
129883
8232
13422
21412
72473
19682
46656
26149
27477
128729
54284
141761
110482
123660
62250
33277
43588
126154
51260
2486
164404
127410
30247
52404
85065
65732
34272
64970
79856
82355
62349
82616
87796
121962
151342
56632
19935
43185
43929
67754
79252
10926
8837
110222
20282
108185
87166
164593
32846
58364
36880
10020
162058
120069
44865
121887
110081
35162
90321
66874
19609
158576
70510
119498
20347
144834
53218
128184
27441
101635
122172
145843
54525
56147
13732
150727
95950
172484
123131
25815
7467
131838
32752
116208
148243
91563
110204
25458
74262
65403
103390
81351
98565
17146
86436
36325
53964
18220
82349
107910
24304
29234
71769
132359
69137
25112
181860
93632
122341
70958
901
126863
90976
53119
35781
25140
19513
85869
153454
45610
174504
5021
133218
140326
97465
16113
117416
69314
32641
114479
52254
109036
129842
149144
168008
126827
149654
95364
80372
79568
24425
76295
133899
83243
64356
21999
99655
108222
28651
11636
110109
50131
11438
72287
27080
86836
90440
170085
95002
42599
15025
67022
25010
104252
136610
4853
36735
69199
97636
4850
149231
148188
43306
103410
28245
556
74701
137788
163740
103304
24921
30410
90036
33376
68616
13475
112296
89954
74852
84443
29659
35076
19720
174600
58982
12448
121582
52783
46093
14708
56726
132779
78850
99682
76427
38956
70982
37757
78639
190791
105063
21872
16717
121663
51796
10873
55164
144037
9713
162943
59068
46755
11463
109407
11301
106926
4
84596
143269
167727
97289
92895
50652
28613
43762
57766
40623
24934
40946
6201
19205
2070
47402
116127
62964
134221
173812
35614
132432
173027
29536
88392
116048
8855
97280
13116
32762
70580
79474
84240
71175
73840
115783
7033
55457
125512
165718
145920
46948
176869
28799
148915
135346
1883
99686
110805
82803
17661
14696
92270
54665
43461
35571
44256
66436
17503
96503
44033
54653
68769
77617
32303
27659
66290
26455
142905
116142
26092
53419
126826
9973
150949
120865
52541
40844
34580
67654
125417
25900
75891
27960
28825
1649
118898
70283
28295
150476
104383
7194
186004
73209
41802
86547
79080
84864
166175
99195
8108
85963
49930
149528
27233
31522
79039
76468
9269
21403
25417
5341
90109
49340
47012
64375
30439
62947
57238
52333
143225
28837
119170
54993
49246
41485
8007
107301
58839
69562
55152
36870
65585
72299
46831
101305
67163
14076
7587
109150
102557
58210
110920
120492
15970
15095
30389
115714
76654
118651
128884
24840
30273
49650
42379
8694
1010
21902
12051
56376
60428
24231
57734
56340
107894
93771
74552
72971
9915
20488
172419
11155
40603
63663
31560
108740
77858
37813
126086
139853
32041
7594
36856
4651
12870
55674
70292
161555
52184
96633
100546
110113
141397
7770
145789
73204
17618
8779
15625
74443
16874
103823
145265
46386
77518
47671
101895
71541
52119
66795
101881
73632
72269
47151
170848
43985
152976
9967
36171
41174
17220
30137
169598
16563
133894
48850
35334
44834
103126
77425
64996
46647
23969
24588
94556
10201
4523
71577
48412
19355
38426
11675
31276
14980
93074
3643
157779
61312
138274
84571
81202
18601
20344
68512
139052
14818
101008
20468
36381
182215
105904
47949
7431
104368
146456
21724
126767
24555
4491
126908
20757
108329
121019
34581
78060
40746
72562
165745
39109
27162
31747
9890
122525
43358
99209
69044
52780
13398
23169
153138
15992
63636
77932
27340
146470
54687
190721
17682
38247
86373
17360
59594
51347
9993
82036
46348
23664
3915
64697
30623
117367
27721
119128
54612
41464
63417
5726
127251
22859
40884
146022
23284
21034
68393
2790
54195
262
31170
195040
66932
152691
143374
14693
19226
102308
150706
75113
61246
21455
114965
24200
56786
22100
71435
41631
95487
2505
19965
120632
39434
12247
128758
180939
105089
31206
116353
148716
91933
86933
102824
40293
74604
79794
28690
21586
70858
70735
30574
119375
73058
80551
162090
1954
110686
7318
28609
150174
154641
169486
130663
34418
46465
124317
16400
15561
58687
31155
54234
90827
82860
21032
178229
84284
97898
34273
16799
9977
85704
42434
17462
76841
19633
46902
40730
51218
53228
110277
34073
27116
29811
11836
76223
152313
61188
126525
162417
50708
19011
106013
103841
73705
999
896
31711
5300
58051
3420
58353
43540
131282
74445
71320
43563
103493
112995
87980
18322
86216
82652
9720
44341
79638
56662
10331
118548
91447
77519
96294
27214
13311
50568
29869
158501
11837
43095
65953
8804
53985
128604
56731
105148
11684
151169
31544
36155
112682
12112
52827
3665
7454
140571
38761
80327
129819
131691
16192
95644
39340
40304
40972
46959
128836
149592
119239
180851
68267
115793
174599
17387
38278
85148
6148
38237
104739
58903
58993
1419
3916
79280
33463
91241
65386
34010
19694
71992
46930
34616
77424
17711
44101
15247
58930
43723
166253
83881
114176
1661
3109
74946
60322
121931
16168
91913
166084
60028
64728
80490
20518
79540
10199
129216
105262
39007
2713
78749
31533
1718
32186
84342
92575
79091
16518
133681
597
74493
79038
94228
50053
134940
46001
57543
30693
127417
84545
44190
140381
81953
119743
9439
2950
153604
180907
66826
104
33334
45632
19077
29795
70502
73732
145423
39097
29977
92387
14185
3602
29715
46255
63330
12579
83200
107196
32455
53004
5634
2532
83230
9363
37459
120238
70366
95349
124538
76777
138788
26067
87494
57486
65561
81757
18075
153460
79337
82801
78071
71871
46885
56188
38352
20518
98366
33915
93769
87
160200
25775
127602
49147
65251
79785
5670
184556
6036
34235
23655
11345
108065
86359
51715
57610
55952
77704
125323
51251
94559
23102
95562
112319
46903
32247
86381
185555
42887
38511
57448
12870
23577
104817
135888
129543
5113
24174
31821
78474
8316
44501
8298
51553
139847
137324
29642
65665
84336
54689
143585
118093
28791
35339
127569
46614
9209
149478
134275
74380
29555
43167
93439
88352
47620
137543
37910
84161
27387
111538
174069
15665
79266
13874
36392
22704
48163
28711
17566
11949
150691
78153
18227
44366
11332
2604
24801
61451
39063
65994
28478
56454
35853
83208
59877
34922
133614
31733
145610
70166
32825
31610
30583
8249
79762
151818
57685
30062
121943
29161
14393
2892
164406
10031
76860
55552
65520
63413
19507
148375
9384
17706
14812
85551
125032
65528
800
18807
163386
65793
51988
70230
23092
40173
101130
103045
113148
33278
64016
174467
108776
35862
65801
58837
34996
71776
66315
28419
68815
80304
65285
2708
77402
13935
116968
7708
11868
11825
36928
5394
101856
1961
2601
16524
25652
30861
37257
22860
177448
24605
35684
63247
103058
170260
171736
57212
239
107704
63760
74087
143993
61204
233
148494
53514
173390
65279
149774
17191
3864
77513
18637
41720
176332
36541
25517
122018
108660
24351
31482
45835
13504
9150
64997
22205
4447
63726
18857
13983
91241
81977
105551
80315
127673
42580
101002
114774
24151
76847
30849
76092
38350
150704
88188
21450
8844
80666
102219
6880
194788
23969
151412
122024
61013
98248
104186
111813
52856
123159
156462
11879
141147
38582
174254
37725
82985
76988
79791
10119
83022
25863
63983
42997
119749
167426
39504
4453
5864
21612
47918
122647
124980
130056
132811
11695
69724
125683
96235
10674
92835
82887
72608
42062
51300
29698
48360
51653
47583
62885
43631
37243
132623
103373
16888
6926
48993
41779
34686
15565
31086
156979
31676
33923
90875
7923
27407
81740
11891
29371
41587
31644
51259
22450
21906
77225
123728
172427
71497
70331
50403
19944
180539
34303
158262
130231
97116
13503
5645
74888
23569
7743
83871
10175
9882
100006
100742
35990
95503
111307
21815
76914
171754
119047
2384
79708
65385
126082
121955
8905
133060
25236
82184
64467
48663
23963
38558
125355
77037
191675
3114
159602
43460
20422
46794
30812
62197
29160
108063
4459
23534
161636
110396
32355
32470
52747
131630
11493
27318
170476
93963
22180
79736
23221
114068
10794
154250
49037
84583
4737
81188
28045
8366
194583
113736
28486
37468
108010
32843
88406
160928
173502
70696
39685
35640
127427
125607
33662
146692
81014
129423
123761
60344
81231
61248
19227
83740
67616
56906
131657
110600
107578
132913
86248
29235
41156
55564
30568
105451
35028
10022
79395
126823
76548
8869
109471
5620
79530
71990
122754
52882
34896
1532
24152
49376
126766
46688
92192
94591
3490
72893
123488
49628
101577
35772
41084
9839
5646
65000
79515
31751
104209
31144
127580
14900
146202
38679
36966
156
113804
39390
74562
11682
114866
35917
105347
58867
21071
2508
56628
3688
74988
133150
106772
67461
58445
7142
100159
110842
110286
121763
95048
111341
6327
12834
12211
41544
84597
84657
88990
24248
1876
62527
99398
98622
675
33567
11315
99725
11364
126871
66096
25525
50033
116181
82747
63907
49181
31001
46266
36697
31147
49036
124397
85839
26599
42870
39747
39215
123612
94860
76639
100104
92698
139640
81340
32198
54998
58592
2643
29377
138989
86292
30480
6455
52163
13763
60998
20373
148603
46504
80636
12817
115422
17072
84102
64486
13079
7432
77905
76643
45763
33609
33262
121446
91885
53117
53113
46442
76539
51295
4605
26770
134627
9270
88505
36033
39648
13655
18854
102294
79607
22507
89064
23301
27464
56848
89955
120753
132829
65584
78006
5296
11273
41494
113620
135085
75047
170139
188066
77818
80348
9248
24427
54472
26820
188834
18672
32574
37171
20087
78392
163533
72528
37126
97981
123271
74210
169384
86041
110548
40232
136333
32075
138177
33099
102222
79611
17475
97887
11900
54922
120584
127935
5882
88202
27833
65418
21196
178627
124187
27861
53050
109103
113352
36811
60498
12210
42664
102665
169408
31668
106895
85541
143180
97828
61489
65455
33261
101533
74523
44582
17121
23705
156793
91120
69579
70970
52820
84657
188346
46069
65301
31816
129586
97667
167031
40926
70568
83017
1684
7953
43144
158302
87029
39645
63797
64068
114028
29618
37679
124579
21407
21806
115502
46295
116646
67830
62307
30929
23338
55363
108702
170773
16676
55065
52597
49022
78607
25814
16462
48529
50112
10409
65284
42943
39537
92282
60257
107672
136717
83884
17099
112020
36439
39666
71616
130206
120943
10972
148505
90933
564
76056
137317
43777
83246
54722
132612
16025
157612
9183
185179
134083
41596
124403
126895
140326
38746
132770
108447
84145
38465
64249
71448
9777
47483
10549
1065
87575
125378
129395
39341
48286
8733
90686
147310
60313
67072
143594
91985
50366
52123
35786
36723
112084
145519
35182
14168
16458
171567
88713
78832
147563
118847
64967
5041
24096
93865
86565
71586
143394
78292
56627
33929
1759
118330
14491
4828
157735
41653
9980
109232
24604
77642
20571
114795
43204
120902
124404
21324
11895
86124
107846
10627
158184
142189
35692
77582
72547
29346
119292
12463
3961
81972
147928
77219
60481
71141
132498
2933
114154
13599
99563
20018
87952
77926
22577
5046
115939
158963
123690
410
109716
4309
55314
63802
31863
39375
56782
99827
81727
66467
15090
1208
74426
69450
64451
66739
14270
73293
19118
74522
59185
32223
117208
37218
16720
113214
114505
27316
13773
45677
70308
125710
123108
80755
74433
62484
144695
84667
25505
66441
115628
51819
26889
6671
16838
1386
35141
112147
122072
47933
83346
97123
15047
187986
11973
117217
72717
112726
93803
50556
2783
9749
22614
18826
40402
4369
130668
31398
67040
49491
1103
81932
185974
91108
87144
32883
27379
67957
7373
101455
83456
52020
58939
27588
33540
100060
10409
34719
7746
186628
1108
84164
60704
8101
86846
82150
30553
21982
59705
56529
869
163720
25645
19661
70203
68722
50414
108616
37769
95110
156494
99685
129048
86326
31673
30482
115305
60017
146003
69193
55641
18436
82972
51973
12522
159983
94771
29921
4183
86688
67272
24840
22709
140755
27815
59999
14617
49482
83078
144266
63852
11009
26006
107812
58699
50436
41565
55597
9617
43623
36771
17204
84897
52878
3512
24738
118395
114275
26879
92364
9853
153238
19776
128488
44261
8663
72848
93558
56391
120783
36307
25305
85451
75836
17183
67759
14334
43826
26571
43938
143276
86229
140343
94522
83192
131713
64902
4295
32438
69920
146510
105681
36988
90749
717
192125
16519
29886
71713
122199
88258
69798
52880
173108
36577
1679
97958
141188
92579
129542
80753
135890
68634
127579
27203
142117
3158
72251
136896
9410
88544
26601
30059
24221
52635
16416
193100
43253
124288
42457
35438
64997
155828
79556
30907
118881
1900
127408
942
78609
142297
63493
142026
158057
99239
31847
24983
30070
129591
38771
31034
27696
21787
50968
97938
124128
114754
100442
15654
71202
60735
44810
35943
162785
6681
11099
176640
74667
35004
2657
58498
120536
58812
23399
60249
54966
33631
64521
8177
18237
33584
50962
74481
130094
75452
88981
45235
76751
114327
43311
55412
73464
37942
63316
112669
129578
179111
7326
36488
159526
57091
6741
66713
93046
65364
147058
58147
78383
16085
136784
6234
39486
195066
9409
11319
112293
104998
172149
35847
153176
87777
8147
116058
99126
34046
151828
60945
129959
142967
121106
84516
18379
32484
73063
1706
86770
2757
50725
66175
36856
35193
67719
111586
98796
153863
89297
80396
6795
73239
36418
31272
153814
35415
2419
53228
40194
166504
85887
123729
19924
140147
127364
104450
43571
66174
34857
24899
84199
149363
143464
261
69115
129815
60434
43543
62088
17694
21061
5948
83025
38510
22262
9884
125518
8905
61422
164557
98626
66495
37116
147744
49572
111708
135099
12230
96593
27926
78610
91723
161943
160066
171289
162494
2428
9598
69059
67882
108194
158918
51216
109703
30330
109407
45668
80553
3163
58507
29563
74338
47527
57826
41125
91065
75768
85779
119561
72769
42547
74464
80376
85818
95515
7103
63303
62242
25447
66061
117158
74674
171578
3358
177317
29673
80826
91145
189535
62724
20543
135818
55652
60154
3334
46255
59973
96334
154115
5810
2590
68790
128967
107275
70728
3916
104041
50226
35240
137481
60330
56713
18230
33447
35911
75896
32878
136519
58322
81540
32093
73709
59423
41674
121495
33372
39594
108958
38950
124932
137703
167460
86300
18484
44508
43125
63895
11035
37110
57324
10244
73158
114078
120979
42768
51749
36939
10025
16915
101574
58416
120417
26960
52270
16055
108848
28987
135885
8247
99343
39023
160241
119413
36489
55947
84497
3508
130036
105630
118741
15885
45261
34959
160230
38523
46726
159384
13664
139787
71994
20753
15638
20551
101873
31835
147166
44626
123530
51227
86966
78030
111232
84731
134450
85270
20670
41082
139306
119459
6570
43144
144722
720
149378
20759
9449
39195
39442
24189
117336
172834
85847
27422
87216
46286
36823
109792
136236
73057
20270
12815
144180
132535
124088
29313
38121
102207
10956
69624
130807
46356
85706
81379
39572
51852
118140
118360
32444
126970
20324
10893
85949
64627
17269
32924
24532
77429
124672
107890
63533
13240
28890
59094
16232
9313
19846
75039
90907
41195
41981
12877
22689
90236
53583
48511
9545
17209
103895
13662
39468
63464
100380
93340
67852
25462
63510
46366
119788
157549
5347
63462
5293
91561
32298
14207
159245
26593
44511
7230
8373
68331
151007
44613
30906
100635
1043
109120
123552
148200
81614
28217
42971
166154
94105
31278
74361
120702
63158
17849
98450
26963
32226
71703
39148
47693
72454
79249
51147
28980
21545
77507
111932
176799
118185
47274
41755
3378
12960
153360
164096
93290
150406
14541
11127
129525
100037
2427
151001
87593
49980
48933
31472
27222
35062
1786
116810
60262
89103
80584
33531
21959
16920
179495
17800
154844
87007
36804
77770
44961
1791
108478
25970
60395
96490
94298
95693
80365
123174
101346
63330
46500
29732
119181
43473
87755
120927
98678
51702
129375
8214
122619
97648
24274
126107
18321
49105
115237
125374
133281
3330
144548
1864
18569
56983
104153
129511
169
12175
94216
5896
39460
13635
90895
124704
38889
62235
73374
79649
142506
63476
22673
91315
62350
9807
32433
25006
40647
58122
10708
122791
8394
55987
113595
46270
32854
12958
37467
14738
14638
66854
16128
62181
23471
123406
16639
33495
122205
55239
15755
108475
91380
12992
157810
113444
9251
90733
128556
48840
12371
29538
30334
127930
59050
131210
181965
112235
103381
158749
3286
59493
1813
151518
38437
42325
4896
135213
70357
80776
97607
17346
11402
17525
1160
168568
109047
32253
158185
26927
79810
61740
30346
45748
156554
8802
41031
12748
91317
106160
40935
1861
123876
97464
101799
39136
65736
80404
24278
188358
43786
190002
64039
148660
34079
34558
11883
78327
150070
73092
108148
78504
34002
31049
76212
289
50742
59972
188511
25860
62377
103925
16041
92378
74508
71026
83357
68152
146273
37095
29786
147866
23424
55510
58988
55479
57345
105217
6032
128336
81493
27
70578
107550
112130
41147
143232
90603
98146
21382
98584
32720
3234
83000
138625
25449
48441
96372
23966
102330
159637
6739
64212
81922
123637
111003
115626
149543
70722
46537
56670
32310
49285
116091
17522
110194
130886
119360
81277
11934
122202
90185
37832
127433
68873
91207
149509
33272
16680
41743
25743
89818
10033
109233
90879
7393
66121
102992
166299
103378
148429
58005
40681
121217
174135
27089
8739
74187
59561
36218
46318
17966
46642
31945
18537
32141
61269
57348
92690
128011
80382
25809
142013
1284
83602
33772
6690
32196
10575
12927
149237
18458
150502
900
29281
76237
65050
32364
8491
122981
147662
75416
72913
20643
119695
99386
116022
108159
36656
37120
114132
73359
52651
115932
129065
59889
62521
111785
147266
5433
43317
1082
48931
114678
60605
98671
1528
94364
54122
112537
33893
62867
1754
95368
48669
5374
10765
55157
46589
35840
24015
19542
73741
90553
9831
11330
35742
887
19447
52643
127728
100719
68301
4875
30240
169844
51504
32197
87554
103555
36377
186930
126631
68160
35896
143172
36750
13567
169012
145452
16597
128651
130046
74787
71361
118326
147051
380
10856
28856
88382
69728
86035
130464
78115
74120
119702
80732
8497
52348
53064
124438
64372
5079
21974
112873
46199
58315
107307
134556
127873
147055
124564
66334
51508
65312
40732
99416
9472
64231
110376
21195
117633
39402
80538
21062
85807
17938
116572
112434
74214
91640
46620
50358
88061
52117
44370
108699
10016
161098
77925
136908
73593
14190
42483
43714
85605
36117
81545
43870
141447
132738
188031
58854
32413
88440
70172
20976
9255
19877
36181
8941
170048
28688
71185
170142
114678
4824
65238
32493
36676
53083
59867
27568
10079
11662
26551
128903
96304
5345
139519
20884
70590
150139
84682
35731
59664
41246
109458
40004
99753
35847
88316
106147
8415
155953
32735
49324
159741
41014
52818
110449
40317
34908
31936
30025
56428
102768
94095
44717
72890
15913
77979
20013
135866
119231
40134
69602
123517
76138
36105
41257
33084
16450
98739
26922
11407
17001
231
72808
74945
153096
21230
60447
7084
132693
48259
112085
123748
98541
84596
11261
51407
140552
87224
94736
96392
77690
108051
22269
29556
47044
112709
13114
22448
113006
145554
173279
80880
48952
17988
154834
127387
113227
452
97231
45866
65531
122899
22046
86144
104425
69074
24506
5022
164155
26006
31248
114391
99993
90943
109563
25291
12473
84222
73630
55197
6786
6110
98681
145428
148447
76349
109698
83464
9997
67830
57549
10407
79891
77460
72212
48242
139540
11973
46148
63016
108660
3310
40363
165744
69400
39343
15542
88827
46862
137347
58361
36554
158915
73495
112144
34444
96451
56719
109526
14645
50459
642
153834
15657
37977
4853
150329
101143
130445
31479
16487
111880
97271
13413
68734
59352
71664
127058
9010
6434
42947
99128
15100
87158
76754
31041
65843
113466
50176
105525
92046
48765
113130
21170
62827
22784
84133
4694
139682
107328
893
147661
38262
94736
25786
72137
1861
51024
156926
69943
70811
29363
69239
47895
4908
108932
173115
53156
81541
176515
114728
98128
50649
99072
61005
3218
22927
146895
112166
71783
40577
4522
75477
82952
77297
58249
14403
78137
30039
4938
57907
21870
166316
163207
66157
17753
95536
37359
71966
111139
88752
33594
156735
108612
14806
143836
24941
36020
45761
14128
57786
11053
36753
106914
17252
40602
51928
57547
159404
63693
93509
96937
47763
94459
123183
96175
111774
60012
117004
48336
31434
101117
178926
79020
101796
63895
153940
149382
141312
80008
41248
12711
84607
37185
53892
26596
31144
24907
3295
3609
9682
48526
51625
65339
15342
45994
16716
37699
125789
85848
50756
38822
84690
23111
83009
89571
53547
10498
119675
68493
126946
59975
104529
90032
6240
152849
6357
105230
133323
31954
10555
1788
131057
34378
121582
62833
26306
100288
47204
129488
40284
30244
21896
10200
43770
30868
36046
25978
12518
77514
85700
49713
18897
137104
2378
88243
90323
129331
28692
92178
27253
8033
43021
52284
161839
49981
42853
46306
15061
33486
48853
66787
50114
41196
136930
14829
187622
133600
98154
51915
63266
93577
80823
97523
109903
44484
71995
100135
112368
27696
88679
76265
589
54800
16111
38749
25183
52248
41658
8027
22086
134440
90043
112272
164732
15573
127021
13217
4838
4116
38254
109967
18725
27648
107469
73420
22602
55533
7961
30231
83396
13491
78024
14523
48517
142959
86838
167425
20162
151869
23482
15241
78440
66454
80487
76476
144831
136054
13447
18161
71625
35788
65199
3319
64695
149196
42626
21951
82777
26717
19360
93938
80387
49649
111487
10982
100348
150959
81579
82263
172052
19621
179209
85249
127830
21210
161688
25458
142782
160097
93821
97700
10369
130205
25339
125534
16675
11555
42472
39036
105592
85551
61095
148808
95911
15966
75034
66581
91882
102033
50503
47563
28683
149085
179696
16026
44408
96514
80450
86743
11722
123280
107145
80228
77585
12800
1991
70821
3567
18436
1707
34522
147717
92321
46645
118824
70452
94286
94702
66847
49683
58182
41065
143344
27285
6693
2919
44459
56763
45985
59326
76152
52123
1796
155517
91145
143648
25327
39753
316
2610
20241
225
107031
116966
29355
123487
150074
56007
190243
90861
38782
40207
112045
32226
13041
21161
131631
16010
62779
156563
72323
6059
16372
29191
81335
12824
95076
53230
91410
6405
62892
133063
11521
188745
32858
32003
30608
9189
51853
73095
15792
37722
132710
400
35863
107992
85613
185178
51567
6536
97068
37461
98822
13581
34367
16565
179140
36686
112119
81289
49163
13765
43709
49015
2913
34755
35070
77009
19782
76929
1801
160042
9717
84521
75623
9623
97261
137793
10919
107829
85566
94894
54889
55340
81459
107572
52994
53976
50965
112231
40150
7162
11542
36173
153088
119180
76493
125831
27355
64901
12120
34207
124105
78318
3636
21520
63634
15570
20480
121432
6138
27948
17559
127725
10848
40592
171603
86339
68542
47257
75360
102685
2511
86753
160561
92578
54474
2833
46998
129823
1243
97364
104589
61694
8014
19995
23965
51169
82984
125654
120330
79534
89890
26337
21817
161819
28922
4297
94203
182077
78001
54229
5880
166619
121998
19732
45889
131268
5129
90514
140819
132985
20412
2470
59211
132367
48462
190736
38525
23687
64091
141275
78802
73025
83617
44068
33298
134321
83350
62349
97267
37539
144375
28929
56178
111444
27667
82275
28550
152308
113333
62579
40637
3533
74711
6286
36856
50079
37459
118975
54076
71274
102695
29563
76679
131505
54425
29246
172991
117833
96376
14412
68249
19612
10385
53921
34893
139077
75456
83301
83095
4135
44405
20693
93351
33571
12774
91588
171896
62746
26047
123535
12930
106315
156479
11701
44070
77860
14647
97250
85668
97862
120700
12013
65586
43055
42137
147227
40057
90849
159473
98856
17670
64246
23298
25586
36860
71654
83630
23196
68486
2431
12032
46698
38501
46499
80916
21589
21275
123390
80646
60210
24981
9413
6577
60311
57462
123974
168773
126087
1158
75056
50581
24600
29491
144438
65544
42118
147593
87176
38305
32439
68537
16176
24186
17385
33449
117644
7684
54493
39821
160175
1285
32192
115234
60810
11799
69347
49854
84042
20276
49452
107068
38688
100082
90739
82914
66487
89294
14715
47150
35439
142752
115
33485
127756
16008
47005
62065
5373
1796
79724
125306
135813
33265
7750
69577
9884
90700
57458
92436
83720
879
75994
40119
107318
101980
35157
62446
121553
127052
33540
88675
68778
32035
141935
19165
56359
115961
2524
64055
35990
4012
152889
76850
20145
77792
46109
33601
33445
53140
34462
53574
3676
110272
68434
40335
157529
118525
9038
88459
120516
19195
48060
6015
25512
56716
12611
12173
20755
139789
119834
104118
130591
29049
58723
35480
28836
106942
70951
41657
28272
69816
75307
140695
85615
47367
2760
31056
151945
176421
136489
76768
43518
46928
73234
19564
39403
180876
30648
92438
36
82333
102741
48096
11295
176251
3967
138980
28756
84995
188302
24240
51524
104105
35479
42448
12721
8718
62178
127166
122594
56711
49424
90815
29344
29542
42519
37309
144693
72522
76292
41098
131946
156012
90508
85994
82446
92284
69861
37963
96680
149347
17969
99266
43064
135922
82078
117338
36818
40976
145752
80205
28224
100728
356
132866
28553
136875
75953
76566
37834
97546
77637
43791
70348
492
3483
918
60808
28148
17529
21089
66834
64721
63205
89557
11897
156635
9664
19188
85534
191969
17522
26036
60850
18866
43743
14295
28687
65049
95753
65320
9340
96754
62073
122457
159336
131410
146903
11781
3223
123750
10096
63324
168847
76312
22780
65717
12898
98797
48887
11295
95223
28994
20906
132273
163249
17009
12859
25698
102341
71297
65279
144308
48665
135585
22325
3340
16478
26150
33765
87218
71632
32691
94765
3412
27882
54308
47329
129019
35109
49821
53770
51481
38085
61186
11260
55490
42289
41164
76715
111114
81776
52514
432
27547
83044
77442
153519
1736
8563
20506
81579
39559
5509
106187
33275
5322
24005
122185
123430
140796
36262
149112
158560
165397
13801
49071
80249
52012
1173
65249
165806
19913
54748
159629
28717
72165
163566
7420
54604
70789
39662
73641
22024
9757
89253
31598
138584
176240
119120
112158
112949
27149
128526
82062
83492
29092
64150
15854
70378
12880
13666
77479
21738
79270
139999
27755
79940
15680
99114
58846
111957
73786
71559
90483
8765
113208
181385
19665
75745
76901
518
45664
32276
55851
13193
80220
58510
153830
162388
12466
129622
32547
20990
60871
134729
124550
200
80197
27639
168570
34745
83169
10724
27102
64485
44232
7685
93889
144375
96810
123534
532
23454
11430
87927
6503
49216
92408
119099
104490
81987
106306
35216
28980
50013
129654
32828
78141
109004
62336
44516
12141
80506
3616
82907
96374
155125
23814
20635
83091
126922
65917
60606
184651
168773
60369
76147
10846
29936
20914
11240
10055
71216
69102
2608
9076
7415
63872
68451
47209
4119
19798
43639
56558
2215
26205
11835
81470
160800
50683
31578
65029
123819
2512
87711
67368
120794
71908
170085
13217
101009
35239
20214
55376
41116
93485
10485
51560
98817
49278
32715
184998
72542
115385
15798
36779
33998
57270
3240
8927
61111
72373
9224
102908
32604
51322
131499
69996
61353
166885
78210
115581
76713
11115
45483
22093
19261
21479
80899
25899
33004
63714
85299
32182
112542
16069
27739
107380
19411
109134
163325
37059
48740
935
22685
68102
61338
89327
101132
155934
10575
125666
25501
82832
64810
8611
97006
100519
46831
22837
80808
101092
110053
1147
27641
34643
78041
52152
22005
55591
11267
18408
66295
40572
179152
125677
73624
37425
5501
6378
165609
17010
117176
98878
157879
68573
127389
155401
81296
112219
91191
7832
53323
66398
8761
14720
25724
63532
112847
39274
41126
150433
95350
38728
65769
59259
158208
77079
84027
76410
72352
76951
66993
129685
181455
15828
31556
10600
17301
162464
20387
96505
48706
16539
23400
88491
18478
61612
4149
83008
86034
48712
92493
135701
7591
66259
34255
23266
78887
97760
23447
127250
9335
47219
80697
112008
33653
99495
51488
74270
102340
132111
24046
36961
67423
71865
48855
11446
22804
74850
24549
4811
13091
7225
28579
5777
171231
22600
46554
31798
46139
37065
39235
2708
16161
80530
96231
126919
58180
120339
162576
23849
42907
28720
10090
74472
9366
162881
47439
17682
44174
35712
45260
174786
51701
64853
126936
69995
32972
36847
158351
86177
94114
22583
174609
70579
87054
71365
126680
46925
10030
5850
54130
25797
11352
21117
2613
37273
64096
34791
35854
116113
17419
70433
126262
104737
60376
145715
7244
137401
28348
102813
107833
38606
5860
12055
79908
153784
21150
81365
52527
64227
29314
126685
77533
65426
18454
170901
102058
72144
68343
95398
71622
65408
91343
149734
27131
92311
37525
32768
62422
2527
151437
89495
76014
68344
11801
53438
59356
69513
77274
96161
17743
47753
111030
1616
185460
11492
76054
92038
146467
133819
1616
166765
41058
59952
33523
42764
43671
29660
19025
69591
81611
33095
56917
24490
77935
34203
98579
112273
40618
54556
23978
72905
44819
33122
36673
20721
571
16147
90921
36532
74837
30251
42487
14067
88268
94653
16074
173692
38135
177624
56253
128171
90378
35484
49975
92055
140074
19468
53168
52690
57938
22377
22078
16143
61993
60546
21879
105241
4831
504
21590
10789
30633
35823
87741
481
89921
52695
41744
9178
81032
55007
1705
140923
2073
63470
85112
51066
68953
112247
51061
80772
82871
54709
98578
4594
15848
119829
53111
43273
62050
62974
71556
10772
89399
182972
54603
54040
47371
67277
43952
76150
23327
54762
17096
144075
11873
82263
143372
57799
68793
43255
13511
148427
25420
45139
91256
379
111420
129542
10083
11250
37898
100328
82729
35810
86581
24520
114949
51257
70013
78107
114655
70360
1523
158364
116699
92247
119399
159351
25225
86685
152816
85216
52350
13522
35508
39374
9111
56006
146278
14150
86753
60169
4031
16058
131319
76879
36010
10064
7839
151721
22500
168096
128031
8516
64126
39074
12264
93338
41621
71421
50638
49271
121045
36012
126471
8015
21495
53420
85660
84498
44987
5786
49162
157308
65591
188730
124795
56134
12422
37822
46383
59709
129280
23259
82317
52043
34304
50966
24093
47691
4688
68795
143228
43149
102957
154507
43731
32466
41446
29802
69437
110362
40476
103288
147812
34510
17708
50209
60474
64113
128447
75889
48929
140039
7391
15592
51029
129522
67981
115024
108328
76604
23969
5920
92318
108001
90609
161819
69224
134884
32552
31939
106136
1117
126542
98294
48653
53307
32736
55108
171669
47835
1059
98688
61107
25577
12090
144219
153746
108372
68395
28851
132349
170349
51275
46308
11879
42803
79112
61151
129789
54786
17679
170691
7269
147269
44152
22827
38393
98960
122919
109184
33499
9408
65795
70573
12237
134304
109462
142699
16886
33319
99108
58152
39196
111857
72628
25514
102547
23367
118772
22963
108587
55658
73270
5844
24595
24233
6033
35015
35025
149223
11007
120170
81967
112909
74356
78837
34199
120600
140361
47806
75507
14492
1971
54797
48322
3949
48710
97735
8754
42973
8719
111484
163135
78361
41461
65951
79178
144998
125096
141298
10283
49851
52291
65717
71618
76226
89768
82832
39640
132394
94949
41593
23908
28453
60057
103597
50810
81358
68735
124668
10060
27420
13749
45579
29183
134434
34305
52962
162781
103179
119089
35596
47788
64397
54041
160819
82397
153754
89462
143219
129532
1133
88124
175133
75674
5055
82531
81978
177836
9649
30763
6602
8692
24081
113813
10754
16675
100113
81962
143599
74111
59064
189431
98165
12815
24792
79236
15769
36902
116535
53268
125734
57055
129938
126189
53347
11282
92274
112138
52895
129070
154287
129944
89978
119735
83434
20879
12428
299
9610
12259
132532
34317
17702
94663
80924
121666
98402
77335
52909
1790
94466
70633
69118
47363
50065
133621
3423
130708
50980
103739
14092
194305
135210
136687
15160
74963
86185
4027
116255
62167
87823
118458
180851
2304
94884
106344
33403
25879
28516
119758
34074
58909
53498
144476
110468
55597
57772
38202
157737
56759
45072
2696
8843
131941
195046
4582
60384
108110
141497
118403
52000
83171
130355
47039
28205
41213
99029
67817
123668
54884
33793
94674
34213
12865
97584
178620
34242
13157
33300
85570
121190
63425
13779
104907
10425
34931
36740
117398
96193
1404
99431
101548
4846
41377
16671
131105
38152
63246
50619
15877
91773
74222
30256
16288
97350
159184
24930
89146
109867
47130
65267
23494
122603
48362
113041
90429
131067
73448
115652
72296
131153
139103
29193
1844
34235
120906
136299
71931
43882
79681
20045
12263
27117
121905
131222
1833
43234
41572
87939
26005
110536
113452
83510
11824
53116
35890
77787
64066
27339
171140
44477
146248
28885
95109
35367
46279
10134
41112
22778
31493
37750
17958
66474
43948
110130
55067
147802
19687
131969
44746
20052
96229
72820
79552
62343
74728
44300
161629
7322
21345
148690
84120
70371
9644
149552
10684
62378
1492
75763
67214
135730
47474
22774
56202
143828
119727
129653
50162
101081
33603
173051
11665
146272
60560
86752
32334
121966
104729
50775
77579
25826
48307
82211
6066
15542
65541
90891
95233
17243
50969
12416
31956
105128
34173
119417
102218
57393
150890
41416
77073
22918
90370
56406
37341
60971
127062
75139
60669
39636
16066
34681
2377
89802
90934
513
34416
78663
24046
38739
19509
12752
127443
184586
35500
6736
64614
69979
73979
42052
24141
53805
11984
90932
128000
80991
108701
494
3954
43229
11190
96056
25533
75144
12106
80249
58302
58680
8750
133662
57966
42477
45009
50676
2169
66524
49238
99863
70645
133121
30009
143049
79851
177256
61855
72217
135191
141905
16505
89094
114599
46046
86110
4354
1453
5395
68372
55979
3109
14706
114772
98457
16044
149477
73819
5710
22737
60024
119712
64142
33723
12076
152886
37978
34101
125732
58006
48023
31120
23273
11144
29626
3855
7576
98113
114516
40136
23516
7334
148688
46062
72660
61786
9911
36717
63054
963
49533
111240
84503
42237
139811
158567
30871
56035
46552
11055
129301
135841
153113
92747
58380
157710
52480
130436
18458
70692
38041
123297
83040
26812
54083
120672
114478
62695
8015
65811
93043
32096
55414
185460
118580
55911
63422
17547
2780
52097
107527
19560
116954
52827
45639
141109
65164
65296
121989
33241
129525
73017
5591
52584
35
35192
11772
16463
54304
39098
10460
120108
126311
87796
175028
18098
15399
140547
55860
140532
39650
64513
145924
42668
96258
158177
94532
43450
85886
62815
46082
17796
20519
70950
24217
1297
3654
12404
12536
5376
134283
121449
12084
41879
89606
58073
85635
103392
24242
65138
166169
21098
82050
9408
24593
167581
124134
74466
6828
162225
34327
100278
60658
35004
11089
51906
165615
76058
28716
19097
2619
61540
32077
115713
39105
36574
165741
123153
61216
134580
91199
59807
44920
42960
86520
24664
15848
48455
8980
52690
4809
164005
188506
112044
42851
10984
56810
24786
41528
151163
65179
42427
4861
91857
43774
41154
122875
29043
16813
18672
119241
130028
145046
68485
50530
138850
39619
35369
74999
101740
130932
122987
11135
15429
3399
95570
57805
21368
88377
55502
36839
20725
11413
3769
90653
9438
51363
16356
115830
102993
71973
6074
135229
128014
53900
68660
83146
176872
131848
45890
161321
92718
101013
96732
20716
62028
105202
79048
71842
162100
51750
29782
69439
2352
103129
112254
41093
7242
93787
69518
70890
95874
92668
175137
21473
128456
36954
70670
2846
22647
49163
71280
31238
48867
82173
11292
63552
91191
4138
61230
1514
44947
33226
117367
112607
56879
68441
30746
54172
33619
85309
48259
51364
131848
124443
135834
24815
137811
18127
57094
27428
27567
32555
99885
48653
58057
10471
56558
37420
47715
22269
27660
25139
138542
21423
39060
76468
153092
131824
97844
43712
129386
7130
25525
132682
31785
73035
144584
28140
159274
4692
48927
104457
16421
54662
112696
56979
52428
20839
78274
66919
128832
68440
155945
123587
113203
98891
10648
58313
4499
76705
46240
159874
148165
6556
62682
7742
24240
102851
73089
20088
135695
22684
18795
33262
10904
86066
11774
125474
43703
26645
69791
52973
71343
5538
115219
110948
34141
119890
10278
6471
74625
46914
150722
51395
40244
98238
5957
52116
7817
11131
54014
80169
15246
136646
11870
31393
39371
69499
93455
43763
11216
83624
55912
35292
37194
144127
17410
5583
69112
83315
32194
38503
8926
91571
70311
14774
86944
72485
63404
76749
84272
63123
90367
123293
71445
76423
104611
13175
39437
19812
96067
28140
80940
147459
9427
144879
2454
78904
108441
165840
32178
25803
12109
79561
56108
101373
78418
116490
91997
61175
87612
47424
74027
115912
16974
73168
168453
58471
32706
2027
159910
51386
19013
58351
111802
53465
33990
63091
36571
25949
130159
10066
98891
39434
76178
63919
119566
39079
128513
89308
174425
18982
32617
64738
144996
21838
9068
32428
64135
59262
98288
113483
10551
100928
21446
30423
38568
160936
45142
22860
53360
11705
114405
15718
86099
14900
54870
11531
86417
110923
137379
19988
42969
27190
91548
188011
82254
91629
49849
19218
49424
122770
21633
56500
84930
75713
33300
72674
15979
19207
40316
108713
51511
127254
185607
75449
63167
90057
12243
21064
161817
22575
69063
5927
46684
146242
66682
5446
45337
125869
127601
76441
124662
15235
143083
94657
30179
16469
147187
1705
124217
78521
27241
99415
141041
69005
10787
126629
29126
80575
9418
2656
70386
133571
102690
63097
103735
36768
171028
52701
47293
1374
50270
65466
9013
9468
8262
176854
42147
21811
37592
86486
53073
39689
77531
13660
43355
4433
79280
46867
82434
14532
17456
60738
55569
86142
36028
35364
107143
39826
81536
13505
42151
23952
4153
48512
2606
112195
97054
86959
69580
5836
72614
115710
85100
127406
137079
55304
51303
40198
142568
112932
130139
35603
42755
52262
106722
36308
13076
50138
25178
8579
35590
169391
42083
64140
116022
111570
95495
44331
19133
109224
31926
31944
38600
32649
15801
68925
94632
27751
51816
97941
21843
77969
35120
163163
158912
58550
98995
159072
84578
34017
55125
125442
102645
68926
11549
64244
162370
39692
33675
33274
121142
16882
132493
37093
169911
98548
51808
29184
49022
36518
153564
11801
5101
161864
128930
66940
160638
57361
164223
41254
9598
140102
5741
27143
160412
21978
931
41137
140035
149214
12657
2318
117950
50803
100097
68097
8963
63661
36036
121892
35392
64499
84504
54178
39986
85745
113524
164605
124764
53130
77898
43432
14958
22546
4230
72494
68811
32402
72022
129655
6996
44054
31848
25824
62245
4080
56930
13271
122901
193962
169067
102915
5984
67180
29025
34889
42408
81837
40253
68192
71357
35209
147656
49703
51930
99343
18518
15862
7470
43172
92249
36943
57442
76926
142322
48190
121369
148018
164085
32281
27542
157426
16451
106299
108488
17055
58898
63072
64439
66638
31202
23346
36845
52236
85724
94294
82331
738
11210
69535
60752
19127
16265
48531
95575
92408
64186
20351
25489
73113
89391
65274
28239
140556
74696
143439
195066
105253
80685
167625
90561
110694
6465
111102
38157
3896
144735
35465
76355
2137
64190
16222
2501
5665
60641
4370
135993
105355
111119
58772
19424
103779
22086
101056
34460
52103
94233
123968
15098
29707
52390
123123
99395
132842
121766
47938
43496
76908
26111
154305
48068
15925
81847
2255
130535
47492
84048
1798
98461
25194
194049
125566
68453
229
11685
105117
22567
6430
49414
54642
100724
139969
31304
39800
65696
34008
69623
15864
113558
153397
82026
8880
53983
100748
59966
28761
83457
9064
50121
110408
36722
73875
23662
22848
49420
129921
101763
31045
69947
66469
104399
146085
54403
22951
50405
37622
14335
21044
46637
118839
105122
115789
96973
49465
125098
172687
23627
8659
52157
79694
51691
20178
23654
5910
120050
42124
91579
22029
20730
75534
15616
20897
52033
49638
82056
17879
14083
79963
62745
81241
80784
112296
124573
177304
94082
120782
33883
23225
53171
64522
65656
5630
173757
125594
32670
123795
13359
129585
146525
7333
27203
126795
90768
61410
57380
35221
31092
88785
143324
66198
11233
83530
103106
88350
82810
36618
2260
43255
61815
42128
124770
75027
25950
125945
19092
174498
89095
11044
730
485
150954
59469
67850
137216
136044
8825
37232
6299
64111
50271
16218
78343
19307
3957
89356
51244
105817
103640
47240
48232
133261
137067
25394
21816
43835
12254
32243
19553
39928
6926
42497
128064
44883
86253
32220
35038
2290
163826
1987
126868
195008
85710
121064
7224
13321
57535
38043
33140
119364
64337
64900
40470
98459
59676
41222
44851
166151
80702
81229
32077
45723
26861
159905
47611
106928
12649
136980
107997
28076
115925
49022
51829
76461
80299
66128
120503
51661
112583
62679
47349
29643
73455
63238
24382
60292
57916
24303
53257
11062
80109
38485
10672
52759
6052
21198
132856
122110
136355
143336
20984
95042
10615
48970
119552
62828
107573
158888
76690
1120
10307
64218
65912
168771
27154
27929
174838
34577
101650
22021
70656
38450
76724
9955
73524
22682
27334
11556
135760
2476
130289
46687
33609
69928
99730
14672
8864
128560
30437
96334
111924
27264
68286
176936
9854
78103
135190
75053
24054
151503
43750
6980
117248
19289
170252
86116
65624
87787
14403
46088
13805
47694
119598
64852
63014
61310
12813
100259
13748
133728
61733
21269
50547
25996
5389
131237
81539
147008
38380
120228
3935
18908
63834
31959
28713
120272
168523
9971
140039
24133
72415
111965
126122
97962
43001
131339
135442
80755
54330
25807
50958
68410
57227
10775
129295
70431
79122
124019
33145
19444
85055
25654
2920
8047
32377
173348
118983
100661
25574
131917
194635
61682
101642
84667
134120
45290
18912
18937
115257
4040
23775
116568
133519
156052
103327
62999
79604
52438
187791
7006
48267
31103
110076
38176
11547
13246
31655
29908
33719
149713
59311
51364
21026
43475
58872
98625
26013
5896
8859
56172
120287
62941
111827
41961
102648
14114
12606
11922
41852
149121
6942
73266
27489
77435
103688
91164
53621
40116
67432
99572
33758
7098
144401
24382
105284
112255
257
67773
28837
111799
1727
61336
8626
600
833
103420
79610
87096
95434
7142
24211
10093
8392
33109
32348
86078
58107
53312
90562
166327
36989
7786
34326
15951
129746
176283
112248
48905
71159
85159
73325
11346
66818
1351
7093
26461
16992
45064
38938
40448
107439
79527
57669
20445
162604
4779
84916
68337
78022
25332
706
57183
102862
55375
85414
62866
32034
129237
170028
182107
150846
147979
143550
16885
11048
19612
149591
1918
188481
25045
63336
103269
50333
72564
12445
75735
122659
84459
19548
146343
91184
92290
36849
43921
109078
69463
25433
69220
136841
7537
70690
21035
16847
121744
100029
152422
19207
168501
50770
26457
18622
100156
1208
11326
60478
83805
76364
53569
48159
54810
60585
23967
27473
56630
45466
128991
114487
148445
49903
21241
72172
28763
147760
67237
22977
43420
78571
7583
15725
140457
155857
131182
101206
72273
118663
53744
60569
83993
26047
120868
34824
37798
2979
82120
29141
32856
6835
19206
93771
43917
166117
45155
100242
17518
81607
153423
10122
103323
125070
40267
72296
143470
53636
27830
2789
21421
94343
137862
68282
154035
159203
7387
18087
82822
11748
151088
50204
107380
64299
75218
52005
4165
21848
72201
8709
97812
78482
179072
51484
75014
31745
9399
110624
103396
34696
139171
102610
29791
140757
4988
32023
61539
56374
119561
65465
59586
21441
51281
143290
27355
98474
7257
20866
141784
10699
51372
143170
7075
93299
57475
31710
13093
60767
2301
37383
47086
136600
85721
78089
3870
74205
2437
6174
132682
95163
99040
124622
25493
41449
61845
46748
61683
123436
5793
47726
110555
1551
111489
7840
134253
195425
125993
32044
134323
153639
90995
50052
106841
6798
115734
96420
64107
97792
61628
86575
152736
31690
69733
134953
4229
49356
4990
9087
8351
167614
134827
140676
74774
11467
58491
69242
5173
142219
82088
23195
99597
40050
30217
129415
100512
29144
149113
112007
36127
63070
54623
50141
1473
10399
60234
77012
128803
57535
99775
78368
79233
71068
50835
31935
153509
28709
51867
18783
26946
99077
129641
131640
150548
18973
33165
17060
19736
12935
30493
75166
111548
26756
7972
46800
21090
122003
65658
118697
54071
98024
101906
139201
40898
60498
19390
50986
13810
25292
91225
61705
68906
10843
87115
25005
20193
12806
20606
30579
81682
74730
115117
1258
28292
81765
6710
14612
90139
111827
27701
84076
58315
17744
76641
67619
105419
30454
127437
131501
129429
71536
32873
97331
98538
11746
82532
3459
43808
2947
73585
112271
58159
100637
65779
48149
30961
13689
35058
29068
14363
79089
45064
50998
109914
16176
105966
46204
129769
52882
74217
30184
55007
174293
30622
97254
37731
103741
7135
62785
49234
52472
65725
36143
2378
51554
64605
91543
62908
28469
30273
53571
137185
81407
23683
68776
97583
23004
43332
96488
54397
76570
81538
139202
11788
19180
8688
6430
14312
33231
94705
36543
128646
73545
7121
121327
8997
8346
20890
135621
30235
21723
11114
46896
96404
17742
91243
116056
12336
113507
32152
156373
142917
55192
61628
88556
49235
42925
121501
144030
64462
64554
69218
78596
20491
57944
130825
70369
125690
83269
16843
100521
167687
41921
97191
162016
5366
100061
39543
28003
137710
6965
65108
71570
75814
75416
83627
86460
112104
27345
174920
155709
48156
18707
128080
103688
59181
36734
31737
31093
18164
1446
8897
15079
103114
58437
140659
16693
60369
32741
50149
26072
39102
64503
94899
2941
2950
8411
4685
38379
95732
22360
172029
31275
26165
78613
102594
58555
77153
4798
98409
65164
121877
125283
27582
63558
63558
94847
136998
34226
3933
43637
122740
27723
23928
28656
149290
5216
25800
20004
40982
33053
13201
122335
48940
5420
55616
96634
53634
63031
74393
131203
34252
156397
47373
29939
148929
43421
11966
35179
61837
9181
149724
29213
38932
6255
76525
32022
56035
20506
168795
119856
76546
9520
98000
98236
71245
104810
3200
20972
15148
100255
71125
150655
123273
14752
100390
13514
56783
5880
48296
51315
127068
163335
153423
100215
65399
26955
71381
50792
9652
66435
186761
57411
3134
83974
118519
92196
132494
122985
26638
150497
65234
115371
55825
120610
17111
112338
63019
109828
49743
65604
22755
58693
144684
33823
54676
52505
121141
832
13283
39089
125737
62123
110911
49600
113047
68466
43964
27493
126323
105927
31560
16889
190644
29771
4170
72648
58946
32768
19767
75050
66321
32885
1878
11776
52274
137299
81241
76271
120606
46771
182180
112186
141153
8926
16444
44804
808
122072
11392
95928
21611
44192
29812
73009
11648
32136
101830
2302
73586
7564
80825
72056
15858
71539
76483
112852
163349
72433
147572
119839
69741
9982
9612
131350
437
1506
42830
27077
47656
23404
47771
76526
40766
69209
31871
78009
8471
66559
120537
21482
36307
20890
101663
127838
91653
21980
57495
8256
2348
11129
26325
135802
171551
5038
134734
56760
144260
44565
21822
6529
13487
110716
94017
105098
30378
90731
14779
92060
54356
6505
63932
28189
39032
76793
3186
32749
2425
11987
23911
41989
31566
4041
25059
20594
168086
27581
65779
32517
107740
86853
90149
61286
6046
77083
87405
84959
37911
3087
107270
81101
9474
72093
27363
53235
371
2449
14426
104659
32818
79191
163184
56273
68603
65552
11080
82383
31430
87938
85145
63603
60939
61965
69034
27357
6918
80314
12995
9150
122116
9108
80380
55182
32775
63384
27609
48427
88915
13960
11347
131289
34903
24031
22413
54615
80590
50059
109203
113090
51806
90887
11490
23760
112096
84781
13478
9369
5885
86742
67115
76989
72438
75280
80809
5796
123130
139303
94652
17239
101034
71553
119798
81567
20782
113752
65627
91160
61124
129361
46317
143522
110387
137065
22427
8587
