112545
127558
154370
77696
72798
11227
45810
6392
145838
122688
19255
28407
140854
45207
26690
90630
144003
22502
153169
107194
103464
8488
3932
118964
106518
160665
11420
102488
113522
156166
160682
576
111223
114764
92131
25673
25233
16208
9764
97608
132806
20628
5578
89606
5471
161154
1907
36314
7718
123463
126198
115392
137690
34174
96060
137742
66296
63111
23717
21671
88539
4274
3834
43272
166401
18098
67240
2013
22419
124604
13408
18661
26938
47975
37377
37934
16912
179898
120303
74007
91891
110004
125649
94516
10011
22626
118042
157797
68679
154843
64278
180166
31872
17471
58710
176977
140037
10275
20600
148606
16643
156919
6530
22323
50192
120769
155601
84757
66006
86951
74822
52299
26163
165098
129498
122066
753
141851
90978
117462
136192
169494
9791
50461
7152
16325
106423
139662
32087
2702
132649
94843
10111
138666
29349
126564
61318
70192
165788
135746
56605
57818
131012
46790
39266
49223
149708
138460
84124
43702
41042
40467
14170
46167
1722
97959
9064
90168
112160
114876
42840
9948
93334
151490
106105
82569
16062
88871
74554
83036
179
87805
104079
41997
13470
93596
70559
8302
90496
102012
58261
167355
71023
130121
76205
5940
49890
61029
31306
35072
72623
33161
153839
28773
125804
133105
125163
104300
91547
28951
49028
96058
103184
11051
183882
64849
21834
38717
1734
99125
115553
89482
59942
114841
165545
39559
32021
64297
11172
143029
137539
153817
113850
3803
120675
51123
93385
180505
89679
81632
26485
132216
19153
34391
185463
32158
71794
47201
15403
82367
100390
147810
106597
81385
161313
115414
35360
103944
84464
13853
101930
75533
53544
127543
10703
3266
55791
28637
18007
126482
89661
87752
78041
130928
50012
119414
155366
65183
108485
14599
186013
94512
126732
16976
41368
51306
84593
9872
7169
18068
16153
114288
88542
91409
131748
4196
15324
160830
92440
77402
122725
112109
79249
113675
79235
107446
135767
27591
181010
101203
26381
114681
168182
14006
6510
3236
51416
68673
139947
19350
122219
106843
171749
68539
9867
154847
5539
100847
169640
177422
97403
18576
189942
103929
4281
143094
106536
85776
77818
64333
49323
110788
75272
99767
66839
151514
69494
99097
130406
11252
75969
18804
134905
23881
10936
44999
78610
111963
55053
79730
123451
74761
72362
142179
40179
140517
14869
86016
99580
129340
35133
150401
84193
89480
54371
130913
22795
52641
49095
130609
39347
155927
22723
139701
107944
8992
120593
161878
100651
64339
150883
18422
50945
104417
108794
111284
87808
75580
82882
44632
143733
81030
124891
62086
49436
142277
57031
128480
101444
32871
7184
72015
19863
146341
106172
12224
81438
144028
141915
56561
130763
82857
116458
5482
52895
39936
94043
50078
4573
136118
64796
105508
131756
35654
2190
71698
22004
65726
63016
122901
98754
142016
99705
97273
156985
93219
65843
35722
92644
150666
56909
80237
40924
9217
79047
162098
119649
29926
39735
36652
53657
179505
76518
60734
75764
76734
136833
90664
4079
130054
159929
164637
69385
100823
130994
145290
4660
113759
57782
105586
16476
130187
114332
112910
16842
105471
47114
85025
102531
89300
2
131886
101355
151798
23131
62438
157273
94632
11716
1805
57389
10150
76593
5623
74591
58730
7432
62753
23745
129551
52678
48005
67775
68842
118266
68229
118583
93451
31764
1011
160525
90347
135014
132201
50034
96499
6610
166934
86544
124080
10791
129987
143902
151656
62198
6038
141916
144397
6791
104873
168410
78503
153531
196201
46969
47541
92933
125936
8788
160649
97522
131864
48551
56911
9012
84809
178510
93358
91406
118492
4503
45704
57625
81679
173222
39235
62516
2205
52456
120265
60434
50686
20965
122963
92590
55475
138847
9106
67829
154522
79278
82247
114905
48709
173837
66611
114323
17800
126318
34443
23954
44473
122903
108285
10524
78354
87306
131088
27901
88271
52695
129860
98951
100434
72313
122948
54329
169439
6475
120280
101998
4276
145924
154313
97984
37437
6449
91700
89865
77912
80522
47660
127723
161952
676
44174
165252
114948
167054
82671
138595
63641
38860
39039
146935
61474
168696
123731
60224
21019
143067
8153
152878
18537
24330
23970
126299
106694
70908
2906
9075
139658
112894
91363
96870
26881
44661
132222
40337
39194
724
37432
80630
79963
176822
129416
64166
70876
184474
61922
23298
427
40691
26355
9872
137835
31980
61477
38882
3752
3491
128700
145693
9271
60196
19031
32815
60409
80317
78215
93214
77528
142103
64332
101601
31871
106920
169282
72391
96823
39594
109829
48171
13957
149361
91605
25421
120565
14617
50582
13728
135848
119423
33543
14088
145729
90594
122516
10641
102515
73244
47108
35823
18689
133734
51953
6836
97828
86930
164211
94692
166901
60287
141351
59036
83069
5464
178501
5127
16015
57443
86832
138025
116742
17049
84095
138872
61284
140826
86751
972
126265
157476
61742
3242
74823
11012
128273
94741
37746
129431
50750
120748
103572
64788
73312
10260
13593
135443
108756
57785
129739
34003
154776
7042
116126
85292
76767
151361
129218
132116
161782
158138
117882
38570
51716
2145
12516
88228
134805
100400
133191
12109
77385
3434
21881
134109
72807
27154
31952
55448
136497
145227
104587
64321
74157
46007
105333
11819
92266
100930
32026
68618
101738
101534
75458
155603
134260
145940
146229
71961
103303
12318
34033
7716
105826
129400
92925
24006
6321
101862
136858
78396
102827
116995
86452
145638
164187
32269
61826
46163
54947
34738
13867
71881
132318
78509
163299
150933
13427
52716
27948
70728
11173
103585
82777
46590
79701
136249
91527
17999
31037
59895
27252
140214
11842
79972
151440
20270
60305
173082
15710
106586
136177
102039
80926
8662
81246
139040
91356
21452
80128
8012
45522
34197
87915
1928
45341
74015
2252
72856
40541
101971
51259
42104
64611
23743
80699
177770
114564
98443
114191
67996
9556
76786
46475
114668
140069
62180
98080
159507
131238
84111
25502
95072
61182
80562
113852
13285
152737
111881
54992
32962
56422
37110
104512
102266
42830
6586
2599
124297
77735
107093
29824
86665
41840
8480
103890
26792
136199
185572
137826
153352
60253
70035
50601
83280
35911
86565
166560
149236
106383
57128
70839
91243
101517
84162
85859
745
117532
157924
69791
6351
5898
87420
23120
91317
82539
179508
74507
46974
28584
25027
19183
193494
126601
75532
77120
168456
97265
6279
34121
75327
42953
68091
45956
74742
2903
154808
163524
116368
3769
57570
45628
56486
83828
35772
28885
10474
143698
12408
42557
36134
129940
141319
126220
182247
35818
70370
74630
2521
151201
93311
37384
188520
22718
89880
20316
144113
58931
43133
48094
54082
78095
67300
80750
53172
5141
112694
147473
112918
101280
87923
76584
59030
44197
70762
65730
149
75833
19209
24518
74015
7917
116527
15922
18995
32304
79998
2032
3375
81288
2331
75491
94460
77874
22637
77556
121154
120745
55026
13011
129662
153153
66436
1077
79933
110326
57049
49430
58492
47193
96809
33737
543
43100
112109
17712
110179
71048
34542
6790
99941
55161
19541
5129
3888
66576
55353
98483
64022
76679
5759
148717
137543
70949
86397
72717
64416
58931
88521
12974
123610
29516
100418
50642
114187
4613
115245
93012
62724
62356
20783
140813
2813
85202
58464
93368
132693
99593
112803
155480
142514
125932
25780
130552
19537
86306
26435
44475
83637
60355
22782
181085
69800
99436
62154
81256
31300
153085
91427
22576
156469
166603
20058
79800
129709
141137
87937
113801
92266
87655
128084
75531
156222
66371
173835
16357
121199
64382
61322
49713
166729
2987
20234
123570
40323
102637
111181
105857
116532
185844
13847
140053
5827
69587
20724
136386
110544
144025
20000
40321
34452
159290
25899
80728
3436
45884
71236
137454
45651
72955
12060
72669
31505
11036
114125
135751
20892
47511
96323
115161
88204
3720
15631
154420
28510
27209
118283
136682
101404
104614
2757
111900
11450
22409
125390
33330
1141
65747
125709
86639
121380
89327
116653
75109
41163
40315
23134
108577
185420
25999
3564
37119
44325
44524
76909
119267
86368
28703
49040
25481
138720
31068
162029
137848
121862
19625
34944
145977
29711
74954
128290
159330
133481
63368
63943
119599
7102
73798
20295
65961
80495
17119
72132
148976
41672
108332
21669
63772
143095
44865
171284
38791
159395
13061
23566
153552
48096
144407
45043
109765
59180
125690
190634
96347
24352
30796
58923
42311
156138
19187
29666
101155
78454
129631
76556
6195
171583
118296
80219
67305
85976
108418
58800
130146
169247
34300
8152
142867
104366
50150
20296
140905
181180
86411
81680
41926
68270
64708
88252
8276
81735
94324
45328
48195
118714
98895
15687
74976
128317
160704
114889
14864
40120
90243
76721
103107
45711
70090
58445
66758
95773
32814
114347
68393
25910
17845
42527
63059
53263
81817
59823
46349
21559
122693
187482
176568
141975
22581
17898
129245
26702
69023
35203
118296
58758
118624
29330
91789
95813
19551
53604
144905
139058
5091
129670
46110
140510
67541
38956
52654
104015
42753
8134
178682
99762
54880
3695
16725
45846
164152
53358
103972
4724
41374
39148
59401
17664
45971
130909
10935
29686
22148
10150
74117
167113
118389
63378
135190
46682
17937
26584
52004
88703
93362
128227
48074
47464
102226
154909
37024
13827
68500
70646
132178
5737
132143
85027
101286
77532
136608
37681
85748
113648
4541
133787
37317
29486
109481
34491
28999
24770
54738
1134
71588
142606
36338
120162
35888
106506
103442
88303
93778
19166
879
86057
4839
22286
174460
117372
61266
35827
16017
15096
85998
18168
29495
121302
47459
141088
68960
5299
30881
155837
102213
59449
145931
51432
11409
106972
142638
74032
110899
76252
90568
7515
169705
167257
50328
17210
65018
120494
88762
106492
24777
92975
140945
126775
28809
59919
37034
35466
165994
111713
164047
48866
113795
144704
34642
13794
13047
126707
23588
45176
130079
11538
8727
73050
56666
3196
34743
136492
77051
137393
190888
88302
115127
123634
165086
114341
157671
113596
3583
57936
36318
33096
98073
99557
23357
54488
29692
89542
35289
126841
19609
33094
113727
63853
28268
82993
75832
18101
162747
3711
125216
97896
86155
169294
80735
24450
136437
119267
76409
48788
39486
13993
172828
101947
10518
100513
108
124529
92753
65552
60702
75665
92231
117673
79247
62262
4357
112958
49289
41919
108634
121838
1905
71631
30304
36045
16830
46312
28807
143496
5654
113903
3078
108542
152592
164931
70982
10099
154838
65551
124723
58997
63630
91728
102062
44112
3048
133087
42855
119690
52334
81304
23747
2812
146827
142151
128494
17655
146244
101616
6428
45695
136758
14331
6630
60974
92184
2427
31608
180501
58012
2747
34017
88806
125059
38395
8943
102742
4523
104748
81477
15593
65182
48299
16459
105783
26278
6604
27675
16701
38606
18024
5034
35084
106887
142837
35684
30382
85589
101236
113706
12650
33685
62705
53205
920
33172
93034
38489
135679
182689
179657
87820
13183
90718
46775
7542
26966
30345
74545
123519
93678
5165
24822
49545
100499
138674
49175
57629
124492
47181
91667
83217
107572
9835
195805
112721
18669
1592
59914
11706
45544
25557
125410
174027
36116
4785
104985
128401
27932
51801
57001
140640
168008
104212
125224
80031
11940
13945
102450
29919
194769
29959
117857
164298
145383
3146
12354
139051
161332
79396
164838
56418
140978
167114
8058
12967
2211
66822
156364
63151
17521
54433
91227
24204
98814
56922
130172
30219
37112
37297
5107
7617
135303
12682
80242
31259
192785
61320
127409
181104
166620
63073
8454
8097
120786
20985
122403
179366
76090
117655
17068
134713
83073
70710
90270
3675
27031
26114
97403
42482
64952
48637
59655
119541
89079
130561
5596
79878
60148
91042
85965
78554
6677
80967
68888
96196
61379
160203
99105
22610
116874
40404
3731
10222
44779
6913
104214
86041
27414
54686
60415
153930
127536
70973
5508
141571
134097
166728
135187
3472
131079
131055
138813
92831
60565
144260
74461
19117
137609
37634
59335
55976
177604
35477
35166
58435
85110
67889
14370
129820
119347
164617
26912
16538
68527
85970
128099
20524
39232
128835
47410
41782
95816
5203
128688
40966
37951
142645
146703
125637
25222
25157
47248
45728
175
94449
131879
82622
2176
186802
178276
39299
112263
89623
52949
45546
150961
2757
59335
160968
87119
76758
45298
98587
36844
57253
151022
47041
154307
55361
10130
104728
126775
144766
14338
3902
164547
14524
28097
24112
39879
92491
86765
44910
61153
41225
94414
4788
118774
121584
85840
29352
65560
129846
127230
87874
13608
163982
5301
33223
32943
132240
14919
128951
39178
40595
1181
91525
143142
15876
39947
73445
102486
52641
3681
55275
120749
162798
63629
56638
13723
22598
81956
124481
2699
4005
114763
9446
134099
105184
103492
35856
1584
45038
74266
70370
28579
75693
25559
84229
73554
139626
121321
116679
150436
39573
115031
17077
21889
155442
53046
48488
163779
3119
169075
41172
110612
184921
3873
87818
5919
126302
81516
106352
113720
111951
105534
28586
85485
18956
121358
132262
57188
16770
159730
146647
102434
56382
906
29906
97921
126394
101579
2344
35780
73198
27248
5193
56530
134014
164101
23714
24869
59637
125720
38950
17594
71260
51860
101611
118501
108533
104570
124494
75163
133931
42737
13948
34823
39046
121635
89649
86223
88185
165953
72147
59654
94529
178042
75773
136577
126537
28399
55301
114681
177629
108745
12318
70871
64210
20590
38550
18976
78994
18844
106790
110576
8017
154272
56489
164835
11839
90719
166902
3101
69839
127490
34309
42525
81219
131169
84877
19205
72549
71740
118186
67283
44341
171330
43886
38768
104303
1890
3557
20293
6313
178467
79057
18705
56836
154957
161542
1488
3874
156218
24807
1035
125776
18637
101422
112708
32570
16946
124293
1633
138468
104427
154819
9645
109606
54904
43912
53088
79934
114703
156921
59564
32006
18210
106535
106066
68998
150195
120567
31502
88817
87617
66428
190992
9897
48085
113250
130796
34145
16610
74651
83666
18332
89286
61362
159797
90747
127955
31053
9252
99803
136544
23086
145643
19140
36397
16444
93976
91167
30929
4030
1033
88156
65594
19317
7656
119288
33241
12977
64464
79172
108382
185421
99154
76309
61913
125923
184846
166488
106524
185423
43624
105942
632
19157
143403
55755
133470
5419
95912
86834
52103
38848
23602
13715
24210
7239
128597
11175
88644
138234
139519
83353
19097
28460
34752
20515
44481
22732
176385
11757
63879
49194
41762
27801
17679
80918
59603
102013
41930
46910
107730
2994
94620
30951
39163
138504
23230
37318
78268
5811
76734
36205
48152
4416
101298
56540
26485
184794
80892
76653
60538
121824
131861
101246
151893
151399
136712
198209
70492
5068
105021
104099
42098
153910
5041
111093
50800
54546
21816
88350
18479
5801
120122
9940
119837
165587
125771
59372
23144
40709
52733
93499
38803
103537
126217
154951
7938
102937
1845
110257
120800
179896
98329
37906
128489
128647
70542
39344
27759
165252
21060
31771
55311
61610
70947
173893
39586
5538
91542
58894
186263
146702
124696
51731
17782
187852
44491
9614
55777
43297
120448
151934
120596
38392
2097
48235
1304
13932
37637
136395
116963
48530
85247
54408
67268
102739
30654
117203
68622
142182
51893
68737
71244
156509
91617
60970
113367
25899
141085
23420
17086
84309
12867
40841
143227
39188
133829
132691
160183
112742
178765
641
25535
182648
131521
53598
15605
38161
107532
77000
98891
89286
185889
9924
7128
322
27643
43301
77704
132385
25832
84370
119840
1865
29592
34218
3013
133285
39959
112500
115292
40902
25636
64043
100650
95377
19278
7016
42467
14980
81637
96994
132626
76323
134090
63266
53901
75920
150057
15490
100259
176599
106141
77127
24437
127872
107442
108302
80453
58608
95505
88323
87256
98914
76825
32758
14561
128175
101233
38161
105180
5008
144680
117960
17207
96130
8018
26085
138454
2023
41503
146017
113722
56974
56855
89822
93363
151655
128378
23795
127451
78205
106927
8092
59807
90238
22368
16972
3537
66097
106723
72177
45601
53901
126521
148294
76861
44277
33877
23690
745
84720
42021
94190
108803
78071
45281
4450
144409
149405
24425
54272
15300
64055
38790
111903
138818
76920
72476
8750
127541
8099
23930
1326
107374
39344
105892
116743
16365
85903
46657
90871
86073
156147
16371
171250
95353
42589
149515
66593
145981
6745
85164
12134
92191
182120
8235
8082
89075
81954
170023
182341
41298
19710
87736
180490
139058
17628
126076
15280
116262
113361
14740
140292
129243
10917
145191
59562
99076
5530
32126
139995
133881
82787
9889
70551
151386
60852
70055
166523
164482
132405
173160
131717
93782
113650
75302
129125
128397
155362
84942
94450
85897
23067
46502
15820
88541
33734
16905
52142
88479
11385
74604
46857
155210
87396
40970
28294
105992
68003
138487
43988
98054
41358
64428
9780
61472
117377
1438
87351
140317
3159
173038
70136
75289
87391
145469
42724
148214
72093
159878
21761
113855
29400
128549
73379
90325
108469
72904
137871
121214
44791
123597
142073
28399
39599
43555
173213
2678
16239
7164
1469
81502
17871
1395
122832
37297
5441
75139
88700
178342
14358
126683
20544
52060
85929
71975
83223
70338
177681
34297
65084
45820
70016
111635
96395
91913
154531
126723
64689
149274
133481
97870
107234
59587
124942
150730
104301
147213
103391
1545
121166
99858
30712
112704
58939
149507
98297
151394
157880
64060
21853
125108
59819
104892
88778
160260
174826
4624
2384
2288
7778
65816
35314
53580
1321
126689
29752
32621
54012
69260
50517
52072
182271
75757
172781
11106
103462
101800
113068
180675
19202
137588
107984
147128
23459
71006
172172
87444
28092
90869
19174
68812
4270
142109
133475
49204
13637
70055
125310
102578
36997
86322
339
99716
6801
89964
135856
64381
107066
147352
155764
2214
140549
70411
6527
2927
113799
30120
164814
80108
900
140308
5014
116757
50379
22289
28670
21830
63496
17998
58119
3761
162374
52231
169574
7336
129559
154764
51697
116306
24870
44638
44287
65483
30608
21502
45340
70439
46972
83295
108090
93960
50603
151476
75497
104816
10451
34612
72878
19311
126642
75988
137477
118031
12087
118627
73787
7388
72559
46587
60962
49220
21822
106533
9052
170475
187281
173755
76035
5425
69767
20852
6808
2561
132776
25998
98416
58334
120882
21708
64542
90054
35495
91190
21349
88876
121280
52875
145551
132619
75471
60783
42756
88974
132168
105255
118180
154242
43975
24182
133508
55007
33026
139695
166776
118162
109483
6698
92742
49517
11086
13799
55774
65597
16633
86747
65335
112026
179024
14470
58555
5158
168
124940
37829
151358
27863
171521
142264
104533
117822
104765
106869
90014
187945
143774
32011
71812
116501
79800
37267
4070
157402
68483
10163
148222
81775
99258
119195
4448
119230
2169
38502
80722
44442
955
121963
11016
11392
36386
119142
153759
67795
153630
76822
14494
118603
86830
155437
24398
178272
134230
140704
45443
162643
35609
67364
105705
3820
13865
99877
82217
135235
95943
53372
4147
32822
32505
16262
9906
3052
15265
3695
85497
121479
89615
143085
26356
13746
54296
14384
184797
31565
77444
161415
63263
147946
32264
116658
128169
3110
111546
48592
92317
60848
10066
17039
2017
78037
46242
127781
80187
73000
21748
72217
53239
33606
14968
38568
75037
95046
144719
100369
9363
58621
14818
153719
13598
15675
103478
180058
18724
89613
73184
6462
114961
81432
53801
117826
58673
70935
130758
60938
99812
85732
37774
87720
38201
174488
170701
155743
65915
166648
1296
161196
57649
112445
8912
71267
62290
72751
27278
37519
8056
12989
55985
14286
19336
102048
71680
58044
48634
118652
90228
65477
9306
32094
73167
77521
16890
98494
132054
48655
58569
15378
92703
84624
75856
1725
62974
9942
20800
103550
49815
29369
40022
51566
80931
119501
75560
37960
64382
102045
23739
151559
51134
134035
141714
156307
164011
99351
77982
115159
93852
32998
139154
65961
37359
64392
111540
30871
62145
49078
35864
23237
16067
182804
119666
124224
70282
81775
14765
66227
25992
95980
4350
57884
6187
123754
51435
116593
108218
129012
88924
18994
69756
79827
69055
80136
15278
148037
22582
83352
19982
70820
8928
109631
19355
109404
110968
10376
152444
2341
3078
48852
197798
3543
149445
127310
72380
162333
6261
76917
33934
69120
93750
57946
28479
65334
67182
13972
3219
48081
4514
53577
95575
964
154904
53324
17353
72948
140612
46018
116402
96385
84163
102490
145967
24778
63360
189547
36048
24242
20233
79299
46772
98017
14394
18404
55090
10078
171624
44437
37807
6254
5535
51642
7523
12925
5605
132774
141053
144326
79652
84827
139669
80830
79502
132818
28826
37376
113285
50091
194765
47210
80151
47591
60819
6182
74910
172261
5442
129451
44722
69613
60927
113379
2586
152921
127363
21118
7348
127
64405
11978
97758
175129
73442
75382
147969
50068
80576
93387
20674
42625
15
26752
25299
157091
46321
16882
817
93662
80238
194317
96507
55369
99370
140152
157930
94060
47811
20591
24639
85049
47531
13483
151863
85980
34091
41245
81541
4881
159146
10344
66499
79560
44995
63402
54641
40314
50526
116837
21204
28025
157015
41006
194391
111595
123405
29976
45698
89465
70538
105961
5883
45585
105057
26470
3658
17321
83774
171918
9503
79206
31582
82204
131918
12528
156933
107492
45914
87321
80727
52756
119950
76763
177941
163571
102755
27161
1094
73756
49323
69621
99539
42840
23134
9390
66660
13816
130059
157222
58671
69496
116623
82525
47245
141849
134696
122794
3519
82380
129147
73519
135253
16834
86281
94717
123472
41036
106605
172681
52749
88115
149338
5212
92091
28776
48791
65198
116379
61161
104792
6199
18092
80154
50528
113120
127394
4988
144543
74013
3080
98605
61478
14205
59080
142182
5436
114
114290
119159
125382
91417
59992
55619
33944
9207
23152
79078
48799
126004
194399
137484
65229
83462
158276
170895
28680
4589
177527
8815
123603
1256
137552
104778
71729
84157
90168
59296
136921
185526
143634
64432
107705
7431
79324
79311
19079
3011
20619
5587
48255
120522
44436
134867
194414
128675
169761
69953
102517
75457
99043
58576
74739
109346
104036
97017
64798
31007
15689
141534
134652
75991
160809
132701
169478
128659
140138
59676
64850
30250
77025
5115
67202
105920
33318
132351
45259
131646
37776
101868
156062
30612
26861
166333
59468
75655
126420
44718
64090
60051
71740
63670
42967
111185
105638
140666
70961
49995
190615
130387
128386
34123
18354
77418
176229
14609
185029
75580
40121
1976
82363
160250
24896
7314
138889
125349
144775
11905
47960
43894
99274
92342
10327
50767
180848
148237
28855
47290
9833
39839
160768
54798
88805
10897
123364
26081
147306
75208
103480
52879
55219
45967
36730
27829
76629
92083
3715
102085
95417
53942
100372
100946
86256
131133
181683
108765
102458
24862
99936
24157
112636
45247
123460
126036
9532
63037
41301
87058
27865
10392
88577
8818
33043
91045
46233
132716
5711
105908
139114
70760
314
7676
77704
93120
13881
86577
68599
101945
91993
144012
139389
130953
34236
137111
137293
4483
38354
94539
42232
122626
10099
90461
29949
25292
135924
100735
2959
104435
162495
88413
150279
30385
182681
3976
8733
16849
132277
6378
13998
72250
823
90566
108786
156226
190846
136735
164180
137472
158057
64108
49347
2400
7327
64309
66173
45666
20766
141777
19360
174243
121850
184764
171784
23472
98192
178122
45005
67888
102220
133173
67888
138468
99648
89033
35386
70316
175359
118595
137854
17076
72671
93582
17085
42831
150153
560
94560
19793
130710
70792
93260
144145
65999
17726
127770
127174
4798
109392
138884
134894
124511
50211
16842
128109
115235
78018
69231
5911
79850
24127
40590
90155
7337
58953
24120
94488
77453
110248
190665
104530
43498
130153
82457
103292
88391
171069
134752
26968
36469
7725
113364
36170
124658
4996
21861
156923
51532
169621
151533
54697
36103
68338
61048
65905
52913
97931
81747
8241
66740
169090
24461
83953
178064
60176
111621
109192
55609
4161
150666
113661
65154
51213
86329
128388
177915
33316
108455
12304
117618
76066
54624
13519
119318
26812
73277
167034
58670
59126
94514
90389
3097
106167
39546
117850
61346
17226
75034
182636
48457
128708
52908
84162
15237
98805
61789
156706
131822
56249
96014
34745
66956
146442
54972
83613
12495
18113
1932
110373
21572
14409
75292
126442
68360
72273
125210
30775
9866
70512
35156
42794
38531
166148
48308
101194
9839
4037
49494
26025
193438
12302
128999
88992
134016
163366
46938
982
38049
22414
17305
58720
109176
10615
116751
36693
47769
5784
157684
80716
76263
62374
49682
115185
8432
52094
58407
175910
84012
101238
70724
7993
20188
12563
75992
118648
90565
108260
126621
102709
32038
158507
56110
50002
9245
12946
77769
3018
161240
92216
97194
10058
13661
165762
89029
111950
151134
26424
47225
70838
108189
35269
17097
177475
144843
158172
97501
101092
4403
56367
163704
26197
87883
11288
130867
70931
100806
88511
95967
21585
148895
83715
129152
85483
24899
135
142719
130127
27555
166264
5542
29597
38963
28679
164941
137432
139243
52228
136138
47573
75697
29994
26825
104504
22238
72267
2077
30608
80419
51125
71615
12649
90036
9294
177101
37972
90238
7405
39936
10057
153267
12579
183105
85610
84865
162451
91914
7706
192963
6546
139959
79240
27265
61440
72187
126069
121008
18156
23118
137850
621
53259
66634
44832
11185
39843
5560
53735
73207
33126
133700
95615
12992
154670
4960
159292
56079
78201
14317
96915
103819
70252
88566
155228
19896
157314
104367
83360
110415
89566
87883
43826
70379
140704
178615
82838
132549
47482
143580
105649
155610
152432
101079
152655
92296
69625
109849
28674
52829
29987
144687
173234
72160
78508
130137
126153
107536
78260
80126
102999
167743
15469
148125
5684
137787
165058
61218
11071
120575
161936
74083
72543
22406
29499
62473
93560
7336
33987
126115
93852
8826
103181
104814
140399
23172
54472
29287
64353
174437
57550
60576
59713
59698
57817
122043
116319
92979
140858
74946
30904
47962
123671
7490
72733
45559
971
39037
104308
98897
88856
179063
5232
52737
96940
4487
58486
80980
37469
159241
132828
8754
103986
85914
131935
36049
132187
178991
68501
160539
56833
159887
45990
68530
83162
46177
49230
155675
47499
98036
97954
86050
36711
69068
89434
71798
18022
137678
36067
139486
188001
15494
92400
62754
35180
21530
5227
15079
173375
56428
35447
4112
14448
64551
125513
47739
132403
6302
37474
133307
6747
28845
49160
30998
37972
97042
118337
167123
44361
13736
167501
105021
78512
114249
98357
38382
126616
21190
12466
83146
83598
14876
104809
97132
83419
149433
71280
135985
118423
18914
46504
37250
35821
108273
146555
168067
72796
87243
135269
160625
23906
13330
125373
142377
64315
47082
117985
117657
34538
15516
162941
149253
77585
116664
93847
129319
132038
8927
169354
101823
99407
157539
157369
96912
33545
89689
5143
110907
38251
133096
150818
110469
96913
47171
169255
9263
165481
16870
57019
91182
132191
55161
71762
131875
182614
6767
22632
144088
101335
119261
134870
65172
120045
26878
143047
143942
166098
48170
9220
109530
36484
15048
57328
5131
29295
72662
32878
104854
115483
120194
2212
64309
34306
52659
102147
158982
38759
99426
28359
113621
62172
44345
42140
153998
70131
163146
683
123519
104667
28886
5257
5539
50547
194782
66639
78438
31148
28251
62274
45652
141378
70349
3657
123496
124674
58469
110220
47916
137272
2522
175013
59865
44280
15876
45337
87360
170873
58708
66486
133463
148685
10721
23799
48608
177771
83917
29011
166075
31298
35608
164257
2227
57387
13231
22607
90926
60157
70928
166457
71183
35717
81856
178536
150272
79405
178662
143795
60447
704
97213
74644
79056
51785
95054
150798
39502
1843
62675
99377
19807
182359
72615
194113
99275
151517
57288
96859
107198
70748
75308
116206
74718
50521
104872
74644
37846
121749
11048
80108
10197
154240
77323
105930
46991
23568
26215
124473
58792
61824
140242
90327
126465
84158
84063
113881
36315
144718
101610
68223
105275
83451
90923
72961
46228
64037
54457
98973
71022
80710
99337
118575
26692
118719
107493
39572
72895
17027
176874
122188
102156
97049
171760
116684
101038
19032
3999
10151
11427
107941
50193
6057
104752
11486
67727
133954
109818
103860
46415
30083
65947
6027
90905
87016
124383
115864
117800
88783
70719
96463
130591
60701
129655
133328
94034
171765
57730
91651
95030
73760
126536
16859
124473
96748
61601
7685
168371
35704
66805
83037
169745
85544
137620
94153
16544
3474
166863
91413
135440
67641
60017
122698
104749
97958
135518
112098
112182
177371
76509
125479
131842
6841
121848
48381
25046
103441
19626
73323
140596
169057
144556
98909
177463
49325
6219
41134
151646
49729
75905
166312
60473
29119
15331
123720
3053
130031
150749
138866
106950
25260
15900
133173
129309
94390
12155
87164
94147
1691
73979
59620
58994
93241
129368
127609
133132
13930
90148
135060
164667
940
136760
15699
182937
88506
85862
190394
160207
98547
88225
63573
44353
36337
112811
132542
43852
136689
70830
15450
94186
94238
2395
140211
91051
65292
123309
46849
42885
9650
58346
8278
96582
53095
77804
64047
143426
57819
144887
29572
23322
62375
57475
127809
163966
51389
12112
62716
29831
123670
160241
40374
76569
5049
35793
102896
48237
10215
52568
127985
56902
80523
74249
5680
119282
78478
171971
70661
74714
15079
151905
91044
35738
87609
158841
176825
4139
25132
12212
3383
128327
49248
123365
2834
4674
69579
44251
135850
35636
187165
98860
81144
160676
37818
47203
112791
174163
103739
37749
92260
32717
61801
71965
148705
102076
129328
148554
94219
138437
18058
37644
96898
59739
3992
65789
99362
166038
102633
83951
6833
47372
5606
68687
30305
121894
8885
120802
156869
2190
22569
52401
87330
134049
131330
167260
16643
100109
64625
183752
195559
88805
71133
69626
120211
74158
25982
91193
43786
96593
184786
7508
19437
117199
113618
103189
85893
164845
45954
85107
18077
185527
66342
70825
109616
143042
68158
111345
8602
92188
60387
71123
82791
99532
40118
75757
103433
192569
99732
75568
148859
82284
159024
70383
96457
88458
132066
104777
21638
21263
16954
35820
63561
136511
36390
20254
15674
94512
126408
2046
44836
78809
137849
94503
93769
131223
177842
9457
103207
146596
198234
6216
112765
179581
41706
1953
2324
46537
336
46460
25799
82314
97922
133969
130672
95682
83053
5394
50352
11140
112053
139919
49207
74485
146134
39891
10790
72475
152315
155117
4407
42619
33538
177346
63780
3695
93600
126267
43640
44974
24489
84929
37358
90427
140147
152176
90678
50578
32841
65150
187220
93699
158266
15338
122839
38996
145389
119778
121092
25395
119569
38598
79866
14868
45908
89271
5212
39015
17527
87115
91758
94678
129297
57143
61123
175714
50170
38560
17175
59181
57701
6777
2237
86613
43693
75890
178718
6996
15484
132181
100519
55166
3590
78031
133514
21644
102199
74163
22104
15966
43948
22447
173027
99320
63552
118801
144296
153699
151005
88845
43659
65294
2019
64040
120794
68467
63025
64372
87761
20908
179611
33079
89958
128726
88642
38785
106069
150234
4789
26614
165847
163399
116876
54236
36518
31857
108109
195536
105226
22611
17348
134135
173275
42741
105994
31988
9267
124455
34037
92026
64372
101758
29403
114545
155646
166841
150201
193495
39483
133923
154396
151754
3423
76475
84144
173422
164390
96129
72566
114275
93378
117910
69904
10274
42102
194115
69030
133874
44699
127873
130537
137321
22902
33572
66957
22830
138697
134547
3952
99550
140256
18946
119356
81465
107856
162297
68224
146545
56543
59830
123500
99372
171730
5411
156822
121482
48838
74079
180685
174493
127615
69789
12557
2088
88733
55955
115220
110900
126582
63731
52566
16251
134747
31864
69934
177465
31449
72491
52122
12296
32
9412
97766
87822
163176
72557
97494
104920
123735
10172
20976
160434
146943
93225
85066
124493
139927
128477
112632
106265
105848
67823
23191
68027
50225
152994
88894
111527
63193
42528
65052
90335
68874
127359
114609
3294
128503
69647
104863
61841
6020
151976
122130
60084
137131
96029
52725
42022
47694
9573
12097
23450
91091
82576
29042
101313
41144
88985
132819
3897
160119
127854
134980
53205
107849
5848
101819
99626
56120
105631
18456
93722
131594
76759
150122
99716
122418
27736
187215
97918
112748
133433
123049
111818
30814
158284
158508
35080
177490
112184
83024
107377
9241
55643
144091
108625
85743
39537
101776
33445
102565
27423
85108
33750
130773
20414
44658
98372
101253
32092
111619
115559
186697
67398
72755
116039
133835
129494
114613
38139
132474
74605
16935
135989
60265
19817
23134
178159
184614
123189
107103
17200
45915
13741
106200
58900
90677
98631
46238
25452
108340
103615
96881
102728
69035
135026
86811
63397
49256
55718
46538
109551
34904
43790
86819
101243
116759
116163
101469
113712
59409
150982
36336
95780
77107
123700
76521
140575
17081
446
91882
83964
36201
109421
134100
25179
41307
39012
57463
85575
10210
102414
53293
27922
19452
43465
111893
122732
197873
19174
79650
193011
73492
14344
2627
11455
21194
15053
107180
48079
73841
97195
101434
119295
1252
5206
88732
64054
71407
193463
63576
49370
4687
5253
176295
113660
119567
162495
79302
72374
75060
107174
4404
123467
159142
56260
162440
8104
76939
99441
44152
86834
58121
9368
3363
43606
39263
5458
74600
182387
9076
53761
2349
64769
95681
163113
170184
79005
88982
135272
150948
5236
191721
40002
74542
56299
73633
143044
82067
84215
39971
37956
135949
70833
74781
129999
18905
59280
104870
169900
105403
104418
20544
76173
94181
24241
61935
59021
57787
118817
3102
32662
153611
76678
58775
144252
63766
687
76802
50312
38666
8098
84335
133831
82247
75291
90720
38739
2182
16221
71298
98502
42304
35979
80888
42041
25401
39217
2546
42603
131598
48609
6318
55449
15064
126073
161615
151346
76404
51731
27096
76330
50443
62812
158550
88235
20716
174603
115997
153300
55881
72713
124634
158645
132280
92823
13984
57558
121769
86768
31896
131186
14971
160109
28207
45244
83794
93093
75949
64574
50211
49273
25803
29683
124968
66746
52684
106586
7320
156303
72572
135105
39903
165785
115443
64952
56087
119607
80653
153055
56449
13161
2813
152143
35032
51664
3529
75991
35211
35740
118760
97242
4969
143049
14154
18828
65636
75429
98357
3042
4800
72211
154167
127577
27400
19062
19004
195910
48425
63185
100703
106585
46639
68766
15882
44416
72204
151376
40017
146032
23072
118492
98737
41146
155184
24145
25168
64225
37996
40005
38069
58497
50996
176311
104063
27115
112944
70669
64024
151956
180971
185648
62549
75410
36436
171634
3760
87464
106317
181682
1633
69438
178676
128655
116034
82928
52806
45054
113774
114550
157522
23209
74939
95043
98388
108392
8588
5578
10094
72263
130391
19600
104014
56262
29649
13579
49127
9948
46002
14052
51645
64469
54339
166324
84339
73664
98266
96903
73007
16977
31721
74395
136154
43892
112840
41165
114195
37119
29108
117866
32793
19266
46348
120185
134427
19698
107141
42115
113622
6534
1766
24572
106101
92050
41649
78536
78930
11831
17761
44559
104606
177631
136598
65149
161722
41698
101944
24979
45860
13973
78795
81650
9667
114271
45085
154507
88144
87913
17651
24745
85129
65978
43374
86163
145581
141537
105668
106304
125391
180864
102390
3854
59171
69522
21366
45492
94471
185416
75150
26780
99102
89803
19451
12974
122119
28817
130783
186833
127856
168504
171225
34888
95547
100905
10713
142188
48977
79003
124198
144058
18347
70654
1210
166338
96655
114817
71822
13482
107409
35640
119416
46363
136558
4566
130302
177228
62982
20857
11437
64987
150172
69780
72186
84692
92875
74540
79856
72440
4348
146785
98631
108895
163546
15921
70557
119244
153545
145555
31245
15223
31280
114163
160187
57828
47057
152900
66924
128412
103989
37557
15745
107130
134480
96213
184477
39761
19654
58547
43116
88349
87759
40123
118027
36405
180590
115675
32504
156035
32924
65063
178289
64744
128676
180634
138344
187981
134835
159379
41731
144741
107791
95441
107565
59820
84989
19255
63173
16014
142117
50216
142623
134833
77615
150472
17053
68442
48230
125056
3670
14429
17429
106527
136930
103275
49106
11989
93085
133037
10267
94406
129302
11170
28240
18338
39666
75076
124506
82476
34009
22697
106403
8170
123559
118790
47437
36821
102433
133190
47198
33414
80990
73202
85649
73193
63522
65952
18653
119706
90144
94396
20708
10725
36070
93016
146690
105611
125887
35424
97112
45672
37743
67227
60212
78247
1489
68449
58161
117709
73782
123042
19228
42157
17663
8761
96377
8974
150317
83044
10079
184427
51201
180
80109
11147
136651
93171
57422
180976
47974
22738
86096
66829
101848
117872
172466
15862
179279
18196
78344
21934
18527
73032
53304
138044
74470
4535
50323
157145
44526
116339
69644
61302
55499
24647
44123
140528
3898
6680
2579
75305
23473
4618
119720
81439
86762
112126
64394
119211
7800
105118
137549
45516
66515
15466
41704
156361
6108
148098
133479
102369
4350
158745
73300
4250
121303
115218
17846
62360
198353
110750
61317
31039
3626
335
87494
19172
105119
71469
85840
33704
65696
21548
134422
65333
2075
52016
52634
183234
13021
58879
138569
42878
8027
144319
35347
128516
32889
43523
21841
21784
13449
186265
3947
124989
86706
16134
14993
87839
1631
111088
58081
143891
89397
26374
101051
8848
62765
168382
118418
70701
145137
16065
102537
16506
154184
174625
62854
118211
86572
37503
83561
148233
8921
139737
168876
90687
63275
77893
29348
129397
76928
22943
125311
66173
98050
58885
37212
18265
141915
152795
49044
157896
33987
141290
31953
106407
88273
165131
175360
40349
38823
20117
21775
44729
150312
124047
42493
95931
22890
170947
30019
113679
92099
26673
28193
63040
85511
14959
50765
37719
108352
155675
24246
127441
111646
1096
98833
55471
143943
30147
48048
155957
113351
108035
131399
33336
69666
68221
149710
8567
37486
667
81655
77970
8179
13835
10880
32802
36583
1522
148220
70751
171927
6436
77858
67296
47104
65994
66406
102282
3496
3729
82611
184454
67375
100146
98775
64679
118211
68567
57162
148279
154001
66501
70360
70107
126762
81295
63431
37543
117989
27423
31012
4870
98034
12504
56974
5834
131082
106633
8391
14026
53225
5383
51155
70862
80321
39191
50753
70718
14292
31154
60147
161353
39972
50369
82481
37307
37219
129026
70948
101931
54452
4980
6266
70500
2624
80722
2418
70205
157521
151381
114772
122227
140606
72609
34976
48668
102242
111392
161369
15523
92482
51973
114215
60130
78724
6082
48175
82710
25403
44793
69652
28556
119513
127686
21730
65164
24717
167060
55160
17239
5567
32240
99652
90857
58853
155463
142329
157180
67705
88114
55475
35033
121791
46175
158866
88502
159
89787
69910
11585
105380
91272
101491
74437
135243
86304
112496
132034
77347
8123
115913
91308
22948
129767
79709
10189
106910
12736
79932
94630
101515
129081
3781
185535
99819
19599
178517
129568
7896
124772
120555
93599
177036
35969
17492
112361
106571
37438
98062
65656
106134
160677
95972
147134
73469
44821
6300
137156
31955
13264
178944
154827
133
31946
104083
46666
95764
65538
153564
67377
187323
162052
187695
58921
16215
153670
142929
114597
32452
25338
159549
113612
8754
115504
85154
27450
8273
18385
157806
145216
128441
155463
74534
74787
94247
105022
132430
10215
17319
119576
62046
73469
148717
113453
173691
70420
59077
128057
73570
163176
120636
46839
138075
9135
136945
57718
191636
55029
2687
76740
49502
110224
3703
38473
32191
156824
159767
91684
35393
65450
102478
15002
72086
39553
2318
102977
47859
27325
15663
24064
3970
7839
38063
45782
3386
18115
113902
135735
24901
140549
158326
31632
72142
86264
68185
152141
11250
169949
43943
74799
6757
142771
3270
161072
82508
111580
172525
9826
70956
38265
87786
36381
118874
64209
27499
122475
90960
68657
13274
126269
100901
32984
24819
138921
66153
51690
71221
103974
130843
146283
169620
93247
151850
39852
58923
102062
26900
30932
55564
60489
57921
45807
87798
193281
45686
74664
101576
77499
32071
877
12001
178746
94480
14550
39837
153486
132781
88809
131743
102804
66018
16270
20662
85161
120793
49739
12103
132624
50186
93379
37513
143205
5575
147951
155731
178302
64227
32265
9714
1535
2560
12672
128392
131103
37192
13909
161115
4459
74609
47309
74313
141243
95335
21251
87001
109816
57953
129422
88437
165152
59402
53751
75880
58036
85367
99641
81603
108205
114004
52978
103834
4102
126290
72841
20125
84695
66709
46594
15589
120084
97325
38558
178490
156849
104417
29663
123286
61265
117239
8188
178312
68504
51228
59488
147645
130946
17065
3778
21840
156040
102812
102502
68009
162162
440
47830
121641
4620
49271
58179
83141
770
170853
16964
37048
130867
129357
17676
64951
11956
65936
102917
36082
32028
126514
172533
23510
13025
67012
164145
115965
30122
41467
49293
67379
103871
5096
114281
126617
53163
181659
153954
35462
126643
58551
177762
177482
18951
4567
80445
131904
115137
90112
126715
109490
128458
151370
97202
178302
18917
149698
55292
21747
27288
33300
166476
5888
155337
96458
81516
134847
36534
121150
17416
128338
57846
115451
59143
67666
69413
8045
6089
3200
17288
39413
50997
98805
105203
57379
116181
123714
92200
100882
8633
82069
117405
40007
15702
124809
19769
72888
9137
115156
22954
70978
121942
144753
78942
37999
34245
75020
4168
107730
86749
81535
154547
94983
37556
85955
130513
58732
14447
58586
46186
26630
43140
3212
119477
2848
58693
48458
87945
7945
59483
60038
89922
1860
114069
10985
57389
32483
102464
74763
67105
71010
40164
129154
5311
100094
135921
71309
45550
102410
37667
21801
132779
114664
49143
80377
58566
181792
49182
69112
9546
76249
103241
11608
103705
35758
69422
115301
47371
15198
52683
38433
129503
68500
17165
66167
132980
176801
120688
48132
80931
104466
66597
165112
23919
141005
29407
70236
63891
60286
107435
20080
101046
88553
99293
20678
59950
5964
132739
46361
33392
7852
117971
155071
57156
46737
140
96814
43763
173163
52379
133380
35770
86843
5135
9593
50372
160128
87481
110910
146990
64232
92378
4028
23058
153920
141988
135362
4008
136801
106670
1077
29066
43165
113621
86404
151343
100686
130806
151912
171819
15226
72831
32194
35424
112122
61462
117520
129625
109724
86715
160525
55325
128669
33540
127219
81746
125583
42896
113949
98288
152996
21059
2154
98387
63333
77086
122858
63324
39061
180635
8887
16060
81630
2564
4418
13794
35235
71600
15841
139469
112659
59417
25857
69555
111599
16386
69715
31292
2105
4556
49880
83953
151479
38966
53222
93633
69551
65957
157173
21286
22082
174162
36113
114465
35066
60406
99283
139634
21909
86965
36729
100753
70331
70562
5152
102674
37740
70977
157308
112632
172202
34605
26866
51096
2269
112168
145636
187240
39171
167573
156594
162647
147083
16462
74420
111459
132389
86528
35780
6141
86491
135068
150362
8856
133652
154709
103872
86417
58638
186986
56682
4328
111947
64996
139871
113491
127268
99131
98506
128845
124712
159703
131912
63340
98157
34
461
14649
24138
126224
103093
98076
136708
168010
190077
88053
72448
128356
5225
112226
83995
95157
10722
16927
92953
120685
120015
62597
106207
88508
4551
15407
103399
131230
50528
54294
95502
129431
156137
123109
84443
41502
131879
71858
99772
116220
114861
165336
40246
22064
50491
67648
70343
107797
80326
115486
30741
52587
66806
177672
8522
152604
88511
18021
113713
86118
121295
103142
44148
82882
130958
13253
104426
45456
35580
22908
70701
113273
6156
95265
9423
100070
31375
96853
151838
166372
135645
29108
1345
164958
118701
7917
42443
105497
76101
143414
98973
116631
117597
70984
5284
124756
114227
114584
84585
67676
2380
172169
52209
62298
121611
8347
86644
89438
6702
168210
82504
30489
77563
102493
10716
170820
73084
62783
5417
72472
115773
68076
16285
119400
2129
31273
92906
151045
80660
45967
80220
78162
111864
69763
5366
155668
104239
105797
115087
28628
47218
81850
127818
140877
88298
113521
17981
89508
161140
177429
97322
30326
60049
141716
27102
179848
62329
119540
165095
114387
94991
155553
27506
52472
163942
80227
116468
20009
110091
83176
126721
90298
34769
102864
62304
190079
98103
121335
113157
36085
21862
108540
119516
22170
89220
55144
66531
112039
114280
170264
90797
164404
71035
18740
6708
72604
125465
126410
32814
123180
57702
46052
47345
72359
38397
5240
58463
13992
141982
177279
30118
65362
56854
86760
30285
76125
87137
58574
20997
99478
57664
20383
139488
117168
19559
124236
92815
160218
15562
113239
83965
28037
102818
77983
12162
108366
61356
61750
157764
147508
13110
31179
141389
66914
67823
12831
30958
46258
53528
48752
149073
166810
120011
25166
68430
82700
74558
3104
674
37656
34812
29575
76071
58838
69647
137802
45007
2980
45199
101587
66752
9789
107957
31957
136770
178121
54416
171464
137513
109245
40002
128384
66098
106308
61804
185753
62245
4519
81775
17549
140203
49804
119294
88462
58166
41164
119186
62114
21907
145655
148737
121568
93836
125106
31551
76386
80274
19522
63963
173892
13473
107666
76466
76287
163759
19723
93274
78050
47087
158859
78736
31434
13895
76664
109259
148752
146687
50433
122189
87493
11481
117725
151622
163892
101617
99564
35017
156547
88430
24554
18155
33886
93549
86117
27143
102460
42595
131006
185784
119828
86547
20228
73582
30307
77193
134081
3201
115125
3100
160087
98296
18263
110416
116724
68768
44983
169990
179685
34471
162912
107946
42810
30582
12269
3600
8084
67303
21866
16316
82862
35088
57034
60494
1068
133102
16015
106720
31993
88155
106642
3655
71193
175584
105656
32416
64781
103036
137351
63604
136022
120652
95092
91317
123359
60985
102963
29779
73682
64807
34814
5554
143060
169687
146058
114139
43806
100005
107542
68800
128868
55037
42574
118716
150818
98486
99003
89869
115297
106400
69131
10387
148916
7396
157756
142114
7875
125689
158763
128771
99688
107780
117298
167616
151312
44285
102376
130862
129773
8357
57716
112431
9961
48680
63193
12147
90828
87742
160737
3500
38663
166977
154195
26932
50260
13323
22327
16863
110496
17451
48650
136691
140598
5059
104932
29591
82696
89129
50336
104885
9441
28254
64325
179793
34294
69635
4281
140917
144654
4802
8802
39450
56602
3675
35132
132281
91327
126228
161856
22642
18021
4151
5534
87385
72769
78706
166749
1226
17057
147112
90282
69613
25003
50093
569
91926
194027
63336
92604
98906
145706
274
23768
21056
76343
10228
92824
34831
131891
37408
37848
66492
86754
92308
63549
106611
32946
63982
136551
92006
125500
66418
108861
180096
21675
80842
19068
86010
139398
180013
21113
129453
132663
128476
39300
1449
82461
39576
119965
56384
113679
115441
59878
79466
18823
38282
35820
5440
113811
105465
149545
40353
70352
151826
8030
130005
13752
160186
131303
43691
34927
174433
57163
80073
93964
53382
29698
55037
37730
111406
54161
28691
42833
65340
187472
54059
83093
8124
43406
99714
99612
58407
119931
95675
56158
9977
45086
8774
148911
85934
159551
48750
52765
174342
90294
38204
154828
83698
120190
5511
128700
85819
114182
139946
6467
34178
51171
103973
139695
20572
177852
36282
108870
97473
48255
71804
1155
166530
157176
142641
96724
35036
72247
13876
36444
104569
85843
82399
25151
62352
59077
105545
107867
32470
182002
66429
48587
4278
54914
111510
127293
154095
59045
131782
168071
148954
21216
99719
126687
91452
174433
82339
74480
23409
145746
17758
17289
33228
119359
99987
117194
98350
24810
18235
26183
91655
89309
150112
140811
58510
35916
1866
126652
103083
171988
35530
144615
111739
157015
11168
4852
5069
181004
77274
39267
92943
75863
20092
74804
19712
128274
102002
148050
124415
86089
37566
72789
1179
17111
29504
85049
10593
119414
7790
78290
108750
105791
64018
21873
120159
82753
42156
2869
15397
60354
112132
20942
116172
178086
159578
186836
47340
98937
87746
101719
114867
72926
140651
70968
73116
141285
64663
87267
109350
117401
34867
9041
30046
96429
53345
12975
82492
86420
65640
83473
46051
43624
105312
61068
1674
150825
54568
25646
55758
70376
127985
20006
41500
180657
27585
161666
133271
31492
121674
49224
23152
25723
39321
162400
24841
9833
7339
133436
102475
183235
23095
117282
98513
110469
28208
62849
98349
129289
64301
53262
75086
56739
44132
89199
54131
2186
10154
77526
25231
128905
38245
35443
111856
97303
131012
121317
99940
22368
6429
55276
46898
88630
65573
80926
125257
70206
129861
123087
627
51252
1218
89678
11226
45110
164877
100546
174551
91984
12567
66766
171945
44716
79152
105556
101944
35390
93971
39592
12479
79726
18060
51636
130116
31023
92753
77315
120131
51787
12863
113818
102200
41505
9768
106155
93993
113002
80032
139174
81835
48527
77652
2786
105395
39847
44796
90332
72502
33885
27248
25446
96760
150824
11086
144652
70715
136671
18025
68295
127171
114689
30044
163785
24114
52280
71911
81302
38928
113832
158530
29425
44466
65838
81238
172425
120643
63493
102349
49253
5091
47575
101177
117279
79235
37008
130090
14441
617
23543
46349
25485
124204
28368
64368
956
8966
11994
15337
1657
92811
154494
170886
46804
53748
12523
45256
12956
1400
132278
52847
64550
154894
160130
55569
9825
37681
116790
156906
134034
39164
107722
128608
70775
23865
168493
138969
57651
4458
118617
30954
74495
94702
67842
8453
120888
10108
50999
118189
34651
81300
94478
47220
111337
48230
112636
4086
11422
10334
84527
40201
49232
130198
21167
84411
5250
80180
12495
77827
133776
13124
136846
73036
184055
129922
132580
79890
186920
58998
144613
119215
137256
81630
36757
7700
83606
57864
137751
81329
131713
144768
48722
20780
4234
169711
27575
125279
17149
63214
137111
36872
19006
98148
115536
31348
68386
6644
84017
73729
53670
47722
38190
73446
109455
58771
140676
158695
18175
53150
112722
115288
90714
93624
57784
15479
61962
15285
116924
63476
86333
157093
63458
62418
84817
100754
159504
112346
94475
140196
87709
29964
2066
110110
13600
25829
91632
76226
125034
132853
100639
33364
39489
180116
121692
33069
10127
177330
73240
139706
67089
121816
6593
7243
92204
181042
117597
18388
18537
163997
20419
149084
35070
161112
114963
125283
94987
10758
52209
74530
2667
18614
95570
2729
52744
85977
114602
114194
18937
158150
184313
78797
33399
69213
17492
130593
12518
15445
62898
61925
49249
72213
87919
66594
107636
57604
72098
60967
11991
25177
105540
97341
102530
141283
32257
155610
98030
44121
146066
22807
101752
16515
24446
59005
75054
111608
18242
113010
8311
91537
58572
66449
142033
70950
124634
119548
107338
53252
29325
82281
64786
49594
24358
45239
153400
28351
3697
92861
133271
132350
133305
70935
105857
84748
74832
109429
65563
12032
12315
173750
39119
47150
27090
132729
17382
160573
150379
45509
90703
41743
95859
60815
176651
5786
28064
52610
64827
20786
62214
31513
67992
101291
166296
151748
90670
121800
19077
29690
50570
82633
117571
95112
104830
12784
104376
57924
77406
37282
101176
164982
36368
37361
64486
165262
76730
132964
28679
34643
49775
114909
64482
3439
18928
144094
178571
60109
14050
126522
116574
5119
117926
125864
163013
17123
80134
10724
92300
10869
69666
113267
111636
160213
117547
57766
56175
117734
29480
112757
24501
28062
131260
35143
76528
133866
104501
132481
52766
164317
64450
48510
2862
152525
135844
26824
61028
79234
103134
90702
102706
41986
165516
23503
8330
72625
10025
15753
114866
150674
30381
4661
87676
100379
6044
159873
102962
96075
28407
126611
110562
112830
55985
100264
57059
930
95281
86713
155299
50428
76337
3508
4786
3666
30663
53240
75183
39851
567
70930
102327
52603
97402
35867
177926
25870
38473
19448
95369
138883
18030
150288
143662
25433
90462
151352
22564
70680
113078
117536
180535
83935
100699
21105
22789
117465
148700
44337
73616
27718
178252
26750
54657
140851
77909
113539
66895
9165
71335
111641
56639
98119
88821
10644
135831
72897
10789
92856
10238
144320
20634
53901
40691
113162
174590
135173
24941
91586
120767
18027
12714
113707
64009
78382
47962
117603
40021
10279
35578
117195
146105
153449
17736
149697
127873
54341
178889
20779
27951
106814
178312
102922
8969
14483
95509
84228
143842
113468
44994
46812
141064
146868
129364
13229
34896
84758
84351
13165
6306
15341
22781
127560
61940
99180
57751
64061
11920
25726
101712
139466
4462
59343
98423
84188
21898
66434
149435
104939
136859
34923
65285
176534
132249
42758
40453
33794
10027
137865
129245
76429
108701
39279
72766
25459
88665
106211
124676
13863
165427
162903
71522
88248
14236
102520
101870
4355
25798
66854
114409
51147
53593
138356
159871
138844
11628
141062
97796
21748
37274
145458
114937
153703
32500
94206
62669
47045
47159
83674
8148
193002
3854
64341
105315
14317
43051
186068
31084
46875
11121
93953
21888
42526
20342
57034
34077
27282
50846
1407
129609
16658
8833
129658
151120
45221
133161
117904
56516
1582
16834
161147
106262
89930
110698
9910
58435
93971
52299
106501
172933
4995
141385
21454
134880
119401
32894
134767
83340
80094
119874
54107
47255
13679
104072
8567
107815
103497
60176
4624
80770
42843
56151
166400
72581
111577
21504
2237
83986
25498
8067
139656
79120
138881
54944
67104
87323
156264
62854
102594
56928
94669
122011
11243
178438
3157
12418
69797
1204
59012
6469
24087
41883
100902
7635
59308
96765
29296
69165
35845
7341
98037
99379
37818
3885
136519
154003
108887
37024
72331
83703
64056
65262
67522
98285
3181
52173
5408
9154
113226
13984
65883
13089
35207
184526
43591
69496
8271
178980
62419
19096
83241
105537
93085
120244
79318
95350
40906
35365
169612
129986
181594
147794
114207
72304
118643
23577
3909
35999
137930
77971
33971
140472
77449
34274
150304
52503
15647
79190
64093
5594
16686
86172
19184
61031
29363
68807
99951
27152
3653
143966
88366
69422
83322
135949
97670
145926
35136
94020
127380
48144
8099
72934
57413
157553
13031
95041
72714
102204
22738
128390
45701
45058
99640
122277
103555
7188
76163
129357
143546
122618
75620
116530
111358
130217
114459
120809
124658
107700
49663
4729
85008
190749
108010
9543
6535
91086
168476
83047
7519
2252
98292
14483
132227
104876
142173
182365
34200
175646
64073
179781
44937
105990
63995
60264
102083
109534
13989
166189
2534
96737
125767
129245
89003
80214
415
33733
128695
136460
6680
9551
118535
88320
36907
17984
14604
47710
123316
33250
51474
7366
97333
78029
100379
113055
78197
49693
14031
37565
93059
36822
138631
180484
69928
177462
26368
7653
71184
34744
40620
130182
61880
27129
73455
104858
11027
162897
54950
95211
20151
94861
57765
131733
32080
133444
21176
104589
122642
15709
70999
42916
59529
29428
2302
45977
166698
84340
72601
133455
50212
69619
13313
4526
2298
95192
148073
15296
78500
79278
94394
46877
17372
56927
59873
51617
41765
108317
190734
119081
40150
17233
35418
23608
32944
73082
91091
48752
132983
79584
45407
129942
79757
1247
23052
64460
76091
632
56963
384
125286
35004
47800
30700
17229
108295
3046
18769
178657
88682
88345
80163
65606
32440
52613
5404
70325
888
112328
125512
128667
367
55106
103779
40674
93253
6758
64228
45716
133350
122867
139191
88409
47573
74920
29458
7783
59925
129399
38215
27144
18477
20775
3669
50201
146897
91703
185739
160923
5479
13081
114660
34446
69929
83767
95296
142331
53225
45173
120866
19598
96080
88462
32902
66780
99597
67043
118197
76532
64343
79291
111897
56212
96889
110641
30901
37625
81456
117952
65630
80777
2168
148901
74385
17377
24968
77827
1226
43955
37905
84474
13826
32373
86397
73444
51116
168951
62843
146493
58287
28617
152652
77723
36221
64310
163029
29569
138293
48322
77338
130820
5419
44736
36108
11118
113043
14977
150689
59237
46802
28670
71427
10688
34715
178323
363
13907
63286
125033
82237
67791
3048
56358
187308
144709
92275
6534
2561
132675
28694
31426
82477
153437
135504
1218
118820
98824
98442
51629
81951
9067
127952
137146
84380
82807
73682
118439
70523
61888
41965
13070
16260
47102
118746
126191
148780
97304
137244
138672
6345
27355
165337
17039
111528
100096
120032
5674
47980
2499
16489
119763
14049
64064
15305
34375
48193
108423
193919
85477
121594
12805
108326
168384
153534
150780
33057
78286
30401
160675
117223
83391
31300
80580
59100
42838
99833
19262
111739
105745
129632
126457
66016
81455
46272
98680
127328
113574
30988
85622
103696
155160
30635
30263
63380
68571
73945
97610
23804
51505
24572
100655
140221
115270
49097
103204
18995
80690
71694
43889
152004
285
98400
107141
55931
120721
7307
5407
87675
34189
101886
136651
150924
11675
175355
46246
147990
54479
82500
59666
12875
190742
69403
151324
6670
57884
29249
101459
39876
98792
57318
80132
101571
64042
57478
755
90436
58665
151857
45533
79495
8970
67611
104885
91036
106549
134760
66001
89588
130602
9969
39423
138246
171901
107048
145483
92961
52473
133726
43444
23114
54460
23541
3016
28507
136936
76615
117723
98308
14085
141015
104764
46316
110658
71156
136659
97692
32113
69796
77539
47217
60205
160135
61444
5781
69487
2399
8532
87403
118189
13997
147201
45071
82789
51072
9214
43865
63769
104208
127671
180914
9222
107560
109975
54984
2169
105455
63291
63276
42461
98214
169989
34070
11926
45551
96844
4848
52531
64165
113962
5117
61314
65475
117235
110027
61766
25086
112968
139288
103115
54857
91001
44642
103505
10908
7755
174389
98770
88894
118225
2996
67044
7644
17710
168613
10907
7595
157951
60776
131612
103524
180231
37206
68753
118388
85122
5199
81678
91673
11521
88944
96727
153063
148902
15811
73235
41815
13625
76426
66873
21216
128606
6217
10582
98449
162576
42806
140029
72222
112332
84361
58722
44196
142721
71841
19485
4196
75785
7801
44163
34048
9813
89686
118235
115670
137635
94323
95803
87003
178503
99983
24432
63220
120336
12173
141166
123969
52061
41718
116388
64084
125909
134963
37741
159691
78259
101938
110737
101234
132673
120768
4814
117835
87608
107659
67259
19711
13905
83452
51102
42527
105078
102324
59513
63270
253
5010
67183
19611
130209
134251
45913
72744
96156
129060
117830
120614
132109
25893
59578
12040
81779
123822
28183
50598
133391
13139
113155
88565
109594
192177
42017
119655
87514
69728
13161
61822
72418
13215
85738
135648
105268
153182
26296
48325
9142
75667
79781
8731
43838
112747
89239
168582
122003
181948
93275
37882
149210
99262
40658
33100
64083
15422
92847
48277
21537
48322
61037
38640
8786
43299
47914
5320
65330
44249
58224
19318
33961
111629
168412
159269
100756
95114
146572
26845
151289
21962
67145
108658
62309
2512
61989
63230
116681
63954
118569
4610
71189
64543
126164
68936
43380
94510
5217
94501
131421
19157
48171
22915
111913
4134
135041
52059
43986
39609
9654
10913
83413
129434
148164
98108
13004
89121
61983
105281
135894
44112
132575
40388
5778
47518
20705
88866
34514
59488
152969
11827
46270
171961
55761
81771
84750
160194
162737
112542
57291
109720
103799
15573
98886
155779
148964
127659
39201
43748
108634
28180
177903
124927
41799
78433
2187
51
111347
136885
55163
113529
3252
89088
39201
92405
180655
27316
166193
30652
70372
70899
41934
84828
2991
21570
105442
55227
113848
110585
103292
103979
53640
38018
28762
105865
19634
8135
113765
75591
814
19116
96226
126259
16127
105404
59666
6151
185440
156213
139936
54573
110780
99698
116753
153057
161323
3501
74752
50064
78022
64089
52248
74658
87638
73292
42005
180627
153083
20683
83972
195570
134185
144763
22390
57650
165994
3254
104350
98133
75275
174452
119149
85502
139954
104954
76828
31836
36011
30991
83825
79203
134089
20935
29285
101266
46143
66549
11853
123686
101851
165734
21981
130993
120795
113295
102561
114538
24199
20248
52529
18531
39218
110221
119365
115233
27491
8034
49889
162249
48408
164023
22618
133105
85646
71946
22831
94666
21798
176327
88470
49570
42502
2615
136145
106100
162509
102975
151376
4272
126041
18175
29366
147100
41802
108771
142995
151274
3069
31989
84636
27591
137685
138362
3841
75173
56605
46465
172382
151916
94243
70966
13069
81423
81408
112874
70802
4968
119835
178548
70550
12306
21983
31521
119299
41305
26214
54606
134149
105350
133326
76385
123693
88573
12127
88077
132354
86602
64746
72649
133159
185622
152900
22052
4254
31517
82637
63252
115439
155818
50265
88953
134597
80650
30984
130369
21026
10749
170831
523
26024
172705
72292
68580
130417
115239
41922
52512
124365
118790
139746
10330
153949
2929
18309
14913
68312
89581
166599
140899
140475
29335
142206
143999
17360
154259
129796
28382
76839
57423
5978
59912
150632
45718
67388
58054
102801
77860
138358
4397
174408
25654
101676
23568
174639
56482
58669
128783
158944
129787
8745
56489
38713
114499
98071
57612
78670
3827
46771
92924
97258
34518
41956
76511
56585
120300
22738
5566
45332
11156
92510
126077
2265
91286
138865
19000
146449
80513
93808
168221
4335
70999
102147
79813
156913
100612
53293
49817
40282
58599
24806
15652
96561
88389
133571
23833
101174
109492
115369
6444
22848
93287
48998
11626
154919
87202
196207
48596
42948
134433
89465
83797
152502
101579
89632
29966
40144
4258
81674
107638
56933
65330
21826
2214
111154
91033
177149
3591
151384
26103
21837
48808
23745
17702
88410
161721
103700
131811
26069
98000
23243
151073
137873
22910
107864
135968
8134
159729
132611
86828
91856
9952
43711
71049
120016
186852
15632
115488
84183
94701
95993
89748
164336
46046
55512
149271
4718
169295
41030
33061
135459
130619
9293
60340
110307
94161
75892
3872
665
57320
88500
111662
87062
59861
85094
26232
97647
164897
129045
98550
171329
76583
146099
42512
101958
58977
45002
89256
4666
127698
72921
73907
164930
90817
16293
150961
62162
79343
159350
46270
155703
19972
70372
68592
86724
125558
95109
31781
121263
31659
81912
154224
15368
60427
126443
76099
79959
48749
52420
13737
30470
135734
37691
127994
15050
36168
88348
186029
74796
54717
175093
66253
51783
19589
86354
132835
115989
21011
39594
84420
24332
77455
36842
161198
70545
33092
140915
5674
139539
46136
10262
74036
80225
181560
13876
7164
99640
67211
76969
147440
117346
129015
45883
121273
77152
153769
23031
124224
20729
65036
5834
154461
92459
71947
148203
152824
44168
155352
151438
70678
162848
124638
56845
92236
134753
62163
79242
126919
68236
132836
71050
63053
75893
75975
75671
152318
4794
34097
61154
23245
146569
164856
159019
106731
105159
67809
35422
74488
12470
124101
180352
29623
37284
34451
165554
173344
93244
119032
131801
125238
138649
21861
115662
16840
38033
122940
77578
113562
49327
120212
178228
186132
63601
35730
85336
6177
125803
26099
154557
126265
90354
149265
131821
132895
172576
139846
66606
76527
28775
181149
66851
13373
15826
143786
29900
164018
12252
111914
46922
66295
101361
120598
178180
18040
167014
31
74026
1443
73781
41233
72104
76525
1827
21672
122659
96152
38085
122628
116410
163524
104191
16569
129127
236
114396
132340
129625
119696
125428
21607
146187
33046
81055
144085
47081
129453
126213
129785
148887
87208
148316
77066
79199
34062
123561
2366
182867
161170
40125
109900
92743
82276
45907
15836
169560
24885
115294
64001
43111
60262
113975
33979
144549
105345
17811
113397
6728
9911
142523
64844
53415
48210
742
18497
47472
571
40562
103740
41648
13951
11747
146225
70552
126532
74427
177826
63939
63882
51114
32310
96828
84444
77559
180656
68886
108756
57546
139978
64927
94117
39595
134076
17159
83011
52103
171690
132637
14267
60628
151528
145893
103767
166630
79158
118963
75988
139577
117284
126868
126477
44719
131994
167151
8197
122787
85842
176858
74982
36680
49541
97549
89597
27244
83413
7026
76949
84914
94441
20047
38712
19052
57497
157202
45412
92512
51012
130023
74635
193228
80475
151038
50399
178474
37063
79281
98902
33670
86933
104237
80901
74318
7929
154778
138307
3239
136532
73385
159740
143196
43636
66217
79936
113541
63485
5079
17119
137858
53261
89984
133994
32876
28571
49400
157128
76807
146741
70154
117186
180480
18405
128754
155152
41972
149394
116971
89702
117554
81810
139960
6381
14001
43798
57349
115295
100088
124354
68681
48543
100156
119497
26128
75689
144726
47500
91744
116813
85634
95239
38168
13033
130846
27146
33037
61757
131546
129842
61694
17070
25267
159854
103293
181558
66289
87348
50883
163909
32975
157251
39294
10108
34800
147675
69885
15084
79397
119959
47194
4398
26924
92071
133053
99697
67188
106296
14287
39440
2823
90335
143086
69782
136250
16531
150467
49702
25118
52624
19394
428
154809
21919
11847
43527
6413
991
93753
63125
166726
111346
37074
84211
49386
60818
11151
203
2359
8111
110293
134005
17977
66922
178192
5473
90665
7280
151900
2068
27608
58518
57776
119933
31699
3312
8482
173620
16297
138676
103026
41974
19502
83879
12282
40552
48588
51200
115259
123505
102223
15671
179191
178106
42104
119553
182641
37564
61968
158062
153947
429
83965
54166
595
63389
8298
26650
29606
101569
91606
91326
2607
147660
52241
98084
83654
125408
15826
9322
132593
3150
94634
74926
116822
29693
129547
28839
14272
64387
5596
95338
41810
114820
97294
17783
43414
37820
51404
106879
38713
12875
60445
