10911
76786
27226
135511
29825
2572
181595
35340
132389
65370
171927
90010
55677
68944
13027
127739
77759
52361
22355
17090
70376
62217
4495
87378
39687
66086
112023
45869
85587
19229
46656
111816
83879
2809
14364
2667
178254
27540
36602
124369
135822
107808
66164
114376
136838
120849
13863
116027
32649
788
50705
171681
31353
78643
60752
48386
88147
105710
5430
10398
36768
19319
23163
87327
35366
139644
81798
37865
72641
10851
33269
45637
5812
65215
75690
105278
35794
120100
99526
62958
104931
88807
10981
175985
69164
79183
65317
75399
7917
71940
93468
67150
81992
47169
30499
109022
97171
87587
75895
171527
951
32091
80084
141601
60796
89120
11844
80560
12363
134346
85419
11246
56784
149946
86651
17453
18513
22119
99486
46263
104400
117918
109920
44002
6485
154514
116549
62519
89713
70847
51832
147812
99957
72714
66908
47538
129046
68800
164738
27595
55290
32800
7869
122085
1741
152355
119605
107366
149248
37261
121934
99924
13144
37188
85886
18633
22989
11466
48377
23975
35488
70314
94948
132596
56429
12917
4930
42959
1824
59615
25130
64985
173194
164823
166912
161362
74952
44930
116215
39660
98999
37036
166077
784
51969
10916
11427
106298
31159
68074
78071
81891
59201
25196
5065
28171
85263
125682
5670
97867
73765
3295
25420
14103
63047
128352
87383
110757
116601
38026
27775
6015
28584
54701
45726
66984
11330
13160
10949
50301
76897
25364
36177
132446
33813
91733
15731
9935
33436
24943
5769
4185
37471
7482
46946
15912
70005
13392
53289
67757
152424
68660
30625
111643
33697
51304
130554
26081
32273
63165
37271
168745
2674
56986
105341
82671
8916
77562
45093
93871
102211
135816
173333
931
104107
67566
88507
24988
12602
34034
137173
111386
57590
3478
38546
104449
135481
29637
82577
751
43815
95576
2982
3035
28317
97479
111628
12820
139595
89968
166009
21785
100017
161546
35343
8899
59936
140025
46862
22634
53854
8574
11096
38442
173393
165121
35403
138458
54590
51765
95869
18271
111020
110366
106736
90111
48533
27943
26984
165643
133894
88579
54732
32202
151491
49017
12506
107994
50377
82997
28656
15477
150890
78469
84327
113767
111641
16326
11510
83164
132979
14538
122973
25432
4681
17532
119931
85426
31858
16229
139704
834
86607
122473
14179
33220
109852
22926
8397
46046
108553
28516
30117
1907
25151
45751
25404
129678
20886
24974
18963
73196
118242
37453
28047
14320
112424
9828
22865
20227
171866
58044
178276
50405
16599
132869
40464
45278
26740
90206
768
143077
141996
120137
68809
37667
79550
96995
145512
18871
121725
122246
23282
15527
43009
57107
70034
45497
40476
55799
105209
33924
30137
90652
957
12283
28840
45234
73194
86567
61404
97830
50529
62302
63586
4394
5370
86155
18307
66596
36007
166363
85240
68765
70183
76885
67582
34945
72842
75575
80952
34973
133867
142628
173361
88422
154275
39818
72566
32960
113067
57828
140121
66615
74617
159578
88932
54926
94743
37129
6727
64388
60246
144668
422
123029
48333
6144
25222
34412
113803
90329
64473
98260
45920
108562
83895
23815
123666
100021
103196
29238
162255
83268
86145
33424
23924
108812
25133
8228
69145
67894
103880
35887
91372
3294
53918
55643
91278
68289
133257
10529
29639
43098
89141
85831
22393
84365
95622
20448
75830
149212
67593
8882
22316
27214
112991
1554
96838
110614
16531
4175
58104
121584
74580
44972
18193
142519
76877
172818
55378
139628
10740
158053
100378
77498
10356
91325
25723
135458
46992
126578
66875
11034
45495
66466
118039
39856
29068
28633
87135
124250
29924
23422
90108
68088
15312
85117
92205
74074
1739
33820
40541
132743
65911
96945
146217
27626
147711
151333
45087
145246
92042
7784
132253
54610
8171
87717
142349
54186
30026
108486
22871
118110
9642
60167
40888
31620
31305
28613
121535
140007
32912
52246
122317
51766
58348
141792
85185
169329
31872
68585
114154
176503
80393
1898
10097
42263
137226
135008
15187
40798
77192
87731
22900
67948
131432
9105
22194
103529
608
73437
101379
139490
115508
18270
109232
75051
12371
31552
85095
119627
14090
76505
16840
66323
37608
1266
23779
82909
23312
1771
73314
53607
42112
62761
39109
38147
38620
7259
64446
16279
26624
56280
67617
57294
12525
142614
95408
73997
84256
26344
39835
36791
133227
103601
24966
77793
49281
24178
100729
124077
31519
48144
78825
81619
12869
79585
149353
9857
68481
135863
495
45717
99436
146360
120496
85394
55409
78883
85231
16137
59939
16051
25322
37818
32154
19261
90873
57433
11340
8075
27087
68436
21825
77010
60543
68997
35136
9386
25005
153641
90417
104173
104805
19901
79119
83617
23174
47947
21062
29346
27308
142191
1199
65147
42845
57978
119586
53086
45614
30583
110571
23581
49264
6404
76246
154848
88373
3546
39019
154384
58594
73531
13137
127616
48354
134773
79755
74367
40817
128290
47163
18275
27709
36346
122000
150355
132690
68742
58209
39511
56232
65420
7600
78304
187032
64616
125532
113037
84492
14619
33707
142275
111804
88446
61906
58589
95633
38458
54751
55191
34582
4219
148987
45948
41140
87156
51655
122621
147314
35339
10776
1921
51489
20941
24095
54554
18666
130887
113704
87752
50723
147405
47640
13932
53732
41976
20792
22675
170425
145273
28300
33220
21728
106703
140317
121704
36553
115263
1235
177797
7204
65072
108243
73953
46773
50388
188223
7848
58341
61695
7007
73700
79070
34462
65607
54497
1934
58294
24740
38340
54708
17864
167264
59699
73952
124553
99979
89180
44962
40643
41546
173883
103454
48551
23121
2820
7812
20124
5972
11268
14562
89102
41674
28789
25366
18720
42460
75871
2918
39598
181154
174679
72241
108806
91672
61240
5382
51028
113765
112137
45411
179057
10154
75294
173969
5566
158127
104436
21157
47395
65077
21891
33850
111054
62915
55760
42703
90679
88410
105873
21058
38594
36249
31006
1595
20646
116869
72709
91676
82983
121294
41955
103508
11953
41122
126669
134174
100982
31655
80785
9680
93902
12399
111216
31076
34050
77606
79233
5530
62270
49028
90499
118634
143755
68728
51261
46454
111872
35345
97874
6746
22697
4916
33598
109750
63825
19134
104332
142051
95252
76999
86717
106844
44535
16057
43881
127205
68490
8354
104227
5527
62732
110607
36383
26566
44339
126301
134860
128664
58292
160978
33101
76161
19866
45485
29189
45658
157777
38483
17871
71051
86304
83605
14962
84688
16944
108976
74495
23957
79624
43545
21665
85177
90208
14562
32001
45684
28977
39991
18294
75913
11227
144697
112944
88084
25425
103916
45851
14279
43325
53805
28761
46881
11685
120654
26531
12939
12529
7789
7953
39385
11948
9742
108198
98450
11745
101301
55594
68444
23857
3725
41951
37274
48995
81745
75830
67919
111122
108554
42014
10576
2316
97754
2709
52932
31817
16623
166322
5776
49274
25058
40568
13421
14582
37846
29239
6482
25020
13014
46912
23406
116252
78545
58396
12019
35128
111336
44097
114175
67172
21360
99557
73292
108805
129285
25358
44767
80813
35902
22097
17876
71026
6625
21310
34111
31744
55390
57785
68332
108747
38424
149716
113191
8760
50226
110435
13509
45470
73937
15560
17423
47541
47392
27233
29936
135132
87654
12387
34378
100693
32009
67946
111629
91726
104372
116123
106608
40261
78688
150432
155325
19076
41835
37647
90126
23332
40578
29050
147933
153229
122779
143031
22241
17809
7458
10431
52860
126556
80122
141181
31150
61908
81533
136062
15333
2145
40850
23150
2175
4932
11039
39121
1217
126793
81337
102140
37922
115511
107984
11033
121288
54654
153647
40675
59529
111453
137709
43649
3928
75625
37957
62426
131241
31785
132589
92377
86988
112313
29437
93845
138
1392
17193
66093
57572
178057
106518
23936
41722
34970
35302
39092
61238
84207
193603
73437
77652
57538
75974
106735
187469
25543
48524
27372
40708
179797
14283
78720
16442
26723
83872
17752
102033
183389
15984
15580
39616
102150
7478
75985
13907
64839
85274
178307
19737
80312
62697
204
124312
65031
36212
31065
87028
43269
1269
12332
39810
171082
143789
95733
22945
69160
22307
68068
71519
73455
62603
81942
3102
67777
4232
52833
51477
34570
42872
24180
68595
19448
13429
92700
21904
20607
39690
75346
94119
29067
86431
66324
875
53615
105243
9481
92176
101045
52369
92984
134654
137192
31529
87751
64249
21164
70543
21751
42206
80249
178172
23488
117512
26449
76432
119693
40544
39840
38142
115806
61313
126222
65146
20380
79232
98546
89931
33911
48145
38148
41776
103419
26736
61107
147808
74764
90867
188555
108279
79254
73830
116947
47166
12091
76061
28560
10086
103988
24604
47874
21504
38000
29319
178276
47802
154678
89033
70760
72243
71180
104502
72034
44118
161125
102465
13838
15354
98116
84539
96932
84848
60158
105986
127157
5547
77426
7523
103424
47302
34456
126047
78061
117840
1283
94125
130618
15556
78317
90411
13273
7671
114985
44832
90867
19616
144888
19714
10136
135793
127134
39189
51200
123995
29057
41946
37330
41796
96568
131171
25007
17344
43653
57783
87223
52279
111722
169075
103794
14195
144953
79712
64249
86872
113675
141647
25445
135110
44046
29034
145252
70403
153648
210
11519
42969
109838
835
93625
19458
81372
46992
76313
127032
69881
98445
122198
99070
138425
54674
37879
596
37828
18550
73184
7428
158304
80215
37751
7520
105674
18670
79356
100367
97694
96197
67819
40872
193505
107602
71653
133986
11980
66969
1392
130678
31820
13257
157488
114953
70836
144496
68126
32079
142338
97351
84366
122455
27748
38359
53725
88
57138
88139
57155
159145
96846
140208
97301
98154
55278
169821
68913
131827
60140
20453
75858
187462
118201
162662
137581
11100
66325
25242
14585
81690
39270
20091
120463
99433
48114
82168
86698
11002
18972
26389
81471
79684
2969
16544
81745
67909
46383
83
87926
23142
111985
65552
56765
4363
42080
138362
61485
13740
99143
140696
43576
84218
15603
92264
68477
42083
94040
119373
24881
35488
178286
64086
19317
89735
109426
20485
93183
46378
89059
87700
11612
27805
5504
83989
76762
117954
146369
83138
138364
97695
23252
11718
179829
22309
37751
57060
129167
17211
135812
34346
51788
43254
86990
15319
7343
84927
64628
120194
127882
38526
75758
67399
28784
88114
5872
56068
91883
93076
81040
28546
35071
96904
44836
13750
7051
14031
3069
50846
6733
40838
103948
20923
19982
63935
46531
85095
1785
70211
21642
31999
64542
38241
76430
57141
68707
149996
66931
5383
96018
64674
4966
15204
16274
80216
5751
85009
31107
7779
104853
22621
74372
35278
126143
38269
32957
65278
85124
16570
133737
39043
102752
79033
100922
147656
10763
3618
123554
42219
8751
98207
67286
12691
44492
41367
61137
28595
67523
99205
46105
5835
19103
33740
139559
80520
79828
183548
50712
52869
128500
29964
120032
37965
15912
142362
75247
105443
120165
44346
17666
97729
72176
88667
27700
19849
100737
83143
16046
18579
107184
21078
129734
80594
147759
44358
71912
8321
161280
23017
86255
120473
26401
55215
44749
7230
13910
73030
179138
56715
42833
23165
100085
11163
36800
32305
65366
55268
93676
24642
134339
151816
83023
93044
82904
61443
137542
99159
3538
62142
28490
19028
99463
17913
110407
153199
91710
53995
97347
42675
71885
89345
148515
187355
98860
31615
47603
21831
32799
18824
94468
105297
13677
63797
47098
129238
69844
56789
104760
69188
148478
45863
63094
748
113191
29982
32053
47670
13593
117136
7381
22169
98506
43720
17113
63217
62266
132396
90073
67953
21502
17309
115851
18053
23295
76533
29032
9415
25610
113517
31256
16372
77295
5742
2061
3790
16304
90117
120886
45246
55387
38226
154309
15344
55853
85934
53167
31413
15592
3485
76779
57443
9867
24273
71485
71773
6003
50131
28273
115
21477
2864
48737
20257
59653
72064
10125
161270
22149
101867
23918
173507
49416
74699
116969
62565
99028
6784
120769
98574
99941
99042
106362
8783
122579
21416
21897
19048
55606
139316
11848
62560
44284
14752
67542
112419
6269
71034
25678
58070
16762
158306
36484
18457
19674
108715
102749
93097
10329
23937
45444
14687
20646
138303
61682
77421
7798
97219
120851
6756
46202
147860
64388
65951
71557
173759
1824
38800
35414
57664
33089
11903
29904
46867
63571
100935
143460
73545
26052
70689
138703
11466
15373
67843
36714
64198
94502
50459
22217
57766
29506
62322
20459
50634
93644
120855
26006
30207
30544
16915
104485
90818
84977
74901
7440
88310
14722
55469
63611
18761
11308
57650
11962
101756
38839
108305
71171
60219
32621
8909
136688
73021
7078
28788
126222
60075
18334
17980
108120
75489
55149
39485
50616
42442
10813
26785
17471
337
110900
107795
177702
25620
120334
74975
110219
68485
29839
18147
62174
80062
51000
59013
154224
54133
85750
15587
77299
23532
17522
56700
95788
68752
92245
125077
123888
75792
31261
138306
75710
159806
28129
92007
76580
132335
190338
48323
51619
35023
70864
21232
97854
127259
133756
11924
58075
167883
3155
92142
161220
35220
20187
65872
70957
34797
140078
63003
76487
35861
2352
12266
22265
62582
75567
15356
63010
7128
8226
12062
155965
46871
157038
47124
108978
21886
112428
35786
81654
22728
105667
52718
168150
73029
137289
22219
42792
110723
54428
68083
52721
18856
34887
172920
104260
96166
97200
29841
178526
104476
765
161878
84545
90109
13491
24383
46590
10576
95752
31215
115565
57043
28255
64640
112805
5347
50177
137171
23238
54257
25051
46559
170865
60821
79830
40858
123932
72608
139273
133482
126385
47624
108680
8020
112920
10651
90568
119824
32476
98624
96900
120505
95473
10672
98385
68962
17797
31565
59983
30011
91270
72946
15181
34734
12097
127564
25096
128111
59409
62051
133708
60088
131370
9999
32601
40676
86838
55631
66695
6744
66788
131655
31375
146521
24004
105153
31416
25533
135901
13763
65229
11034
85959
26678
107203
88084
30474
28488
39267
35557
46289
9911
24701
8665
22217
4447
24152
34424
104309
18477
11206
115023
128092
54489
60318
76500
39751
98713
113455
22330
85698
29902
84991
28628
8788
24701
53878
38094
42865
73176
56204
16305
76727
53763
69053
127269
34872
69129
54450
97242
173830
18401
61058
2208
26561
126499
5546
24068
7117
69150
169661
37516
68448
175941
58137
72664
10908
17633
141135
30647
31800
70821
74987
35262
103522
140570
17427
88777
140434
47898
11292
113193
64769
121788
39618
67837
64600
86516
64133
12771
117967
68169
67146
129778
51800
54153
2912
11296
21080
19092
9089
48564
11558
15467
79938
62380
74622
86539
11691
62099
44870
39639
97974
133490
59504
6299
18262
86664
9133
9532
98106
77070
28264
112368
41868
65100
27375
58858
69522
144281
100793
81204
50090
22972
40805
125020
25485
67920
20200
173784
75335
44414
115044
122458
4245
62384
5579
60153
34672
140464
79756
177498
67492
9775
127183
27537
12239
80395
49442
117578
61618
29792
5823
110844
56703
73297
40275
22062
118622
118532
49400
31640
28766
59612
16901
125702
66898
134995
162715
22679
23154
104323
53650
77145
76605
47288
28367
44159
44418
217
37467
66420
28128
17634
57808
62269
58788
16428
66966
26559
91775
29805
149134
89825
34450
120036
154394
51488
68546
118742
148909
3796
147991
48224
59731
68866
1046
50643
91478
10589
57481
8950
24110
90672
139483
118191
105463
8572
84293
52712
4265
67483
21077
8908
111672
120500
82835
38444
6816
118175
1236
186479
123701
19543
53935
130209
96256
103924
3738
21253
158794
142221
39338
50055
95138
179097
18174
67946
5382
34310
97997
3029
42330
5089
5194
84923
42498
179078
80046
10225
142521
176990
66561
9497
16739
126208
58855
36077
21209
105678
24495
30706
47848
26170
66704
68004
85059
54026
31925
97232
44859
23100
107
108946
98458
55353
44195
184182
126637
68324
63998
104010
22092
165768
128625
156625
38257
121241
129948
96352
6592
137359
68925
59365
37755
32752
13309
15740
2963
103946
130608
12886
70018
66835
66913
97823
161926
80222
184432
10462
79425
91247
18746
3560
24964
31401
67512
52793
44157
141990
34767
46367
52874
46564
3067
5622
60132
37172
53691
67286
91631
25552
9085
34929
20710
27848
6878
92217
99871
102579
46706
22283
96861
179429
35526
61671
26449
16723
112437
85273
19444
259
172875
106359
72446
89626
97845
89718
1140
51977
18951
31807
80323
181155
49627
66748
141103
48611
86472
91661
129677
105325
14492
111832
80972
116635
115821
177878
66052
44828
74966
115219
51454
332
62552
50974
117376
56252
7726
7854
30959
133602
73299
120708
109196
73495
86808
54892
2513
138251
102150
77264
17898
109541
74694
24535
3808
153487
121044
28493
25530
157859
79294
11321
28845
26072
100815
79794
107207
2389
43954
118600
35624
23729
152626
31701
40315
103715
61379
10680
53982
8229
66031
34893
47504
64233
15396
39419
11201
150547
63189
70695
104079
16636
193573
71915
33929
104157
112077
24953
15960
31024
35673
112429
18521
42073
82551
71658
110515
17555
11945
64387
121680
140058
65069
135323
28379
7166
6693
33513
77459
51729
986
58005
37228
20797
79414
176762
175303
130115
47835
106873
128239
31253
96698
106198
167580
29399
172757
106990
135190
6498
74674
1832
110658
46590
25541
24773
21724
34178
105026
22144
33854
53850
53233
44513
104492
1229
43728
63649
165982
63442
101730
24912
105502
65363
11411
154433
33811
27399
59376
38034
24629
90231
66605
153112
28587
36729
99581
75157
34952
89651
40828
28861
74925
98383
789
124245
175579
64703
43343
129625
34163
9262
73397
85186
10389
10914
52180
135842
79539
131240
19689
194042
68052
10292
42838
58411
87873
98042
41580
6452
4300
7729
31356
17885
38168
18204
69929
62216
13113
67920
149680
130198
109858
103511
17731
27705
100911
57408
5208
85517
83641
59505
39116
79670
29014
36176
149153
48111
98643
88514
49974
98031
13342
113902
19532
11064
112015
166071
89855
75805
61547
10900
108271
60027
9582
56814
14387
144710
132085
17427
121749
74938
130315
123199
177729
25717
34883
79045
50330
108378
61429
234
161002
19250
33843
42905
76547
31208
36131
23135
107360
52027
17520
160246
19482
21307
19238
90754
152773
131468
75076
25981
80810
162135
21163
46772
62915
76524
44982
19371
59495
130222
182878
96997
8327
19272
66479
117875
77160
27464
18353
101816
134124
106199
50019
118633
103557
35378
29360
68
15840
60777
127
54257
84939
106753
68554
124823
31703
138735
58807
14498
25068
28479
19343
83614
55836
17751
129909
53307
44277
65796
3718
102603
157057
16530
23437
62570
92641
1462
127065
23357
915
42987
14572
77961
99543
7161
20376
28586
138308
99482
11215
89506
76524
78511
54185
98817
87705
127880
11358
7187
28432
35218
44936
104327
77899
30315
157837
59305
35459
4156
45205
79362
142446
23581
17707
56918
73258
2511
68395
43991
65869
77690
9610
79132
54845
40628
114715
78050
105450
96217
104889
65023
27415
54780
111279
82888
80394
2423
55377
91072
36117
43489
97255
106431
148165
58797
76698
107435
14638
34206
78356
26570
3584
24403
173511
92
78889
66421
42653
3728
136939
9272
39306
3228
58690
37967
167118
140322
107198
63098
85664
29085
61634
113620
73402
117886
35270
22105
7663
10903
66950
3415
133045
39273
61888
32924
32780
66671
30638
177129
50794
60811
116345
36314
21079
88460
8195
24590
53951
32322
98693
176094
6364
13828
29879
9671
103764
39091
64336
17227
117701
122771
75079
92515
17532
154987
58539
37805
109629
116321
81290
78165
5790
13624
10280
41867
5556
36313
7369
101093
90724
1388
120780
9996
155378
2463
132418
17426
21162
5481
50442
112014
153213
42878
16212
30400
34170
108733
48819
45705
133124
42404
121191
52177
37647
35641
108282
6254
48694
2562
74084
28545
123811
31486
184048
171102
70532
21252
1578
30259
40794
79202
102605
63274
116715
10346
28681
155859
141068
124438
58016
134827
152919
164767
177032
33246
103667
83097
11245
16935
140441
33054
28311
65442
70789
135950
36036
91885
4616
35996
45144
73769
121491
19825
19365
69076
177485
64646
18887
105836
32253
24344
128978
89380
28013
47788
47336
60118
5255
69143
90207
63688
84266
6058
36487
40476
83703
28328
104137
72940
61389
142645
25615
103857
30657
33326
2572
85521
89062
104978
72842
96344
38025
13152
13370
107969
12673
61407
74737
48330
41563
148431
32397
57326
23512
28397
111623
8088
29928
96104
121680
40093
36083
16541
28496
155536
46837
132731
22610
164264
21368
55368
13045
50154
184600
46343
188169
41768
110758
2567
28085
114516
14410
86326
23561
92787
83578
45589
17343
64327
126909
104333
73512
51444
135174
38112
113606
62844
111320
103498
121888
24779
110451
57600
29843
38128
89023
54074
63476
106661
171829
24086
43762
24915
66475
6986
10092
38254
95479
35642
34197
66114
45722
69280
20374
119414
26809
46350
48358
55659
47060
117173
85474
25289
24579
25550
82094
166033
56831
105573
120510
62337
92799
46935
19322
22304
147714
12041
64708
17795
58579
115110
833
21383
26358
28985
23206
53785
73284
6730
121309
12923
92305
49753
149214
77129
95528
122465
76445
66076
81678
121318
2444
26833
89057
136071
14444
137608
98124
162404
10528
22684
79176
110351
90788
64316
113518
111960
17437
66167
100222
9109
87583
40170
92058
158348
54955
41460
158308
79205
45296
41047
50990
31397
37230
7037
93524
37815
41203
102829
98259
3736
17460
6007
31858
51668
1094
14267
29850
22816
82235
39535
134526
148835
66558
54144
81433
88167
66873
56979
104258
159367
121253
177642
97868
6548
41969
131339
18811
17784
43659
62280
37618
16966
59004
81941
121589
33028
133844
78031
50371
68578
112157
71376
146534
531
142816
1622
127242
30222
116038
37904
159263
36892
9151
42144
23823
67767
27937
29580
10273
24600
41915
73673
87606
12730
861
55166
128475
43853
23044
102626
371
25149
46354
37680
30124
3493
30277
20311
124160
121069
83468
93519
73553
24455
153725
36754
8558
81757
23215
59845
2612
22790
6657
9767
124184
45121
50413
3337
123502
38160
14973
53969
125663
43580
113692
54140
7205
19479
65825
139245
23558
15391
36508
120217
137772
31832
97223
127469
30026
173183
19616
69908
146363
74968
48365
19641
45856
36395
118468
33813
76570
28679
68629
88882
158177
57853
18427
173260
31674
10604
94625
104907
10909
3139
76295
68896
114960
28277
11701
5329
4491
29694
62505
42614
75876
139169
154375
113279
4035
69061
137699
31230
21761
42463
26076
103559
5539
25187
38850
91405
68414
112244
22901
134328
98339
94936
95683
27750
64883
13539
67153
13963
28775
68740
3741
37685
115402
96144
183860
68110
28469
46866
21696
57971
142444
12478
11590
40073
149478
67862
108540
37154
161223
141149
11274
61471
74943
5009
4046
86449
78887
4853
15994
46438
126864
1984
34234
112342
108602
86206
116983
16577
132898
30583
68602
83319
11139
103669
13286
64611
17835
148674
36041
30742
102395
119696
14003
99461
101718
18297
73578
18473
47350
33717
88153
8856
76166
123402
12503
18285
25314
96626
42790
113894
23213
67138
50644
84890
118037
56084
17103
115792
54734
76193
4725
17272
28130
88944
12261
34295
14923
46568
7881
105965
25845
24398
80433
44379
166324
19932
179187
99242
143064
25406
51109
91458
41123
80508
17156
68116
132801
66714
7157
68051
162237
7280
17583
28108
118023
29862
10359
3602
15568
48399
17713
133944
52984
159491
51389
39939
31819
35908
24070
45821
104213
142468
88515
37539
121254
31440
22038
14406
29498
91015
17528
16178
54735
87665
45447
157132
28414
27175
34422
109319
132363
1146
72828
2744
27415
36596
131020
74655
63680
157223
33850
38085
1559
45474
63519
101936
79014
10935
48879
16781
51914
39381
9956
76845
58196
66636
80374
48450
67223
2907
135570
158268
71434
23517
85130
95426
20998
43293
36815
42103
153253
66301
71583
111283
122561
54765
28129
60636
37794
7082
58806
188256
115617
53678
27449
111380
79788
95713
37705
22266
131195
105262
3257
35491
55675
73557
25986
52780
85832
21091
31127
63369
71601
46370
123435
12369
60088
54321
14398
116962
178939
6471
46969
2593
11894
59699
73975
144610
103937
87502
135848
69967
28321
7811
39086
5148
54172
1184
13509
17844
56420
9892
135898
135761
108778
41308
6535
106404
110851
54926
76599
11167
65188
38243
12098
193497
27251
50352
77846
82702
118975
107815
48360
121951
42920
88430
45868
606
64824
48385
72928
37872
40756
47285
42267
62216
55435
79042
105732
122342
2543
26495
8917
28575
3215
38018
33771
30008
5323
141824
122972
165351
134835
173023
121681
36950
153394
103761
36257
98075
29066
11102
89513
56000
131975
93853
112767
5327
128199
40916
17013
28649
117615
63948
52794
96759
8455
62728
133999
54067
74263
194930
10993
65614
104067
69626
35873
21233
110614
71863
23444
28748
131652
109879
56952
3643
14147
164854
87857
47275
5621
118243
17562
85341
76483
13905
42947
68737
54558
83797
12567
36050
91147
18183
7177
75204
145840
77183
8364
20131
16538
135241
163765
164547
121459
20587
145078
23397
13412
39378
123011
12309
83453
34689
154914
45869
110266
78328
127117
49454
184000
1389
41375
56598
107985
64121
18271
106708
132456
42101
98044
2585
74753
162870
34871
19296
6650
24552
82981
28149
121994
29475
154853
77272
29882
29055
3604
7184
56020
73650
121205
81625
107533
42913
92748
97053
41606
45233
95470
65476
69075
110370
195435
51731
57533
70016
4912
71958
73897
33923
46768
5580
27207
128968
147107
117319
16264
62584
40213
152858
74673
44323
32115
33749
73936
11723
79595
77836
17201
134136
74740
58468
119889
149563
5702
45942
12743
19659
78934
68531
24467
7109
30931
113787
19222
138398
27464
76911
12621
48032
170789
124446
67984
108542
26417
104297
39445
7748
62513
68200
64188
30262
30348
146432
103583
46547
79676
22101
19683
31367
51054
111026
12341
166142
39754
81630
2403
59113
145363
119688
73613
34198
17901
85554
59931
62356
124575
64632
115466
35137
82376
71598
68134
14755
57656
59933
84963
176125
67068
74497
73216
85319
6211
132566
29882
87409
183728
136349
12431
59639
95066
98635
80096
36698
13931
120549
63412
129176
163733
103488
78313
151844
68542
28611
90011
152804
102805
1477
146575
22005
35863
107680
140464
79442
103792
10598
13217
60382
3475
16165
26029
28716
124831
142632
71733
103783
17718
115168
63396
97707
28959
12259
33003
24304
85971
40391
79575
36088
779
80522
167104
4535
20557
47004
28759
7563
89343
179342
55009
67034
57496
62469
32944
60853
16256
30275
3654
134945
64489
73466
79039
98693
1458
41820
72159
36866
48239
7943
141574
91010
28706
121011
13872
12969
37999
55848
62588
5101
127179
811
103307
88199
69234
59488
93018
105755
98453
55358
135582
42780
19316
27370
38852
20418
7685
102915
47269
132709
135739
121425
129415
20909
33193
90528
77813
89772
42659
104798
66084
29911
38728
15567
62095
48216
20981
60612
173698
61564
85465
103954
98042
41618
141783
11072
19714
3861
158372
67092
1547
29158
15927
154933
43813
7237
29511
41483
8112
9927
43779
17695
103445
88369
33816
85084
34281
14240
77036
13824
11510
51068
35476
88929
96274
5618
3772
35858
29231
116218
14502
137261
157375
14166
93623
71496
180793
9865
24527
3199
157320
56248
48564
119872
35018
125490
79161
10719
149807
9818
62674
175458
120388
57664
88893
107006
127672
32487
128650
31007
50485
28677
21759
40212
2194
4484
135029
81387
33474
97981
53427
8485
75764
62118
51065
122831
133142
66566
57409
177092
119904
27236
23589
31910
7899
444
37536
81832
120292
7483
63303
148826
5747
149336
74477
23467
20622
43024
23434
26355
58821
120561
134412
90605
113273
117277
33591
74838
3616
54762
30248
62873
50959
39325
118227
65453
157845
41866
21485
102690
175400
116824
59285
54621
121701
67948
79641
67323
132202
46778
62346
175857
22806
4625
21130
27603
45058
98859
166914
126837
6897
113513
58635
11350
142091
11402
35356
58324
17943
6688
150133
10180
135680
11316
50302
36209
15442
58639
6000
63275
63431
36859
50058
179185
53329
62358
103888
37201
2510
22142
119238
18960
18794
65005
82048
100231
122012
68693
61162
12195
6764
26116
71911
19284
85413
25559
178879
35475
29121
37165
66163
103784
21500
150226
30101
13739
78742
128884
67278
83060
53683
65869
116051
89602
7936
19339
13051
111371
13012
98199
72189
32611
65233
157034
65066
19901
43769
79526
12606
10519
196644
63850
52298
75122
17443
21117
63262
153989
93516
28334
36594
129305
48708
72235
66361
106768
84380
49924
43028
12395
79367
17176
82677
7869
82197
9757
69124
39732
1535
29180
12899
15366
25846
21900
63983
17598
55309
6689
35771
158187
57155
48569
31695
21359
69044
149519
120862
40765
65551
18941
4873
19688
108344
17199
89221
24863
15580
16429
33696
67975
85503
106270
68121
54309
32600
128377
6923
18989
19639
62760
86344
118382
89638
79774
76503
12561
7401
4119
58286
37102
97503
46675
55562
57192
28702
12292
151657
151425
46849
6538
34550
51962
183340
40022
34811
56496
31860
119918
113584
22463
173
42003
15646
9152
25412
82016
49221
90973
11306
59232
778
22669
7129
102792
93641
67303
1376
103766
21248
102959
70267
4053
8366
52394
160294
11033
57234
26391
22282
35272
55797
104367
64545
94310
121655
38908
115851
15836
80105
5293
20193
24976
170646
11263
53724
76468
77358
11825
867
89848
110298
80360
146015
21823
19353
50008
38406
8727
9412
75860
82840
28862
2076
79762
55505
41171
42668
77914
33404
52015
90186
71849
96385
118184
50541
88970
65170
61912
52578
32154
14429
130095
22888
176971
143969
70452
46089
54576
7217
1253
23377
99365
82354
126349
87659
62166
28724
60206
34869
132003
9684
32900
123519
48109
46375
16488
7876
28576
7047
7271
85805
66609
42015
114380
17581
47720
43076
34518
86550
88894
117977
40429
62037
59268
73053
155448
14256
25694
146572
57535
30614
149226
838
145245
82544
14643
67585
110962
61872
110385
60574
76703
82921
108770
4315
40911
47381
99874
51890
108475
39013
53028
25595
80977
111907
37707
51346
97188
102999
27380
8149
8114
33344
84802
24853
19474
127580
54868
128904
11234
43268
66158
147024
34027
45405
79957
47191
103692
64230
40718
110880
104391
68635
76687
16637
10008
87285
113225
164546
7732
97020
110800
148793
142641
128987
22769
3020
149269
25400
176626
61326
76779
103242
35003
71744
75381
52262
192740
75958
78342
25347
110938
172707
2449
107503
104337
119284
120815
139855
73014
38332
122989
98274
150241
38617
65083
64371
56800
68632
84272
24102
59982
159227
26694
17862
99038
29989
120070
107021
28550
50376
55666
5390
195178
103489
89073
49257
36437
66374
133175
75256
31099
51365
20571
91389
77920
36266
161538
7807
33603
11481
26490
5712
13035
57526
41895
46700
49942
32655
118399
102458
122209
57970
61918
98845
103600
39410
50442
41714
44093
13841
98735
33249
122873
54517
124404
7095
10924
146333
16107
40141
75662
21064
88965
86554
33183
115144
129309
71808
121509
48793
110616
94013
15975
5496
134851
18522
108093
30053
26717
4495
41131
37377
144247
3272
87203
89769
68642
50914
54081
29631
923
85053
100450
97772
109133
58646
68969
1477
61831
145626
87893
21114
26314
104515
118061
68462
74983
8890
21060
39738
123424
10899
25958
141687
17811
3657
104569
9747
15623
147184
132589
60757
24181
31045
68215
105510
61498
82487
54450
42920
67201
132401
48535
66373
60270
159935
42644
69162
106212
39511
179136
82629
10095
103664
34956
47926
11394
132990
4214
195369
57770
120150
27617
106519
53201
178193
80084
17491
9454
65383
150817
11024
57853
11183
111769
173079
76534
30574
56350
23626
30740
79764
76877
44409
17172
83064
171174
22397
12014
31023
141772
12595
28455
73923
104295
55635
112827
101283
61887
31687
80280
99506
98902
46828
15157
2745
94387
34283
68111
73668
136029
140706
57969
34454
120642
74693
98091
46552
157439
85807
34333
19131
51909
102201
66183
142063
73760
118165
36063
74539
110308
96572
43062
12073
118319
84777
11893
11201
130712
4
110717
16675
161593
63172
37930
6164
82839
59755
89660
177972
80361
27475
2940
154423
156688
41555
93238
94920
26731
27754
8882
58451
28142
3704
66148
22740
3230
117978
11928
15925
18477
3828
20770
78064
133187
97961
15950
98389
67250
127158
23068
47837
39
116465
61156
165122
16080
488
87481
11220
33665
24610
95828
64142
3073
22090
62402
89662
31070
43498
28674
97229
124371
44215
128212
62184
2401
110967
4268
58447
65156
27262
