24397
24435
24419
24427
24434
24441
24385
24439
24412
24405
24548
24411
24411
24429
24428
24375
24443
24382
24419
24417
24536
24410
24519
24436
24556
24558
24423
24445
24446
24390
24434
24402
24422
24426
24567
24424
24543
24444
24404
24485
24438
24513
24433
24430
24424
24440
24415
24441
24528
24443
24385
24433
24380
24408
24438
24445
24433
24431
24419
24445
24448
24407
24377
24443
24410
24444
24426
24440
24534
24424
24430
24414
24421
24422
24426
24436
24446
24418
24408
24407
24416
24424
24411
24428
24460
24429
24398
24432
24435
24419
24396
24492
24484
24433
24526
24440
24440
24420
24415
24396
24426
24423
24427
24410
24415
24404
24513
24415
24417
24420
24496
24442
24428
24492
24445
24409
24378
24376
24533
24403
24414
24514
24491
24445
24437
24573
24448
24540
24413
24397
24520
24460
24437
24541
24443
24427
24490
24411
24405
24397
24428
24501
24442
24374
24447
24414
24434
24431
24438
24417
24396
24383
24409
24445
24507
24447
24409
24408
24418
24446
24416
24393
24454
24429
24542
24425
24420
24442
24574
24411
24520
24430
24401
24389
24434
24391
24539
24402
24408
24549
24528
24435
24420
24439
24397
24385
24434
24409
24510
24503
24433
24429
24395
24437
24435
24418
24420
24413
24436
24431
24410
24566
24528
24418
24386
24409
24399
24382
24448
24385
24419
24419
24423
24407
24440
24434
24432
24398
24396
24538
24402
24425
24438
24420
24419
24426
24410
24438
24531
24443
24502
24403
24441
24395
24445
24436
24433
24425
24424
24423
24443
24409
24437
24430
24416
24409
24430
24439
24537
24446
24433
24408
24411
24423
24385
24421
24405
24447
24394
24446
24426
24447
24392
24451
24513
24425
24435
24546
24438
24376
24433
24426
24515
24445
24427
24443
24386
24553
24428
24412
24420
24420
24426
24409
24412
24427
24434
24535
24504
24410
24387
24476
24407
24397
24443
24375
24415
24376
24423
24470
24422
24431
24430
24415
24395
24424
24437
24429
24553
24412
24377
24429
24427
24428
24397
24381
24385
24445
24527
24431
24429
24412
24444
24413
24434
24422
24502
24378
24416
24441
24428
24442
24414
24412
24438
24444
24437
24396
24445
24407
24409
24423
24435
24428
24436
24379
24434
24410
24442
24385
24396
24410
24394
24562
24409
24502
24429
24415
24419
24380
24419
24383
24384
24394
24436
24412
24437
24409
24430
24433
24499
24543
24426
24430
24420
24427
24449
24543
24408
24388
24402
24421
24431
24419
24396
24440
24501
24422
24442
24496
24521
24574
24445
24395
24423
24389
24437
24423
24421
24395
24382
24438
24394
24434
24431
24550
24408
24548
24421
24419
24383
24412
24390
24440
24381
24459
24447
24407
24433
24415
24440
24404
24539
24460
24439
24436
24438
24442
24433
24419
24397
24376
24414
24408
24415
24406
24410
24429
24446
24436
24421
24427
24446
24378
24424
24420
24441
24409
24445
24449
24418
24442
24439
24426
24467
24422
24383
24552
24403
24415
24411
24416
24381
24419
24425
24418
24441
24411
24390
24410
24413
24446
24393
24542
24440
24388
24416
24444
24433
24445
24439
24408
24442
24449
24416
24439
24416
24415
24387
24396
24522
24442
24408
24413
24441
24415
24444
24507
24445
24539
24432
24417
24414
24438
24391
24447
24410
24424
24441
24402
24439
24444
24433
24411
24417
24549
24397
24422
24421
24443
24501
24422
24509
24415
24435
24503
24547
24439
24423
24423
24439
24442
24442
24413
24442
24411
24466
24443
24421
24425
24438
24414
24554
24519
24404
24375
24421
24435
24383
24422
24433
24440
24435
24422
24428
24409
24419
24413
24442
24377
24418
24426
24429
24406
24439
24422
24439
24431
24415
24421
24393
24417
24438
24418
24549
24410
24396
24459
24417
24402
24505
24435
24385
24444
24395
24413
24442
24440
24422
24391
24407
24440
24452
24426
24418
24420
24437
24444
24432
24432
24495
24391
24442
24428
24419
24441
24463
24448
24422
24507
24412
24514
24439
24431
24439
24408
24415
24417
24415
24504
24434
24423
24420
24409
24437
24430
24446
24523
24401
24429
24417
24508
24447
24449
24385
24399
24417
24442
24569
24430
24411
24396
24434
24420
24408
24422
24415
24417
24392
24401
24538
24521
24428
24418
24428
24423
24536
24430
24424
24440
24425
24395
24389
24449
24440
24433
24379
24547
24440
24435
24410
24491
24447
24448
24434
24439
24403
24422
24440
24421
24445
24418
24439
24413
24427
24392
24427
24545
24443
24406
24408
24410
24431
24565
24441
24410
24445
24425
24424
24416
24432
24375
24401
24552
24524
24431
24444
24416
24516
24429
24440
24419
24421
24396
24396
24397
24392
24442
24408
24430
24431
24444
24437
24444
24411
24426
24396
24376
24442
24409
24441
24419
24418
24449
24441
24425
24440
24441
24436
24504
24440
24393
24437
24415
24420
24443
24427
24380
24498
24388
24381
24418
24525
24408
24385
24416
24484
24434
24402
24438
24421
24442
24462
24514
24437
24424
24408
24435
24422
24423
24410
24444
24435
24412
24419
24444
24420
24432
24422
24546
24375
24434
24415
24573
24444
24440
24442
24436
24449
24542
24435
24379
24378
24436
24428
24472
24435
24447
24419
24395
24553
24434
24429
24432
24409
24431
24450
24447
24405
24402
24390
24418
24417
24380
24397
24446
24438
24423
24417
24446
24531
24409
24410
24449
24383
24446
24567
24415
24430
24445
24412
24442
24448
24448
24441
24441
24438
24446
24445
24563
24442
24510
24444
24424
24421
24437
24444
24430
24426
24432
24418
24435
24436
24419
24407
24420
24426
24447
24421
24540
24429
24447
24422
24428
24413
24414
24437
24436
24396
24428
24424
24379
24441
24433
24522
24506
24415
24435
24559
24431
24497
24445
24447
24424
24445
24571
24437
24416
24403
24433
24389
24377
24429
24416
24414
24434
24414
24487
24415
24408
24388
24448
24528
24455
24415
24423
24378
24393
24419
24434
24502
24386
24380
24394
24443
24403
24423
24420
24535
24440
24424
24432
24544
24443
24563
24409
24550
24386
24432
24558
24522
24449
24423
24483
24395
24413
24413
24412
24445
24438
24423
24491
24438
24433
24424
24430
24435
24392
24418
24420
24382
24396
24405
24446
24409
24530
24408
24399
24439
24410
24444
24507
24408
24380
24420
24417
24448
24421
24415
24436
24443
24498
24416
24438
24432
24425
24480
24427
24558
24439
24380
24416
24446
24501
24522
24406
24413
24441
24412
24502
24448
24448
24436
24527
24467
24416
24431
24422
24414
24384
24434
24440
24443
24388
24414
24424
24401
24442
24417
24557
24443
24437
24412
24435
24493
24428
24497
24478
24412
24448
24416
24497
24427
24508
24483
24411
24444
24383
24443
24424
24408
24387
24425
24385
24439
24430
24427
24420
24447
24551
24435
24415
24408
24437
24373
24433
24483
24406
24430
24414
24443
24409
24444
24405
24446
24423
24410
24497
24421
24413
24498
24437
24446
24443
24513
24435
24436
24414
24442
24413
24444
24397
24496
24426
24432
24532
24554
24525
24439
24405
24427
24415
24427
24416
24439
24391
24399
24447
24427
24424
24426
24379
24515
24405
24405
24568
24413
24432
24398
24399
24414
24422
24440
24428
24416
24421
24432
24449
24448
24420
24423
24440
24379
24418
24428
24529
24559
24406
24546
24570
24410
24412
24423
24506
24416
24422
24435
24474
24449
24449
24446
24381
24436
24431
24391
24425
24379
24554
24439
24382
24415
24448
24387
24411
24431
24385
24409
24409
24419
24430
24404
24420
24550
24396
24393
24415
24567
24413
24433
24420
24391
24388
24406
24496
24439
24405
24414
24465
24412
24425
24506
24429
24421
24480
24447
24538
24415
24435
24427
24436
24375
24419
24408
24440
24378
24393
24388
24475
24410
24427
24387
24570
24538
24447
24525
24442
24403
24425
24437
24407
24420
24412
24393
24419
24390
24384
24526
24421
24426
24572
24430
24448
24413
24387
24428
24506
24534
24432
24430
24420
24417
24414
24401
24439
24421
24424
24414
24400
24436
24449
24415
24440
24440
24442
24423
24547
24429
24411
24439
24416
24386
24390
24438
24542
24391
24443
24438
24378
24447
24446
24540
24389
24438
24379
24446
24425
24517
24428
24557
24436
24435
24417
24440
24435
24455
24425
24559
24389
24402
24439
24398
24401
24422
24448
24430
24433
24484
24426
24496
24424
24409
24521
24472
24432
24408
24411
24484
24409
24442
24420
24412
24430
24411
24433
24376
24422
24396
24446
24430
24438
24412
24414
24438
24390
24462
24428
24408
24431
24526
24382
24374
24429
24513
24402
24396
24411
24436
24433
24432
24414
24512
24517
24426
24503
24428
24383
24403
24417
24407
24439
24399
24448
24419
24555
24573
24402
24537
24442
24434
24439
24445
24398
24463
24466
24442
24440
24387
24409
24404
24408
24446
24424
24439
24394
24398
24447
24444
24440
24410
24432
24414
24398
24412
24418
24449
24438
24416
24383
24437
24510
24396
24434
24417
24436
24534
24501
24437
24432
24373
24449
24445
24506
24406
24501
24448
24419
24416
24524
24404
24547
24432
24510
24538
24430
24447
24445
24433
24420
24565
24433
24435
24413
24439
24423
24426
24570
24547
24429
24546
24418
24386
24427
24415
24436
24446
24397
24385
24446
24463
24428
24432
24437
24435
24441
24402
24384
24409
24419
24379
24447
24449
24447
24415
24384
24413
24445
24449
24393
24387
24397
24544
24428
24421
24439
24402
24388
24374
24443
24418
24427
24384
24420
24441
24400
24396
24413
24539
24376
24514
24415
24435
24429
24533
24402
24422
24523
24427
24409
24427
24433
24424
24573
24509
24447
24441
24423
24446
24397
24430
24417
24425
24385
24383
24436
24424
24435
24401
24377
24410
24379
24422
24418
24425
24387
24417
24410
24407
24439
24413
24434
24511
24438
24433
24418
24414
24423
24395
24573
24421
24435
24408
24423
24438
24439
24551
24435
24418
24408
24450
24423
24421
24435
24431
24404
24423
24438
24393
24378
24432
24439
24448
24424
24422
24415
24440
24442
24393
24447
24427
24512
24562
24436
24431
24447
24426
24407
24556
24382
24418
24390
24493
24487
24421
24389
24381
24495
24430
24426
24473
24500
24520
24375
24437
24429
24387
24429
24449
24407
24440
24394
24422
24446
24423
24413
24375
24420
24439
24427
24445
24515
24383
24409
24442
24435
24418
24378
24423
24414
24440
24415
24429
24445
24425
24455
24534
24549
24382
24392
24417
24421
24498
24419
24571
24439
24435
24474
24425
24433
24445
24405
24556
24514
24437
24442
24401
24440
24415
24410
24423
24419
24495
24420
24430
24424
24421
24448
24518
24502
24388
24430
24570
24435
24423
24408
24412
24478
24447
24416
24440
24387
24421
24425
24395
24513
24572
24410
24531
24441
24383
24443
24449
24416
24405
24384
24448
24448
24431
24417
24417
24374
24413
24419
24414
24435
24550
24415
24418
24398
24484
24381
24454
24534
24429
24418
24419
24414
24414
24439
24386
24561
24437
24424
24402
24420
24436
24437
24444
24415
24464
24536
24433
24422
24437
24420
24376
24382
24437
24436
24413
24444
24423
24395
24410
24392
24438
24517
24388
24436
24414
24496
24422
24417
24489
24447
24387
24433
24438
24521
24565
24425
24420
24574
24420
24442
24496
24392
24429
24416
24495
24442
24453
24432
24433
24423
24419
24392
24385
24425
24441
24444
24392
24426
24538
24427
24448
24448
24378
24436
24572
24411
24466
24442
24528
24408
24434
24412
24541
24443
24419
24387
24412
24391
24563
24423
24377
24447
24404
24415
24438
24430
24413
24466
24419
24414
24411
24448
24426
24528
24377
24434
24430
24421
24375
24413
24395
24433
24438
24448
24434
24420
24408
24448
24413
24403
24426
24423
24422
24409
24436
24427
24390
24426
24439
24409
24501
24428
24421
24438
24428
24459
24420
24418
24532
24492
24403
24573
24404
24433
24431
24427
24414
24376
24387
24407
24385
24372
24493
24403
24449
24409
24469
24427
24438
24413
24428
24448
24421
24387
24488
24435
24424
24512
24430
24400
24399
24425
24409
24435
24391
24414
24414
24426
24422
24440
24439
24408
24481
24465
24441
24405
24448
24409
24389
24437
24423
24432
24434
24447
24443
24437
24420
24448
24438
24436
24448
24418
24443
24439
24424
24556
24441
24435
24382
24424
24446
24439
24427
24427
24442
24434
24384
24398
24550
24443
24412
24395
24535
24414
24400
24425
24446
24391
24408
24394
24564
24440
24443
24441
24413
24412
24426
24428
24499
24443
24445
24409
24432
24405
24507
24433
24404
24426
24427
24445
24425
24420
24420
24502
24536
24428
24407
24424
24410
24453
24425
24440
24439
24436
24378
24471
24436
24500
24447
24436
24574
24444
24407
24553
24430
24521
24413
24443
24413
24457
24432
24428
24439
24428
24435
24421
24440
24447
24518
24440
24446
24408
24445
24563
24537
24425
24438
24407
24409
24448
24417
24438
24425
24419
24425
24445
24448
24503
24377
24414
24419
24407
24386
24420
24374
24436
24447
24438
24423
24428
24413
24401
24511
24511
24377
24492
24423
24498
24414
24401
24397
24438
24419
24407
24411
24409
24412
24443
24427
24415
24380
24430
24402
24541
24410
24448
24409
24446
24414
24537
24420
24439
24548
24422
24427
24428
24439
24430
24437
24534
24402
24428
24387
24432
24415
24415
24438
24523
24420
24409
24432
24378
24556
24414
24570
24438
24412
24431
24432
24434
24505
24447
24437
24430
24547
24413
24384
24375
24556
24439
24412
24419
24441
24422
24441
24417
24447
24430
24409
24515
24413
24433
24407
24427
24434
24433
24555
24393
24401
24433
24571
24502
24444
24438
24418
24425
24429
24434
24422
24406
24441
24413
24378
24425
24414
24420
24445
24424
24437
24445
24415
24429
24385
24392
24427
24385
24443
24386
24423
24434
24445
24416
24418
24444
24495
24419
24401
24417
24427
24430
24495
24434
24417
24430
24413
24431
24395
24467
24446
24399
24440
24405
24439
24427
24415
24447
24414
24415
24552
24441
24425
24445
24572
24435
24431
24528
24427
24373
24397
24372
24409
24382
24412
24517
24423
24401
24420
24440
24389
24417
24426
24446
24425
24408
24565
24429
24496
24422
24430
24554
24409
24436
24430
24420
24420
24419
24427
24440
24547
24418
24409
24387
24436
24396
24462
24440
24417
24446
24410
24387
24429
24379
24446
24448
24444
24520
24440
24556
24431
24384
24380
24564
24416
24374
24437
24495
24447
24417
24542
24415
24430
24447
24427
24433
24399
24546
24395
24397
24394
24376
24442
24428
24443
24430
24418
24412
24397
24413
24408
24424
24400
24425
24435
24542
24414
24421
24438
24515
24416
24561
24393
24421
24448
24379
24425
24400
24433
24442
24379
24427
24389
24426
24441
24449
24431
24387
24407
24401
24512
24434
24445
24562
24423
24414
24505
24391
24386
24421
24449
24421
24410
24399
24425
24374
24411
24443
24384
24405
24433
24425
24465
24498
24409
24438
24434
24512
24566
24443
24446
24419
24425
24418
24417
24437
24425
24401
24403
24424
24411
24401
24414
24554
24401
24423
24413
24441
24439
24469
24564
24446
24537
24390
24428
24437
24441
24447
24557
24443
24438
24436
24446
24411
24417
24376
24463
24402
24412
24445
24433
24430
24388
24412
24442
24424
24539
24421
24446
24380
24413
24441
24399
24429
24397
24379
24490
24414
24424
24409
24438
24427
24426
24429
24465
24567
24392
24380
24520
24407
24541
24417
24515
24442
24424
24503
24390
24435
24408
24428
24436
24443
24440
24376
24390
24430
24446
24385
24434
24439
24547
24388
24425
24410
24421
24415
24448
24509
24447
24554
24408
24435
24525
24378
24413
24417
24427
24431
24408
24390
24391
24442
24409
24391
24390
24439
24566
24426
24382
24376
24412
24518
24390
24414
24421
24414
24539
24443
24396
24441
24381
24401
24422
24554
24411
24445
24437
24419
24465
24459
24425
24383
24422
24495
24396
24379
24421
24409
24433
24429
24436
24377
24398
24417
24416
24431
24468
24380
24436
24385
24432
24420
24407
24386
24394
24423
24437
24433
24417
24509
24409
24420
24442
24429
24496
24396
24395
24418
24445
24445
24441
24413
24446
24418
24417
24559
24413
24528
24433
24433
24448
24378
24416
24512
24410
24501
24465
24437
24400
24568
24554
24432
24413
24428
24419
24444
24380
24420
24427
24440
24476
24437
24414
24423
24429
24402
24443
24425
24481
24436
24527
24420
24447
24415
24419
24405
24396
24434
24422
24443
24447
24555
24518
24396
24465
24439
24414
24415
24429
24437
24390
24442
24571
24511
24488
24416
24444
24403
24378
24435
24503
24394
24425
24441
24551
24441
24409
24519
24443
24425
24395
24486
24412
24443
24412
24414
24442
24444
24506
24436
24444
24419
24418
24438
24441
24504
24410
24535
24496
24449
24439
24385
24438
24432
24388
24383
24422
24408
24432
24434
24447
24409
24396
24514
24438
24408
24435
24474
24446
24446
24425
24424
24440
24475
24441
24502
24419
24394
24434
24448
24433
24435
24410
24399
24409
24421
24426
24422
24448
24430
24440
24565
24420
24513
24421
24407
24529
24416
24414
24558
24389
24498
24384
24407
24390
24418
24494
24380
24398
24439
24445
24412
24438
24439
24448
24414
24427
24427
24392
24443
24443
24434
24409
24430
24543
24413
24508
24443
24428
24443
24428
24441
24389
24443
24422
24429
24436
24430
24389
24409
24464
24408
24421
24432
24437
24397
24446
24421
24521
24399
24482
24423
24467
24412
24432
24445
24425
24513
24409
24409
24413
24376
24462
24417
24416
24417
24444
24426
24413
24560
24435
24411
24444
24531
24420
24572
24436
24394
24525
24464
24443
24443
24384
24409
24409
24422
24509
24403
24441
24390
24378
24407
24448
24414
24399
24423
24447
24502
24430
24446
24399
24399
24423
24418
24446
24447
24473
24448
24434
24448
24424
24408
24448
24413
24488
24421
24428
24465
24448
24407
24420
24415
24534
24416
24411
24432
24409
24427
24448
24416
24522
24417
24448
24400
24437
24445
24474
24561
24416
24432
24435
24424
24405
24406
24411
24433
24436
24418
24414
24418
24449
24429
24435
24407
24442
24425
24500
24421
24432
24443
24440
24442
24399
24416
24419
24445
24374
24521
24415
24421
24480
24433
24413
24469
24418
24428
24421
24440
24399
24383
24448
24379
24393
24447
24399
24433
24410
24400
24440
24433
24418
24414
24421
24435
24438
24385
24427
24411
24424
24445
24427
24415
24447
24442
24407
24426
24440
24435
24420
24575
24412
24419
24438
24429
24508
24438
24431
24443
24422
24497
24510
24414
24412
24444
24548
24432
24388
24555
24473
24447
24447
24439
24422
24460
24422
24419
24430
24429
24533
24417
24547
24446
24446
24449
24462
24425
24416
24570
24444
24408
24399
24414
24428
24553
24425
24447
24441
24493
24534
24425
24443
24552
24417
24419
24448
24501
24397
24425
24409
24423
24381
24567
24438
24503
24412
24437
24436
24409
24396
24392
24414
24414
24410
24480
24447
24439
24415
24448
24441
24448
24401
24441
24391
24410
24382
24420
24419
24382
24374
24410
24530
24435
24448
24429
24409
24499
24409
24436
24433
24434
24430
24424
24502
24445
24391
24431
24444
24439
24435
24428
24416
24418
24378
24497
24437
24447
24432
24418
24423
24414
24443
24409
24449
24430
24413
24402
24552
24393
24407
24448
24415
24382
24412
24574
24424
24507
24446
24435
24443
24440
24443
24429
24382
24504
24432
24441
24391
24421
24415
24434
24405
24512
24439
24382
24529
24418
24408
24547
24434
24465
24439
24421
24447
24430
24428
24409
24408
24413
24428
24441
24441
24410
24504
24441
24414
24390
24415
24410
24425
24407
24409
24394
24381
24406
24408
24435
24448
24433
24413
24400
24436
24394
24497
24411
24399
24392
24501
24432
24520
24403
24446
24409
24430
24429
24385
24420
24422
24388
24388
24442
24374
24443
24415
24445
24443
24409
24385
24441
24414
24422
24407
24409
24429
24379
24414
24433
24412
24442
24447
24394
24429
24437
24388
24438
24419
24427
24424
24383
24427
24429
24393
24444
24417
24403
24438
24441
24407
24433
24425
24498
24488
24380
24410
24404
24471
24562
24439
24536
24390
24417
24422
24394
24536
24507
24512
24376
24416
24411
24435
24384
24449
24448
24499
24432
24421
24380
24436
24502
24508
24429
24398
24425
24442
24399
24395
24440
24520
24431
24431
24408
24437
24448
24424
24447
24440
24417
24412
24425
24440
24478
24413
24411
24401
24445
24410
24443
24410
24385
24421
24398
24510
24429
24514
24422
24407
24425
24557
24447
24438
24418
24510
24431
24425
24442
24448
24444
24421
24408
24548
24557
24441
24378
24509
24444
24443
24561
24433
24536
24407
24443
24421
24447
24453
24397
24425
24412
24444
24574
24412
24418
24441
24419
24399
24407
24481
24414
24463
24447
24403
24422
24379
24393
24393
24402
24425
24403
24447
24441
24441
24424
24437
24425
24427
24440
24471
24444
24390
24417
24410
24444
24441
24413
24413
24417
24498
24407
24544
24431
24500
24405
24399
24441
24406
24435
24449
24433
24421
24379
24414
24538
24518
24444
24442
24446
24433
24396
24441
24432
24394
24436
24438
24385
24415
24444
24433
24443
24377
24428
24380
24444
24435
24441
24439
24437
24548
24439
24425
24411
24441
24467
24440
24410
24403
24447
24423
24407
24418
24496
24373
24378
24411
24420
24399
24436
24375
24419
24400
24412
24553
24448
24425
24501
24391
24443
24423
24429
24412
24448
24414
24439
24439
24500
24387
24432
24414
24439
24410
24446
24424
24400
24434
24433
24417
24442
24382
24427
24425
24429
24424
24414
24421
24405
24423
24449
24422
24412
24391
24414
24573
24394
24444
24423
24435
24443
24408
24504
24513
24529
24445
24420
24373
24432
24426
24428
24417
24526
24424
24431
24423
24411
24423
24562
24414
24436
24416
24420
24426
24420
24545
24448
24443
24438
24407
24446
24443
24433
24446
24475
24407
24417
24427
24448
24437
24423
24422
24508
24377
24446
24564
24544
24431
24415
24412
24445
24391
24408
24434
24428
24444
24557
24437
24557
24422
24502
24428
24434
24427
24563
24434
24510
24405
24430
24562
24442
24433
24381
24425
24407
24429
24418
24498
24418
24498
24434
24422
24434
24434
24427
24404
24389
24440
24427
24394
24427
24503
24421
24414
24412
24412
24443
24445
24424
24428
24441
24447
24448
24398
24447
24378
24435
24537
24444
24444
24390
24410
24387
24399
24567
24425
24413
24437
24426
24440
24574
24523
24494
24430
24443
24392
24411
24448
24421
24442
24509
24446
24428
24412
24431
24416
24411
24558
24392
24433
24421
24426
24389
24429
24515
24433
24438
24534
24440
24566
24431
24377
24544
24543
24425
24389
24434
24430
24425
24479
24436
24437
24417
24417
24566
24565
24517
24446
24541
24377
24404
24543
24440
24446
24387
24408
24413
24417
24575
24408
24392
24421
24414
24574
24403
24434
24438
24442
24420
24398
24395
24384
24446
24426
24428
24503
24422
24432
24424
24429
24411
24448
24443
24411
24375
24425
24429
24491
24416
24382
24414
24413
24452
24426
24494
24394
24574
24436
24511
24449
24434
24428
24416
24425
24412
24376
24413
24408
24443
24422
24444
24442
24448
24449
24419
24374
24498
24387
24518
24443
24434
24442
24447
24456
24386
24437
24495
24447
24435
24421
24418
24399
24423
24506
24390
24422
24420
24438
24427
24415
24446
24426
24444
24423
24402
24378
24446
24427
24386
24384
24509
24445
24412
24446
24442
24508
24427
24567
24502
24440
24401
24437
24558
24406
24568
24544
24415
24558
24551
24449
24504
24400
24536
24434
24427
24387
24449
24491
24378
24404
24423
24423
24446
24413
24520
24413
24411
24436
24445
24512
24446
24392
24414
24446
24443
24423
24411
24376
24441
24546
24385
24382
24407
24425
24431
24417
24414
24497
24384
24376
24422
24439
24439
24426
24448
24437
24384
24506
24411
24440
24402
24505
24441
24564
24439
24403
24377
24444
24437
24448
24527
24422
24448
24399
24377
24426
24412
24391
24542
24401
24466
24446
24412
24436
24448
24408
24484
24442
24394
24427
24417
24418
24441
24519
24423
24437
24431
24415
24414
24443
24447
24423
24407
24428
24416
24509
24501
24443
24505
24538
24424
24384
24447
24439
24402
24437
24537
24495
24442
24562
24425
24408
24425
24518
24495
24424
24393
24435
24418
24417
24448
24449
24425
24425
24407
24399
24426
24423
24417
24425
24574
24388
24433
24448
24412
24445
24378
24417
24418
24446
24438
24397
24422
24408
24411
24413
24442
24378
24570
24427
24414
24425
24448
24433
24409
24421
24436
24427
24448
24447
24499
24413
24394
24439
24418
24429
24403
24440
24416
24441
24383
24414
24431
24436
24442
24456
24527
24440
24386
24380
24413
24390
24411
24554
24419
24422
24424
24387
24406
24526
24526
24462
24439
24526
24416
24506
24405
24444
24444
24407
24433
24424
24433
24541
24419
24428
24425
24452
24403
24427
24521
24419
24433
24382
24396
24439
24429
24479
24433
24441
24425
24376
24442
24413
24428
24421
24517
24439
24434
24378
24435
24409
24374
24398
24430
24495
24446
24378
24514
24447
24423
24433
24467
24409
24414
24422
24444
24427
24420
24434
24440
24514
24527
24437
24447
24418
24445
24374
24566
24444
24415
24410
24435
24443
24384
24438
24385
24390
24530
24396
24504
24416
24449
24443
24574
24399
24447
24440
24396
24499
24415
24398
24398
24437
24421
24424
24422
24447
24564
24378
24405
24407
24523
24419
24421
24522
24407
24511
24428
24420
24446
24377
24413
24403
24384
24397
24424
24424
24410
24436
24428
24428
24420
24397
24548
24437
24442
24438
24421
24422
24379
24401
24460
24428
24437
24385
24422
24402
24427
24573
24535
24424
24419
24394
24375
24478
24439
24380
24450
24424
24429
24426
24443
24391
24428
24374
24419
24409
24423
24517
24419
24433
24433
24377
24440
24387
24496
24443
24437
24422
24388
24438
24421
24391
24419
24425
24545
24410
24418
24516
24439
24445
24438
24417
24401
24442
24407
24445
24423
24445
24409
24379
24437
24423
24431
24514
24411
24448
24414
24412
24421
24391
24448
24421
24421
24401
24404
24430
24403
24384
24425
24439
24425
24397
24426
24491
24432
24426
24378
24447
24414
24424
24429
24433
24380
24518
24448
24427
24378
24435
24381
24413
24420
24441
24414
24530
24566
24427
24383
24422
24540
24437
24423
24426
24440
24427
24423
24408
24417
24430
24418
24515
24509
24419
24503
24420
24447
24421
24436
24402
24436
24445
24428
24569
24548
24405
24426
24377
24422
24526
24425
24442
24430
24441
24418
24441
24384
24381
24418
24399
24418
24403
24441
24380
24447
24418
24550
24433
24399
24511
24446
24408
24437
24444
24396
24443
24423
24449
24426
24556
24449
24384
24428
24435
24437
24563
24416
24420
24561
24423
24445
24439
24415
24442
24389
24425
24442
24391
24434
24440
24504
24384
24432
24401
24435
24432
24419
24392
24448
24402
24440
24394
24477
24572
24388
24436
24452
24389
24446
24416
24419
24570
24427
24419
24445
24560
24449
24412
24407
24394
24416
24435
24410
24438
24434
24410
24381
24441
24553
24428
24445
24435
24386
24425
24392
24391
24421
24573
24433
24400
24382
24440
24439
24406
24430
24445
24426
24448
24440
24395
24499
24447
24509
24448
24436
24427
24427
24425
24407
24482
24404
24414
24443
24498
24380
24409
24414
24429
24383
24573
24447
24435
24409
24443
24421
24419
24393
24475
24426
24533
24433
24414
24539
24400
24412
24433
24511
24409
24435
24549
24504
24428
24523
24427
24398
24416
24444
24475
24419
24427
24482
24447
24387
24386
24418
24408
24421
24418
24416
24424
24417
24433
24444
24384
24545
24438
24414
24415
24411
24409
24382
24447
24430
24497
24439
24396
24422
24570
24398
24426
24411
24412
24446
24440
24414
24435
24441
24390
24390
24388
24445
24392
24417
24448
24413
24510
24488
24414
24414
24391
24397
24417
24440
24448
24449
24408
24570
24420
24427
24378
24431
24446
24447
24454
24443
24574
24410
24430
24426
24494
24526
24375
24408
24397
24396
24433
24392
24447
24414
24500
24408
24417
24433
24418
24438
24399
24414
24433
24461
24447
24421
24415
24427
24515
24449
24554
24436
24407
24407
24442
24397
24395
24407
24494
24440
24430
24401
24418
24393
24573
24375
24452
24384
24496
24381
24419
24421
24571
24447
24431
24434
24403
24508
24427
24418
24416
24420
24444
24421
24430
24426
24438
24421
24424
24436
24439
24434
24453
24420
24411
24416
24446
24380
24441
24431
24425
24416
24408
24438
24433
24459
24373
24432
24414
24421
24421
24420
24498
24448
24405
24408
24420
24397
24386
24444
24374
24390
24432
24429
24377
24408
24427
24427
24505
24536
24440
24443
24422
24433
24421
24532
24445
24404
24439
24419
24403
24397
24409
24448
24439
24535
24572
24442
24472
24555
24389
24448
24400
24511
24433
24384
24437
24422
24438
24443
24501
24497
24430
24425
24527
24392
24475
24417
24442
24386
24568
24376
24505
24434
24397
24407
24399
24434
24441
24411
24425
24439
24409
24440
24543
24419
24428
24553
24556
24406
24414
24424
24414
24425
24424
24428
24430
24411
24436
24416
24431
24401
24407
24500
24417
24471
24399
24410
24425
24458
24399
24532
24537
24428
24562
24463
24464
24446
24413
24438
24429
24446
24428
24397
24443
24425
24381
24438
24412
24446
24414
24408
24435
24527
24414
24439
24413
24429
24432
24431
24433
24441
24523
24403
24423
24403
24413
24413
24412
24446
24379
24413
24421
24417
24444
24444
24434
24560
24497
24412
24392
24411
24381
24415
24424
24427
24431
24517
24389
24391
24565
24425
24430
24442
24411
24428
24445
24433
24423
24411
24424
24416
24427
24473
24447
24407
24403
24396
24444
24441
24435
24384
24416
24497
24375
24438
24411
24433
24421
24414
24424
24442
24424
24380
24423
24383
24411
24446
24447
24447
24404
24413
24445
24446
24405
24420
24410
24410
24384
24413
24415
24401
24397
24400
24412
24410
24520
24439
24400
24422
24441
24429
24440
24408
24573
24497
24438
24413
24425
24551
24446
24564
24444
24438
24419
24427
24427
24446
24557
24397
24424
24492
24423
24432
24532
24420
24440
24402
24444
24400
24448
24408
24412
24423
24527
24396
24416
24382
24565
24403
24407
24408
24396
24425
24515
24442
24449
24376
24421
24445
24390
24420
24413
24397
24416
24448
24412
24444
24399
24551
24431
24455
24427
24411
24422
24444
24432
24510
24446
24431
24428
24441
24420
24431
24429
24442
24547
24437
24492
24426
24438
24418
24443
24449
24435
24421
24381
24413
24400
24393
24373
24441
24424
24412
24382
24446
24419
24433
24377
24502
24473
24403
24433
24434
24448
24394
24430
24413
24442
24424
24441
24549
24401
24421
24525
24572
24426
24438
24412
24448
24446
24435
24431
24380
24413
24446
24405
24438
24510
24509
24435
24498
24437
24418
24421
24409
24412
24443
24423
24566
24384
24436
24418
24429
24544
24423
24439
24436
24506
24567
24377
24439
24430
24404
24442
24380
24444
24422
24433
24407
24441
24517
24444
24379
24417
24421
24447
24543
24417
24421
24402
24432
24397
24440
24434
24414
24560
24438
24379
24382
24567
24573
24524
24420
24433
24444
24445
24449
24445
24438
24432
24501
24379
24430
24382
24446
24426
24409
24527
24444
24529
24407
24422
24448
24434
24436
24425
24379
24383
24574
24423
24427
24432
24381
24423
24411
24412
24414
24411
24566
24405
24435
24440
24447
24432
24408
24431
24409
24399
24495
24409
24436
24433
24430
24417
24415
24409
24437
24410
24425
24523
24441
24412
24422
24442
24476
24532
24413
24425
24493
24414
24439
24502
24449
24430
24448
24531
24500
24377
24386
24428
24423
24411
24410
24404
24448
24424
24395
24437
24398
24446
24425
24418
24410
24417
24403
24445
24444
24448
24409
24440
24407
24430
24433
24436
24439
24441
24397
24447
24469
24442
24432
24507
24408
24560
24415
24438
24446
24417
24445
24537
24382
24376
24443
24410
24444
24442
24441
24439
24433
24412
24408
24520
24409
24575
24430
24438
24421
24446
24408
24402
24429
24427
24435
24444
24376
24411
24388
24417
24436
24559
24542
24439
24380
24531
24383
24438
24427
24399
24440
24444
24381
24413
24538
24408
24390
24419
24377
24547
24418
24408
24444
24532
24379
24408
24403
24447
24426
24428
24434
24447
24430
24436
24433
24434
24429
24526
24436
24412
24447
24550
24427
24394
24543
24376
24437
24562
24421
24437
24414
24443
24420
24373
24410
24436
24420
24511
24420
24402
24530
