639243507 
4984034219 
12181251044 
5898724125 
2590580679 
4515608014 
5050241782 
904980276 
2907841364 
9764459770 
1523396052 
12721062081 
6956019185 
1808877719 
990284188 
758676243 
1044451635 
37367555 
2471518166 
4538046047 
547832423 
5178777658 
23314630134 
440826471 
1391368576 
2589234566 
24998975472 
691046332 
4337865781 
777011552 
393439169 
421062787 
2741276386 
6147933058 
959199570 
202429616 
1894646877 
4252233174 
805860579 
676138829 
6662846303 
24629947359 
250030425 
1444598383 
808553022 
7973721664 
3209554752 
225649645 
9650064734 
8521569621 
941780239 
652632797 
952986804 
1990094189 
4083267844 
17565959770 
12611344499 
1304992675 
2900427108 
913441589 
7193651074 
517071169 
367599725 
1504234732 
2417692336 
11099495796 
2934431494 
460288490 
2844762553 
4438983220 
3464737689 
719023349 
252752141 
6332804629 
540016388 
10646443506 
3205729278 
20072669368 
564468839 
1551426232 
151405815 
8217572018 
1261585979 
12002501646 
509240211 
3250676522 
1517764660 
2460044532 
3434141357 
599336437 
1353236125 
2551579772 
271510545 
1229097770 
3165482038 
21346066106 
8402106362 
6133761968 
945336483 
2816148970 
1109613884 
8850506529 
322298224 
2142021375 
2008478725 
121496681 
5277526197 
9302076918 
1619024640 
8942770430 
396619630 
10981314498 
4104131003 
2009735869 
6718103129 
1298762578 
9510272867 
1001342467 
1017158617 
487255499 
3698650295 
5750352467 
27053061 
3599100681 
232489570 
372370950 
577395905 
6097640401 
398851021 
801765704 
354981122 
527206544 
2608687859 
13158281712 
6811835863 
894025624 
2183545710 
514683690 
2324620157 
155836373 
917112454 
770389675 
14810151498 
1368249770 
7100751893 
425857831 
358644590 
1058917322 
594770731 
5812879760 
6353098963 
1649397478 
1858209694 
477873851 
1637592058 
259617363 
954406552 
1854840085 
21358913835 
869043865 
4288564758 
737701882 
762032004 
4114253859 
901177829 
1717989621 
5465054684 
2367445327 
3679402431 
458906447 
1373170149 
1862623145 
1998493375 
3558048142 
12455912603 
3492489994 
554427197 
1437448306 
1026347317 
4333506910 
637813140 
1451269204 
7086637340 
4358441145 
30503896258 
8297514534 
313384095 
520434022 
3977883351 
912186808 
1922042074 
1676867257 
1364957185 
25041869345 
2106511484 
1155814951 
418060341 
2572753973 
2842599495 
20018280783 
