373
189
454
702
277
412
244
478
234
252
660
808
102
858
113
102
538
283
780
313
296
449
310
185
336
235
174
249
699
72
248
48
666
278
268
53
172
546
174
730
402
267
42
141
134
125
768
324
62
409
643
250
320
722
627
199
168
208
18
539
649
481
16
434
739
485
375
604
668
345
241
313
461
165
781
184
78
95
614
118
286
20
116
28
817
205
19
89
200
418
736
417
391
149
330
223
494
354
580
565
374
128
128
410
179
185
475
260
118
154
681
98
459
390
71
654
414
19
300
312
670
289
188
842
355
540
571
197
47
105
362
582
38
253
530
923
445
442
19
89
104
11
42
86
938
571
204
26
507
525
492
225
287
18
714
381
8
452
130
285
150
331
197
472
517
640
247
162
518
319
225
403
129
168
599
174
636
636
271
912
280
408
139
249
279
544
98
263
492
175
132
64
21
230
610
90
259
295
622
146
341
604
218
454
45
495
517
402
485
363
376
716
538
83
547
455
135
564
758
241
565
96
160
396
744
96
621
362
30
250
417
228
266
695
135
832
308
200
7
609
217
132
876
201
63
688
144
103
470
179
230
174
291
536
775
535
109
377
141
406
721
63
238
377
223
514
282
67
189
382
304
196
149
290
775
625
449
168
110
214
519
29
312
642
780
676
436
324
48
245
711
635
410
430
308
630
192
400
24
20
408
755
402
58
218
197
150
104
511
558
444
40
122
11
66
902
34
945
87
662
666
281
465
620
773
603
411
154
253
397
172
852
5
637
26
199
567
233
172
201
71
70
291
525
87
418
211
50
267
392
80
373
828
341
316
621
488
624
215
635
410
730
388
65
531
222
288
151
952
261
35
213
226
317
133
570
210
29
283
367
417
116
63
35
159
32
261
219
610
299
110
87
319
18
647
13
520
363
294
149
153
199
122
211
132
601
779
772
526
228
497
167
22
115
363
42
581
913
473
431
25
222
538
267
401
239
418
536
74
108
118
830
186
251
273
83
418
135
372
604
204
461
408
583
644
34
519
735
388
665
40
230
587
5
411
213
3
903
96
189
227
252
374
189
376
110
439
44
733
351
30
22
807
105
540
508
402
38
312
162
81
432
62
666
907
147
399
89
4
95
547
328
825
44
409
221
8
62
44
771
83
558
352
612
137
711
61
526
285
163
206
767
40
179
261
221
730
104
773
404
502
185
200
66
137
880
353
390
145
149
427
137
402
10
390
153
528
501
232
549
779
45
302
256
833
614
659
353
748
69
247
311
558
204
274
41
411
306
341
101
27
775
641
94
23
581
852
535
74
442
20
405
225
228
562
471
282
167
39
454
767
475
704
447
628
349
172
56
567
44
752
466
118
112
111
17
102
313
752
761
405
100
20
487
29
199
361
219
338
760
279
547
379
452
567
455
60
254
33
142
798
671
455
16
28
189
265
715
64
36
561
213
557
550
29
769
131
621
145
636
540
332
201
453
184
112
827
274
191
8
440
229
636
509
233
808
172
555
170
211
87
826
225
317
220
27
80
850
697
373
334
684
310
66
316
168
88
535
26
359
77
387
460
452
361
415
543
183
356
272
593
597
479
536
128
143
786
723
255
199
701
156
187
134
683
322
225
78
94
621
852
407
357
87
421
598
80
312
350
166
51
396
199
849
231
729
184
302
609
392
909
182
25
172
83
545
201
302
632
171
195
164
2
454
102
496
835
243
175
33
588
541
188
147
221
370
572
132
196
242
201
258
173
158
133
102
422
450
282
25
37
898
490
351
422
137
360
234
246
128
780
217
212
474
315
391
263
555
407
230
528
399
563
757
494
345
457
270
169
98
494
530
506
366
107
287
302
142
213
332
716
311
34
421
587
780
440
407
877
544
197
240
197
403
767
275
79
26
766
571
321
793
351
980
104
199
34
110
216
95
772
265
77
642
69
765
740
544
75
85
840
534
602
174
108
225
217
119
470
108
282
409
254
84
121
250
454
337
146
530
20
559
112
113
774
144
562
503
318
85
680
641
175
237
261
196
667
325
589
42
231
656
248
415
548
135
78
171
139
541
195
482
548
52
136
787
164
200
399
193
571
558
424
422
165
347
192
258
470
487
457
371
150
521
421
478
61
663
76
419
527
498
378
204
22
69
332
51
636
384
671
224
767
341
170
658
354
140
284
704
277
169
939
435
460
604
178
98
277
574
23
827
174
271
64
113
326
732
129
23
195
4
67
373
178
40
525
310
344
16
464
385
613
312
7
278
18
34
95
264
495
661
202
747
667
39
4
443
123
55
63
738
225
350
307
176
95
118
245
108
110
241
117
593
267
191
336
5
170
563
379
648
736
336
78
137
312
234
774
3
174
24
32
474
433
45
687
301
415
381
603
189
233
837
270
6
704
507
406
209
250
722
447
22
69
90
180
390
97
446
194
153
20
128
44
288
416
823
255
627
271
74
20
450
226
555
785
588
158
130
375
54
371
603
56
424
306
550
235
133
598
572
573
518
80
89
48
231
277
522
181
281
40
609
263
231
687
33
96
85
691
164
232
693
675
448
28
209
115
208
46
236
149
241
103
65
53
221
67
202
673
739
456
17
141
128
35
511
247
701
116
155
337
74
344
416
610
580
417
383
379
267
546
382
689
320
701
706
374
59
749
363
829
275
682
986
155
679
507
74
418
468
259
407
489
550
221
559
107
376
12
85
265
156
359
283
513
950
227
780
587
493
107
35
222
178
444
47
209
678
251
259
913
128
115
642
831
182
306
468
689
427
541
705
26
85
303
179
796
188
351
118
216
275
752
667
741
409
503
713
133
670
438
231
492
116
461
378
434
38
370
377
673
211
332
48
331
727
113
143
890
468
198
628
284
374
362
112
510
173
249
313
276
261
752
345
186
546
384
186
43
40
59
308
43
718
138
202
85
250
407
77
280
582
24
409
565
157
360
22
784
293
63
584
615
196
227
488
363
845
403
41
120
23
578
234
532
568
150
7
317
46
361
737
60
58
82
439
715
926
119
22
77
64
805
553
186
122
336
87
436
196
437
548
288
101
223
841
403
68
486
515
150
676
505
349
150
516
629
287
225
321
561
618
108
739
482
114
172
382
170
55
207
159
15
176
37
54
159
214
28
194
645
52
0
94
276
111
375
217
210
666
88
878
390
200
382
82
99
416
596
139
749
76
544
423
480
764
48
437
206
369
721
292
826
336
74
473
811
331
795
379
381
466
321
475
29
115
773
547
377
282
837
390
203
570
82
304
77
150
282
350
278
162
569
143
470
46
57
481
470
507
371
349
704
127
628
239
401
175
163
846
147
539
71
400
229
302
275
600
377
464
31
45
237
352
574
279
365
359
78
305
38
790
418
174
586
151
104
94
281
270
1
588
805
426
248
493
87
326
29
597
218
519
836
182
121
130
804
603
330
109
290
47
631
168
777
961
167
46
324
536
737
719
342
55
667
347
345
437
277
308
305
370
149
312
641
319
721
592
274
16
3
277
149
399
261
135
54
282
238
348
201
136
80
89
207
596
68
556
137
325
68
66
139
338
190
286
696
108
201
344
145
107
70
640
360
520
201
657
593
403
169
622
382
510
134
846
548
113
113
715
207
523
303
676
109
102
242
179
351
419
721
22
639
83
200
143
547
395
440
758
607
360
27
207
138
743
29
77
142
551
196
645
274
385
717
13
29
88
728
390
713
20
90
211
5
648
739
667
198
268
377
181
547
141
198
257
40
654
284
548
129
132
75
777
291
710
25
361
129
328
493
94
850
55
759
559
109
84
352
16
178
313
21
636
202
363
43
809
161
13
617
62
223
345
18
372
270
249
772
11
151
134
200
196
764
155
128
561
180
802
641
681
304
21
163
209
449
240
195
337
186
524
714
257
402
344
144
211
208
124
318
515
93
424
843
424
18
874
488
138
106
59
144
72
547
302
228
445
37
369
815
52
935
76
6
77
30
312
217
366
328
67
552
656
183
39
599
292
471
539
890
397
351
908
53
365
122
302
263
19
834
374
926
137
279
69
489
237
424
225
608
77
647
327
279
53
288
161
365
238
221
867
264
630
204
416
169
640
454
836
452
604
572
91
272
360
418
37
189
166
847
566
8
209
562
564
788
214
417
11
144
211
97
302
86
20
427
17
46
138
453
267
67
712
357
319
177
432
440
780
430
216
423
342
257
986
604
603
479
610
322
136
647
492
221
438
143
84
463
684
539
133
670
691
640
386
345
38
555
512
544
113
208
571
3
716
705
84
780
478
552
90
630
72
641
632
62
7
784
43
338
597
246
724
315
747
279
186
105
575
611
786
581
502
173
658
276
571
27
297
442
308
297
48
122
252
221
402
682
259
239
367
664
106
68
18
51
4
529
86
18
306
63
325
165
129
601
199
670
193
649
740
248
88
557
707
296
492
111
114
513
300
641
521
362
1
233
722
224
415
496
12
229
274
35
6
361
55
494
28
875
303
382
54
647
106
550
376
175
166
427
427
251
31
846
273
444
215
245
606
312
234
563
68
293
792
358
197
564
663
115
425
621
23
653
76
237
745
251
370
128
342
441
644
605
24
97
128
263
761
373
342
247
374
772
263
398
305
796
596
647
239
169
130
117
316
249
116
120
404
49
82
56
4
47
115
607
375
63
368
146
214
172
551
328
66
150
238
246
395
294
267
256
383
188
680
66
329
188
693
27
365
362
400
770
88
504
162
131
233
123
95
930
506
153
493
43
49
749
61
153
33
141
370
149
99
116
646
418
153
567
648
925
912
360
352
726
789
143
339
363
321
667
557
636
676
384
402
340
278
196
198
923
576
207
226
6
313
101
335
435
775
22
175
178
52
89
116
149
226
672
229
335
348
123
11
104
80
411
130
233
403
418
385
61
130
95
699
290
150
820
738
533
142
682
96
367
344
176
30
175
452
319
218
397
142
240
301
26
441
325
240
104
727
246
322
77
233
120
722
402
738
382
710
177
168
104
156
397
279
352
227
124
580
260
279
289
1
103
46
617
260
211
123
103
142
377
492
270
23
201
283
26
231
259
284
206
30
141
34
55
403
203
355
98
193
103
786
261
264
432
339
547
19
411
129
452
163
97
431
249
141
42
45
241
88
67
182
340
196
157
430
224
433
206
28
582
593
403
421
681
54
455
257
453
247
163
85
52
200
470
513
397
276
688
44
88
470
466
291
83
91
67
428
193
274
591
350
249
572
650
68
204
495
723
28
258
194
217
247
532
70
637
555
57
58
58
428
231
79
163
198
569
444
111
84
177
446
367
274
442
329
152
174
271
434
642
699
371
170
659
264
75
448
397
302
470
443
365
78
25
321
457
511
392
219
140
415
331
563
179
170
85
81
539
112
379
439
116
10
61
637
88
113
464
390
301
181
521
620
215
579
159
145
88
56
166
901
378
709
334
177
450
698
707
227
441
750
461
536
377
9
181
491
603
495
25
411
934
351
389
18
89
607
249
825
292
450
465
396
123
620
331
238
285
98
436
179
11
864
312
707
679
116
85
189
185
127
764
202
646
711
448
541
661
571
45
438
111
179
385
388
59
289
164
96
730
591
480
648
517
303
488
490
349
869
102
413
332
308
396
70
405
601
738
47
259
348
367
558
62
369
42
788
544
135
470
411
734
55
136
197
306
747
168
381
484
655
770
74
92
421
59
218
77
321
107
96
713
509
202
156
515
107
43
346
259
80
530
240
562
421
28
510
148
72
287
133
54
597
375
397
481
256
783
188
165
108
56
424
327
149
400
43
93
285
216
600
22
352
653
90
110
529
137
17
263
69
442
86
195
757
205
650
514
139
133
4
507
267
839
281
334
604
187
416
200
320
143
510
81
607
634
43
320
468
501
30
226
312
10
722
410
597
12
933
76
156
280
27
160
343
388
62
430
282
180
456
12
721
515
335
519
629
572
32
23
224
538
118
540
304
239
901
56
100
240
853
132
265
71
30
712
740
138
546
397
210
21
932
283
223
73
558
655
363
310
621
554
479
182
265
282
568
801
265
119
13
394
784
410
743
549
511
203
534
385
179
35
447
26
149
220
722
126
345
306
335
325
491
273
140
141
411
7
408
340
5
78
648
560
639
227
126
631
268
241
138
169
381
88
938
25
287
681
3
295
403
23
70
34
471
301
8
593
135
346
558
186
245
666
301
186
233
70
43
18
40
12
183
482
136
183
43
28
709
550
442
103
104
893
318
558
452
60
51
91
210
685
133
27
414
267
110
53
79
786
283
147
316
473
185
112
277
16
23
27
540
59
534
133
187
801
6
611
263
151
255
517
327
346
594
11
228
60
254
95
386
135
469
293
738
910
9
478
116
602
13
3
902
94
325
412
108
648
608
196
218
20
165
271
321
444
184
19
121
395
715
382
308
237
167
391
461
785
162
649
205
140
13
836
170
293
133
385
186
409
561
93
168
125
303
149
663
88
535
64
596
324
110
73
561
8
48
251
120
288
377
243
267
511
735
148
193
621
264
359
215
370
374
96
647
117
21
281
784
335
58
58
372
26
79
755
330
248
154
427
109
68
556
854
344
418
87
15
157
154
101
626
407
671
391
240
320
177
175
381
701
435
179
842
245
174
484
694
226
142
139
161
282
290
368
653
542
64
290
326
480
326
282
440
275
179
49
389
363
278
214
389
220
584
152
288
27
827
610
657
301
800
598
550
13
478
237
383
99
272
657
202
437
60
348
384
67
43
461
78
486
83
481
401
55
282
252
33
150
112
188
914
555
34
551
56
364
213
469
447
279
424
151
42
92
934
379
299
603
248
465
813
49
946
80
283
16
74
167
174
375
196
780
500
578
126
222
841
241
779
103
838
345
106
620
820
141
696
622
88
66
259
78
759
262
209
446
316
160
414
170
604
280
526
296
238
514
31
337
448
655
256
931
56
184
305
58
299
231
138
247
145
390
140
12
709
272
161
632
988
119
68
2
69
137
274
454
214
178
307
432
240
421
465
628
146
85
463
77
466
905
373
186
374
102
717
259
378
505
64
671
288
344
141
331
46
148
714
306
226
301
349
276
540
146
343
316
106
584
320
446
72
638
398
328
23
530
519
553
661
22
30
351
405
22
338
607
645
412
327
264
142
153
302
370
86
193
149
371
31
118
414
43
88
114
441
216
227
523
297
301
481
859
180
164
792
234
609
23
662
123
648
284
29
691
647
653
62
58
279
524
518
31
581
682
387
527
37
230
512
661
53
354
30
481
251
855
528
635
848
842
27
397
34
359
258
846
56
75
364
119
435
924
99
577
196
491
458
669
275
796
258
78
847
111
3
538
243
529
592
292
290
207
408
283
669
197
436
848
12
28
26
675
657
603
432
108
599
384
278
591
525
37
695
319
202
105
228
774
60
566
372
743
950
480
441
297
604
149
540
56
331
36
522
442
504
39
274
80
620
537
374
517
61
250
305
200
465
252
278
496
895
870
467
252
29
399
85
487
116
585
567
621
383
246
209
76
470
795
28
119
439
121
378
631
113
164
429
148
13
285
357
205
39
38
655
583
162
479
69
150
313
471
279
114
604
24
488
558
79
634
176
601
155
74
465
343
206
137
61
254
183
537
177
535
398
393
355
88
887
172
68
176
745
404
302
162
434
261
77
687
809
211
15
110
284
449
97
11
536
496
66
225
98
414
686
132
686
791
387
936
166
85
100
13
415
676
71
352
248
6
691
151
251
210
561
404
211
145
31
292
429
168
125
362
202
213
535
83
492
178
630
216
70
183
254
276
362
259
44
311
50
551
114
283
334
230
249
440
341
11
269
603
718
709
104
151
512
77
24
883
4
276
118
694
46
75
115
787
223
294
546
339
228
55
278
440
210
349
11
89
241
470
138
302
295
828
698
185
293
236
260
193
21
141
426
217
293
522
172
316
117
305
344
212
227
75
559
97
782
645
585
398
843
155
27
684
497
382
654
59
640
345
378
101
140
419
129
473
938
104
295
202
355
495
333
13
585
607
4
448
835
223
342
857
665
215
618
352
261
97
357
639
144
396
499
260
2
440
225
720
133
423
586
184
36
14
2
636
196
526
251
216
396
42
321
1
36
11
301
441
58
67
29
849
36
274
334
325
305
582
749
105
19
35
281
346
667
63
396
400
412
568
68
144
945
38
173
661
158
365
818
528
161
753
613
301
241
296
523
223
99
350
382
193
818
120
687
93
295
97
244
381
592
104
142
786
12
412
371
328
114
571
457
731
438
211
108
378
590
236
283
217
756
238
125
909
711
11
111
87
289
135
141
503
173
441
283
610
31
311
630
711
207
584
703
78
119
394
146
18
846
460
247
164
306
844
344
466
186
403
126
585
44
950
304
209
214
651
137
205
716
420
173
433
39
467
207
355
169
839
323
332
486
576
868
311
254
672
989
526
664
777
319
432
286
653
447
646
409
463
514
154
272
266
496
8
471
405
20
842
118
798
177
488
331
125
142
258
244
173
384
9
3
305
53
167
707
156
487
861
444
329
327
376
337
351
163
542
537
71
92
56
605
525
137
640
376
102
118
173
183
772
333
591
228
202
792
198
101
397
145
91
508
841
539
38
94
221
151
87
159
245
469
31
699
18
422
256
288
184
348
217
152
9
735
294
82
615
774
153
383
833
376
504
503
8
536
211
345
250
271
610
272
695
195
87
517
394
823
532
84
464
257
513
272
41
387
361
325
456
69
333
28
139
439
81
591
282
371
81
38
702
467
39
79
278
279
149
121
67
418
276
146
343
168
173
631
259
525
613
19
236
258
367
186
39
445
145
370
251
76
150
189
417
562
612
421
215
310
26
285
70
550
221
163
233
221
282
223
586
745
386
239
569
340
61
66
786
455
197
260
21
25
136
896
457
166
249
138
120
207
703
51
810
162
29
234
778
42
752
135
655
561
42
605
78
103
352
105
667
449
583
173
418
739
133
197
275
444
774
40
293
28
294
386
934
752
465
719
21
495
404
39
206
19
261
13
287
559
987
68
741
886
631
903
740
859
279
409
804
502
39
36
50
57
117
224
146
700
179
923
37
83
567
792
438
24
91
144
502
635
188
145
79
373
889
857
82
679
115
235
226
645
478
144
6
556
130
633
208
292
671
283
594
8
151
537
484
342
441
203
283
245
4
240
32
304
134
20
524
67
28
447
708
481
116
172
414
438
57
10
191
441
100
40
536
84
74
301
95
25
189
397
256
251
204
597
656
615
88
717
175
260
331
273
650
202
599
232
283
279
521
119
21
842
270
154
118
688
589
331
221
726
238
711
501
417
705
732
597
730
92
924
215
570
280
220
727
25
295
211
21
68
12
14
345
672
511
76
115
239
123
713
273
93
78
389
211
525
102
249
31
8
388
312
620
299
208
24
450
278
175
487
795
23
173
468
194
362
52
11
238
89
446
98
726
221
88
19
585
465
76
620
44
266
227
24
419
109
228
15
203
350
247
23
548
202
192
273
255
109
77
154
439
298
13
212
85
190
4
81
914
38
641
417
203
23
276
67
12
509
584
884
229
431
138
192
559
309
224
489
425
55
305
622
291
442
465
403
658
209
496
271
566
109
22
86
900
195
375
762
235
593
193
488
283
249
675
454
36
728
138
605
166
46
341
299
97
395
273
240
338
392
225
79
196
503
714
162
57
206
84
98
280
217
825
400
580
614
49
487
275
222
468
374
264
634
334
543
240
168
531
162
167
400
603
236
254
454
714
606
857
575
319
720
148
412
111
310
642
911
282
93
210
347
665
545
108
150
193
276
10
308
858
448
657
335
116
325
51
525
92
137
346
153
8
270
685
137
547
46
193
551
758
627
13
496
88
381
542
449
710
69
510
265
169
19
211
247
269
35
394
215
461
471
337
229
59
29
81
4
23
332
784
733
344
371
204
97
437
27
229
155
631
677
292
23
554
118
23
411
359
550
397
41
322
583
558
104
572
707
436
19
213
622
466
739
55
426
411
2
443
443
212
128
872
151
558
461
31
209
412
484
61
130
372
542
488
559
777
751
605
314
770
582
171
78
73
75
73
197
65
145
187
374
89
72
30
559
472
667
153
116
34
691
131
615
190
94
453
211
342
536
303
128
510
206
89
10
773
265
87
292
158
28
3
261
308
586
794
434
2
59
240
296
293
168
412
137
558
409
353
0
156
116
574
418
349
52
425
236
84
751
63
407
198
141
137
239
715
344
332
251
433
290
455
5
262
198
320
484
110
316
145
416
115
479
523
165
471
310
723
227
223
124
367
525
737
327
522
374
52
182
631
607
59
282
327
90
825
573
431
393
215
143
196
305
484
787
827
107
388
827
132
795
246
124
286
269
543
67
472
197
122
510
115
399
1
3
186
146
139
336
262
561
316
598
245
144
661
249
479
90
421
398
547
792
240
644
69
276
343
215
104
299
312
334
22
417
259
333
561
11
179
496
99
562
494
239
214
588
25
229
51
470
219
190
567
561
399
147
96
455
87
525
44
41
166
604
641
347
83
366
221
250
0
488
150
621
174
247
466
149
643
538
412
439
83
424
195
170
514
778
42
649
354
552
336
676
502
89
113
475
59
604
29
397
802
461
441
254
207
179
226
558
225
274
429
621
155
407
71
489
99
67
585
266
857
110
82
843
504
301
633
465
124
20
338
613
158
214
901
773
842
756
608
34
98
222
73
314
152
138
755
144
547
217
154
286
723
285
370
777
543
763
838
343
15
8
56
401
366
305
57
758
714
206
23
470
251
404
460
748
395
836
246
4
662
719
325
89
191
766
163
74
340
398
897
421
119
211
204
57
437
420
196
448
487
93
260
418
189
27
493
345
152
396
153
626
747
136
631
273
133
517
328
186
197
780
189
687
561
201
227
128
59
519
196
7
716
668
61
56
773
22
544
13
725
257
467
162
136
545
683
226
549
197
92
32
217
489
751
121
730
245
576
397
741
186
487
57
544
207
843
283
348
963
584
218
113
405
12
110
93
235
405
644
155
358
61
37
405
104
0
433
285
376
278
541
636
141
62
10
684
314
432
248
352
32
421
117
219
480
561
26
782
548
265
96
598
546
300
468
298
32
9
469
478
329
831
259
303
96
58
22
908
177
347
605
510
174
376
360
287
593
222
272
221
111
28
284
28
404
167
867
36
351
503
410
530
121
915
329
260
74
134
988
284
420
402
586
306
351
461
322
731
356
310
248
397
594
236
446
64
417
494
50
200
128
509
287
509
52
445
200
211
436
390
434
593
263
324
97
558
752
322
397
125
242
193
248
934
599
3
644
547
421
112
172
184
379
191
66
47
208
74
156
250
443
410
125
411
97
182
189
92
139
100
139
169
409
730
538
8
344
455
126
301
305
750
65
438
491
67
452
73
110
458
52
34
258
496
58
173
515
572
674
6
249
140
447
184
696
121
509
372
453
338
396
382
125
592
292
229
172
357
208
718
389
449
2
11
296
17
523
408
155
40
41
516
673
355
11
395
300
30
368
546
224
163
40
166
316
58
323
139
209
11
397
32
219
512
66
301
100
37
597
174
676
154
366
442
802
502
73
283
108
113
245
553
659
440
661
652
80
224
74
42
722
272
161
344
543
636
121
462
162
99
826
647
839
673
200
35
239
12
136
512
456
509
519
185
101
408
294
319
0
61
771
191
279
348
701
615
297
585
550
570
80
299
406
26
0
416
627
173
47
293
700
481
376
308
463
496
280
325
236
398
368
50
116
513
89
210
63
248
308
279
388
293
53
42
53
341
468
670
544
651
79
196
56
32
59
72
86
112
305
493
427
399
122
85
476
429
604
26
363
416
314
195
431
216
740
596
122
615
240
287
201
329
277
40
313
643
767
585
306
452
92
861
183
9
151
265
125
52
202
591
14
754
62
357
83
675
374
357
89
263
679
428
305
107
510
637
294
735
256
492
30
407
822
3
614
161
34
505
736
3
700
621
157
69
67
429
29
300
55
86
105
567
294
934
436
207
179
33
75
161
378
249
428
724
65
414
141
111
202
666
172
194
341
309
414
214
93
577
709
283
200
307
213
432
340
919
191
151
207
338
241
234
278
77
499
513
530
711
299
249
341
39
117
387
84
270
681
147
55
178
195
10
111
318
13
582
115
148
417
702
89
320
180
29
542
125
556
825
304
493
200
267
780
862
107
687
201
807
661
387
492
593
314
444
347
405
308
387
131
172
432
55
750
171
235
71
191
96
713
251
681
158
406
283
385
722
102
61
680
5
298
565
70
97
214
442
361
560
29
395
187
318
275
197
507
181
497
628
342
804
325
291
175
58
479
32
717
450
835
369
274
182
487
246
410
122
195
401
569
674
439
693
360
467
171
440
320
99
376
497
326
708
383
683
723
53
636
488
432
216
61
558
732
296
239
76
135
573
123
245
113
154
143
97
532
60
326
199
202
452
188
64
571
93
448
402
185
20
809
79
457
6
447
589
113
137
191
39
465
734
376
607
648
302
316
348
102
16
38
572
404
122
44
379
694
842
162
82
442
170
233
830
736
192
353
446
615
112
224
173
397
487
493
482
690
671
419
220
97
174
464
498
190
524
359
50
685
581
410
224
483
142
449
33
101
687
29
639
150
415
14
186
43
21
135
96
517
608
786
267
160
158
58
209
125
179
585
447
61
429
277
36
818
644
423
19
343
255
476
561
259
432
176
11
287
398
547
152
497
161
302
592
354
808
112
466
581
223
244
233
636
644
502
258
929
369
323
353
773
422
263
568
563
617
146
94
316
841
545
588
114
50
15
33
176
302
230
36
173
773
303
204
356
141
405
490
563
551
393
492
45
436
274
385
279
712
581
432
110
180
634
39
604
161
561
156
333
414
256
616
106
804
653
662
577
76
92
572
32
352
240
71
404
673
396
288
71
325
619
846
23
513
400
30
736
498
71
300
58
33
852
405
175
684
51
532
397
28
467
531
121
210
303
557
63
284
152
436
72
165
689
506
425
71
32
84
539
510
237
216
531
276
569
165
351
368
410
50
140
191
355
62
168
858
706
416
352
822
354
263
352
342
642
25
737
817
513
443
665
637
516
130
26
669
66
163
71
81
548
338
35
56
113
81
126
487
365
476
852
198
232
35
135
300
341
488
573
142
465
128
207
95
667
388
579
262
433
215
619
96
200
154
297
100
41
140
393
698
305
453
154
239
249
233
580
196
523
50
53
274
26
279
736
342
43
70
10
110
506
102
216
64
712
472
528
331
130
375
436
771
208
144
286
162
172
88
113
62
295
170
603
775
47
35
637
67
184
206
692
91
768
93
168
68
58
17
157
443
451
635
472
170
268
666
238
245
497
571
675
299
212
664
411
676
163
144
77
254
442
368
64
573
615
144
566
311
329
647
292
749
501
48
221
197
125
38
455
138
385
672
425
343
843
246
652
148
261
648
23
126
585
175
453
3
678
357
547
731
501
57
374
100
287
28
449
453
300
577
647
950
712
677
590
549
316
400
328
749
271
650
159
80
536
754
115
725
476
295
932
215
200
532
13
90
479
524
170
843
77
381
810
101
784
148
96
103
232
481
41
867
569
74
443
466
101
27
126
540
319
355
173
654
573
112
62
196
345
284
92
11
41
319
414
440
91
22
572
173
614
951
371
309
131
649
261
345
186
480
235
895
760
797
531
494
834
531
398
111
489
467
94
497
196
240
34
200
371
286
72
450
481
165
610
197
12
750
44
76
479
292
301
326
561
698
529
213
418
452
245
145
772
795
714
125
82
364
215
404
370
324
185
704
209
342
116
345
385
266
421
80
491
398
546
79
31
405
76
378
57
221
370
354
463
669
435
353
210
453
760
191
584
211
411
413
91
43
416
105
18
279
469
70
571
129
133
673
282
405
102
587
664
829
176
393
113
320
111
173
472
148
570
56
547
532
344
132
627
208
898
786
507
771
183
116
73
258
546
237
108
154
354
130
185
315
526
209
73
36
144
48
1
101
270
350
637
627
83
445
847
708
576
256
393
177
698
243
747
358
173
842
494
315
199
177
275
197
617
185
641
662
448
337
705
586
650
343
74
510
238
195
363
214
842
492
179
135
529
71
29
296
244
351
605
38
532
141
137
502
684
4
100
92
141
389
540
31
10
61
207
291
163
27
144
331
332
437
370
189
153
43
182
926
139
317
598
405
523
175
135
733
379
253
203
401
246
690
669
758
263
666
34
437
646
428
12
503
357
226
653
722
712
208
97
83
561
132
89
202
259
369
451
235
349
35
110
31
653
155
258
361
101
570
182
691
135
236
404
210
389
845
284
163
740
11
199
436
484
630
223
676
534
246
197
417
127
587
48
235
202
290
9
284
183
858
36
412
515
175
21
350
116
522
263
17
145
700
519
18
268
53
216
76
391
588
567
215
275
196
161
195
316
571
190
409
118
66
827
468
362
474
351
477
196
599
210
148
110
339
524
408
683
479
358
99
93
308
730
89
927
476
150
365
27
196
207
924
108
133
61
136
154
186
68
437
794
217
198
553
275
36
827
674
902
127
333
254
611
65
351
387
234
77
6
426
656
40
225
498
362
112
708
80
221
303
73
274
142
104
498
770
268
83
61
304
280
807
962
41
250
316
89
51
195
765
198
137
638
585
312
655
122
833
307
734
638
502
4
30
731
153
767
25
25
605
438
249
396
664
105
718
107
673
73
80
40
134
608
115
156
62
150
219
391
905
387
836
301
411
567
208
686
149
101
213
29
378
270
12
706
186
30
602
635
331
397
925
121
699
111
334
383
145
134
34
595
844
201
196
149
122
1
107
346
195
338
381
103
85
182
135
384
285
118
476
288
254
524
78
29
325
212
374
477
195
460
615
381
192
827
56
104
93
583
222
264
326
248
41
768
370
630
140
255
58
140
565
375
584
739
15
112
507
313
174
660
134
594
237
142
220
389
312
133
54
12
99
153
232
593
636
303
370
344
973
705
444
95
71
156
1
59
178
559
396
409
178
84
417
100
166
50
87
52
335
172
105
66
595
128
108
202
259
780
38
708
418
464
456
109
161
471
447
21
212
287
108
183
47
203
2
423
758
524
605
313
265
680
223
14
174
648
71
386
258
621
101
340
117
610
438
345
173
672
294
150
620
435
943
5
121
480
58
551
190
631
146
572
252
66
79
192
60
344
194
522
294
387
582
446
240
515
433
454
485
238
97
114
301
210
515
422
549
653
87
45
451
522
237
140
211
569
508
25
175
265
596
93
78
11
23
314
825
35
162
465
324
710
251
780
684
95
408
101
92
217
575
449
300
8
568
274
300
435
221
163
519
406
636
341
574
240
167
971
748
323
576
1
156
413
28
599
517
714
746
44
664
123
586
721
249
269
492
116
615
174
139
7
182
574
266
355
584
195
963
114
285
260
37
325
586
114
129
704
363
113
499
509
70
379
11
143
876
71
61
286
317
644
317
401
136
667
500
144
222
119
386
68
95
176
675
185
530
137
228
413
347
671
583
151
58
353
824
922
654
160
537
448
79
530
33
415
511
451
311
186
676
122
86
276
543
266
650
116
145
50
128
628
78
44
556
249
355
1
475
638
748
88
280
658
451
186
740
283
245
174
3
208
79
91
36
73
37
18
48
14
617
286
117
176
203
182
41
40
213
779
234
557
338
98
428
51
579
369
613
138
431
155
547
19
181
162
158
153
75
36
916
494
723
87
518
539
187
106
451
600
828
239
85
11
621
450
279
210
19
175
21
92
691
498
513
250
33
412
527
447
184
166
462
226
341
583
619
56
6
111
677
510
28
536
482
329
109
177
47
732
253
141
217
311
173
261
70
453
767
99
408
118
249
255
46
698
160
456
241
252
354
344
123
690
166
535
299
77
98
147
190
365
43
391
657
643
292
128
11
111
379
382
211
104
356
265
561
97
68
40
528
686
91
187
535
28
375
39
172
445
164
199
260
728
428
396
804
389
200
186
234
377
853
708
475
216
491
345
20
58
742
169
441
200
298
87
148
541
92
245
372
54
814
614
134
650
168
151
494
152
25
56
387
216
29
669
339
23
57
74
626
76
615
230
5
43
74
603
382
853
84
597
96
116
293
30
152
462
556
688
361
21
414
155
190
456
416
615
144
56
281
19
232
271
107
251
597
740
100
61
766
401
642
455
13
124
395
190
80
149
67
220
513
77
300
350
282
442
59
197
466
137
34
171
244
311
129
730
447
258
546
77
282
9
268
70
926
481
823
74
118
190
1
560
165
1
150
305
11
452
26
550
781
178
190
12
447
604
99
153
95
192
29
276
383
424
111
243
77
286
322
502
333
58
688
189
446
567
218
232
14
209
449
576
411
519
98
911
93
86
145
512
68
40
690
497
191
178
479
489
324
224
443
2
296
35
110
286
552
709
589
136
579
304
699
288
408
749
115
73
335
352
583
254
269
410
337
154
497
800
191
486
226
204
226
434
312
88
267
21
54
302
99
425
5
26
450
98
99
5
446
86
21
348
354
113
269
223
283
24
718
318
932
419
375
378
68
202
51
109
192
285
489
463
49
867
289
140
279
341
180
114
74
565
75
831
120
52
635
359
288
427
178
427
726
634
278
269
114
245
988
595
248
100
105
18
751
580
407
427
671
133
2
827
63
653
539
537
695
691
57
213
287
326
822
917
22
117
764
225
663
642
449
582
319
720
185
816
337
106
168
199
116
300
19
553
712
619
313
301
242
357
396
687
73
414
569
179
489
128
652
71
328
395
62
186
328
179
264
206
195
281
308
350
755
220
634
259
720
655
376
673
278
676
158
74
76
121
559
410
129
96
175
356
73
516
434
83
28
199
48
39
149
298
238
158
786
22
156
586
54
77
514
283
91
296
67
245
371
487
321
38
146
231
5
590
630
87
209
894
232
188
517
545
57
493
570
169
598
341
6
574
377
42
714
371
633
246
653
168
191
615
525
238
642
799
240
600
266
39
343
766
402
347
546
333
8
774
287
410
430
696
160
101
672
45
413
325
453
561
117
417
16
283
281
290
794
39
490
120
43
210
657
517
840
263
565
40
163
35
664
101
121
20
279
719
648
163
371
4
440
482
201
263
300
176
517
663
300
195
269
131
16
22
83
34
214
173
194
18
410
195
185
431
421
59
337
339
249
393
213
64
267
44
193
335
312
322
427
202
62
743
338
458
409
188
12
401
140
478
393
182
131
36
360
127
177
705
838
167
67
563
470
165
376
599
49
3
274
117
395
418
399
65
28
339
244
177
362
533
358
38
202
758
931
200
275
295
181
3
28
195
75
179
144
632
923
138
27
382
95
131
519
827
110
134
770
591
544
723
313
479
285
204
65
133
292
67
586
511
173
38
100
275
544
163
46
311
725
239
167
1
19
323
326
3
335
17
117
233
689
275
88
21
387
619
42
763
584
105
244
56
729
174
139
630
161
533
407
373
213
268
211
15
79
155
771
550
74
431
139
618
390
268
103
112
668
121
777
102
20
228
203
503
79
62
201
57
490
64
133
727
115
322
32
303
349
424
447
113
113
172
261
105
547
188
242
583
701
39
585
22
506
162
236
141
672
495
925
513
212
342
772
3
529
118
550
469
315
45
65
420
412
151
744
63
140
211
343
91
187
471
248
186
361
175
224
222
419
644
160
593
270
41
373
179
267
721
171
73
31
218
109
80
3
55
41
514
243
21
143
88
155
169
696
129
594
51
88
401
833
244
330
241
612
228
700
315
170
231
360
344
321
497
620
81
499
146
690
325
925
683
81
196
37
99
224
28
802
624
197
502
99
471
31
96
318
414
48
726
92
588
217
950
86
23
664
285
553
304
641
102
233
35
104
42
349
106
117
49
708
306
383
33
140
587
136
298
260
263
32
424
405
146
2
414
469
206
235
454
165
269
370
116
287
229
160
457
150
639
201
206
58
467
329
747
838
192
730
444
300
9
83
673
537
338
455
43
311
7
174
202
351
244
549
271
63
144
83
135
558
19
142
160
162
730
293
151
70
621
232
1
656
9
167
317
449
117
310
497
6
100
442
634
141
749
183
416
20
524
421
277
558
189
239
252
61
271
574
829
411
621
763
609
40
322
149
49
614
326
452
259
209
88
285
238
767
452
837
27
83
85
46
241
620
42
387
345
306
93
192
107
120
834
373
654
740
578
678
163
335
450
339
415
12
21
30
82
311
238
499
149
483
35
127
475
22
273
602
411
35
214
149
22
63
148
282
399
454
44
192
510
137
635
227
684
593
817
349
22
479
65
122
259
731
661
217
497
738
389
86
264
227
411
356
89
415
821
352
46
712
477
217
595
207
254
803
485
208
331
137
309
420
122
62
108
155
416
267
387
475
738
530
439
64
580
307
61
783
290
78
235
473
94
598
125
608
517
492
928
95
564
299
117
736
636
572
717
566
334
668
792
282
929
577
350
165
14
174
658
195
184
33
598
41
244
272
410
587
150
614
446
552
285
28
187
766
140
234
290
153
414
749
81
46
79
75
428
33
570
104
555
47
616
37
316
118
130
408
620
191
273
353
546
621
580
320
224
149
686
147
397
202
413
418
390
808
6
90
304
204
789
439
48
326
33
428
421
195
577
501
644
239
753
612
92
828
174
409
311
193
267
162
127
254
404
934
635
193
502
207
24
58
241
198
267
438
62
157
622
535
688
293
181
110
558
413
471
588
402
281
688
425
504
563
492
89
391
201
347
395
488
924
167
228
36
654
402
129
186
16
842
937
439
10
829
412
408
6
135
216
460
288
631
569
251
642
337
287
818
428
576
155
501
283
177
69
197
469
559
518
225
95
450
341
170
545
569
149
418
204
77
689
71
209
133
112
339
334
76
69
510
487
433
417
390
591
52
600
615
523
315
543
567
202
226
28
312
183
541
293
670
87
243
345
262
283
28
174
209
841
56
30
5
206
549
119
601
116
77
20
642
911
465
237
240
378
221
79
408
248
105
199
131
323
706
341
817
256
234
367
398
94
95
278
78
311
642
386
396
526
537
666
344
917
211
119
495
312
442
195
306
183
199
52
184
273
282
668
360
99
249
459
277
186
476
228
599
443
68
537
626
201
400
416
77
441
203
54
447
226
80
119
211
614
708
725
577
729
492
23
346
288
28
368
237
571
1
370
720
412
800
414
481
540
509
127
65
156
81
51
692
24
158
327
610
720
327
313
451
745
409
41
402
260
72
460
309
585
92
594
159
597
592
755
401
87
161
358
223
198
484
366
57
634
609
761
669
630
610
306
429
156
82
367
25
472
135
11
195
147
209
494
621
443
469
678
742
142
329
24
179
505
455
196
209
648
440
631
248
702
422
549
200
568
380
200
78
265
138
5
742
245
17
101
125
371
438
187
89
537
460
543
650
116
493
256
170
37
739
437
858
234
156
24
716
376
399
185
414
225
366
620
61
136
249
443
169
174
468
567
701
437
301
647
427
677
673
660
215
711
337
3
421
559
178
45
118
223
503
569
191
315
715
593
161
583
397
27
190
4
420
444
161
267
75
148
604
46
171
50
433
35
138
264
176
71
579
396
740
669
263
444
90
416
197
24
384
338
678
184
262
409
704
513
239
287
37
212
591
249
58
160
186
280
246
147
155
338
819
495
5
154
363
199
293
27
571
397
161
196
638
233
82
264
84
890
562
340
356
93
440
317
153
28
160
260
220
432
536
418
530
143
440
374
689
311
59
98
631
296
238
206
199
225
507
341
708
640
217
481
46
511
47
141
339
27
429
893
154
648
591
108
411
10
725
169
139
576
374
340
268
364
356
184
98
65
190
261
222
98
566
350
626
875
60
121
471
559
297
68
666
58
339
432
19
605
516
378
173
188
132
264
152
9
322
961
406
452
583
550
79
274
717
361
282
191
609
405
768
148
595
187
144
136
322
20
73
17
730
408
310
198
64
305
124
7
283
133
661
55
76
413
713
339
871
683
151
316
160
303
451
238
79
630
163
261
29
10
243
702
79
390
589
204
167
68
292
260
115
91
607
3
751
139
570
25
736
60
460
144
27
721
275
244
233
564
100
664
222
144
232
426
190
334
190
581
635
627
55
225
549
447
241
120
489
690
78
79
246
224
251
605
69
428
604
110
11
228
448
422
91
565
122
560
570
666
579
749
7
558
293
147
412
697
271
366
490
524
195
607
607
156
558
472
205
221
263
593
874
296
1
495
218
56
852
553
106
543
875
352
66
265
581
487
261
543
36
670
681
423
504
145
254
502
85
556
709
430
402
444
539
123
183
283
232
273
25
405
245
84
243
99
329
615
789
571
891
171
22
105
583
94
569
115
126
568
415
448
460
133
720
827
139
326
93
414
929
20
202
94
81
248
68
294
212
74
501
619
79
148
69
252
4
431
657
403
277
378
87
106
871
413
585
588
228
617
157
374
45
171
226
935
301
824
410
64
556
482
88
453
763
564
661
97
56
468
460
418
411
147
496
355
153
345
77
552
488
696
710
30
658
724
647
410
672
385
370
785
153
136
644
464
258
414
88
405
321
49
227
667
448
11
138
362
698
276
152
91
186
281
90
573
11
421
284
112
126
182
342
645
329
71
532
190
633
759
276
463
151
243
132
261
634
215
405
316
125
195
246
249
83
57
313
211
458
282
34
703
507
526
877
715
143
155
99
5
108
127
373
110
240
671
353
295
379
383
617
503
191
455
297
688
88
43
489
69
92
49
166
788
130
56
793
398
220
718
482
200
526
128
485
9
160
568
498
234
263
460
417
456
206
59
409
390
303
1
98
51
419
463
380
237
307
308
666
5
591
424
241
280
374
362
725
286
128
197
203
246
619
413
545
338
337
575
377
378
583
23
173
631
264
818
383
184
246
70
472
379
483
576
666
851
695
284
829
923
141
714
72
115
209
404
350
902
55
137
408
135
562
180
595
362
39
435
156
92
173
57
86
596
81
6
369
514
2
160
28
852
101
76
351
56
67
8
208
357
194
263
26
178
526
479
634
626
430
27
489
345
383
286
73
133
792
371
337
703
492
576
12
655
253
282
239
274
193
135
118
74
654
935
195
208
331
464
249
436
386
674
476
15
733
5
48
180
406
372
307
526
604
206
279
389
37
564
483
482
292
715
920
587
2
288
607
32
340
442
238
13
264
481
721
426
353
38
189
108
333
437
803
642
413
200
2
438
173
560
8
673
556
349
153
256
598
197
90
189
311
671
134
748
262
690
321
379
699
249
652
503
442
230
194
238
547
175
144
105
154
291
118
66
193
84
746
470
746
251
569
661
131
358
56
352
144
388
185
467
110
62
197
128
429
565
80
31
209
201
2
651
97
448
513
648
88
419
63
364
170
35
190
672
688
684
65
763
563
468
366
57
56
221
336
183
425
704
631
742
67
79
320
12
329
281
667
441
456
173
162
19
514
173
215
32
175
344
411
383
380
85
429
218
232
504
318
378
211
188
54
246
119
225
460
825
526
574
31
404
425
66
467
282
603
8
536
488
425
267
220
294
637
307
16
86
647
261
548
585
286
162
623
585
571
327
249
622
750
284
556
399
428
193
251
354
25
864
544
532
518
114
202
245
4
36
314
69
386
399
155
449
463
426
282
206
167
767
12
19
717
220
240
292
4
194
9
636
112
853
417
504
722
134
424
121
728
96
201
482
546
364
541
30
772
107
515
191
718
620
246
232
688
604
248
115
613
269
78
83
176
550
622
98
274
850
286
328
597
56
118
58
116
121
299
175
424
145
142
122
471
56
690
283
102
443
634
544
577
356
771
535
542
141
584
590
527
626
707
426
287
781
253
353
573
768
728
89
617
360
566
805
364
94
85
289
489
225
321
422
853
373
554
158
614
304
308
31
170
438
144
86
541
31
269
20
492
407
612
454
399
520
554
43
63
151
621
162
151
621
101
60
169
257
12
489
73
18
353
61
239
242
455
516
548
749
795
151
154
526
23
634
294
87
58
54
429
151
352
206
657
55
253
578
88
3
38
412
18
351
527
267
38
835
62
403
861
199
210
434
216
595
349
28
110
286
304
74
147
528
141
418
215
923
171
674
133
196
431
254
320
40
147
435
130
495
603
12
10
385
481
87
116
62
233
200
789
55
763
46
440
41
5
214
362
78
441
674
48
586
612
546
436
564
531
134
67
600
237
162
441
175
624
339
520
307
66
312
512
301
92
405
713
55
528
637
25
202
784
492
356
95
667
286
640
394
837
801
589
366
631
569
659
464
280
383
608
113
540
58
62
986
194
442
382
326
361
511
452
163
432
1
311
295
173
276
21
401
814
281
596
267
96
114
179
678
881
388
259
276
6
501
417
406
652
244
572
690
529
159
90
386
264
238
748
189
283
182
648
34
649
400
33
134
150
558
506
213
850
74
14
16
320
533
188
21
200
279
528
18
190
767
453
426
129
220
202
232
336
134
317
291
384
82
148
206
621
400
659
191
428
4
84
104
349
168
386
767
186
211
73
199
93
29
285
164
19
87
227
510
369
367
465
532
496
417
568
253
116
351
346
120
320
241
358
761
662
328
121
572
353
137
496
580
338
70
84
707
817
270
622
118
381
77
502
622
140
370
635
396
706
162
463
514
623
724
421
162
827
310
424
345
230
165
180
614
10
86
94
80
60
661
370
644
513
180
138
568
68
665
91
221
253
175
795
473
408
585
18
10
301
279
24
554
341
210
599
949
184
454
384
494
77
530
88
658
575
117
579
257
