19180
67547
46209
54552
197194
71947
59471
172868
32570
143131
48327
31412
30932
71516
120108
130831
28313
4982
132112
19324
104209
42327
139912
6362
92942
46289
71325
3609
81374
24563
143323
10477
108499
96380
49762
93598
106456
23189
34948
104090
18602
118976
65588
20858
8470
45494
134318
69999
28357
38395
114600
75027
10553
89228
28927
58861
36331
112061
39308
77597
72560
47670
84372
126573
84619
87614
143068
85895
23564
47377
40792
140952
68342
17884
66752
33022
111907
104725
18895
30566
41866
11639
4533
56397
19460
106678
40251
35616
7429
35532
22710
87983
50360
119318
3903
15281
109919
29068
133
35086
107544
2835
10349
26435
22342
36355
36444
122883
10186
28669
19945
134026
3487
21405
31689
88394
107109
91518
22938
60430
63002
58242
117576
91994
3714
12276
9999
61080
44015
33341
126117
10837
86330
28697
20313
133316
98212
77471
38469
125650
72190
14667
71938
133320
68815
20463
174249
74847
48616
13784
152614
85227
81209
59996
94783
149839
66358
31168
136960
77706
10514
71013
54290
50151
3153
113637
111951
88441
72949
147951
90188
51306
62500
80840
116316
10628
39430
18443
69185
20893
150959
105769
18534
115348
131786
8740
169205
50661
23728
107062
74581
121654
44294
100496
4018
11327
27681
96038
49237
17875
64294
2059
43873
39841
127357
10326
152375
66699
18655
8861
134741
164030
39960
18625
84752
68358
29817
10563
18800
49727
39950
174475
73261
44625
123374
30842
42865
119554
139270
161452
85424
59204
3392
2726
54592
140369
115223
123615
20855
33786
49007
97572
16956
119297
109682
15088
29469
17067
35990
94675
126716
91513
115388
81848
50141
482
31809
9499
169293
10469
87085
18833
109418
123699
62704
52160
81427
143135
27378
86642
19841
47386
129290
108057
56181
23991
119844
42658
28905
39663
58918
109961
69050
128585
72253
29187
200
75100
56723
81962
96746
63660
17212
46961
64471
140505
9301
24634
76828
3826
38793
117790
156981
45853
38443
75415
89665
95792
8200
127465
67684
86715
49612
1668
161365
171554
39590
73464
112554
130093
9340
9634
110992
47023
34631
40916
60581
162755
94987
152087
33903
38454
96713
112039
32815
38447
113852
68496
65253
54400
80044
12659
55266
1743
57421
5843
30363
58051
82304
43950
64007
188510
38019
154200
18819
44295
25730
51236
108193
19473
23402
136988
21477
124091
48172
25565
134157
30380
53355
164650
82613
81235
18991
111500
120509
62177
51211
43848
114401
29188
106521
7518
52723
8535
76140
86142
98203
27120
38101
138535
101732
162608
6555
38886
106288
157144
102563
8066
9473
57917
308
70242
128367
115522
176074
5166
5377
4689
52765
1264
6997
24823
23288
908
18819
135789
105765
78040
25258
101570
29006
42189
27202
23303
123603
32500
108803
58627
79841
47644
2438
14503
46623
36625
109964
170725
75954
60794
131765
16107
119387
16726
2386
75597
46415
154626
41363
67094
62635
31419
154698
26088
52042
31194
5116
124448
31571
7581
5457
22722
81960
44128
27794
125666
98331
90112
36326
183244
82731
37120
89556
100607
34579
3630
172340
66563
66726
10556
72303
47931
61954
39493
86176
134440
4529
24984
69597
15145
109641
95662
55092
80112
135516
61654
52186
56563
140266
41095
132636
142429
1142
85611
7153
133102
122005
81837
134239
40963
13433
11640
2197
161838
26406
30695
28153
28666
181063
18483
165029
25640
149433
145289
120158
9738
56586
51459
35271
139667
19310
19780
26066
1618
33847
74804
60875
172057
44800
40963
117305
87203
58194
13140
18286
15955
76930
73431
101289
71569
30949
978
81327
71423
35010
103023
92711
128403
54734
83
116966
7587
29753
23900
62203
10047
48665
35440
59742
89456
59939
105712
39203
61860
58372
103516
106002
29085
75779
7164
116629
47726
3568
41599
17954
12326
3725
70721
14346
22860
85258
45375
53169
71843
140032
23165
32277
68876
140183
71742
114428
23401
24046
27198
10450
47386
94365
28054
84860
79927
44074
79610
47632
104770
9232
42477
66812
29799
62008
64950
92464
128465
14683
41890
57694
97
42631
90326
112054
143721
29815
49348
55976
24107
12785
99826
19294
62390
72979
103862
82692
60085
93423
131400
44915
16398
69158
39964
18117
111727
16754
23576
46964
2255
9326
59126
111790
42958
14411
81928
8762
13420
82431
2702
158428
28669
117607
40535
5386
99363
88140
25028
5231
26455
92067
18132
104295
114498
161812
111880
12716
133218
119781
57559
28852
83927
81469
138599
67455
127907
9103
145662
146771
79529
36179
122114
38976
33396
77714
139449
150238
140247
109010
9798
32552
38744
47501
42847
3742
108072
119548
27646
44995
42408
14374
32906
13701
3626
68929
42994
62169
8851
56159
33998
103970
161740
37276
111967
95678
25390
64027
119106
172
38557
83479
2292
20096
67714
25671
103819
18072
132825
124192
10475
105392
105589
146894
115445
52049
22608
7044
46931
16731
59084
9609
17982
41727
151576
53825
2428
84785
85401
81277
103514
34840
28154
84101
8450
129996
19725
87561
141083
98159
54859
15810
52443
45511
58264
48710
96799
64064
16350
12969
26742
41800
117001
109506
57956
138870
173003
31493
20280
79851
87916
132205
37750
115692
116883
39758
17353
17155
3236
34031
71895
131928
27749
45666
12509
79863
102820
18296
129563
2330
20097
96622
39525
32829
46442
138283
111930
171355
42880
41173
37986
60607
43025
114449
85318
23507
54787
17490
23582
139546
68859
35773
47487
33574
186130
119119
18648
57786
54153
67490
160189
62794
53553
39957
10109
5349
56825
80437
54299
55146
36234
30180
47688
162091
51101
54212
117451
100312
55877
77180
45597
17149
56685
32871
29693
29891
141321
6768
5858
34294
50889
71194
81787
60577
79818
168957
44123
64257
49361
25001
88848
110006
28180
55750
2601
38581
84243
22625
112237
12057
104652
134199
69149
36992
120657
136097
40509
63584
141186
41712
189
103809
32500
67869
117865
44429
30799
117241
115453
71250
13061
57598
82306
1658
90493
54356
118002
101916
66748
84361
51543
15283
79428
70055
84419
51760
16844
74043
39707
3158
3972
145879
66766
72607
64907
15642
56095
49204
41705
158606
80661
9354
59118
133641
107158
144585
84931
77439
82442
113050
21487
102984
82174
38053
143259
20565
79605
60437
52356
58112
148225
146289
30206
31552
104954
13700
106971
6051
69464
1185
134908
64115
136774
139116
35324
37051
44426
55683
32343
77340
2170
97396
44045
396
31240
1339
111237
91992
20236
36218
3305
111299
133749
170227
57308
173862
140268
126367
14647
103850
115340
20001
83901
89029
104034
79961
68377
86293
182380
36148
170307
16539
53557
19904
40279
79207
80077
137713
50080
56552
123872
40369
26437
102800
116576
72103
43358
109344
52568
45377
16388
87587
124874
78389
21570
35272
9074
160571
7184
43053
167365
62050
79866
36438
43456
14046
23028
4021
62922
66282
62987
58198
154300
137296
115167
47457
104828
183597
37848
27480
45682
20756
45292
57640
16831
70896
116849
24713
61690
81797
90942
80727
51703
160192
77114
43554
66771
56676
180994
62994
135539
103199
4252
51158
108267
42109
179779
58204
39209
14682
150487
230
139659
39970
31268
42327
13208
6618
116263
104137
47907
96946
29547
8865
61313
86909
104293
45266
18972
38840
11147
38114
79870
69830
115225
32962
159826
79571
48406
19405
28740
7524
18845
111149
42817
135387
68227
2930
21968
7831
70497
49426
24445
84331
30728
133347
50777
45476
14776
88126
32010
62715
96461
38871
43731
52236
92012
32826
30202
120050
65194
32876
7191
16090
22862
72905
477
70768
739
12653
80854
24634
4248
51033
116072
3077
54244
32899
19880
3796
14722
7092
501
127077
110791
37622
37290
82388
55925
112327
125628
83092
141850
114924
50335
30923
35851
6353
27614
166126
39519
175649
8363
123453
80484
133250
36317
129925
68780
38136
13530
59490
27661
129009
75388
1455
39531
87185
107498
171386
64462
23855
142276
133593
355
170959
104344
54712
130052
132190
12413
4909
53253
147930
23831
13137
36233
12415
116853
55681
121379
76747
92341
158956
18313
156254
41758
46641
25264
29012
138976
132873
645
13519
14813
4064
148820
89493
13806
466
80779
31411
2339
91860
6273
23910
5045
79194
49532
120274
42604
13495
86433
144185
70650
13908
61545
43752
108473
2346
106155
54105
7224
157626
93044
88060
40931
34553
58778
39822
116545
9830
114971
160691
7394
111491
44742
27964
156194
59808
18463
128363
37703
119796
129604
160162
42441
122749
59736
84742
132139
13968
116196
59937
33634
103147
74386
82022
61590
98426
120476
81793
74866
10045
9722
187045
13767
8759
91801
52325
66788
81675
19310
24562
49754
19119
84906
121619
64339
66225
139925
126615
53936
13913
11704
5310
55191
522
19893
108805
27743
95463
35777
173352
23432
49455
30887
141212
85065
14516
101140
58671
187719
39124
355
29975
8093
27079
17864
32331
131914
76802
39081
31633
9927
9978
119758
124260
12189
39528
11447
125893
9203
61028
45408
18573
29882
101148
119660
95653
129612
71111
58389
101970
46251
3793
67425
63377
37325
55043
2899
116465
49577
111825
132262
21050
13364
10811
136215
30735
104422
18929
116533
22279
61184
114971
63504
105242
110997
84077
131872
23735
27696
14373
9015
16484
94830
43855
56700
175535
1045
136484
1246
114529
12151
15579
7027
13661
102507
126787
109219
73938
8951
144082
97415
27917
46030
19440
80614
80456
112003
88598
114465
18452
81492
15970
167009
59942
79555
38491
1691
73390
27999
21116
32008
135347
54328
87092
164039
20617
55635
120102
60249
108861
89212
42162
140761
21922
35079
101398
25235
66676
28466
10783
10600
77941
107863
97102
19860
141997
147814
45213
150542
23440
50572
32160
16087
13370
18703
134196
61235
27761
23161
106095
29356
105041
155465
16183
77120
91155
101534
165726
44942
49359
75555
22624
144844
40249
34810
84357
59986
35817
6500
9025
122248
106899
39167
161164
11879
168242
28873
9788
6038
37155
103783
18896
38986
81149
121628
16995
35677
51528
37375
36298
55223
115623
20555
38876
17658
21616
64419
82690
154138
22697
69404
81577
19330
121462
26341
32409
15202
5745
9361
34111
144921
792
26686
84146
21367
14471
61957
5811
81501
17962
29375
90941
57044
1436
114205
59637
56650
88238
172875
126928
66774
94181
90443
54631
43099
87972
3227
27578
65749
24339
45290
2493
43666
16341
31680
10641
16024
73431
48866
153685
75619
35129
105603
56543
31637
33052
22275
44118
40260
77354
39073
18715
24668
42474
68064
16946
160144
20348
14663
123851
26755
25615
74233
152229
38324
130985
120364
50284
51037
3849
8921
28406
30762
56253
47062
24690
49749
6490
6626
106941
13087
44314
10908
74823
169960
77506
122800
111278
34979
110787
146791
47353
82304
143265
155752
71001
111410
161122
157386
98870
137599
77719
10018
172137
75374
119833
119526
154023
21805
141134
57878
34221
114386
101112
54353
102140
73490
140965
44081
55810
156300
47389
173093
13306
67661
117537
55760
75690
8853
70978
9706
18853
40350
111986
129706
26605
38497
18335
162733
20598
56191
39849
1168
22534
170139
1366
54468
108080
66073
28101
45544
158234
49701
124160
9917
154257
42302
30630
15430
92325
151561
33275
21940
22209
60286
12287
113176
65338
81304
75439
125566
87859
28832
95565
117464
13714
30740
94688
4238
79802
77146
37421
27225
68704
13892
147469
117892
68278
129663
94893
51145
47806
18960
61052
9385
82769
14379
23262
17662
131442
117129
41192
122217
124719
32147
15580
37379
105000
70250
9090
121448
75700
21507
83948
50946
124767
8739
101135
81792
37453
17687
47394
164698
71423
49477
28278
59192
13922
27939
166966
31248
71459
72019
118946
11529
18181
35878
42552
161619
84867
57429
13119
11110
67889
116145
8140
43689
21334
97794
35753
56867
110803
133831
88824
84808
120433
105489
19208
49888
121049
79193
4599
113251
134159
11148
83591
43963
164814
21594
45699
38340
18707
94972
71984
87503
100950
16242
64205
75641
138550
25293
130448
97401
39519
26218
70301
20264
60916
165312
51539
40631
88560
6736
40845
79791
147059
66705
94072
131869
19139
80899
9036
27790
43141
7171
36311
49733
159570
31724
17776
10501
81753
86229
110083
135792
4646
25967
12995
130938
4965
155461
41241
7334
25231
12483
11727
58118
27558
92024
23326
6027
120654
116353
86399
42209
21526
122009
132412
41008
140959
96040
51698
151408
77157
124735
48735
120482
165388
40621
6597
20527
3243
8624
108820
104244
167486
65316
141155
28511
58292
39040
109681
19120
73506
473
51215
9455
14591
82482
38010
13518
20698
32523
46652
23131
104483
10282
41933
47574
119612
146799
134807
59631
112131
47920
77217
9245
154021
53579
87583
15656
163593
25409
44306
181124
156592
162650
77906
82279
60942
138941
110394
20241
39589
208
28789
132312
12107
41326
18480
7038
36026
23819
15627
175345
14683
64140
105497
39029
80224
71962
165265
14189
67758
80722
40773
70362
109160
139887
13689
20088
12697
180123
175348
7333
127969
21617
91043
72477
25129
129827
39530
40937
133935
50624
20223
58318
99352
112158
27506
68338
158035
99635
29518
87986
120198
123975
101170
16889
39170
49290
41380
30342
41367
103820
55740
62329
22711
96202
123901
73673
147602
81220
119983
175620
20974
188596
120224
113516
80039
52650
96710
43875
276
59713
35887
101384
27445
125208
44441
45049
42936
19775
126120
32591
24067
183521
20090
51352
83980
85120
19678
48023
15645
62427
97457
43539
1372
10103
66486
59255
126519
102414
119439
131682
7340
38691
46237
103384
123955
14836
115820
6078
29865
88114
33141
24855
76936
108750
26990
92481
73264
8594
32342
89510
88689
36795
51103
103248
25612
527
80113
19707
29157
133630
25179
92180
168224
147042
153443
92774
33580
36435
58771
96590
21748
18152
51369
78205
96110
58187
38633
56287
64590
6606
23511
75948
74607
68469
143633
106957
78422
38665
70111
110730
13272
81194
8681
118257
81701
20507
95822
46522
101153
79018
24062
11223
111968
24992
52785
111363
31407
90676
92539
3386
15590
41634
74345
19352
36020
138857
76485
23655
39959
16156
31793
95737
57111
4055
135063
43978
1920
39584
161439
90040
99057
153819
50765
116365
86613
87717
55304
27161
72043
77781
24225
83822
137260
90458
35600
78671
18429
42822
92151
65750
45585
22506
112527
141378
34783
69445
38227
68279
91372
14027
49669
5756
118735
1521
7179
21999
83117
135599
19309
45762
96694
112632
8380
191459
5080
17699
83218
89629
124334
145564
5037
101356
44525
37765
10099
36075
13119
3103
39784
122367
67705
128382
157731
42598
35774
89900
128406
121532
21614
50910
87121
82067
72989
119498
75235
68905
58250
23089
51310
132695
119270
110855
116093
116665
73087
21419
111515
14797
7567
79791
42957
14044
148336
18690
143586
152568
16191
102099
11980
37883
54931
50861
170479
84304
26595
57727
119512
33842
66820
107568
16025
275
10826
122299
105931
12165
543
7315
78737
170814
85884
22655
99985
179469
24188
29458
18750
108412
140981
17225
50608
93905
143657
153220
100753
151896
34003
16483
111054
133134
58644
84909
132180
5609
56766
66264
73095
91316
26702
68321
23953
14489
39267
77421
83841
9276
31582
119249
96757
27455
85254
61542
75504
19194
88648
72848
121546
29815
56136
74321
6953
41823
44225
26075
9461
20181
105103
4353
31276
84950
42911
37187
87039
34807
82940
145189
74001
87653
30565
94997
53600
78470
119529
4190
107360
58287
39416
130677
3453
74224
67460
41753
12776
71091
38483
38799
55109
109923
64754
99384
65882
32037
8439
121996
47874
26304
62679
46234
78866
26949
22892
14639
20083
67757
36868
82749
86367
91292
123926
28611
184914
92564
75002
94492
61247
73310
95123
4625
47656
101598
69763
68818
4591
69055
48256
62697
23260
2
136042
116692
132652
15526
77150
4158
53093
337
47081
75290
23359
56907
159093
140770
109841
65790
88944
69604
83442
86567
40979
99029
42994
14087
23554
70147
66886
123938
3840
60813
18158
31436
19345
34427
42150
92603
77216
107544
65859
23275
25333
53883
126059
80573
120487
88440
128765
13643
79254
63902
122666
44226
38111
130033
58839
5424
64956
3000
21292
52945
110454
74497
13806
46941
110994
79213
4895
37976
19083
95785
7756
96575
79280
127447
49347
35155
92937
123508
31977
63131
20465
115866
36333
8153
9745
37726
85264
142028
32305
129566
41360
57575
11154
70198
146940
90433
26697
107627
6284
75883
23293
156577
23644
33717
81742
65757
25030
14446
164964
134048
14878
95922
39666
9317
127368
62026
76042
38018
105827
44885
14046
31140
50666
138610
70944
38768
50223
38230
20002
50126
26347
41013
34609
91784
140303
62266
91609
160123
17819
19457
15243
89278
7825
5990
119362
24746
64434
40878
89795
89999
15660
79357
12312
50299
38348
85855
41036
133922
14257
107034
15811
19518
109659
87361
135288
54686
10228
84172
57939
13587
131742
131504
143448
27079
1269
99475
28897
105787
131132
21698
14123
26690
67787
19606
111787
1261
62270
40317
49276
32181
11667
46777
67644
80730
8571
54301
81801
24116
42434
68892
12619
162610
30276
36578
95663
32815
62771
76706
166618
710
48245
10521
25623
130206
115289
130074
101264
44217
62943
107183
5034
104224
156984
47875
59520
156173
33471
10209
156629
491
53116
141877
21528
12670
52385
141112
18873
466
59416
127409
9717
140443
53189
143661
144765
60464
5535
55461
111995
2859
36037
40905
85466
73794
23467
87159
66075
82163
55141
73053
56685
43161
18655
74761
39310
112354
37783
125353
157341
24639
14410
2166
48080
139620
69571
25450
81789
28193
18722
87169
73399
85324
54969
39807
36838
30937
106020
37773
24218
44261
82678
77016
56871
21739
12574
58399
58171
18473
118793
33182
36491
12759
140278
5867
77008
51441
63820
84348
19134
34353
93790
189713
104564
156259
108881
143082
28972
80105
37483
139740
1664
7025
93187
81878
158142
47390
172894
22889
61264
79878
52274
147612
2371
3130
98394
28503
34004
59369
41727
49973
57498
114371
72402
31607
90179
171822
30189
73859
63214
32320
45849
161473
67809
33629
24664
76541
23153
27528
65346
34319
91579
7745
47606
55784
17770
30533
84782
35907
140145
69410
143402
128547
87155
104901
47147
23488
105487
25391
34814
84871
105176
169394
54081
57890
94620
159118
6316
110789
52961
36239
73662
403
27196
80127
99068
37561
125880
12270
81874
138455
92830
146876
100851
29353
46353
81736
21731
1298
95831
92710
163062
83216
139110
48414
39948
90138
60786
54629
4741
130018
87197
80529
22873
109998
85873
68843
79779
13150
27496
54316
29317
34482
82030
13804
86960
186714
86905
1693
119478
63322
6154
44939
59236
6364
104510
173205
21833
81693
89375
35246
40466
68704
66536
27014
42759
26696
84290
21588
38100
88379
17315
30626
43262
2381
49380
53640
70391
90530
104788
104645
23425
127828
39529
17195
22843
1288
48350
54534
18484
44911
72360
165641
2165
32533
171155
22119
52562
45641
60175
55172
173209
91013
41025
87263
12360
123295
172874
105483
148144
76826
40854
50452
69172
67045
80550
85331
77685
18201
79742
98800
73647
45325
40798
89790
5829
31161
62594
55062
27660
112039
164432
44098
19276
53641
38959
146453
71396
72281
22153
35718
23588
95425
61101
21945
16301
150658
33739
94368
7015
5555
71919
171749
131415
44756
118969
62009
10812
49657
120358
71921
105086
102923
117015
7212
65247
129865
41385
27004
76754
42590
68891
67885
43584
137678
192388
166759
64670
22708
148415
33883
36805
42392
47411
117323
6393
104549
4744
23901
91833
13356
164010
57909
43460
172465
76318
21968
78024
53407
66116
45568
14240
165932
35088
14100
55112
36857
58345
100387
30879
30563
14695
48612
130671
10538
24906
36853
27519
6711
82349
32002
53035
3446
32491
94237
78640
83691
13926
56057
92186
57119
137751
45604
2087
146793
88157
49708
86153
130940
81946
70300
143843
2631
44163
171955
6611
140006
69836
124882
43341
50260
53362
3587
9472
69402
31040
110859
135583
109410
183938
28050
63197
23553
68415
76925
20524
3219
143827
103239
47514
140096
58484
490
84017
55061
57549
68521
55941
165239
47255
121872
28380
30228
116694
93374
5904
10521
57280
70625
154738
26688
16304
63479
70067
26423
138688
4194
113042
106290
87634
27055
4792
66680
9570
76748
560
151784
80957
41005
54685
144305
51071
37276
20772
7093
31288
40841
48787
887
57878
27256
190219
117477
145579
75116
152354
147924
405
120324
94547
159068
44468
27453
54300
67413
12395
77260
122557
7404
113812
20914
16639
196
29851
72538
70105
119324
44910
59518
37065
17481
131191
45531
16379
138978
123735
33708
78748
26635
382
102704
85101
18258
133796
38953
102780
73212
77221
36583
170217
119476
95683
18894
36943
72971
149589
347
75307
62147
60140
26780
131639
59452
61892
42164
36952
64428
100501
10467
23872
94187
24170
139640
173808
18959
19595
62206
48077
140173
24114
36062
98529
50000
24216
38912
10328
54038
22930
10155
95723
109956
94013
16297
99529
122239
52639
50417
111858
114564
7762
16296
70566
37131
110251
99004
128276
34061
38882
49815
13620
142017
98405
60512
42907
13668
110794
76223
123076
30233
15020
104131
148778
95699
96880
153370
54572
12749
20853
15253
101490
33000
9557
163247
106694
81531
53260
39023
16483
35153
2790
83421
13772
7588
136556
81823
173575
1162
104600
111375
1674
121462
95235
81501
16664
16520
67589
78454
36139
40717
118392
14949
67289
94068
76478
66329
34266
104565
158347
47804
66099
48874
23533
115862
151637
24381
105909
122407
54203
86640
77292
154782
68407
33601
93821
44317
40931
18757
68112
141615
155581
128295
150649
38190
163482
9101
45962
61001
64401
77948
73740
43049
38297
143697
87999
14001
64328
31328
46868
183701
52713
780
24252
89450
16973
146690
93911
98552
65207
156313
140784
105036
104054
22156
132210
66407
7272
10751
3788
118301
1321
172680
71350
50844
92193
127885
41114
72292
106925
100991
84584
171210
166732
82103
56081
26751
84154
98032
44140
71039
39370
35835
50855
71805
34802
158413
3326
5044
36252
8054
39161
32564
169509
75023
119325
117278
20376
144308
38505
5967
128582
107045
8966
87621
38069
122760
73982
87537
71028
105335
54440
82494
133635
104121
24441
37585
103095
21732
129684
29553
86702
14480
15296
171294
73056
56419
35088
6062
16198
23408
43624
13033
137721
140008
26374
5838
94321
51680
11294
137399
14590
3390
23170
36545
104530
7661
68613
159765
1680
23022
42152
81377
70531
41834
104739
79633
57459
103199
59343
131498
158378
43938
93134
31392
143806
64940
67433
82803
135087
19469
186403
78761
61878
98507
18236
16790
80999
138297
69399
27073
61466
95050
36508
75540
173109
47191
109849
71481
47481
185789
73454
73684
57420
152271
36147
49822
50330
60398
81084
116714
72823
68437
17754
23196
18532
135722
74565
15124
169430
36345
67441
14118
157586
1571
89178
121260
72636
5079
94135
25160
5463
70060
88258
6388
21362
35606
20005
81479
37451
20589
110480
33416
18138
66576
114572
123102
13264
1001
21715
146385
32336
128870
9811
76223
20113
37313
12077
147143
93544
1094
127967
28988
164640
45394
91191
109876
48156
116792
25054
20446
33205
9116
68775
1936
146493
21975
84390
334
50397
97419
105806
14751
14645
139444
12894
103213
90318
35147
24427
75710
35350
38986
80142
83649
66967
4993
59972
6691
79813
37517
88619
42067
97604
38768
69052
69508
22424
95553
80944
84708
4707
39745
19333
141707
176066
90124
39262
98900
42343
39619
60911
31740
140385
127068
73609
44322
33344
21294
55810
85073
16301
60270
31729
81577
38298
30371
45527
117661
61297
169822
80464
42482
52583
48863
1465
21655
77154
85840
19833
4411
136835
19678
42702
90271
56334
44120
29897
11798
17634
95618
133479
31258
51521
69372
21929
18657
118646
36641
7545
98638
24541
56199
118133
65217
53259
12623
164784
48213
36178
5438
22145
37533
105504
58215
131906
71948
33658
59235
80623
14265
98700
84295
7302
6159
76119
14685
83223
127133
67835
71841
188728
90335
33680
102711
687
55077
30154
2291
16994
71273
29044
20728
91766
60724
96086
138678
6729
37719
36
36468
91391
25389
101550
132376
98747
30115
30433
70922
43766
108191
88994
68646
8500
21845
128395
56149
36174
112252
13947
38264
58221
4264
115889
160735
114920
46791
71282
50486
51164
4606
50677
90360
96632
135066
91042
3066
52248
25285
90068
67797
10169
24900
36141
14919
19285
109042
23761
43879
17911
91798
159570
17429
175199
40106
39434
77246
33306
129946
17571
76762
57766
77230
583
4837
126914
68475
51969
23369
1836
100278
67180
12454
7351
71560
23314
40663
13571
63426
58944
121478
16192
73790
29985
118756
129841
104233
74564
49295
50740
15544
151893
66627
57615
10644
13149
156409
62964
65142
54259
56838
71141
100452
173458
114156
11600
76515
72253
10101
39599
3529
116439
21930
72795
39383
9437
132459
13169
60174
99502
78536
82434
97952
7476
120172
17399
15462
130201
127025
52254
58095
140835
166010
39888
135344
21783
160469
18477
106760
67257
30615
10213
12889
7440
78640
67411
35007
103229
76056
9367
42395
21144
76553
1089
23492
38738
29951
120927
94799
112823
107784
67274
28829
101557
107580
118055
133750
20224
13332
47649
26068
12198
195299
27646
65781
170148
47370
69837
40744
13723
158370
1563
93961
98983
123549
100435
101692
40679
41279
35776
16857
83622
15062
7254
143800
80552
10527
41680
127677
132578
91418
53307
105830
15293
37972
128192
102431
136176
32318
75026
71615
95636
26174
18743
4895
36717
104798
30795
56854
182262
132002
80268
54292
139419
34590
118106
58362
127061
95861
27503
6909
81221
98388
24872
59089
29714
19652
2023
108118
81967
15449
12873
75020
118706
25885
24385
188484
61209
50753
37830
67078
35317
46524
13598
67000
20081
22527
2594
21722
79112
90399
5482
80249
137783
21877
54191
56842
22824
17270
89547
110553
161838
75378
72584
122639
69431
135136
106291
59906
59578
39018
5021
90751
68672
81349
47915
74516
128509
123497
41874
171841
32267
50957
73887
22391
32499
46612
55789
67632
66344
74835
30581
75485
40452
7191
48215
44987
68087
53768
97624
95347
8571
88371
1079
98235
100772
164691
125490
1249
137231
120247
68230
57917
121063
34680
62080
19217
97446
50921
37510
20838
23039
100376
65611
34966
9063
23879
147864
180976
94397
74256
86184
100675
49067
67640
12866
7215
56954
24776
41513
79112
119129
80249
74090
165450
65574
8902
56811
25871
111194
9426
46921
168093
81208
86424
50694
39084
120595
8691
36676
150238
119436
50837
48027
143895
51583
30326
167994
34995
127862
23444
81585
8100
28943
15242
11895
159918
4652
5960
132592
65938
79690
56944
34133
88570
34401
79218
149226
68242
43716
7470
6475
118897
68835
84582
33741
54448
100529
72415
20841
81138
29137
25502
105543
65215
49169
37128
36202
52344
20267
4206
86760
25046
54611
47560
115429
57409
144063
39566
65533
67700
152604
9968
60153
126375
157220
87124
27539
26202
35862
26507
78668
27889
7276
119984
160191
80463
67545
30404
66068
1979
38684
149908
453
756
33024
108274
12363
119345
1575
35055
50476
43854
4101
131483
122141
180071
80817
38385
19812
7168
38831
130885
87728
7064
62036
90451
78037
55180
138954
79996
115809
2231
31726
79651
137325
66145
9719
28142
13150
74812
27370
30752
74000
2419
164613
59778
160954
2409
160567
23427
55608
122656
42576
54680
33786
139277
66507
116211
95846
59190
184381
169545
136711
88631
119155
104096
84009
187418
20077
43128
20634
25
128307
131842
67227
13653
55741
78932
8282
91156
88996
44971
10045
95504
68159
55665
98877
133671
61196
81480
72865
79649
95481
37000
58173
8216
30708
121591
58777
50060
100735
76347
139340
160720
13626
13596
64582
129595
132199
160177
81954
11684
104929
86041
128483
13570
65524
6322
36404
53374
20125
26666
44194
109256
112270
9920
22828
94930
20363
43109
3175
89304
132123
89168
40680
90509
127296
106267
79837
85350
6316
9299
129447
9888
69501
36513
29089
20664
75763
16343
102414
1411
93793
30826
21109
27282
119495
4605
4868
93843
32499
56862
7881
59002
40828
30347
64618
152575
59189
85988
65470
139150
33251
139548
95574
89783
1573
84497
42767
37469
7807
170655
31589
45040
51405
122413
144438
15710
107035
33273
185419
51461
8725
98434
47283
31190
120267
76678
88582
65351
23647
15359
29103
60025
61592
13303
127103
13522
87519
38244
106555
71168
59992
33558
63237
73625
45788
83940
71793
139737
92011
123338
37877
622
58357
42485
135372
23717
119977
113634
113819
47343
109124
47368
132163
26901
19970
98565
88596
113888
1385
133660
12848
55031
24003
27458
8752
14333
76262
92234
93987
109341
37817
30569
87194
63254
2703
45507
14599
30665
31234
59874
30893
66681
108079
42729
103854
84324
4575
94206
138965
168725
87077
5199
155424
14039
2781
114088
83455
67339
88451
26864
27882
10407
112113
65156
90715
67824
49924
29175
135710
14108
35691
59708
5379
15814
149276
76940
29045
80456
17047
133806
12744
17937
318
53408
112230
54377
37870
26579
159527
62817
117840
106193
4650
19060
83171
87489
6897
1006
57049
87545
82868
160406
42546
83250
52173
71342
6341
70988
65294
59684
47030
43491
104484
66596
44958
33136
57890
59508
34747
19693
12768
45046
7428
26788
31607
301
30620
12311
10376
103390
18930
80480
112082
78647
37517
161911
55014
152760
84893
41026
19790
46575
92163
19811
71327
89505
132604
26573
20350
36118
46401
37964
27044
158090
96444
31030
2318
40397
127306
8286
42856
18671
29270
20848
43172
61557
107096
47699
3232
26036
151792
66052
6420
139528
142110
8324
92190
45689
57354
41856
13384
56661
22885
10136
102463
57177
22249
29694
7689
20715
1284
35235
114031
46867
87881
12278
37208
5890
18823
4298
31062
56585
37138
22280
60609
132622
70055
19358
3912
108046
28006
14041
1082
18900
97661
145893
40858
171855
96055
2008
71838
180543
15640
8972
38643
119208
68559
128341
40936
39119
33459
30324
61824
4248
186061
18794
15939
3535
102174
37902
85850
58850
43659
66088
111396
51854
42518
111802
56425
36202
8870
86445
100975
45590
118575
39871
37902
36370
141594
413
61571
117216
108995
69401
96492
7440
22596
116114
61891
24628
136141
47245
94007
107038
9412
175715
29465
39786
30398
86071
27539
47993
46398
4414
91213
13461
31000
165593
56123
98652
8321
28862
132268
22631
87584
926
13464
48090
13209
117759
119961
119222
179489
21837
41953
18487
19229
103930
30311
51336
50826
34201
6601
69434
140039
91826
77397
11566
37788
135054
70839
96970
85661
45050
1333
133976
94334
22464
131478
58491
125266
31161
42203
42787
75185
21469
100455
20600
808
127397
135582
111386
99411
122404
20379
40701
122095
852
95942
2331
32065
110495
30419
22923
45760
162440
11421
15392
86498
2081
38921
1370
90628
62437
43868
33012
101276
78769
119425
12309
6884
36573
37897
12866
134402
23435
26599
125477
35651
135496
58671
76999
31938
112648
47807
44489
2049
1740
37428
89290
33264
145803
103339
112777
68966
52054
122776
146859
4124
98180
148693
171014
52249
61194
130047
71208
63824
32499
3379
31641
88198
9870
59340
66306
1003
33461
173059
105477
116816
115311
23744
19918
152550
17209
156529
53396
5259
4219
158083
54920
33598
73816
117105
26667
29528
51224
2667
97203
21422
9369
134076
86326
70081
94042
110828
81178
6351
148144
155498
78562
190720
59708
14673
36960
67755
31005
21070
58320
62990
36102
4291
109530
294
61891
40048
2171
38060
158652
91343
98342
118542
151594
188196
132802
84950
104081
10515
12894
80143
168209
34391
55794
82396
45552
89029
28849
13675
74295
95451
160250
73952
8200
59921
1182
103004
31042
27411
47584
40694
145574
28925
117490
59365
90287
128528
49184
66390
137481
70526
81234
127134
28452
39059
146914
17669
72427
55242
65505
47373
13850
39299
115197
123194
66117
11955
139812
41807
62313
122320
3514
151402
75793
36323
123259
84770
91263
118132
111891
9593
2087
43042
140311
126036
59835
92569
104453
52875
71026
136680
9593
115290
70911
70979
24731
119730
95854
76834
144593
59724
93183
54594
55217
20420
88
104426
27108
135813
49210
98523
71409
128140
13077
99699
119556
84904
166230
143918
23415
166744
38793
59790
121386
41732
98183
1323
29530
131769
59329
57947
21159
79059
17821
85181
54838
171246
27352
8516
8497
95188
47412
89662
13770
47374
36164
99261
37237
32643
86208
35304
41339
43854
139999
50010
140329
104469
118273
26955
84834
16205
58499
88468
42939
12126
39341
25791
31910
45179
67767
7733
7420
130298
17397
14233
114406
62022
14983
19227
139015
109275
88444
38128
93510
38919
14480
58993
60769
151109
46909
21581
42292
51479
40579
18397
124416
22769
41532
81088
30340
80831
54843
39658
129025
24128
41425
119169
143482
13154
59282
15327
117515
116485
31626
23029
154232
137522
104566
132514
49653
54223
2025
169800
16389
10915
75049
41647
61189
72363
17612
69228
40152
95874
9502
55701
122078
122139
2763
90382
50140
153204
59683
97292
75411
82221
24766
20188
54150
91119
28659
23187
77091
90436
14296
80890
125988
105998
118042
67242
52092
116586
40741
12893
46860
44777
41068
38267
26529
56802
71250
49538
72749
93786
3489
70664
46769
132145
70953
4359
73769
15023
44846
103851
80546
53749
81896
38620
146357
112275
88026
18445
97979
76849
14170
99296
17770
59965
21311
143
32178
3280
120465
13841
2200
22679
115380
134545
157870
10875
104177
56515
39878
8963
33671
112473
15086
79554
37390
15913
33094
79397
91813
138132
56453
58535
52633
28069
118723
63604
68868
80505
27545
21487
73956
149199
77895
29713
135143
114885
16322
125596
12826
133028
15970
55359
24805
150917
13452
15024
31597
10145
38502
54339
189612
133603
120432
59187
74301
68843
67873
4341
47473
149144
47462
5999
120631
46270
28317
41477
64200
86793
41293
166017
62079
137426
126984
69840
52716
59990
67418
24386
174655
5678
42606
155335
5568
84921
48342
34893
80922
28349
38144
50610
123233
32018
37924
9571
13976
50938
24384
182543
14150
22667
89570
61006
20880
89845
1731
23161
14538
71853
120018
69660
31500
11989
44392
19468
1407
53750
161716
5490
45233
75834
1051
86689
8192
106710
65711
44617
68583
33733
3848
52198
16968
80579
43926
60481
5369
81965
141735
9480
63781
24155
39606
85269
6919
103753
17503
3487
79166
6953
144965
54611
22114
16442
906
71414
76491
167484
38969
25622
23277
43416
19820
129401
132107
20941
14617
29145
28093
85866
25867
140418
67860
53392
7543
45623
2880
53930
46023
31993
40304
56878
17512
112084
86589
99644
27075
45586
84834
179529
60842
37783
10792
98743
75746
110854
30205
35404
18779
139643
8598
97719
63943
94655
165602
2460
77072
11792
42593
122391
115801
2595
54226
2147
148287
89921
53210
12970
32170
112383
51362
114269
6979
112784
27813
64698
19005
60312
44626
6720
53541
155948
46821
12496
133316
54587
22434
45323
12303
106091
9520
81238
97698
425
118992
104382
139099
285
22996
23141
78620
101918
3870
51364
89641
29071
30824
80827
79290
46459
2214
97519
58321
95831
55022
30081
80970
41608
12629
78706
13087
56020
20791
126504
49301
84858
63369
18470
101102
172996
86432
48864
129664
12911
99612
51760
53537
156022
131326
88208
159810
45894
43351
22470
120722
19171
45075
26657
66208
37558
9442
20482
122457
4339
145788
81502
10349
172654
9549
98658
10042
30091
36608
55885
19911
36188
63004
104608
25295
54746
22760
65759
35122
3957
112480
154164
67172
11721
11575
7776
53962
41171
111598
10483
25323
61299
117383
20499
131358
30565
85482
87023
141924
80006
25554
47469
159030
59521
56877
33914
161114
32221
48368
169840
59253
22957
55180
5401
59399
93675
165963
90740
27447
39561
46869
90471
136481
113100
154229
3667
38653
80514
136553
23270
111472
40911
15577
146962
159720
107873
128747
156042
12780
143425
32266
56460
104628
137664
80472
101178
10771
26550
84311
95912
162229
77136
120239
41245
48804
186956
111973
53978
98084
140413
109279
178099
10301
173914
6449
31633
120036
23188
37377
121718
78060
122082
129
117372
14952
142929
39200
9954
92185
37160
12340
72338
14766
104813
44090
147150
67608
26941
817
39933
20075
109504
69017
41910
29561
81163
47656
15295
140634
66140
113311
13488
45415
9553
132565
110335
19793
22212
44094
38062
25542
49465
15055
65074
128107
195164
151159
123607
112373
139424
123005
18111
78622
1604
66740
47216
38626
74258
125979
36016
40194
86580
104910
150422
178126
74377
68685
117649
54289
109459
75130
23487
37938
40117
178967
17103
33195
57676
54553
84406
32618
70107
143597
103173
140389
44004
78637
154225
35809
28082
20138
50442
155214
129680
115740
101577
16915
38245
37224
36564
80562
45071
46950
58731
10571
118011
133574
58068
17504
80519
160824
77185
87989
150457
91316
79598
148618
72881
105740
155350
3479
114201
135362
51459
20081
21808
8935
85392
60324
105924
2880
56695
19872
80457
146131
31097
79680
166289
89581
81822
12997
137236
36917
71058
51942
7886
39183
28917
82542
52065
68283
56663
128413
107216
84611
44242
15725
75058
1406
52638
87076
29365
75137
56158
1313
123336
23488
58820
13910
43901
21040
26827
59666
29367
13670
57719
69955
55777
107293
77994
17126
79395
5072
60244
783
76176
104584
127242
58356
91511
44759
26326
27568
4930
42244
3606
171417
10117
148765
158819
141434
54940
38557
113574
37250
67352
79477
13072
126567
107220
40521
126424
27622
159801
147851
127942
23186
95367
139388
1897
138986
97634
19859
180655
13716
29028
31414
27876
92931
113515
65318
1551
105579
9334
120133
42872
9719
11411
66278
156157
55959
164501
1945
28070
117578
50415
71095
32327
44608
67647
43897
51776
130135
32742
76335
10937
116730
95504
197
80131
79339
39055
16403
116959
85113
2909
80500
51216
44563
41347
63353
77125
46350
13046
51435
5634
101969
2922
127264
67693
13343
21073
42900
32154
39146
98237
73551
55822
17926
159605
71956
70977
59600
58876
126067
114655
19555
47239
77196
18163
151146
21597
83657
72776
6088
37039
54928
1547
84438
38095
89254
132022
70097
148877
126787
158776
139138
139493
52654
53067
54433
7638
144724
28976
2174
165195
123235
164743
141114
56979
106169
142967
62002
71512
39125
59196
41967
104539
403
122400
97154
18304
112414
44368
3739
98341
29225
108202
140363
15591
149543
111020
117949
162518
38648
6757
9724
56543
138106
175246
45612
53248
34841
84860
12467
67631
149718
34880
35330
3481
32310
7613
17101
72505
162827
52919
165673
41770
17116
63800
75523
111040
20038
30201
39979
42799
46742
36112
156125
3785
16222
59316
28354
11711
15561
34944
98599
8373
27604
7090
77169
71169
160726
111649
79683
23495
115444
57583
62373
44559
68295
160517
147027
108502
144290
49004
104665
68153
33702
3626
109589
57389
3235
151377
20056
106806
139624
44579
116344
113915
18714
42833
85082
163317
14973
13980
140187
98051
14288
91538
44110
26724
10481
45431
25942
43886
70948
1172
19639
156058
4456
44545
110297
42513
52528
120355
13816
67306
4188
19009
133691
44344
67502
15070
41662
45297
21236
133825
103854
62944
138552
8147
69133
137601
56467
95034
42140
44445
53687
46199
93208
144805
113326
71796
24145
103619
118711
125486
5664
11473
59238
35184
75404
96716
39893
85546
8430
109771
98459
134590
151710
58828
78065
19081
19294
109933
42192
101388
66163
81254
95860
100433
83034
81091
10647
31843
75692
94631
19418
78380
118031
41657
85325
115977
8800
63374
18102
76554
25803
10879
21623
136796
51290
50309
7557
95844
111025
112328
71165
76119
77285
156269
7600
44385
101833
195398
29569
148334
61113
62731
115185
147692
61061
25501
145177
70385
141359
31491
150858
133598
81496
55162
60000
552
60780
33882
52627
107765
32894
34027
66387
40326
48156
30810
157706
39218
23512
10057
172041
10828
1751
17664
88109
98329
84021
52862
8612
45425
132477
50831
19529
55126
107263
93623
111029
63156
63881
149199
35360
77798
27163
32676
33366
46189
70861
78764
58463
37708
26636
46282
36230
11579
10175
55423
49155
49066
65969
104563
110943
91750
48744
52430
84779
82374
31356
151152
22813
20560
8605
577
21434
58827
52719
69615
122441
137897
30816
45524
9230
75501
94267
12709
6481
86380
16253
64580
102151
71036
7197
32197
25744
146457
123640
27942
45272
5610
108810
44598
141049
93727
18290
52742
49792
112017
101816
116471
93830
58212
79839
67462
90628
73891
64812
27995
46485
151895
101234
16143
19908
62784
43969
102759
8724
91981
85277
38945
5
19990
97850
67257
119764
158206
86786
117377
42887
2614
92253
119000
11376
133551
19686
11706
137000
20944
92381
25105
141379
194341
10056
140623
91627
80857
7135
6800
16700
16058
14200
84253
115834
33056
46603
121862
9333
167207
126499
14952
52037
83956
110754
115819
151439
29628
34052
104202
111345
32944
66610
39056
36360
65134
27832
35477
59195
7093
27335
27808
107226
19219
128034
23399
171810
169520
85213
46140
52677
77121
73173
188498
7766
57637
112588
134565
2160
20988
37139
57064
55040
73765
80175
37718
149212
61985
81722
41106
65837
20213
123784
20924
30682
68160
76845
36669
119369
45003
8387
21393
56355
66060
27850
37214
32253
41000
98597
14231
48852
89128
137081
25430
69026
165103
67854
92851
159726
18536
67553
133624
61211
61838
70604
82089
82414
13783
24269
14950
28923
11294
44396
141076
79427
65671
65161
50602
54725
9719
62289
63439
79051
131205
95278
33111
131842
51371
71935
35287
49950
43809
6636
113501
58662
19644
151332
88105
77070
45180
21057
38241
67319
81218
107489
146233
42461
43736
46615
58241
115658
160186
106081
72561
172940
97777
25384
55204
27876
94437
87357
78263
10112
23322
56685
159032
141831
22736
6260
7551
31966
40086
370
33274
137852
71191
44177
34213
126912
28010
19975
3617
96519
43912
16963
78140
103933
17893
38478
3511
32099
81730
103584
109784
35353
50623
13406
52799
99147
125864
1925
10784
45673
21042
94310
95812
118111
24478
146774
19876
76204
147515
24974
43847
102780
4274
105024
6327
6998
59246
27581
112076
116610
169857
5901
9464
47713
81265
22650
131064
124386
28130
38868
79740
118235
7678
39017
36340
51957
85909
6720
71482
77776
108539
115475
44056
14055
131382
78114
24237
26208
34572
18245
136290
56269
2395
111036
78743
39077
20894
136793
83358
82666
102484
94888
14969
111241
50678
31437
30659
143871
125492
68327
103567
5775
124869
31028
61991
115260
78568
32459
135040
138876
87183
120186
56138
111410
96209
102083
27025
157563
29070
137015
78520
120009
51862
44089
43854
61673
140180
61410
81645
101018
30667
119296
98868
133624
99574
29393
68004
137264
36507
25172
36693
103611
10617
148232
65924
47877
55802
12888
73142
112503
54438
113529
111944
58146
5349
69646
140282
108971
90470
84754
133125
95034
59905
81572
39874
102697
134048
65362
85447
31024
69770
26851
69554
84951
3550
38116
3383
29289
62533
50240
63815
52663
4793
52376
40666
64588
79618
102977
39859
11895
66704
19652
52713
117747
12826
50008
87297
91500
12288
123995
39560
158296
92905
46490
101074
53587
66828
104200
16261
42840
121163
83187
43165
132177
45321
60206
131257
109996
10261
20054
140364
23757
47260
23970
17135
54522
89412
7024
82769
125587
33422
135466
80209
167569
47079
66670
47888
104554
39322
11586
122783
38562
10830
67033
141835
117683
86467
120622
33441
58704
5245
37932
123488
27928
172497
35368
89834
85071
10042
61725
3732
41804
33934
116787
41692
3893
94023
166779
27269
17854
13439
77130
17304
46016
117478
74060
24700
45781
41536
130466
264
23431
108285
14509
12221
99266
44702
84356
73949
74977
29603
44152
11093
161463
13366
38339
24354
54833
37222
175141
94017
12206
101200
83136
1284
163316
125318
75189
9643
28724
51679
132480
68704
147023
4789
172880
52827
46906
11744
107151
117315
111980
28658
24299
5133
44291
80320
162522
94712
31128
25995
54712
43580
71157
84040
28949
75711
117888
91794
61266
72856
112495
130211
81261
33105
45763
84753
19897
17948
67154
103848
76321
160181
147881
11493
59441
116596
138846
32885
44273
61127
51091
38046
95056
110835
68047
148147
41007
62169
5490
143044
19483
190207
119220
35357
145784
52656
26220
182650
128712
19844
56678
113597
73032
57915
60388
156524
132734
28506
45421
68201
28906
1516
307
67114
24079
72604
173527
23171
64797
14646
185343
42743
93230
145167
33905
26290
80552
77129
10891
64308
2073
105924
81534
74386
113154
111920
151589
85303
124443
31210
60438
6196
87857
81035
26760
44210
9353
20980
42893
55584
46899
131908
63610
91368
89457
24422
117997
187849
150760
77846
67931
24121
47363
112084
131434
175829
85308
32216
772
12929
18686
58041
13222
13700
94834
59525
117868
3650
24739
9900
124053
55434
135677
88873
4824
112291
17259
57906
124892
68266
18184
99474
104194
65826
66736
50370
7510
134889
40032
147014
137364
76912
54857
26608
20275
9927
40070
52168
45143
41964
36832
99395
129239
129447
67356
2710
39192
101150
69858
41215
54951
21796
123226
24295
98437
8643
105460
110874
131885
84585
5867
51815
10147
23926
79656
77940
65431
159023
66479
14228
84139
51288
23450
87380
1272
41648
76641
23624
5309
34931
87922
45785
109407
46095
110333
69052
97613
57761
51732
10731
49428
27723
159728
156425
1486
55291
91134
71180
13127
183969
111083
95064
23402
88411
61010
164116
98694
41491
59873
13251
88412
102480
86667
78948
176844
59871
26714
708
66482
151541
57855
95220
9230
18844
87711
101431
76672
44299
109462
58593
2028
94490
27088
64375
17221
38309
38981
105891
46047
77500
68530
51741
38124
152321
706
12539
128743
59595
162761
27190
94190
2976
107480
24432
169144
144696
34082
54656
100390
14216
10011
42708
14613
144562
10164
65021
85213
125364
108461
66060
36590
56641
167123
138713
78605
63084
150740
7543
134693
66709
5883
100477
116233
70238
3611
21399
76462
80586
43173
3949
124968
53070
29045
81896
32810
65361
39354
19730
11311
143806
27491
50929
123356
95229
65005
24808
131263
23299
1186
44057
833
45218
173717
98647
115309
150562
49203
78868
155668
57595
137213
66694
103939
132046
25463
19547
74087
84645
95506
27597
65881
20053
56359
24087
102772
16774
2597
55351
11171
40452
56688
116752
29120
992
5907
93809
21429
11481
34902
165372
2504
55875
20212
124171
38051
63265
84535
59214
135244
51818
121039
21335
70561
146739
7018
496
339
162659
38972
34036
105332
129742
106654
52703
89056
45568
31413
54303
23757
133468
59523
63592
3484
89711
64085
7550
9806
96917
50710
3634
42348
34861
38281
55738
37218
13139
77509
55104
32700
31891
47227
179013
79748
159911
123780
75760
37518
1676
126904
20239
120851
74858
99885
1933
57874
115530
38717
108991
29781
9950
133706
35101
41948
158451
43592
103232
56153
15796
131606
16138
89556
5930
51968
31425
77718
21788
32849
36040
105057
79016
47891
47562
64612
54079
25701
89142
39361
49206
17064
114330
55035
7792
1439
3964
6251
11224
45039
63551
156079
136048
6124
35362
58715
146154
14284
40164
2311
136933
5140
38124
14691
115532
43668
7619
6092
68942
25426
39431
36632
160616
114871
40537
111898
42329
163336
122227
35194
2736
81906
48065
121264
69576
11516
28124
4240
77755
28045
39551
100171
43270
25501
81329
63678
54283
19007
81083
113795
101547
41753
50608
78302
30727
78768
25368
75320
124654
114849
29669
5963
53397
35038
13987
79106
135519
40105
24611
5851
24816
114853
144047
18620
66300
117154
75153
8145
98773
25941
100881
120890
1429
24086
88403
127350
35327
12627
104136
70021
15880
51568
20744
1521
36885
26556
99522
117824
17124
104852
64298
85231
28377
11865
133287
17406
41746
109654
88573
73270
6547
64986
46839
2400
77015
42744
72661
20057
1065
63240
104502
134208
106204
68607
112511
37392
72406
86444
148934
20044
94001
8444
19380
25535
31223
102305
23988
104551
80909
17298
110279
105396
26293
33419
107162
86451
20505
45783
19484
116502
64521
11890
67564
113214
95924
9350
119315
9691
52702
132797
53960
37858
99976
36768
61575
24777
13876
160077
161566
36681
67475
28385
22958
15174
67237
13809
94010
28815
39867
106710
83191
73572
68499
67797
111569
11344
164897
31109
67387
59079
14197
51971
27154
8137
108632
53854
8131
81742
107472
105469
11441
92086
12517
31547
59397
41786
47611
58774
146411
53185
26642
55239
141551
75447
88038
150641
40437
68746
136609
66334
23671
26602
135621
7508
119889
153462
10489
43946
106763
40786
60379
41897
37717
36547
25142
44092
37925
21851
23960
12242
153543
104480
52262
132088
105145
25208
10557
7229
19887
23556
88553
28391
10025
28070
143430
59189
83899
70743
131249
48763
55386
67839
165426
15013
82343
103356
102559
86127
132294
58303
91884
151606
30557
50438
134712
29313
69396
79077
110813
30688
158338
96240
15694
18165
101532
55203
64436
27968
51333
134245
29895
73411
50967
98123
89821
116755
27869
102528
131905
46758
14646
31109
91465
40908
94234
5014
42096
20814
143245
57531
102542
175730
49039
151257
48631
14207
68676
60215
43257
74042
65686
164466
180564
90123
9761
24871
46900
139047
60350
74192
57934
21462
49340
20116
133647
23354
102812
128423
127184
80664
47596
112238
51576
74206
69499
22410
103646
72060
38928
92128
19710
71323
43901
31831
41267
94124
47119
87895
77472
118030
76934
55230
118102
19442
16714
70400
59148
111599
167379
31543
3842
59098
2074
37527
52034
32679
58200
50834
5084
22604
2492
58747
59053
49209
95811
66845
62549
16958
48413
36508
101738
21792
18204
46162
20191
31310
87916
168496
85944
124285
24734
833
64602
55523
50335
37804
15740
4490
45654
163204
37330
98540
89515
34936
20694
86025
180337
92762
102670
49901
127245
35893
66271
109791
71408
5793
112952
131639
118018
50621
123432
23538
25178
3260
103944
15803
21589
88589
12540
59066
129520
86716
95893
182354
31048
22884
81297
60110
24223
78962
13326
49424
65791
47656
124701
64345
18599
139894
131192
24979
130102
123680
86848
120898
71064
123276
59848
17627
135275
54237
18606
98832
89496
62987
95484
85327
10570
64819
123449
124224
81612
114631
74804
5250
20219
46298
41776
69972
10279
85338
10029
71572
62003
40497
103626
25585
50481
27044
8491
171463
93908
133784
99510
87044
192833
12523
69543
48911
85768
2865
125078
44429
19865
62149
41481
41074
77682
79301
115350
43105
70516
59132
20451
63866
145799
9447
43196
15088
138321
98269
31598
15841
30559
101659
2859
4421
18619
32747
49888
92270
45478
24168
62273
81058
19835
164173
17552
69006
78895
25823
14110
95652
18427
4752
89707
64361
56635
109317
36028
6963
31342
90478
98975
18348
150187
82017
76331
119859
127125
61074
125945
107292
44163
59912
192839
14042
83445
116005
52402
107037
103867
19758
41567
53700
61456
20158
129945
19071
114974
17127
16265
88543
3223
22623
60797
39712
36782
93539
19263
107686
3547
35461
84547
3980
11073
39713
343
64298
44638
22569
35962
67831
11734
85736
36957
12986
136484
85037
83554
20262
3567
140477
106957
1491
13042
78170
20574
49948
7259
93646
25807
30716
95209
40420
75710
140591
38911
54382
46332
46688
96361
60284
23470
19100
37215
93749
65197
53046
10042
65582
585
51809
98546
64549
31649
99817
62446
102416
139451
131212
90990
87633
74204
37475
58039
110794
40899
55069
41908
138743
32775
68963
41112
56174
3926
49227
137170
111822
114251
55118
80432
143075
153797
24321
62681
15815
18838
128296
3501
47433
9755
81733
84739
50553
35214
6277
76158
150703
45587
26201
19838
73680
140087
80703
127027
14295
14913
61999
39890
93973
87662
23575
72384
4726
84452
62181
175678
57114
72679
69257
67737
152306
85688
148722
106595
104759
146671
28020
103804
151103
34061
7889
60842
107609
74826
25335
45418
30592
64589
16157
59780
86923
19861
148282
62852
100129
125181
80006
48078
16881
7854
155612
64801
35838
37612
85321
31017
77449
21013
2660
123211
30891
14901
109967
49443
7563
89140
21156
111234
95602
16583
32021
66492
61752
25243
63176
82272
33585
118086
47291
51221
46775
470
164968
21070
35507
35920
60949
25175
1688
1374
132698
29516
14204
119692
12904
150413
24884
104006
9104
87770
61503
10231
67745
58425
23168
68867
98149
140296
39645
14692
29930
52345
2770
114
36139
27280
80732
61150
48134
40946
30801
12466
69293
20527
9346
120572
10745
80555
114660
40421
1183
150174
40253
18487
1346
52817
13501
35171
136946
32744
157400
69708
49950
31284
91257
30482
125849
103734
114259
26788
175618
5336
127270
75687
30477
135924
52497
91911
62241
20232
152826
57791
103860
44580
75632
94898
34908
24852
69536
123626
146865
132272
38994
79931
113519
112609
72435
36214
21984
44273
12448
1781
66307
102893
20556
54377
79039
104819
14451
160730
49480
172137
77769
81227
4603
18359
65180
13097
100722
3646
62707
31952
64255
127449
92878
66400
149656
124193
46961
2840
88591
109306
114482
140178
39591
56851
102429
45958
42920
27553
113527
75748
5346
10328
52786
174652
2214
13953
89663
29063
49101
120519
53588
79379
19572
83460
86168
117908
11815
47447
49270
77507
98878
20886
58315
65632
18941
171990
75617
139697
54317
127259
106134
16454
67020
25565
36707
84407
34794
58222
81762
3952
39149
171949
50145
47474
19152
39829
86595
103732
90299
147919
124597
3324
40204
187751
19959
41636
161132
161807
7270
33121
616
70091
45859
8973
41593
60843
44396
25489
139609
47761
26201
58363
84417
84696
94704
14915
10105
23950
85371
12051
42296
81379
75792
52716
80833
144783
148245
16167
98284
5777
144805
91080
34747
101975
28836
167443
27955
68727
138587
82256
22841
90496
47491
20540
117523
95898
23346
101395
58304
75599
37204
36341
73639
16599
94715
30668
172468
100723
47243
121243
60230
31148
53804
106681
77570
35018
34750
12403
14201
174904
35835
57758
85760
50691
19847
80823
60874
9382
4246
83915
87186
136016
156544
61889
78706
125205
33881
88644
1343
83877
51509
74889
123081
6263
55913
116312
85851
33340
81775
68424
100827
91267
17415
12203
88605
56786
48897
32430
117511
66846
133961
170903
1927
13979
92212
122508
9633
3273
31001
65810
97249
54579
64596
144390
105514
81844
14592
98872
61101
6850
45393
153468
38691
84395
11439
35289
103339
62583
45020
134508
21214
64772
105199
22299
76632
59150
69614
102859
27435
30374
17092
104573
9682
13915
28672
37289
84783
112343
44779
17421
115700
100065
158429
2449
23869
143135
72972
51360
144812
4694
45683
109462
58427
15820
13548
14047
63227
42382
58200
109417
14312
58073
150570
23899
95635
68776
27291
156304
151572
46285
113235
5401
139566
13273
40388
75503
69455
139984
56690
8268
77039
80984
127430
23688
3156
80168
12909
78015
104083
132005
58000
136737
37904
10464
64616
93977
14241
117707
22765
71846
8886
128435
3558
25468
45033
153380
76938
32176
5123
127192
65371
74093
75865
57835
131048
84376
133656
176100
88801
103724
62303
134580
46088
82680
13231
54616
60047
134726
76296
14741
10292
171736
20381
2470
13155
36754
39528
47509
9825
14601
6264
98601
70096
56539
77049
40677
15918
83983
18802
39749
106756
12778
39980
121313
171912
17276
43690
140060
73195
18605
970
161650
113674
69394
48997
28756
121134
23182
70980
95522
10011
76663
89900
151539
32062
130104
46066
14164
76924
331
17793
10038
122421
22815
98736
31607
34519
7972
35751
89249
10066
72542
22387
98069
53965
37923
8380
10523
11285
3059
30715
2225
12179
45851
19191
42894
116014
95515
6660
39599
5317
98697
282
30133
25388
74257
84385
117027
88383
157435
68032
57402
133889
20729
39884
72696
14979
26553
35172
133115
115442
143988
22131
41713
44407
6084
18774
36785
1334
62686
38179
54687
27795
1898
94596
102865
156258
44619
166630
20381
70952
64500
76990
33839
74868
32813
101574
173837
112065
62518
298
93893
64393
92483
40880
8957
97712
135686
101687
70603
111333
90669
49628
123765
71450
101587
72367
47496
124335
30085
11392
86087
25568
65199
103217
47927
17193
96286
110324
77094
66182
84450
64833
95502
112617
122380
47516
61751
78469
58759
77807
69922
36693
27269
35253
160296
64383
71025
120689
41099
131082
62208
34915
10005
99092
6871
70700
111869
66248
84305
80329
101103
37494
2035
44166
66187
80614
40448
77692
59557
4554
58296
107925
7836
99927
116869
105694
12001
79995
90185
145842
124439
116974
128433
3230
171094
37848
38130
86670
157001
118080
26607
101584
54125
13855
29393
144728
58343
74935
100442
942
38590
51180
20355
73865
70159
103191
85367
172048
131900
28972
85022
101007
57668
100301
48119
111881
61618
67122
33359
109127
91166
78931
65456
89232
63005
63090
122141
70385
33335
70435
5642
160224
59046
146881
34813
62339
20319
7674
80131
44716
108242
103518
53729
12094
59636
42525
76518
57646
81083
14056
41489
71004
17131
110340
29400
171159
160281
2051
74947
24738
75379
161776
161281
120445
29046
27888
13235
123639
45480
38964
49705
128260
17964
18314
128796
12488
13991
135135
77968
60686
52889
155602
20495
37373
131486
57750
156989
116585
48380
91811
94395
105748
68384
56600
128152
106783
23356
11584
40917
40036
3295
147365
94127
95328
81802
107749
150435
56199
138462
5814
128934
17937
111806
30605
69352
23696
102263
24305
70270
40262
22805
61814
65751
92470
132625
48137
119146
59536
27253
86164
38850
113371
95591
41575
38428
37611
24216
2762
79383
100225
68028
115460
53277
140505
55374
108097
50779
100288
4658
18670
131058
78152
29680
11729
110185
114345
1134
18634
1282
80488
69573
23626
57540
146401
182429
33083
41673
49455
6100
83891
141451
52814
39281
171139
70831
35306
76906
34702
65983
14272
17277
21726
65920
23081
6616
26555
10192
3682
43532
126757
119687
39993
38971
50081
58713
37208
161818
86554
167883
12631
65631
42470
187732
63774
61259
140202
15249
96329
89718
83943
16963
120458
36759
16749
39157
21649
123835
105212
86343
90547
117922
39409
154333
36409
19243
9593
23437
22893
15880
28022
71245
37289
104985
85713
12225
28309
39017
62523
45490
65812
103421
163268
16575
25612
78339
45170
44904
90318
85768
11663
170793
26968
3226
13548
27387
5275
152596
34452
26051
50338
115918
67678
62454
59914
50136
37359
18616
77966
25854
70491
19295
158220
6695
116124
26622
9423
17244
7429
124456
3275
85117
41577
30429
48748
26032
106122
68612
9455
23638
91736
46369
67991
106964
67248
2163
147783
5918
27595
26667
69207
158837
44438
65101
119924
23170
31331
34381
141441
73613
18850
159948
137625
53731
15355
179729
22566
39754
55271
151011
66663
16578
168335
50678
23768
130926
85542
36955
45782
159919
880
131783
21843
77171
8680
29140
60461
86759
9253
119615
81166
73940
42656
75628
65305
63063
76319
164903
166232
66911
86594
132789
9921
171187
95932
140511
92443
164712
40594
60549
87623
56416
101662
103927
7822
12050
31245
106811
36293
80104
128249
28957
105370
33689
23296
132858
118240
41518
49906
103112
122003
123694
56700
71670
3488
91171
97543
44105
119933
44158
27302
114285
89513
160019
27795
105338
75518
20143
5352
103343
30843
88839
89513
7406
91338
13390
64725
39786
59930
51790
94868
125954
24186
19811
36955
50256
63042
95915
43171
181653
141230
5364
170717
64505
58669
11293
83609
125984
155082
131565
14021
67310
9852
15556
86979
54827
70818
61211
25463
59761
73162
148076
25738
46188
91018
133428
71520
26024
15725
17300
10706
70948
25006
2858
22615
85658
19777
132305
45539
81640
31648
2760
49423
171174
68795
3292
20055
20019
6651
98637
44940
65702
21727
86774
70669
63110
86870
85982
4611
54689
14817
43286
166337
81232
25524
34315
98131
143089
2144
5612
59829
6936
52061
97984
25464
119742
130169
68222
27870
65341
65744
50787
100560
107495
88970
4126
68997
104417
12928
46904
46504
119837
15640
102532
3617
104534
52504
100086
101452
109062
13212
25400
78184
146027
73832
76359
58830
79712
151657
13148
130856
27051
57857
89804
1451
8591
29002
78191
55746
118805
28796
40639
66260
79950
68723
123878
102244
29545
84211
126774
103606
39557
86638
38207
143446
160575
68807
64003
28621
50486
138866
138981
22123
894
31653
43887
98429
7609
70690
48154
28834
78700
27067
45458
17652
130202
35806
70575
64935
25299
176097
55246
80781
1222
13190
9299
162777
68268
118461
33388
14979
151503
114857
76520
8997
48253
35660
12946
43749
79958
10962
67518
16658
124636
41739
60868
3060
39068
42157
8014
66578
166697
33786
4807
7349
36496
77779
19820
26248
61271
66560
102435
107617
107492
35745
18257
23089
8447
37300
67632
119830
69616
20806
36055
72146
8544
108184
79359
76947
103138
36929
12279
84028
3916
43905
140328
18287
80909
154728
82346
82539
147150
104613
162547
115574
49709
23466
125860
28032
31717
163292
79403
51250
57422
27366
7816
65306
123842
69841
45744
68710
38475
20594
53348
6316
10770
15339
9236
22209
95544
1160
770
25422
35176
117549
108342
177986
61815
67653
724
47225
74569
70783
47473
10892
121466
67494
66946
23752
61822
12681
55002
37072
152237
97329
11405
57709
29883
62369
72221
79308
138806
71286
79245
58753
56676
12257
69616
18478
122901
72903
91763
121048
74390
4144
34061
117209
59436
127951
160725
57158
160821
123964
139140
140972
45648
105764
40508
9028
9444
56442
101005
19573
95967
90373
75683
77697
132164
55144
137422
130304
131730
101440
10783
53564
49759
3155
64958
154334
90308
102954
78504
179301
125600
89508
76756
124975
47268
103261
14225
175674
70627
91592
81084
40830
37615
44914
872
13845
133090
1810
78545
12
39293
103051
45097
95164
32844
4393
110438
94855
103195
58860
77242
65632
67811
51034
79578
8698
97072
4197
50910
126041
124597
14449
20661
60507
58924
128895
25162
61213
162153
95954
47203
1380
156137
66801
45537
26539
91822
100194
5290
62280
24154
33495
79841
18338
100803
37164
139812
24629
113243
132988
30093
29810
118413
46672
159813
28620
85157
36316
3328
42169
74344
89140
38633
25093
50081
21644
31961
33147
44241
79452
8238
102988
28574
109148
42990
82653
48238
27038
91155
67164
109855
40724
5192
103644
59058
104110
65768
3411
62176
39321
32830
49545
36254
45857
15315
40453
169171
60370
60952
157827
51966
136230
119335
45992
2832
77449
24108
42176
7270
105237
38568
7057
42646
75667
8939
77060
124644
118323
23693
22165
55701
145956
9679
116420
2212
4770
8733
33537
81027
83922
51339
158463
97645
46029
85420
29131
55267
43165
65522
3477
143396
152555
71407
86954
173753
67485
36281
60287
61076
71864
18278
8935
98357
24228
73118
16831
125474
1722
2300
18748
103497
123892
56811
123528
8125
59488
117741
132564
31574
103130
89424
23492
111031
9833
98588
989
149246
121593
20556
67447
146824
10031
9433
25428
135751
76059
157803
91432
9135
95039
50753
12360
32129
35918
117772
7353
171723
2877
18867
62418
140215
40971
14282
85801
106360
47204
1110
19101
56966
105455
149593
29102
165731
4946
89678
56424
67692
144579
171570
71120
155696
49240
72261
111395
124796
1920
81451
66344
3091
6059
78783
84176
151191
11234
50964
155484
13688
79304
20667
101756
32849
17170
3260
32381
154793
468
17310
63717
148353
46733
74100
28933
76567
86111
18216
104036
103763
26090
55392
151916
81855
33251
84132
88508
119632
26326
56881
57097
116865
100429
163818
66857
57756
13877
44043
48270
182240
22643
97340
76883
111911
133592
56984
21023
33524
73604
23251
60003
9681
31201
5057
107331
82305
87159
654
1758
85086
3222
100807
1296
56668
140894
15070
132838
93230
6774
40798
112492
35848
155236
79301
22458
147560
144773
91036
164692
33067
79854
127074
68993
60837
19186
77310
172975
27200
16202
134377
23417
68136
13206
12513
72913
7388
156529
97676
37079
4608
11375
57633
83143
107279
124859
122004
52801
90100
9626
39666
39406
25003
46877
18301
14471
51972
45054
69766
134598
68706
51363
133890
751
13063
48135
7593
15072
107316
63174
142233
23419
52509
262
79505
110214
24731
145070
32806
3393
40560
47775
11547
109996
40489
29243
119674
72013
95253
122010
332
35825
121487
10821
7431
25152
31014
55465
19827
104046
11483
30394
18909
10773
6429
45913
82732
43352
59925
37578
36992
49076
10765
89501
75116
9134
2713
44508
32800
94066
75290
21182
151300
96931
32254
42754
2307
19266
6386
56966
88679
96157
23764
34918
22299
57421
27204
66054
129923
132645
86305
91946
42609
6991
82347
1347
75402
50558
61619
1880
75363
96779
36817
101006
81470
37346
59857
148653
135606
185352
14157
48714
76513
24464
141178
44155
106993
163539
124291
142784
11802
38237
81984
95680
76287
14132
2023
104501
92958
22624
23174
48757
72985
31629
153437
38118
116296
19575
54486
585
160837
129086
42935
5406
107212
10935
14223
29784
22659
92279
49717
11968
38608
130842
7423
139220
139290
30299
49841
21586
119310
71132
93795
43940
21845
104472
70334
194295
46917
18796
31766
89258
