49228
49942
44538
57711
29337
30261
144533
106585
36589
40255
41782
78571
151568
8224
100651
50209
111596
30606
101129
14810
81665
106612
99378
64085
63140
71295
98009
133636
39776
76860
61595
17500
25384
14610
142345
96996
130959
125548
27407
135621
45815
28692
108068
90294
95842
59025
55707
149921
86734
2569
182607
27347
140904
113038
25641
30027
81806
57132
19798
82594
33122
66952
59148
187043
92343
118913
74154
31811
94581
28267
50496
125779
66900
30645
63918
39381
107458
24585
105406
133154
113761
152622
13832
32604
47977
161733
70051
149387
63943
49684
119438
47551
17038
91587
58433
42062
86888
132267
61853
65542
97
56948
59831
60835
84600
14512
77070
50728
105384
115484
40609
163709
115023
35507
36869
22329
10627
32503
11752
118026
114745
75686
140319
48388
15986
37446
53577
25127
42908
12855
95501
62538
145556
45133
32509
108583
13538
7922
71312
66534
4547
109894
49178
98534
54527
110561
25801
56684
104019
65534
90563
129699
29209
106741
103799
32024
9911
65896
89816
38137
85118
60260
41818
20193
130236
181390
2844
35470
125871
25719
132233
57483
80335
70683
39549
76034
117081
66276
43984
103054
117333
110505
44907
4893
126459
23054
10951
100754
82219
165757
156549
68818
31974
80647
33990
53352
107273
58499
40568
130823
65628
129343
131032
102399
5515
80420
157794
31979
9815
119706
25978
36646
18192
50070
22940
55980
71176
143054
75422
67192
130552
30699
78549
163324
32373
115032
37379
55098
112920
61682
48726
81977
75507
73243
95595
71077
147658
63051
88342
24361
20566
118300
9905
84287
138695
136445
126703
44640
22804
5726
64999
102481
81006
3884
46152
28274
69376
13908
3568
61661
122991
158809
104021
17584
107638
22306
40375
190
62405
47703
136153
50516
41147
114865
30977
183920
24357
4044
24465
43193
12202
144755
93905
104988
107018
60329
3688
41560
15168
58094
11525
105693
6740
17040
107411
109129
99908
67651
39996
680
11279
47038
91574
24219
50405
10914
16953
106141
94131
189644
157581
11072
23535
4127
45432
30097
20850
117887
111771
6530
50919
3646
66262
36129
112079
22830
2452
108878
13002
62501
92852
38671
45026
24171
106147
29389
66542
8208
60021
110312
105649
46230
87784
24696
103534
56729
58178
9947
13978
28457
13898
16789
75519
16482
131565
616
88704
164820
20217
109278
17853
43631
50354
58800
12854
66286
18246
103044
147329
14579
25525
50784
9764
164700
21660
56168
75719
27477
73733
28540
32273
70511
13613
157155
130978
11708
80920
49855
3190
144667
21469
74813
88198
9448
77665
8529
134005
166067
2029
1102
51844
6719
5786
144049
148099
115190
170542
9355
102796
63274
149007
59108
1094
3225
115737
175246
69845
19838
41865
63417
3521
39939
111786
112290
21232
72401
108744
59258
88919
15365
110133
85439
82
55116
103066
69134
78599
34559
3640
57377
36256
135772
33360
53344
139155
83301
15252
19664
23424
93910
154490
152989
125549
25589
4559
81339
24912
39716
150485
15818
79428
87346
112539
143618
98521
80063
49823
80531
74352
147570
136982
64760
22712
65624
72621
93609
13161
42956
25548
47627
129232
56442
67343
154479
63602
23926
29199
28132
97556
113175
29027
182875
68895
67337
86651
115823
47475
27819
22644
5940
25436
28409
71172
84024
65206
123764
66674
3640
31917
90674
64640
150469
16777
177852
90019
25073
13519
18264
157811
3124
95221
133692
43284
66527
51306
1583
40605
100052
117608
43351
86672
158217
49464
138713
68179
12266
130946
168119
66315
4066
148764
28783
85760
28099
88163
7347
170592
58334
69242
20317
29919
2662
8701
125577
99616
122442
168939
72347
22259
92607
30881
73194
80781
130992
73424
140402
30800
73736
138250
85133
102195
20597
76229
25490
138574
105696
153214
8907
78037
32175
12091
33369
127647
41726
50621
61576
26354
49302
66428
14449
24149
107234
79487
5074
75375
157433
24194
97409
21653
4113
118173
110048
34984
27043
32771
104068
160068
17325
102376
10968
4306
72541
11246
26457
6852
108276
87039
22885
15726
109085
110162
85043
43160
10493
7982
100117
32198
129910
32686
128919
43253
7359
3788
78586
26802
15585
5733
27207
12586
40667
24697
23573
925
147411
83870
20907
42829
153830
40330
99980
87470
39146
63115
59144
62985
3559
25157
25560
130976
118586
2299
42082
7593
56722
83173
79320
83566
69856
38401
119927
119639
80739
131934
60304
44552
18404
61207
35161
57102
42873
3670
72003
63707
69701
75570
7699
500
7227
86413
5898
12542
51622
4636
23106
24811
97369
83351
157262
48299
146337
53100
35970
79272
61427
108937
45653
84419
134909
45929
62425
26502
31221
75551
75677
24231
61367
140702
141705
86706
129785
83595
22911
46545
103793
88620
92084
3552
1518
52052
88149
129888
8990
123146
2899
89964
77952
67346
63314
55459
54638
18863
71149
67609
153040
31091
29088
32062
114078
12191
116357
42285
87419
125405
11020
42694
106449
90657
1213
148906
2813
164198
15476
82433
154369
98133
197
16187
54571
118610
2927
4523
19122
26381
39141
56157
3999
3751
146053
100501
77485
69227
187871
84128
74691
151827
23872
73485
102285
62729
130611
78302
3991
47251
27389
21589
24961
10469
178629
73812
73720
47887
165845
17749
5907
22279
122997
38801
21084
180006
67045
76454
157169
67022
19535
86238
42826
54554
106655
93834
22126
25540
24732
12678
98625
38574
24399
79428
96919
30062
114881
184914
24717
111938
33788
36502
58104
67734
158104
41246
24217
45699
56717
38333
174209
136326
24214
29256
113
20853
25653
48472
31813
85690
157385
15164
43752
1747
23612
43980
92789
45018
78229
2786
60589
12538
55187
19446
110920
62936
61344
32779
13585
94
120913
115209
141685
105349
135373
59771
1906
112132
87704
170279
61116
33443
672
168145
82493
109061
12838
123841
147095
12877
132800
34419
15975
79909
22697
114132
5113
17337
16106
111518
85111
92469
7063
179908
75344
40456
36371
96867
29916
63992
136831
867
135660
161237
34938
28076
103563
41843
163451
50789
25038
50635
132814
8269
13763
77909
12134
59140
69182
45516
2509
111629
104710
13439
22188
104751
64249
70190
73963
83855
29974
173692
67572
78192
11286
16754
15713
108863
21865
15266
19439
33963
48390
90867
70557
9370
111906
22354
5507
1359
170565
106119
95107
67630
86456
50183
156075
98116
38075
22093
105578
114090
92330
44562
79900
79119
140739
154466
120291
58749
97953
55898
79703
84540
166715
101151
55168
139501
87776
27295
23749
47930
84805
2275
146950
61692
48953
163294
83740
72675
96917
13208
122424
96470
193139
73463
19627
4643
11500
111444
4817
1578
8421
20068
11942
83705
2605
25300
54555
106780
60947
60915
61372
36139
62361
7122
7965
122858
66259
55302
33685
1928
3683
119484
27440
26462
605
17787
60496
157268
114087
85162
121711
54679
8541
116323
1523
8423
41435
6451
176209
98272
127627
36724
21382
36299
26109
15249
56488
119502
36604
161970
122298
103897
84677
5576
85141
100079
4341
137019
28125
47242
137931
48599
95680
12625
99959
64831
102912
67438
42827
87312
111923
60454
63615
112926
2187
26063
4986
157017
21468
46747
67019
49827
90444
5865
92787
9460
68277
169965
56888
51576
69138
115480
27910
39770
71100
42
64568
50012
79607
30735
80041
115414
97004
22727
39591
29505
75369
62604
153170
90257
73268
77318
162924
57682
83118
60354
22460
92201
37457
145599
31037
106259
105512
27341
9568
62094
52244
18439
29890
38282
102489
29614
71053
47485
83460
177264
28054
108221
147849
67288
121795
122772
34846
41956
21509
52270
150455
44553
29622
82148
136994
51088
61001
49701
115806
36063
54981
108184
105218
146198
12527
32710
152284
26661
32907
95036
63405
77080
99926
154818
44221
118401
14631
132166
32654
95379
9066
2283
26445
151328
78235
8778
124170
71518
71573
103047
106923
64467
89791
37971
54552
28158
58965
123513
53045
4529
84751
39487
28415
658
18414
127627
31849
55912
14343
46977
98873
120639
121337
32893
24247
62784
152075
80012
1141
90619
10525
108884
15990
32015
64322
63186
77655
27393
36422
95482
87125
5341
75638
7398
129925
57666
4137
28665
19379
43338
9811
16669
18411
143528
47942
3264
13425
3705
9926
94999
24198
133899
114878
70952
24822
82308
138766
81127
113075
27165
143954
6027
65437
97914
42893
91362
137282
22682
163528
35357
16498
29094
4792
11402
65032
79965
118122
87339
108389
96116
180902
136215
1511
42614
27725
9316
82243
94860
32506
66872
22841
58544
179893
124599
13968
48403
2670
33606
132128
65654
38828
98020
51503
40058
24576
77518
14466
1428
115708
42464
55107
66328
732
51228
83035
40605
32040
93043
52852
91058
118483
114150
87513
115166
7348
75370
75299
121850
166927
26373
22019
17716
32604
108885
163751
5160
37787
101717
854
3161
43247
139516
14060
21618
55465
49459
32508
25607
159702
30134
111381
106583
40851
5488
113409
165965
54403
95915
114440
104369
60902
39416
72003
96242
95750
20419
40705
20550
175987
107539
105282
27249
40364
129932
177608
53647
139932
61306
86150
72562
99408
66288
68376
108207
55528
57100
25376
94228
159218
34407
68228
100092
40135
21758
54579
45999
78098
130466
124708
143531
21548
33417
1708
160147
90042
74070
89780
111048
92387
14313
80688
120874
86241
161265
11444
29871
46014
26533
49837
55005
88666
14204
24200
9069
47586
114292
23712
50938
144019
9206
20808
69384
57982
64305
22962
64901
94730
88910
149466
22901
103724
119045
177796
19098
79390
111847
10609
8221
3511
183637
60073
57907
93364
68943
140688
74498
16586
93409
73355
140915
12670
37519
41068
3790
56589
178263
111227
41012
23961
61752
84156
21796
130519
39294
172018
26442
44678
10581
38194
141450
162829
30016
57635
60341
99980
87636
121736
45688
22698
148834
62433
62898
181089
25663
57802
16063
44583
51555
75541
47881
163296
33458
73222
56126
22357
71620
128739
17458
130368
20799
616
64409
140796
184825
135754
11955
82591
73182
29537
183486
93073
75757
4523
41046
80763
20944
133851
24917
84021
2352
78613
140288
8978
86532
114958
163120
138523
69326
111105
127627
27276
75571
29967
127661
82859
112659
41455
86044
22294
27224
78016
54329
99692
3664
164909
49833
60880
107508
93410
6134
83440
73921
98316
25578
109320
118091
143361
34097
108809
40896
111965
113776
158281
70401
162929
93490
20004
27085
10913
150923
40664
27042
121862
70653
42592
3571
40897
49634
9171
105555
48459
26486
71137
91623
76296
2745
90652
18637
12193
140844
100496
76704
100249
35826
77890
25971
22577
31978
87160
82860
111573
21
82760
34215
63233
104385
163585
79838
153648
86018
58566
86813
31647
90519
135750
108004
52085
37079
45442
27271
193623
35437
154804
111569
146692
38211
38134
78689
23258
106124
121527
22551
10805
105742
23285
22162
88983
80361
147954
11435
31242
68850
22700
3448
111676
36135
46503
139425
7952
32091
74106
10597
79312
56773
116876
135395
33274
6214
28725
108309
158028
163639
66429
87991
85468
55588
64183
29532
85745
4828
161767
143524
153030
101663
4023
153
89267
10633
6927
83188
6921
21730
66135
20761
19490
8338
156096
45315
72572
154548
40768
14739
127239
136679
66313
8771
85512
146147
116887
143537
25402
57862
63531
152520
103515
35271
183411
122781
56988
92839
41394
78199
61852
87025
20114
136298
142379
104393
10993
146004
62801
105462
33262
36958
135697
111832
47200
3792
48250
68511
2832
96917
20883
97780
49134
96277
20857
163531
49471
21370
101914
110426
30031
53972
91020
59918
61332
143543
97879
26196
133090
46474
98288
162319
112836
31089
119459
27375
97887
93491
166822
11728
8821
32104
83386
11915
53920
161974
59691
96548
110766
58038
111563
15472
77606
72811
72246
9843
151690
25645
8624
143697
111553
12147
66291
4626
26752
73407
17885
13144
39767
10097
60353
73814
12378
131938
136218
43558
2579
119970
43276
64237
105633
107753
511
10589
100499
67062
24280
56895
92834
115936
83380
81112
93375
8017
32583
5809
11521
64038
87406
51741
65616
100977
24317
27529
48598
93006
34147
164349
55468
112687
143485
39010
5323
173443
162926
37175
18655
73987
41113
77992
93847
69149
64105
39057
55043
71065
100877
39783
103486
8920
35830
29793
36521
50552
171009
80366
97202
137267
57675
98308
15693
95820
24047
49211
68198
39679
140131
88098
34042
13509
10969
22162
111846
66457
61619
32114
14955
921
83993
135854
10564
82481
12204
19755
111445
15
17250
48866
20108
126063
108385
51379
58346
71174
37725
94900
2574
7626
5024
80843
14193
50952
82795
102358
106830
49117
13010
77898
131737
113629
12918
55322
102944
50141
53719
5211
33546
102444
98896
61452
163327
146275
33036
27179
14824
131608
79927
52608
113010
8956
2468
63096
40506
96011
64876
91680
81965
79428
152929
149900
74450
38508
158188
29023
109597
5161
49715
161091
41440
152507
104219
46536
16472
50321
85764
18613
18932
96830
5222
82696
39188
79052
13451
440
10261
64794
11457
17159
89271
28251
177264
15309
3766
111715
38328
114459
60892
148694
14677
143010
52138
73073
23057
130452
68369
39173
149176
84509
81241
9648
119575
87312
67729
17685
11642
39701
20670
33655
123402
30634
41528
81659
29549
15792
128759
42456
44427
71706
40083
20888
2329
125240
99406
55314
105291
103671
159758
16926
131285
90358
22179
20213
6115
154242
50700
49840
26003
22013
3617
32705
175480
84458
82828
82569
20554
108454
136368
26593
116471
973
4949
38212
9432
146269
10862
104948
151683
55889
15790
16949
36153
24858
18807
187023
81941
150594
8283
20938
61717
88622
22437
111078
47883
13189
107946
80983
57929
60577
17791
77506
97068
72005
95925
53038
9307
166982
3670
164245
55922
107729
73690
116864
115740
17639
28667
64098
1875
70492
3776
167242
170045
98564
123506
67271
3658
149946
3888
162669
26414
7860
109361
71830
130943
55463
78161
95773
107196
55452
95018
102500
28068
55937
59972
37375
65630
66456
26100
85053
25332
91874
112781
50915
152287
20621
53867
34587
128158
70534
61206
95349
120660
86991
50759
9321
117560
62005
65002
38156
94373
156570
63420
58170
12591
94810
2234
113145
18749
44828
79341
36605
7264
29184
37679
118912
4180
18429
88123
79345
16598
74103
40239
114815
107461
141814
3761
156800
78524
60901
130747
2556
21949
26985
131015
80901
151840
171503
105997
33102
4870
90776
129613
16441
64617
84094
63687
32851
100217
168785
29788
69373
4667
114580
1573
68611
147546
132823
20307
3892
44573
31625
86887
75594
86065
40788
36385
40590
43347
69941
94987
39784
4615
93710
22695
15942
81502
147556
19976
97402
119079
44572
15094
146118
12207
38077
97987
64738
26319
55399
79289
28276
41755
12699
148155
75613
44433
9468
149723
36239
81405
98566
168933
94347
53541
50574
21328
80195
78743
23757
32179
87414
63291
24943
133457
34261
3762
19030
64883
69729
112276
24764
2448
29381
3705
7357
107573
66541
78444
45689
148274
35183
114478
2738
74546
92209
37377
93802
52686
129729
31605
41914
89201
9849
8369
86054
38079
73581
33166
79110
60487
93345
112538
154512
87895
47389
37859
33076
35280
105213
91133
26131
84504
4406
14962
49267
161153
16268
32740
15451
28544
65909
94912
15819
130564
24440
72560
42045
103121
8601
13081
10753
31682
38144
101381
40750
79038
45643
25871
69694
132717
137332
117558
120815
51186
93733
95383
103049
25847
79296
32448
58786
20230
58014
137658
64184
67315
111536
1093
107150
25460
111316
9042
57964
15170
15266
100443
144560
81905
70081
39715
83732
154546
111083
122640
6618
48073
11720
2248
148898
59183
47684
2822
20922
111558
31136
54432
72918
2931
53879
118401
122401
15859
152309
104143
30591
5519
40570
144338
91627
94818
87327
164444
22610
119843
37753
26696
29197
132225
5183
182020
112138
79743
20982
50550
52816
42751
5091
148528
28107
133072
5018
5092
142823
25717
80664
15249
44424
3908
163702
59018
103877
11789
43511
65684
15215
76652
59981
55514
50458
65107
64199
33890
103351
71917
67286
61454
73680
115230
98612
84531
3715
84161
103095
30033
29102
192008
143822
83110
24695
92442
76471
115902
71171
23260
107432
70838
46526
45769
16559
101135
32377
6974
19607
86632
8650
39876
5080
68092
152123
120653
181366
122808
88329
46077
183032
41073
24358
54827
7371
67373
161983
50899
93711
140915
95330
57092
101884
71140
22322
29569
145189
99606
33415
31208
8469
7311
77306
63762
128565
29470
71110
2731
32710
94837
109315
2323
95942
47763
89418
55856
71901
97788
57868
163769
142402
67346
1156
38061
129702
9973
63983
58946
35307
176820
161167
173295
21841
57775
75055
16299
32064
46437
147442
167441
54685
50121
187039
65920
30197
10343
192728
54705
11722
28642
125859
62350
67171
25483
21479
34595
33811
41876
82258
94481
82313
55989
81112
57711
8634
103532
39101
14433
24049
69184
78547
5246
31279
26275
51022
11386
61255
113008
42972
19533
3538
14863
148108
97056
60342
38224
65683
14747
38601
55863
59239
146886
188817
2040
155633
143603
11162
164811
99148
23470
75731
29221
695
48205
180137
44443
132024
192762
75971
133777
138840
3459
20897
9574
50887
66944
76909
2751
115451
152298
24392
49433
15663
9185
101419
127650
62968
107362
64736
70246
123883
52907
84434
4609
93855
112907
33895
89412
78629
22565
22168
4383
152745
59508
135659
28909
113599
17430
61475
137797
78173
88006
52398
33676
90267
105335
56543
50945
41665
75638
21248
101673
113714
1259
25688
23591
78109
5659
82107
73462
76735
39137
91794
36470
3583
63484
149101
131556
105637
91488
125230
74621
91745
44639
20717
137997
59604
131896
101087
1565
161245
12808
154423
3906
42498
161957
17204
93942
137185
58890
118877
75402
93598
99830
50946
39032
39123
9468
7284
70093
90621
3765
77044
19817
111074
66681
49030
115164
63111
77289
67368
15811
161958
157015
36516
41819
46669
130977
6773
22547
78174
28544
154125
156587
29219
67804
51665
33010
118074
97861
31809
17745
14649
63250
135617
83567
109583
39743
11108
61564
87869
93171
38971
51359
78085
82720
27740
148955
25040
66602
26865
49715
11913
27507
113276
5552
146850
106858
117019
99856
41780
16322
62925
93387
19933
137056
25162
111819
5600
69359
68188
3435
90
137356
143105
94985
52284
68079
97402
63471
11715
12744
63238
33090
138886
58855
136849
14940
51183
31003
17480
7655
103838
67211
125569
35170
82592
154538
95423
102922
79298
137338
8061
19483
18063
114290
53881
31483
133034
131277
50100
78031
17220
101643
53911
31543
76181
15120
26091
116236
87269
82161
75955
141664
150658
65774
68805
159227
7461
64454
67477
69832
59270
86651
60700
126831
92940
13192
115905
50027
85374
74011
16108
41395
181140
117652
24153
56286
143319
24130
1508
144780
16279
72411
1087
10741
7835
77228
62605
170405
64179
5222
131675
129710
105278
7
102161
69363
77452
16476
17877
52697
34518
96725
129167
125569
45976
179982
67060
97868
114527
63515
8637
69364
16317
112987
35125
22592
111638
111384
87649
39473
64549
65602
24947
75004
66360
132436
93495
71363
119788
6576
80501
84044
96891
122644
5289
59273
109253
76319
89641
177685
13107
106719
135651
18038
144690
110363
10878
71889
131820
68610
21054
63296
49309
50654
4751
85150
48627
32698
14357
26042
95047
12521
151283
120079
51732
4540
139925
26949
93454
55464
114206
103325
150878
26761
27757
20455
144719
119796
1830
12238
146374
153059
23579
136672
68741
155472
62282
33564
38656
62219
67807
25490
19061
120891
60725
17655
104079
99959
51547
29747
68689
101071
9981
94912
3344
64290
90596
28646
33326
37439
14795
646
1871
24464
39755
56404
136503
13842
32505
42848
20559
26125
28641
29143
92750
49850
15491
167101
164245
21516
18038
163321
9863
113135
30382
144284
136165
159437
21555
89688
147808
163814
43754
92230
88545
129238
93476
160517
44739
123812
32389
22606
135620
176587
97446
49746
179464
1962
179219
33005
81811
90614
73997
15810
6995
37805
3552
144031
14106
12905
38035
139468
125089
133040
95317
6637
104572
88630
24321
63977
110337
5369
158784
66271
3636
33975
106204
54425
121596
11360
128584
91920
43703
1628
29291
37789
40967
12787
42842
2053
12831
39579
55874
113615
84120
25835
61878
5745
93356
44411
159688
3645
82360
43274
84646
80364
120875
8267
55489
43684
128702
19040
43704
28261
185623
53100
174827
14197
150535
97439
3441
125550
92136
87062
33436
41209
31145
13436
8278
7092
9885
8581
46374
134701
102345
13244
139780
40987
65142
37516
80095
117622
70974
114327
72738
56348
90135
152402
14497
142851
65434
79053
62036
130794
61114
108851
117612
113688
76853
82066
35604
38798
42053
129713
36
34452
17785
59311
50534
84160
54658
92358
118531
8384
55262
65651
108819
60913
98883
48092
95045
73693
91508
53719
20803
89809
23863
37993
27646
60700
73247
70182
61433
35711
87479
89896
28222
44639
52038
24031
40131
138281
37479
135372
101691
362
47837
21944
69816
74926
16925
55453
55080
21300
66442
93389
55178
116091
135555
25585
156719
70387
36042
58270
101675
6728
127759
55321
16975
70046
41922
15600
93449
101045
66215
103903
68214
136121
85211
35114
43997
50811
23368
14099
69384
64977
11123
138635
106779
142420
95011
63480
44904
23751
36871
36244
12273
99715
78410
149916
11629
152272
36011
158610
28870
109508
76262
27282
71315
98617
93709
8796
61062
67452
42382
9912
110212
120619
106134
39148
61109
34252
63017
111600
1032
52836
96417
15751
21081
101423
100067
21674
32941
46992
64284
139503
107840
115742
39627
122687
51195
57100
98852
508
16577
41009
66355
73998
66973
4257
16589
31299
23608
59227
86156
66688
107450
42495
128561
42512
29654
3891
119882
1174
40466
134556
82210
118763
15183
62323
24975
86527
76309
15305
8156
78954
78830
36445
57702
35745
60345
63139
104600
39579
98972
6760
135264
24992
146944
56377
165110
53433
60683
87869
90780
62048
124966
38653
124000
14416
110890
162893
38168
83219
111813
19542
60406
117858
7713
3430
101363
15735
3880
87506
48946
94853
187436
102455
7546
122636
147275
60833
25567
511
105686
68629
30266
83612
87385
77283
40707
82258
50722
124486
94153
102790
136733
10869
51529
34807
33749
31398
56799
5380
35027
136118
2457
125758
100333
1970
37918
60870
23884
100918
76696
108484
110300
13229
17300
13402
46564
141067
76984
16326
3709
3003
37004
96229
63185
8185
130418
56131
63839
81511
16275
108515
154822
73641
46985
15453
34857
44990
16913
5486
86791
182950
15055
83621
111752
62612
83675
76331
124900
31706
3815
56149
13892
173297
78431
131898
70908
55143
9460
100435
12008
35355
57874
15160
18288
43183
54749
107248
70681
40888
59370
52572
129170
81621
43201
53144
144838
146415
58587
55772
114480
104128
63281
64388
34650
83700
4855
130206
66300
70920
99724
62419
71604
3707
26056
40958
13711
178175
246
97661
33057
40616
176289
12162
68885
3938
89325
98899
15137
85627
84614
61198
14212
60899
50821
12698
20054
4238
32406
111083
94650
15451
21614
93680
15495
105233
102495
42842
46105
21199
49809
94848
26134
16365
31649
53138
72229
35257
12769
103269
90950
35283
5676
15873
31894
100933
12135
40437
53953
16408
119113
101362
27912
4345
82367
102985
110557
132232
85152
23241
5263
73046
118135
67022
34030
108450
95746
1516
47315
89428
21006
41411
48082
90773
79246
139257
48531
151376
18649
34946
47706
48039
74145
14329
67029
88286
31598
53066
135512
43213
145431
43042
161800
156995
166234
124803
115421
70378
51918
85350
34610
46203
76081
35466
24919
158450
69855
63796
76713
175932
67620
110797
23312
66313
180000
36943
76114
72623
12102
72204
12219
58850
14790
39329
83726
24466
19430
45519
23281
43666
157274
140825
26250
29757
29859
68975
1084
65196
25981
51090
29046
8812
54216
82238
954
110136
685
176276
34962
64549
99160
19169
85109
55148
18066
55532
11748
15361
179148
78850
62945
7436
8608
82076
11072
80738
13704
12948
60664
76214
46670
28025
39128
176236
76818
28539
71193
74784
30357
187505
170927
156017
4600
26954
75996
24593
3924
75644
70249
35620
44922
109874
38955
25333
61515
81588
99597
16220
52371
58054
68737
32553
31361
20081
28743
122606
81257
5155
27680
15882
80771
21765
1946
65832
35508
131750
14421
3020
35123
70127
114283
58017
97051
93104
68539
160132
50771
31289
129194
90732
24912
100485
52494
43939
19153
77612
112283
149254
11407
175406
28076
108914
20612
14370
15827
83687
17279
23966
33192
29941
117440
38395
18253
78513
50616
25663
11683
80500
65038
106974
38057
33291
78175
25214
49375
22539
2064
163912
85387
57722
82358
23233
112290
86571
66037
83737
102683
1967
62812
83768
86582
643
99008
20002
161640
41001
64991
51018
142445
140170
109852
115434
118311
98480
14668
52592
142704
69330
17155
156662
77469
4909
47917
122346
47431
85272
34278
118693
15952
153196
76264
127675
34958
122658
68880
114927
71894
94997
5228
93248
15740
168770
76309
54673
21264
37109
151029
282
135647
8896
16384
9781
47040
108227
1472
88162
87312
141865
87848
54465
14623
50127
160430
25435
30754
20786
54603
83790
159310
47865
5511
17683
106230
39424
51338
79357
91385
108691
82588
3166
148846
131647
57258
12672
26381
15270
85
57946
13861
59057
64337
23088
45387
159355
124040
80588
46350
28563
15305
161801
89515
26929
58935
61292
696
20507
27128
92411
41366
12710
21142
66344
135321
45800
24946
29561
16632
127550
79598
43633
45741
39052
79574
5630
40295
91623
45296
114926
32779
4360
68145
45020
81903
50470
19442
25069
39736
105141
76163
63735
4843
22837
56591
24205
63788
39889
23503
8113
25698
54872
180319
68533
15146
4433
3630
67263
83815
139396
22899
59918
82248
98191
147399
50082
97832
70723
168187
27642
28774
162818
75018
52810
13206
76047
109494
77944
121738
49464
45405
27848
72433
127866
151643
20056
130132
43564
118391
10645
103333
84926
51267
47650
37881
51087
136320
170395
23830
82385
89074
63646
16381
79815
154087
18038
72062
69425
46499
57834
99675
111782
112184
123626
110029
16327
76529
73600
28725
64368
27277
27810
65739
45407
1933
13872
182397
50196
113126
133276
42574
149651
88219
167620
62581
23741
161321
167282
26065
55396
28459
142386
32162
149056
105556
15491
137804
35194
131130
130943
136259
32195
24034
71593
95242
17491
101839
118125
56358
136778
146383
135751
102703
7281
56212
38372
93090
80252
31817
13117
115389
73708
115199
138299
23772
41935
91354
90691
62738
45479
160528
49088
36188
12690
121807
61436
116464
47549
6802
18672
21601
85637
28308
77556
150870
35146
33637
69221
74461
54854
54950
77716
22493
95
57871
157365
120661
439
71876
34560
20077
129680
28572
191
135819
102587
27727
140114
19192
129334
79327
100009
121770
29773
163720
14358
64487
13201
28292
25
97595
9701
87459
54578
12685
14876
9247
10579
64051
26702
43759
176114
31030
165386
55569
27614
62603
79731
100690
93879
149518
13972
26694
46987
29837
63007
35179
47684
58069
37199
12809
49825
13923
62299
102767
2618
16114
4186
14089
5024
135766
36668
154762
127714
76655
1215
86768
15213
84455
123672
38005
101553
5579
50823
82339
51266
19948
48187
61363
66911
64146
182957
39222
129696
97895
145121
12903
37748
113975
68184
148944
72441
177264
101714
27553
86475
158606
56680
37241
49172
133440
11697
50739
28564
74927
94819
13580
49488
29252
124835
165115
25866
24032
45670
162874
38439
67178
149435
26085
31113
29389
18639
130846
71908
16102
19826
8221
39310
23264
114329
28489
53657
14388
57322
60688
3738
60364
14606
107004
52262
64059
66206
93358
150296
47546
48483
153027
178502
104412
54121
62169
113472
55130
38394
58371
58875
166177
45558
133981
183129
37299
45881
111035
46911
16559
88307
5927
26283
78229
2093
30042
15821
103779
87846
26978
115670
148206
86951
13875
14079
32106
22609
32817
24405
110379
43264
63809
5379
25162
25451
12898
82297
88187
139567
62920
50303
91406
28102
133295
23610
12258
28717
152925
81304
13064
125478
88895
91421
17019
38580
76170
48453
27680
83912
5592
60191
117043
123994
42268
45437
102246
77169
150025
94356
90624
70482
135063
64234
17253
100030
91463
90272
13659
7487
16657
123337
25076
1222
17248
106962
93474
117058
69652
11057
30733
153968
25265
27159
34106
63115
13790
163739
47729
21486
57573
123388
134959
5793
5157
29840
80408
75319
99914
97026
4769
44818
95377
92419
69571
167448
36080
49646
54734
18168
25628
62780
21970
98832
58386
53277
80813
104106
47687
45313
82301
23317
21315
19540
41109
57992
32254
92228
85587
38581
32115
17766
141133
83954
9999
164216
58257
11302
47877
164733
4101
45069
84086
171110
9462
93472
82061
65006
67394
45892
45024
154851
13372
146010
22472
47626
187037
162447
40498
126701
100393
129243
48677
31670
73457
22338
19992
52009
104433
13899
35780
12743
64735
42462
26120
188938
29920
9097
22317
17643
101020
19320
78830
52145
109327
77616
22351
86389
97868
91325
62933
24704
39409
136060
76289
104481
24239
120276
163268
16141
23739
8242
188679
63494
104578
16710
34931
168771
37405
118314
63236
112842
98049
14371
16429
67229
64081
77785
14957
69326
87323
14447
64446
76469
133204
39771
2033
80233
15147
46333
5206
21481
86603
115328
16964
100314
76434
50779
49481
129753
105554
73884
16987
110667
45747
69695
49508
50632
63259
125782
108418
93376
52950
123425
32465
66172
35429
50777
116166
162402
39816
43612
81971
146519
98613
54301
69714
164401
80337
30962
3116
75353
75718
28412
60122
12158
124499
150543
2464
79663
3511
118245
56440
4378
82537
98545
133998
163266
95335
6857
111143
42566
42586
168031
146969
22791
37926
49293
19040
62064
92845
5591
20054
22393
10838
99337
151386
22145
15261
33754
23246
3889
114427
97604
165501
178606
130568
43759
9416
40948
95838
84845
77679
11411
87022
52284
2792
9635
37961
137266
48597
165191
21887
90639
27946
22261
103223
8023
55403
188229
27213
113622
15167
70725
24672
7315
15388
105236
94683
21392
14688
21150
4977
121717
103909
38147
76597
131799
55970
83519
12736
145570
33696
115503
29593
81763
30320
74959
39507
24185
123528
113723
62064
21689
5768
42649
24435
4054
160080
26099
424
160336
47264
151157
132968
143433
121681
42168
129635
36581
28849
83320
126039
75991
22322
51662
13879
174560
116028
28851
91444
22302
129165
74465
55090
24437
80272
44903
18733
84581
22416
117599
166847
73164
5149
71126
21
7214
27582
39854
144287
31115
85146
10740
25306
153596
84156
159234
13518
4232
119129
130302
5146
5210
137210
7297
138070
21704
82221
90005
67610
79410
44235
128373
7778
42591
16262
20035
3628
26481
40755
31491
86527
25727
24653
136878
20117
156991
46501
28576
37721
15601
103427
163591
176798
8104
148405
150306
40698
39643
163799
46810
20488
23765
72136
60924
138685
13671
139983
66387
70491
106183
103053
183333
136634
68562
4232
32148
52169
20268
165284
74324
26350
26308
32768
36661
118770
73470
158998
2724
9226
129447
21474
59905
43206
8584
7703
69889
4147
124509
58801
76291
41638
65706
13846
100247
94739
107383
30881
61093
72931
29070
119106
42845
106098
3572
70666
20049
102408
21426
58831
22681
30138
41745
22041
8901
33938
57984
157596
181970
138390
50050
72448
90350
47014
136172
15987
104354
136532
5179
121780
2372
62303
66316
136955
51591
74513
60240
110000
18788
62668
40140
20884
135521
124917
42505
58106
117302
7339
88447
115851
3191
55930
76567
146563
125213
21091
27141
31709
46047
10671
38916
19754
24717
2306
76396
130980
94082
107813
92655
72936
17865
8774
109113
100181
89253
45423
8959
99745
101620
100409
79317
99239
51856
28367
175258
11780
73226
13067
113266
24940
134513
35129
7404
28192
30914
69646
32990
86446
144474
70079
70300
21595
15230
3071
32078
20837
30134
15914
74137
22322
145435
40251
54428
486
17443
117673
16715
32968
20959
84718
53099
91449
157803
69553
17966
61364
121025
149171
111604
145603
8914
18202
68201
80515
62348
92851
49033
79565
58793
79871
69360
63133
124287
47062
61616
90192
113104
81347
41459
62211
3705
14507
67302
36605
51354
66345
15941
135762
63695
91678
162771
37751
24255
85022
49457
15924
32963
62512
8814
59011
30012
109968
66295
112651
8492
8889
27798
115014
16114
30722
29836
145210
83133
141909
106510
123882
119894
1567
45401
127032
24452
32175
61350
101273
118643
5225
116610
108829
28956
36000
118131
36350
16414
55735
14202
101038
108260
52303
122900
47615
67641
53595
1837
33877
3896
