37005
16051
95995
114638
63794
108605
12703
20331
100988
45306
53627
136232
34204
86644
23253
20985
23348
137803
1212
197577
84774
133401
7336
140875
92182
42979
65758
33287
11430
79816
98068
17347
188711
23390
40312
13169
17958
127170
38527
6812
112573
50154
8179
23312
95491
13516
2678
17299
105173
45761
134287
10152
115760
56173
11988
31647
142259
85579
162190
131431
17026
21094
29417
17870
1574
2761
57832
70154
169421
12302
69778
21913
140361
46815
92222
159462
19293
102756
15132
91887
87385
84808
91949
23347
176494
49487
165231
28501
123384
79665
35743
20749
112224
60281
117146
29885
106023
61153
17541
5901
37969
43819
114311
12247
19705
77135
20218
1359
4428
165661
1810
34754
145938
105840
95373
118229
107515
117616
103755
26520
109344
131131
132824
93667
21616
38804
67037
62606
85460
26362
117640
71776
101195
31353
8546
148605
82290
45537
33378
62279
144220
165898
58813
158256
167296
34087
84153
32043
60658
6132
12025
32978
10155
25604
110623
62519
55296
10951
33662
5907
19422
122048
21729
14440
26336
72102
22021
92419
45727
615
19618
83736
71490
1595
94010
129345
40430
86161
18808
38642
42669
40854
27612
82140
65122
6702
78996
21225
77678
44214
23728
79794
98256
147361
121844
99554
51214
60974
70682
3470
21190
79932
92036
89715
107539
41915
10319
13535
66967
46904
57546
133644
2649
27403
116849
59675
32427
25419
136743
98561
153301
145550
68546
83127
163113
69461
100848
13189
72301
95770
30430
133647
31872
93588
18383
161882
93845
46372
2760
84109
8294
6444
70018
10447
45013
53611
123432
105092
73222
146705
53906
89182
97796
7620
29351
140571
89780
122294
36788
15583
10366
103462
30637
111920
30732
93831
91122
55329
34479
25616
93076
124885
136261
44467
128766
11836
84935
33052
25359
69601
71080
8069
99446
76243
69603
92380
87169
25693
40284
79537
30714
63241
4903
19364
160977
32388
81901
24458
76700
127858
167673
59505
77910
86110
151002
94503
33039
3619
53926
25792
27100
42980
39608
53734
63981
118753
83573
66228
42041
79256
21512
95277
40643
34455
4135
132780
168419
42436
23409
84710
98746
68528
38576
69972
59538
57842
55640
62332
63156
78574
144765
18408
19121
7141
13861
553
161079
60920
94416
8049
195830
37530
106864
97320
147883
154060
2768
58320
24348
25482
116976
17349
105825
183900
156948
1648
77990
43089
66949
96517
45992
134309
25177
80660
55586
72750
6316
32703
119698
72194
71714
15804
125894
149091
5528
111017
12788
18409
136561
80088
4675
44546
69499
53000
49516
33618
30189
47248
35032
120443
39091
99018
19028
79780
66290
108774
97438
20717
105143
164130
132275
19788
104795
24821
13284
44290
28019
29743
145920
37137
98800
22785
91574
36187
7690
123601
143345
18903
4051
12657
62766
124740
29211
78410
35541
2046
4194
58291
85730
160714
17668
16150
66098
47576
166030
2556
101007
58886
37585
140858
19190
12342
127068
18501
17465
78690
16752
127420
55540
57830
148332
62168
7184
33780
161226
5884
25186
84474
12717
22979
11996
31785
124198
77981
106634
29154
55549
23239
2382
21543
98126
182966
13902
123560
19344
66097
104882
165638
38995
180203
65901
156511
129045
7160
2230
32688
8406
163121
98238
61152
51176
44429
21981
39176
49029
28366
116007
118494
2033
70926
61836
12705
42441
110320
90004
46196
94071
22694
44161
43057
27549
32680
99573
94732
28805
29089
71251
46402
62218
145885
47289
176747
24211
75222
116048
84941
126204
60127
34080
115201
28250
31240
107240
151639
71441
48847
32358
10917
3414
45340
83343
102051
121216
94214
49503
41962
99318
7763
37257
113928
14038
32204
59926
101801
76411
148962
14736
173618
29189
38270
13301
23956
100124
54498
76757
62613
9010
106481
98462
162070
7448
8771
19877
150860
93223
88164
44527
100648
8251
98985
15029
40107
68383
40885
51739
194611
30332
40587
104135
104522
133152
37840
148433
64141
32649
16240
12264
108739
10379
92303
81749
28474
13017
11014
38638
19134
6650
172507
16894
85970
71877
12084
80087
7427
23768
103639
49391
92088
18532
138536
53765
119588
55334
21852
80851
42914
54052
136489
31503
88657
13408
21738
41592
105486
65747
24130
23244
41803
1332
57605
97519
105672
21050
34972
125679
8836
144463
69090
2576
28195
12550
34439
10771
17386
18667
104675
40390
133754
87832
22915
68988
26537
171524
9952
154887
36023
44633
85729
48964
42767
119196
186311
30261
52711
160744
73674
70714
164360
143138
56709
197246
132883
26826
46965
39038
314
150239
19489
101814
31854
13064
88601
38573
49604
18776
38012
30865
7643
61581
39299
132662
34465
173956
21636
23961
2061
24592
156758
40130
8142
44755
555
25163
64122
102384
53556
66465
33671
4313
29622
98144
152690
9272
42155
13684
51867
146753
51498
12821
184005
17429
103806
2853
149291
20157
76989
10060
20400
118705
58630
46178
73668
23900
28032
82509
7117
88016
113740
9846
120941
37957
98037
100620
19111
107462
19815
100047
41196
15176
93671
15807
118719
73221
19559
45249
160550
85290
23924
64312
60221
94645
82867
40932
49588
96399
107398
114349
182714
94849
30853
6783
28031
12232
187278
139931
87240
53705
29326
104674
118410
93623
160147
4778
126960
82090
35008
38255
12316
50658
1540
56583
133166
114241
3591
116747
13724
75718
36774
25228
136883
85122
90137
91217
12709
7969
146107
175915
92932
58159
64370
29802
35659
87029
154240
42520
3679
112308
21453
86637
150401
156531
100273
18259
19626
15751
41882
172250
54020
58394
129802
126721
66388
53191
18280
18826
110074
31390
34694
46193
113772
89332
52483
103470
9001
150525
7623
91902
12137
8233
138304
48849
40080
37320
1492
37788
45420
51174
423
12429
15442
28547
90045
75687
35970
105558
41892
27275
35484
168801
62194
111398
136994
79100
74783
40443
41787
39013
55113
86325
62499
78335
78867
49289
33870
64411
100675
71813
130700
97001
71595
20791
76191
72129
22516
29015
96264
172802
14654
2973
68223
17682
20199
97113
65913
9252
72154
78369
17163
62662
164600
30261
11560
25530
7859
46645
102505
104581
168764
67206
126943
36820
34068
148932
48312
117
64188
104908
46646
21200
120642
51034
22004
3242
107448
108558
162908
77942
71329
91434
36266
85458
1368
163625
65101
21827
112522
58
91143
8458
29796
167626
136608
26512
103830
42083
19499
98660
43233
16154
3593
70684
53970
95901
12292
94894
66543
35465
22999
10963
75809
43189
84649
8340
105249
6185
17486
19545
59566
153909
51218
18468
27763
12396
2249
113626
33104
31332
99601
31272
74114
89991
63801
95222
79308
99177
21435
125930
30122
131343
15078
130408
145474
19894
19899
67155
114205
25593
99891
11602
9863
9975
7055
7387
12741
82359
4095
172909
106631
99786
182972
154
92401
60756
90472
44030
52306
131627
23908
115793
11963
22613
104684
96288
88066
5504
126904
129310
42266
145888
109229
27484
28149
49266
128507
104469
98291
129451
20317
51830
150212
125403
26077
15807
44437
18835
86053
13414
31824
47722
25204
145249
177085
72808
129507
83669
12225
12432
76244
26706
33027
75379
93852
44518
109896
37249
62516
90969
48036
154227
154207
46964
75169
54275
22695
48635
1105
14366
24229
108534
110137
13111
56821
65107
66492
64921
96550
137103
102846
17375
67913
49080
102102
12011
124253
135
53062
52949
115049
95601
10121
2824
66390
108632
101784
84763
104412
47367
74659
49459
18790
40335
136523
30792
77535
90468
111778
2792
73940
21468
51998
77719
8378
7913
57866
171008
105084
8150
152601
18032
47177
75945
13721
13871
16475
54452
73204
43595
18261
3132
104440
35670
51067
95143
8095
42062
112875
21645
76850
112367
74368
72383
49337
65907
6901
76934
34900
26931
60674
7608
80341
125466
69857
21462
137512
5351
99128
43079
95402
9163
64589
23258
16841
26747
146565
108629
17015
49064
63408
32831
84836
134318
111591
125015
33466
64182
25266
9775
74546
769
58563
121406
170921
155561
27711
36826
147329
192598
20857
71404
127547
156498
2778
8111
16550
120966
110272
98999
32690
125238
95172
63699
1617
44322
29704
46600
9066
124995
109701
59701
56537
143272
94028
75864
23477
12031
31991
128495
86497
56644
75305
123105
22331
58506
19323
21353
94801
82784
45460
29163
3516
56756
87656
126734
114695
52737
127032
44528
149540
89814
3727
125739
92299
28578
45830
66378
5184
44740
40736
36794
101069
5725
105768
40212
20583
38725
149899
35977
28284
95467
134159
171770
99361
32059
178633
36016
78002
15671
165500
89314
28526
80465
152225
12665
91955
1542
109633
123638
62309
10187
18223
144689
71724
94119
35981
22711
126983
115650
64979
68966
63298
107684
50157
164986
34894
152184
134009
36541
163144
101321
135952
19185
16215
111719
66901
109253
110846
21314
58028
60028
13589
8969
35845
61213
105450
25569
42923
4456
175192
30268
138010
115098
19254
32341
93764
29377
50947
15474
53698
17340
56576
40748
19383
70391
111035
83413
102815
13750
160977
36301
37357
6985
158958
50696
17202
83145
105120
93990
17278
134909
43440
82045
28944
71791
1861
20069
105930
50774
25696
82328
28156
90815
17759
41094
29726
155694
55983
47234
56811
147053
64092
5884
9452
1942
50252
44048
129005
74581
37282
91225
129746
105227
24849
44349
13524
118984
27075
36089
17365
164346
111501
24172
1839
17051
47733
43092
58300
52837
78024
27691
128014
121033
80873
98133
31394
25501
12099
105688
60147
33845
128592
62049
66897
27712
44237
67855
105203
81425
25982
10311
29299
92250
28128
139112
153256
83246
62688
132355
91748
20619
164134
28495
91391
95090
62569
106907
38075
33699
151835
10515
152956
7846
69828
33397
17870
3488
68662
83777
7607
140657
74082
68656
68489
54109
42256
97603
89995
26359
181139
81311
134523
60703
81064
160002
86142
37193
174977
58551
98860
134435
150838
107026
124622
24236
181215
25618
110007
93276
64800
58944
55441
3536
60345
85703
69334
68798
30734
66604
15693
43581
128389
7260
75312
60567
155481
171354
54568
51110
25830
153452
40621
195869
103555
137621
10209
61593
59062
137665
43663
7736
53285
21196
29830
77122
34378
62033
69405
9374
134307
151813
99647
83737
12460
10428
114889
45209
172740
62203
60986
92399
112394
72306
20361
3633
153508
78430
77885
36899
29787
1527
99917
90983
144730
12331
90146
39810
111877
152483
62030
93017
170926
186872
70430
40371
76856
7833
56019
31124
92808
101410
5491
34092
51984
63460
41372
83813
10521
23488
90450
49758
59469
115729
155719
38924
3439
137891
25765
19386
143523
60283
75255
10099
7039
13441
93498
148122
67036
139058
156862
45231
50591
2424
51546
136289
77669
36875
10695
78975
34785
25310
83964
146867
37387
71197
79807
91357
171220
29701
40357
18850
13346
93790
17877
4313
11040
92459
5041
31511
4949
68724
86318
33330
149660
86670
53822
61490
74165
125782
35694
124331
67709
84303
17245
168777
5915
102912
43087
23941
104181
82435
56616
179470
153988
27702
82461
125627
93934
140456
26353
175
52402
125257
58291
52508
21992
29903
101196
75355
82911
110370
62621
18756
121158
77546
115535
93763
3436
23845
19383
117997
160657
10099
140297
1571
66488
10381
79804
23752
2321
61071
164560
6066
149767
40957
13465
34435
48504
3144
75810
7580
150382
17631
66445
39254
56795
26782
188236
32858
95883
31378
63623
162353
114331
102231
107128
60859
114067
114746
38427
24299
21008
92440
77281
120851
3229
63745
104691
93124
34408
57807
105149
41422
3531
101872
173033
78553
13941
100657
114841
36669
87462
159247
45318
69627
22788
62129
117380
19584
17813
32681
62344
56779
76779
32294
116130
16683
79814
11275
20588
17839
53360
20689
37521
53443
196591
14131
37215
16052
43410
77813
27869
33377
157097
42099
16165
160620
84440
1638
7331
102249
10625
95838
58463
76934
65239
67531
40863
95128
69468
33251
35871
99615
63452
28952
36814
80839
44241
93358
759
106716
37842
51556
13220
41947
64041
6426
8978
43262
164927
10797
56681
47858
13934
84174
38452
40624
36243
19020
32682
48209
128958
169772
104760
85211
56117
108735
152124
149924
146908
103435
121317
89015
117513
31566
81600
125312
153868
14817
137794
151118
44861
134359
95450
154104
29022
19040
88419
17173
23428
102622
67783
110839
161441
29892
51249
12959
99384
109656
80490
51032
39493
160224
134956
6989
2419
2369
90827
41552
18518
74421
103722
80741
96315
7048
51282
101860
177064
104222
129640
40146
68214
79887
3618
129514
29025
38881
92289
10427
71274
58160
21122
13079
45432
101543
84931
170206
27981
142438
48424
6282
20300
132944
19226
108401
140835
13556
12984
116001
138945
27352
89962
112878
35633
149740
121801
22087
50229
140808
182928
58677
111503
20471
35868
46557
15184
18202
45301
85813
2004
109949
97451
20170
161772
37950
103283
14048
6622
8643
20529
43178
7948
151962
25865
2759
15001
64187
9173
131986
112770
79402
19565
135429
37723
31270
152600
42733
111816
69941
141041
53139
47262
34332
100397
71138
121505
110064
90414
41845
137
8057
86652
95214
91001
172638
72015
86574
63123
5920
110336
23633
74550
91537
80496
49072
59560
52560
108919
44499
2755
73843
74328
137313
1752
1290
83381
113812
153949
42885
65279
55378
137441
40823
63153
9005
7555
7846
140056
82542
36200
110640
159661
35339
197870
25745
15180
68639
67535
137139
106174
18859
116352
138060
18133
67196
163584
45351
23307
18412
10694
76425
70284
50275
105807
70340
22655
8002
152780
162603
42690
8150
43863
34449
38666
52874
17755
120581
85334
24375
42415
136747
30734
48993
169328
52030
28054
70416
88971
132800
100164
10680
85251
36136
76561
69577
31326
11895
39
100068
47144
16129
79812
7453
60849
25420
181409
43568
52761
115704
84923
141390
83279
30436
7617
104516
139919
40585
12358
122616
63966
116449
175900
26518
154906
26939
110337
44924
73490
103691
140738
63126
62103
80143
121
49647
14101
120559
52887
87039
154890
85313
89119
14673
169755
23300
88602
109646
28741
11233
47041
39161
113328
68622
61141
112085
102591
80886
34388
93362
5154
50317
87708
79186
175183
26238
116148
75133
8946
65183
7815
92803
14876
77019
40156
94654
132859
29022
74423
16080
135791
123751
105207
21971
76195
81596
49104
42867
34338
137696
49824
128583
2952
145091
80715
49434
8449
180191
96550
5930
154522
4848
32466
93918
4077
109230
23898
91449
35190
124805
6233
48962
100795
19174
161845
123149
72392
14501
96969
65075
97633
9786
41187
31842
1050
101734
118057
144834
53706
81714
34474
138317
61434
16379
75934
16632
172806
51982
52623
16682
20920
53823
127928
22722
14297
77428
150770
11460
1969
21768
151367
124707
111996
4323
167
114598
26962
55173
74422
35993
23227
99976
71114
94103
49032
41303
144864
73274
139779
93323
153756
87216
84261
98581
146935
22680
4559
19096
70313
100396
125699
134670
42820
4077
11726
160367
68698
147529
49503
9558
5433
5159
91236
55253
6421
41966
101493
51977
8611
39595
92047
17742
118053
65650
158921
73177
75917
86407
26223
44758
15066
51807
24208
38936
91157
15691
37068
180441
45838
104749
85616
143326
50789
27237
54144
97
39913
175500
45260
39014
114987
7354
26112
54187
35625
25181
128011
100442
121026
145455
1818
43144
6319
154910
73924
92780
8314
9519
10813
64918
45449
67527
115080
80139
70376
145790
25745
24659
127983
134053
53093
71532
61403
7687
21327
20512
71517
42278
40543
135117
8115
25225
33619
19255
94157
76645
17151
78747
6704
105604
38326
183786
183040
55768
46614
31075
79854
121058
103746
21706
105210
43732
149013
131803
13208
32586
143685
126435
82598
997
99475
42988
123998
52420
51171
34608
34869
87689
170289
41699
64745
160897
93347
20111
86727
3359
93707
41920
12444
80643
3839
33322
98392
111921
90073
166472
2375
102176
31321
17507
11119
77869
95149
100228
2510
66225
2586
125812
86653
58698
13794
14836
71642
46500
12469
69076
91892
151397
143905
75730
14894
10736
37416
73163
111805
8165
116246
18229
13128
127550
159232
38539
4110
29742
104121
59377
21241
86128
150283
53123
22785
124052
6909
85117
41501
165616
69954
59355
34512
13175
109100
83183
45194
64818
100328
121092
35348
6807
76080
93189
123553
97680
77111
115128
109938
44338
162944
4062
51252
37147
61426
100633
107802
59022
6256
94481
117447
91802
111480
86808
25827
153813
105276
64224
154553
66163
45565
54174
132755
132879
94583
45922
9174
182993
40317
87075
107325
45222
32143
143404
112423
126851
109806
125243
75775
116120
44515
29846
43955
33467
105686
79991
113619
57544
28519
113571
106699
97323
27819
42210
142832
28096
3516
19464
24795
5649
149231
52096
28880
175540
14435
2528
22280
31351
9906
176245
12609
62216
51443
166481
6838
160067
120533
83531
29432
4223
46327
56016
143177
14323
102713
137533
80593
91199
70103
86723
67473
4761
68242
64588
84630
92270
28071
91716
80418
172239
96137
38811
17166
88077
813
141293
63973
120834
9660
115127
91444
36572
140868
125124
91877
121273
84785
21976
62576
129198
69242
79278
21255
46423
66067
10027
73645
108209
153724
36942
46617
95003
87390
32515
90812
11606
66492
62396
42481
32857
66490
52708
65230
41632
63411
10543
13749
37182
37925
32081
7746
23051
95060
78240
44839
9523
104490
30507
92133
153184
44875
62428
92317
109360
170666
66172
147948
28542
108231
92203
145349
33779
4584
113294
327
159585
71202
5882
43335
56010
52606
55695
31292
72871
105863
123545
92782
145400
64665
136570
84613
56022
76944
92690
3636
34060
21989
87672
92462
121576
139608
2418
91254
28487
27365
39624
111256
141137
26762
147002
133029
23386
124302
22971
81117
51763
100105
58561
42010
22246
18411
152205
76560
64630
85052
19607
18560
76508
148149
66556
47860
141744
80885
77200
116803
31283
15591
89393
110274
22212
19139
54321
116019
94081
20089
145288
95284
28061
3489
169789
10131
116346
63707
53113
29131
109501
60810
10875
83947
37388
129971
17203
28396
111241
101184
108848
151400
30365
65547
61361
26447
45330
19257
14481
48037
51721
74574
22831
63576
45325
56118
72035
31772
72029
133323
8924
41451
35911
119208
59871
82992
33325
21248
79873
112712
9951
31978
195942
59434
154664
51114
87043
78409
122639
66542
153725
118573
53568
111597
50535
115235
36439
33182
50379
78252
22982
113337
165292
2284
78505
13751
106901
134771
8282
83843
56647
92071
64790
19352
61612
166413
29168
96020
115201
57893
38972
27338
79180
81764
31887
40591
27839
85021
10506
68091
51120
127039
25322
24192
161199
35205
6402
165650
56495
33393
398
31315
25885
110264
66995
79491
58944
112292
185508
22322
152346
124950
67183
1002
32060
129389
102857
52800
6453
168007
66366
69436
89282
90663
44451
70166
31303
133716
86548
51696
101907
158193
38002
31368
52663
48357
24197
157426
13734
183691
102406
53132
5323
19554
126921
191893
22415
24109
21971
63456
33018
31504
6970
51989
94054
7893
124278
15816
243
101297
7681
2158
41341
98420
161743
71787
55403
95511
161068
10248
89924
48866
40519
14608
97610
160737
78691
171666
86712
92718
112396
106400
101560
59416
53800
14010
134989
37003
63895
52054
94382
29825
146592
150270
23469
172992
132730
61379
125995
55968
142121
84551
21506
3117
26827
19943
6075
79084
55320
1591
44405
119939
67217
137139
9741
44137
15607
53065
41091
3006
34192
10757
11238
144601
26438
74391
66258
103756
115027
88937
148502
169493
57058
94576
49401
6812
106916
126630
96573
170307
182272
51429
33676
137917
38975
60972
162629
65578
126939
3594
13877
26728
205
154570
19742
35694
111568
30156
20442
52439
111068
10912
36401
32272
29773
160945
57197
133752
75388
98273
7891
110143
4752
14076
125377
22836
38059
10949
166160
109087
80020
93716
39307
8270
51972
53076
31346
67599
52691
171796
31791
17866
127009
3716
29843
73356
9187
1823
134948
56168
140929
56564
21130
51600
44311
102024
71554
78992
2626
22936
153468
19168
93484
41008
7268
47834
17193
30978
27787
32086
25957
174220
92600
20234
149857
102701
27909
176001
62565
14517
135397
22569
65760
8651
129245
56580
76045
31584
6019
1452
50712
79605
53985
37234
75586
118716
51573
18472
63397
10272
168753
50731
34001
66090
2461
105588
79696
118441
51842
14939
67619
18505
47641
7002
48318
52673
85298
73174
21334
36033
11259
128510
77340
1519
65565
107552
13907
61068
39759
58023
16808
112067
45655
73333
37299
53757
107493
25173
128589
24804
14455
67213
31122
52708
111594
39049
16727
55225
58118
25602
22782
39182
85247
12354
3781
21378
55310
83182
61184
183035
27350
39192
19695
124849
29745
13593
36405
80233
14398
46425
89877
93375
39069
150195
96585
11953
2724
32204
119636
17368
101940
28655
101960
19533
130456
48107
18184
52503
58541
94797
23114
46399
151979
122875
113472
68742
59381
89992
63505
107661
50692
109938
72750
158268
124718
65225
53396
86393
19241
12837
14373
85518
115597
329
130307
102861
25352
14835
31988
5463
48098
125283
146084
44723
52504
1182
179
93049
97388
64040
36033
48994
10241
15094
140445
79202
47105
32124
63367
93647
86653
14379
93902
133100
23740
90377
4677
12083
2608
34425
100936
140202
1250
90806
70457
1511
80287
2920
101063
38704
2986
53182
32455
92297
62306
15824
14419
3818
140053
52991
13915
32632
10817
115608
150856
92489
41371
16982
66276
21737
1387
12739
10352
42843
35114
70079
110380
101757
29157
881
59560
17712
115881
20331
146696
79741
50820
93877
29010
138946
91676
82553
43094
117037
117599
126463
31219
55284
3446
94074
78945
101080
43625
101719
86815
132820
130379
59589
13986
139899
195770
3090
31753
167996
39906
21887
12976
153738
66678
7776
116041
120391
48663
90464
51594
25847
114673
150308
161865
37900
19976
13429
3036
8358
97993
70049
104869
58539
46077
129639
38504
162976
2957
8051
34634
7944
13659
22717
15638
169121
30550
38570
25656
44272
28118
167086
10960
118494
68922
36351
6212
78954
10599
45118
105258
7719
93897
78902
2513
93022
158107
6214
69731
29151
67563
29450
109059
59668
130800
24295
90922
19263
45536
20897
11254
196824
142004
114
38812
36667
3430
52910
12668
25839
60462
93670
41597
75359
71212
44916
13759
19368
173988
94233
128858
28069
75771
38031
14499
31353
25659
21794
105648
8791
19433
96876
76917
69348
75249
1826
85884
7922
188731
8192
64710
18619
115389
83127
153548
84495
98283
54621
150736
56674
126099
133285
14647
160944
3647
75472
86142
133206
73238
95037
86955
22029
37685
14466
29368
188880
57299
81405
45477
143886
55834
90915
36639
23290
119402
111464
51168
22012
16563
25656
23682
127817
18607
57067
140824
35000
39191
86553
69137
127046
67020
63416
35665
70508
153360
66811
68695
73460
146556
91958
42532
106750
13962
90782
120597
52419
9472
12765
25266
93786
105405
124837
165483
22620
119641
15980
62632
165974
124699
125654
138
2840
31206
53286
153641
36862
134208
7744
26508
180953
123
72408
61008
64460
35681
18981
23544
60677
51306
63602
112597
22712
33321
46499
151816
133926
172938
18477
45265
62605
105488
16650
110283
68855
7274
111601
46682
144183
77794
29341
94132
102174
63999
38852
149924
144078
88064
150281
9354
12376
13741
2196
12999
35214
112190
31992
10196
37413
54478
63698
80275
122705
31403
22668
114408
84696
22854
28269
19287
64046
46768
37333
57831
63399
62688
144609
51228
38275
19168
100505
51935
15054
76345
180477
4903
70970
45490
66544
65715
56643
23276
112641
56028
46909
168932
83459
34698
132995
14569
126600
119577
90418
104599
56441
92230
74107
159785
4187
154874
44373
118987
39439
102544
1684
19852
32447
111872
146839
40646
28367
105834
2777
44512
160892
130906
61244
84111
11485
8569
32189
140748
146540
20514
91501
37993
133843
31845
62715
151501
93726
144968
22332
165442
6884
137868
92054
3201
25740
38713
29151
30375
11759
51746
171907
78717
131863
12280
99257
94034
85412
8773
196270
87605
25009
158991
130608
32415
48045
71713
24724
18625
22006
98962
141904
47161
38232
13140
50356
110646
11848
80057
45409
14542
71152
17762
51438
160735
104513
59927
91494
53676
13813
8424
23022
96221
4023
61172
40862
46824
25605
85028
61474
18303
99333
4230
133203
30515
81854
89393
100885
65705
27772
21037
46718
11206
1704
35262
63382
84991
98746
85079
76206
29934
35716
165563
113691
161354
22102
25475
31773
105770
94115
124330
70670
121731
5266
113060
62194
172600
59115
11099
78568
40213
196940
64258
72225
177620
118837
3791
84850
26816
90455
25110
104448
9713
26478
20426
76361
5145
42060
74473
2259
110650
3045
2748
13686
15734
74516
29237
114971
71311
132917
3967
14957
5024
21260
60461
848
102592
52624
56454
7480
47122
26676
66180
80984
189081
82758
12249
150887
146269
89353
107779
23329
105787
16631
64940
44916
22311
39281
327
4464
196932
6193
38782
44161
46923
73618
44461
24032
8281
2822
10946
153996
31627
2983
51352
113567
1654
60420
39046
25712
14318
57311
85070
187263
102186
32202
114456
98411
8918
9371
96497
97379
147879
55733
121276
146413
73245
58995
189052
38403
33973
93849
138453
13040
11373
51887
25629
132116
13268
4555
116317
19702
15773
12582
146632
84458
98513
34527
99935
82471
6854
72635
42049
136513
121343
173675
107302
113271
44966
44865
82770
128662
34093
92342
99486
95897
99658
24609
1813
161893
41713
60189
24697
36418
83154
42532
35623
47178
74415
69758
171935
71271
22080
29132
62296
19430
78753
89260
95448
10602
81749
132196
125370
15756
128868
24111
95904
73732
63215
168039
53119
175560
8010
109769
39618
75262
9675
77546
1632
17335
78237
8801
92082
109432
73571
128923
41109
95873
37274
10124
44695
80559
33627
89887
36450
20407
36047
15416
34102
16558
1342
3797
11946
64913
32858
77181
39815
122565
193602
20394
52682
51759
47359
79979
15323
54602
19255
92975
69532
86137
114792
1544
86077
136391
26746
18632
51012
114403
18413
2154
120184
30220
86343
109199
94276
150301
2398
93709
42864
92394
11156
55042
107525
49418
41800
71727
18970
38813
13171
10138
24602
121409
154208
81086
59311
8288
161867
110299
4833
51794
86627
25807
45364
126671
71732
16524
25584
46091
113428
3809
42281
43002
55493
153357
41153
74433
152362
64863
125693
67711
66052
62752
141057
6871
49309
27328
111863
75543
10912
104213
121303
96502
25320
112542
4725
99354
5816
32588
829
112615
112313
2227
100890
105761
150263
49171
126174
16092
31894
9847
89138
94716
173301
37196
55762
124344
14263
58957
93963
99136
17890
114341
180019
104224
112482
18899
3782
73335
124238
144395
67279
61348
94820
106791
123811
25422
71915
64032
14843
69895
98047
6181
8847
76848
120278
144059
17690
75974
45377
57036
46688
8759
60299
22938
104158
38064
62736
55331
136562
67284
19247
63810
32597
96745
56146
42179
75316
7515
34202
145318
83761
136600
93754
126289
35710
102391
135474
12879
34270
113477
35958
85321
60196
70381
77663
1249
14524
79159
7462
235
25528
32928
86575
73375
101734
39638
31740
16138
2708
25821
51656
2936
2690
3865
43772
61766
162365
16859
124884
45445
66444
93318
160653
144709
11187
112535
70970
107128
172943
162051
41375
6541
68222
96926
129539
6380
18165
80427
28869
27278
109671
106537
51289
15922
90973
79402
92976
9759
22950
39143
22930
9087
62351
62985
80149
172683
91243
78702
52528
153559
162327
5218
1135
17811
98544
36737
175713
116881
12209
152321
10717
54597
10969
46293
125896
68695
106955
51275
74286
114552
34308
31020
18581
173241
32558
82519
23821
13747
41952
122827
34095
15188
32975
149307
100362
128645
35554
146
92658
6363
153626
177483
53995
154956
225
112895
133227
170339
73385
51223
54085
63658
66358
165552
11304
14148
91621
131702
93029
105182
79715
74873
109729
86638
85649
75463
107214
1102
95906
165142
22945
24923
109685
126398
30787
14257
139978
71351
66537
68725
35183
46504
67322
118053
153166
146222
54803
110247
46606
89061
21569
111591
2715
43453
81728
34078
94173
76109
74670
70056
101674
69904
12222
58695
14576
30959
60729
40117
19216
99542
1754
43355
32747
91401
110497
108459
24756
84692
150757
53369
31520
39024
53672
64857
29338
80211
55509
67651
24078
25477
2266
117966
63914
101012
3593
73451
123930
77743
57841
58173
25843
5300
66985
78657
86719
651
99443
91971
60377
139829
166730
46527
66552
10351
32151
95269
47373
30990
35809
13229
3119
52081
43930
16140
14551
94228
17200
14496
43451
155399
4063
122044
53970
14803
114256
40887
90319
13433
45570
45181
113218
14181
43932
136078
76614
118599
12013
79862
13291
86897
45550
72608
92253
40937
22655
16554
65516
61035
7124
126582
48696
59360
99550
92704
11390
149904
108720
91142
7950
51736
43366
9348
91578
29334
29153
99633
23121
100033
78258
14580
126997
89754
7443
119550
19683
71699
102353
49001
23809
28859
19498
43718
23003
84863
116954
32239
50133
13796
102460
61469
100026
6538
111896
24983
59987
40540
7635
122453
83972
155186
131125
48794
152784
34796
91622
14694
21732
25288
76153
25685
19584
196910
22557
85558
80657
78754
26734
30178
88056
125096
37119
130282
48676
89900
131219
91044
47247
98484
67595
110640
40908
161082
103551
29693
63268
40473
15045
32970
118727
49351
107377
15747
89939
74403
63468
24068
62292
2882
41754
40346
8916
88015
56478
39521
7426
34560
43135
138602
25420
173110
36891
85130
103938
64871
77
6882
21673
15965
140083
91857
100424
8913
53463
102843
100947
36435
73346
61349
47335
124180
104080
52679
68356
36756
68565
38663
7843
78975
156878
55167
45440
93531
143012
13717
94006
65530
62725
84784
42931
176529
42847
24340
107407
95996
76284
67286
6675
119158
5273
76156
71805
106598
69043
97410
90165
2804
132796
150153
40713
59211
37270
124929
112008
133564
116814
78961
1721
22081
28298
67354
12189
123745
50424
148705
27962
103401
8832
103681
68708
165427
135143
75904
19056
16606
39093
37387
80845
25615
5599
38148
121864
24244
52689
116337
41942
16717
66536
11441
81201
50244
12673
88746
41721
6315
167266
76895
101754
4776
107781
5457
170998
42948
94831
74847
64698
13878
25801
141346
66463
35986
16864
22354
2533
15671
127047
29991
62242
7275
66748
71706
93846
64190
7756
108280
64101
154669
147881
90024
45248
7105
71926
110714
141243
168805
113677
54179
24970
45922
18508
9537
145644
91932
21779
6168
85392
18875
106885
100664
77087
87251
38211
171889
106956
37588
42400
35722
6956
81327
29819
13812
44432
173790
23181
18848
31347
106798
85692
89285
14935
28279
68335
88309
93941
50002
64108
102843
71282
27159
141698
67563
83504
39941
134196
94318
108147
116429
13261
118255
13346
94231
19565
62342
7640
1538
18713
35184
44222
30410
77624
137219
164757
33627
134685
25992
79167
82815
104735
64637
13385
62578
99846
15038
70484
62731
57949
115805
2507
27457
28410
106789
161665
58446
49073
1363
32775
55285
145611
26846
98077
4692
35258
115206
18383
157022
150764
88343
46641
4097
76008
180126
83859
59894
52498
86420
88240
5416
37853
30994
40406
37263
68841
124239
50199
2098
103763
152065
6772
41441
73714
74564
23508
29524
110402
122084
105867
51280
196642
44622
97088
39005
40125
62616
58362
165605
78459
10393
165457
61508
31948
65587
23182
129587
11867
75077
98846
42596
42410
2960
71135
139873
144426
35980
22524
90143
80152
12515
71194
49675
32231
18934
62376
4957
129603
66484
97932
71270
112104
144723
126977
141205
135324
105852
57535
15461
2114
93684
159100
66683
113244
36714
195872
93419
141300
72456
20536
61198
129558
39025
53017
33223
60301
108916
1423
38656
63861
63296
18539
160106
23891
23333
164500
49235
25606
103206
115683
44227
5750
52749
128965
160685
4561
151419
48009
162815
8557
18511
27404
11763
67560
120425
81805
104293
50597
64104
84839
76392
108763
63904
111862
91727
95918
55395
116601
46816
166921
1037
46441
44714
58213
25897
60766
160211
1891
15785
91454
41112
116842
115888
83335
76850
139191
118229
58972
145491
48416
15097
7105
103476
68509
94910
75623
94147
120971
95080
78568
137934
155573
75677
109619
25143
130603
12662
3431
3863
20959
63211
145433
20121
34593
89411
167053
26828
123721
17035
110870
114640
47901
75939
40272
94147
15489
180
65996
63809
65260
104410
48280
160268
89138
99097
3567
91211
135224
33019
13794
39294
20660
38449
87312
16743
124903
16948
93197
144216
16169
76844
79955
197178
43759
49550
76201
85171
121264
9108
140183
27183
47443
86046
22885
121300
91426
47614
11970
86294
66663
21599
