67
90
26
43
51
10
33
6
68
27
14
19
90
8
2
18
50
6
6
29
56
6
59
38
96
13
9
43
50
61
17
39
37
42
37
33
45
27
12
73
19
13
29
50
12
84
59
89
9
35
27
15
52
12
74
13
28
72
41
33
62
39
32
27
40
14
2
26
27
31
11
29
43
23
3
58
28
25
0
11
33
12
2
6
42
49
1
96
51
7
38
19
64
20
26
51
92
22
19
77
65
91
67
93
4
39
28
13
2
36
59
30
13
15
0
59
5
18
18
9
53
8
21
4
49
70
62
13
15
18
1
4
16
50
43
58
5
11
18
51
18
68
24
10
41
0
55
17
29
90
50
5
1
8
36
31
20
4
59
70
38
2
53
45
21
70
59
43
79
21
33
19
2
62
32
59
61
5
21
55
0
46
27
47
19
96
14
15
78
37
7
0
2
45
4
21
58
18
9
42
51
75
3
90
55
23
90
28
29
76
33
16
1
7
69
19
69
44
79
38
91
36
25
34
78
48
45
7
23
94
52
28
13
66
21
42
17
91
6
6
92
37
38
31
26
23
52
39
51
26
39
8
4
70
4
86
51
3
62
31
47
72
4
33
32
43
32
58
82
28
1
18
19
75
24
40
11
73
69
23
34
81
14
60
41
19
46
2
3
18
13
67
22
9
52
7
1
74
24
10
2
22
48
4
5
21
10
36
52
79
26
18
82
69
47
61
10
82
56
25
33
51
11
1
43
53
43
46
23
15
41
46
14
6
72
26
52
64
53
76
36
51
28
14
24
42
90
44
8
23
72
32
39
94
59
88
77
22
44
40
76
68
4
84
2
29
20
15
6
72
68
69
6
20
59
9
32
47
54
37
51
15
5
10
11
34
42
43
22
68
51
45
91
34
42
67
24
11
1
67
71
22
86
17
58
0
13
7
61
48
56
79
0
51
17
21
9
38
41
35
52
57
44
46
19
18
90
60
29
44
19
16
4
20
41
66
73
43
16
32
25
12
69
6
67
47
13
15
68
8
14
4
75
19
61
5
18
2
21
15
15
39
36
40
13
59
54
86
3
10
2
37
48
29
2
15
15
37
27
27
5
4
28
70
63
6
67
91
34
76
40
40
22
30
83
21
41
90
15
48
9
74
73
42
41
58
72
52
50
33
59
69
6
65
17
9
10
62
22
6
15
27
60
27
27
3
20
30
3
62
37
40
74
8
44
76
14
14
7
33
1
44
8
61
74
20
24
41
43
20
10
48
70
42
50
1
6
20
55
15
4
27
12
31
65
61
40
33
41
23
65
54
81
41
14
43
24
54
1
10
54
13
27
1
13
14
76
63
66
6
20
29
16
16
43
41
36
40
33
8
28
19
81
32
58
5
29
22
75
74
29
13
61
23
38
27
92
2
34
2
24
17
8
47
8
18
46
13
30
20
70
28
31
29
0
39
51
92
43
21
54
73
20
46
59
21
10
57
15
43
14
6
68
20
60
44
51
72
23
55
1
51
23
23
11
5
31
60
22
46
31
36
27
53
53
3
36
47
7
15
8
25
60
40
49
30
63
42
33
74
55
60
38
45
78
5
21
47
32
14
28
42
26
70
22
77
30
17
1
89
45
29
5
29
6
77
0
17
11
76
1
50
14
29
91
46
10
11
90
11
79
38
81
15
50
51
52
53
10
26
7
80
55
55
34
58
5
62
71
48
40
23
56
90
50
26
47
8
18
71
4
55
56
34
16
3
56
3
6
41
5
72
63
17
86
25
10
32
23
25
68
44
7
12
42
15
35
37
69
41
34
72
19
6
1
13
48
4
5
16
81
63
17
51
14
29
29
45
23
7
1
4
28
1
36
83
11
57
26
11
20
5
34
48
47
20
75
50
9
30
22
21
80
27
85
35
43
29
4
55
69
10
12
6
59
17
73
34
84
12
32
15
70
1
18
70
33
8
50
86
37
19
91
46
48
4
5
6
25
14
37
5
28
1
37
14
22
76
39
69
4
22
40
70
16
39
8
80
48
28
13
52
41
65
78
12
69
53
26
21
42
28
35
65
20
34
91
8
9
30
91
17
55
69
44
0
16
21
23
29
44
24
67
56
70
47
27
31
20
83
71
15
58
44
38
69
14
46
18
22
64
29
13
16
27
21
57
3
6
0
41
58
54
12
45
48
37
22
21
15
21
57
14
79
73
42
30
23
3
23
27
72
34
92
62
11
5
59
7
25
36
28
19
49
83
30
53
38
37
44
15
14
16
62
63
36
8
36
26
29
29
16
17
40
19
9
33
21
17
24
20
1
98
35
17
77
36
6
55
64
40
21
48
0
45
84
0
71
16
69
61
14
50
6
86
13
76
13
72
12
28
42
6
57
63
7
28
4
40
84
85
56
66
42
50
80
30
27
33
0
10
49
49
17
55
13
97
60
35
50
15
46
68
88
15
34
29
44
56
41
13
59
41
27
24
29
26
12
29
0
73
83
17
13
21
47
9
26
43
2
3
16
29
15
3
55
36
77
41
3
23
8
26
87
20
35
62
37
0
13
34
17
79
45
16
28
70
76
61
84
6
59
42
55
73
0
11
19
30
22
9
51
48
82
45
61
2
45
43
39
43
2
61
62
47
4
30
4
33
0
46
62
60
1
45
76
26
52
5
30
35
83
30
45
90
28
2
4
32
39
12
64
11
36
9
53
0
17
8
15
62
8
24
50
51
26
43
20
32
7
47
5
29
6
52
46
36
41
60
38
46
14
46
18
60
78
63
9
49
28
12
30
16
49
7
41
33
63
82
71
39
69
49
60
18
74
18
20
60
1
13
8
19
58
55
6
8
2
43
92
16
6
25
1
78
16
53
15
34
31
50
47
9
93
2
54
23
81
44
16
24
48
16
14
18
17
18
9
70
22
24
49
4
25
8
32
14
43
2
31
88
26
8
20
20
45
18
28
22
76
22
4
33
36
6
29
40
59
37
3
32
19
64
53
46
14
73
15
53
19
5
41
56
11
10
2
36
39
7
1
86
4
77
18
29
22
22
27
5
55
9
16
53
51
18
56
44
44
55
43
15
3
40
55
9
25
21
28
82
7
59
19
78
77
24
81
11
2
6
42
16
58
72
28
79
20
26
2
70
30
16
12
14
9
13
37
79
24
46
66
4
69
3
17
9
50
13
11
36
53
3
73
22
54
51
47
42
47
36
19
41
52
76
26
36
7
9
5
14
90
59
37
15
40
36
19
58
26
3
71
34
15
46
28
5
35
74
17
3
41
25
29
55
7
25
36
49
22
78
62
45
74
14
32
32
14
18
65
36
33
17
55
8
23
56
73
49
23
24
60
19
11
2
8
35
5
4
7
19
91
9
89
9
28
26
14
22
7
66
3
43
42
40
13
29
51
19
44
89
91
66
15
1
46
26
7
23
22
66
66
63
40
51
76
26
60
33
12
68
40
1
69
38
15
35
63
1
25
40
48
9
1
23
11
14
24
6
23
5
54
6
38
12
15
4
5
5
11
6
89
59
3
31
8
23
12
57
8
73
71
77
69
69
14
92
38
9
6
24
21
8
22
69
2
27
24
84
61
20
6
47
32
40
1
93
8
3
15
15
18
15
17
6
24
7
28
20
17
51
5
18
38
21
42
66
26
5
67
74
9
18
47
28
6
37
2
30
6
12
65
27
29
74
33
10
9
1
23
44
8
13
85
28
30
14
46
36
23
61
51
39
71
43
38
18
31
68
23
19
47
46
15
48
7
53
7
86
52
9
26
56
41
4
31
20
33
50
62
85
3
34
92
49
7
55
39
36
2
39
83
26
38
37
31
17
36
6
48
31
69
48
34
19
62
14
10
4
40
36
18
31
86
12
38
23
12
35
68
89
77
1
73
8
66
52
36
14
15
50
9
84
77
37
65
77
30
70
10
21
73
3
39
13
48
8
11
6
20
50
35
17
14
38
29
86
25
20
13
54
22
59
40
21
23
55
9
91
25
24
64
29
53
17
80
81
27
31
14
71
30
2
28
52
15
70
22
23
67
52
18
50
84
37
15
1
75
27
68
17
0
2
39
9
74
16
56
27
28
18
31
59
83
30
56
79
37
5
91
63
29
20
76
26
46
18
58
69
3
66
11
2
42
1
13
25
2
10
33
52
21
32
7
41
14
6
74
38
32
21
74
31
9
20
15
64
73
1
1
28
63
23
29
21
24
40
34
41
58
26
39
92
41
69
45
41
18
30
10
55
68
10
100
10
80
62
19
53
73
10
31
15
55
67
36
57
28
20
57
28
55
32
10
47
42
47
20
78
20
70
1
1
81
39
7
55
0
16
57
64
15
42
35
37
43
51
70
13
19
63
77
40
2
15
35
20
26
85
91
11
10
13
12
1
50
20
41
38
16
41
14
35
15
72
20
70
45
34
13
15
3
5
69
44
28
8
29
44
4
41
15
35
29
24
2
50
64
19
57
30
70
54
65
32
87
65
41
9
34
45
9
40
21
18
6
3
20
60
5
17
1
64
3
34
6
57
44
53
31
15
31
24
15
15
30
69
43
46
36
27
7
9
72
42
12
17
6
42
4
31
20
30
1
59
60
18
53
64
30
20
55
22
1
13
36
22
56
28
2
40
48
3
5
20
39
51
78
47
83
10
41
41
85
62
12
9
37
52
7
40
22
11
47
16
21
56
0
47
57
1
35
6
26
10
45
40
7
4
42
28
1
35
9
12
95
23
14
11
75
37
96
6
78
13
5
58
44
35
22
7
49
46
21
12
8
80
25
49
25
82
40
26
26
18
16
11
27
70
10
29
92
6
26
7
37
72
53
41
53
72
1
9
26
48
9
8
67
19
1
67
67
81
4
1
29
13
24
23
5
4
57
46
14
29
74
46
18
28
14
30
52
26
71
62
76
27
39
17
6
49
45
38
12
41
76
10
13
6
27
36
7
6
22
7
8
3
18
70
22
96
7
20
14
47
75
32
16
1
25
33
20
13
10
29
85
61
27
81
2
26
3
67
67
19
13
17
21
81
12
22
35
13
8
2
27
19
6
7
16
4
5
25
4
26
32
76
81
65
51
30
47
16
35
18
14
27
37
1
4
26
51
11
1
37
38
4
19
70
72
35
34
18
16
29
50
62
16
29
11
43
20
19
29
14
5
45
52
35
13
7
7
51
31
74
35
47
6
4
34
68
16
45
9
48
52
35
4
7
35
83
75
95
54
90
55
20
81
20
40
31
7
49
35
36
44
37
43
16
14
13
73
28
57
25
19
59
21
92
6
39
70
8
68
59
82
67
0
9
54
72
71
19
23
7
81
49
37
43
40
10
5
60
20
13
33
69
13
4
64
52
44
23
46
16
31
20
70
27
32
16
100
55
19
58
41
43
17
55
11
21
33
57
57
74
54
51
84
23
3
14
31
49
50
5
63
50
39
8
16
4
13
81
47
71
16
37
21
41
6
34
55
1
65
22
8
5
24
55
40
37
35
50
32
10
54
29
19
28
15
23
73
70
3
58
28
37
10
60
67
52
16
31
37
41
21
15
16
48
88
14
58
45
46
46
28
26
6
30
15
88
65
45
32
4
65
5
57
13
21
17
37
96
54
32
49
83
17
12
66
42
75
41
4
1
38
34
70
10
73
26
5
68
52
12
37
22
19
18
53
27
61
8
41
12
1
38
2
23
32
41
59
56
92
20
9
35
30
46
16
48
16
61
7
10
41
11
33
41
70
35
96
50
6
63
79
10
9
34
19
16
81
10
85
50
12
64
5
17
27
10
7
52
57
62
73
19
40
9
36
67
35
77
17
1
43
46
2
16
69
18
32
62
11
71
76
22
62
48
77
85
37
11
56
13
17
75
49
7
42
35
3
28
7
53
33
30
61
23
18
42
3
24
43
11
62
28
53
65
50
14
15
56
42
49
0
49
34
26
43
55
80
53
40
39
43
27
27
17
67
17
45
2
41
11
32
41
26
18
33
55
71
14
3
82
5
22
11
23
2
61
9
91
55
34
2
10
4
2
35
25
7
36
34
16
9
34
10
49
9
60
4
71
58
53
26
35
7
15
9
43
68
0
29
9
83
13
7
30
16
29
60
76
10
66
73
48
24
4
34
29
29
63
33
2
50
42
16
15
61
36
62
83
1
1
14
70
38
18
44
14
31
7
42
31
1
16
80
78
10
19
6
88
89
76
13
34
77
59
6
31
27
21
36
9
66
1
15
82
67
31
69
24
48
44
56
27
19
28
59
37
54
26
15
3
1
50
18
5
45
95
11
22
84
21
16
14
10
49
30
72
42
15
92
6
31
15
75
40
100
90
60
58
14
26
70
48
19
18
57
1
54
37
69
35
14
8
19
17
11
13
43
19
33
68
67
30
39
6
57
21
14
1
30
35
18
4
11
11
55
91
18
18
53
45
25
16
10
34
38
52
27
20
30
2
49
42
85
9
0
37
94
65
65
68
52
9
0
47
22
44
40
47
89
25
13
25
74
54
57
92
11
29
27
79
9
29
38
70
41
60
71
22
18
49
22
54
59
25
52
56
18
1
50
4
6
8
59
30
50
34
82
62
29
52
2
8
35
33
3
6
55
62
8
43
69
62
13
32
34
19
48
63
63
77
16
38
19
33
14
63
32
33
43
7
47
76
14
13
44
6
37
69
81
40
14
48
13
10
62
80
87
9
27
40
1
89
61
47
6
1
81
35
16
40
20
24
51
41
64
73
25
14
44
6
35
4
55
6
6
42
4
5
1
14
56
15
31
22
26
64
52
52
53
32
5
85
13
28
57
23
10
29
6
18
11
31
90
66
21
16
42
4
4
47
29
5
62
14
0
31
1
11
7
32
67
17
58
41
33
31
29
14
2
12
12
78
8
75
41
56
47
9
92
47
31
53
12
77
52
36
53
7
12
45
20
37
20
1
82
2
27
31
18
57
5
54
15
15
50
67
26
11
30
25
17
12
70
6
59
10
48
24
8
8
22
55
74
53
23
12
12
14
9
19
2
21
2
13
25
35
47
71
28
34
28
61
21
66
24
78
73
59
63
42
5
41
65
2
74
84
60
10
1
21
55
84
36
32
86
63
80
71
52
2
40
55
32
10
28
56
43
20
56
4
34
30
41
24
8
81
97
59
87
56
70
35
28
23
59
9
44
5
28
15
56
18
87
5
48
39
44
52
57
7
11
18
3
52
1
89
5
7
28
38
96
53
54
30
4
84
32
3
12
42
1
40
27
62
53
15
10
22
43
2
47
3
22
28
73
12
91
41
39
30
89
6
28
14
12
35
10
14
30
63
20
58
26
14
43
26
46
58
0
13
34
37
54
41
27
18
21
75
10
73
13
45
9
41
10
0
14
70
29
58
25
26
33
2
28
33
10
57
26
50
72
51
76
44
18
41
29
71
8
24
43
82
26
24
41
69
44
17
63
59
21
23
49
29
25
72
7
41
46
32
31
9
28
5
19
38
0
16
61
50
44
1
11
7
80
5
3
69
56
23
10
27
88
54
48
45
37
53
19
68
1
12
75
82
52
22
63
50
45
10
8
8
52
85
62
15
23
59
79
62
14
49
16
47
89
22
2
51
26
2
53
84
67
28
8
15
14
19
19
25
46
55
47
13
11
60
2
27
29
18
31
13
29
9
70
77
52
40
48
0
6
12
36
32
35
14
58
78
31
23
1
38
18
24
23
3
40
28
22
58
80
7
50
40
28
34
3
43
12
71
17
51
25
15
54
0
4
12
31
6
46
8
33
49
9
55
17
51
6
8
46
8
45
55
13
7
77
29
83
10
40
0
71
40
11
30
14
1
14
13
31
68
30
52
5
51
0
14
62
2
27
1
7
12
60
32
17
15
56
26
57
89
0
15
46
27
14
52
27
52
49
17
69
10
48
55
25
42
8
14
45
38
42
21
3
28
58
55
14
39
22
72
2
52
28
84
16
36
15
5
8
13
17
44
13
13
46
59
46
11
61
81
50
12
29
43
10
22
66
20
36
45
4
23
69
37
67
92
23
7
60
8
19
5
39
3
8
32
16
58
8
21
35
13
20
40
50
11
89
6
28
22
85
35
38
63
13
4
43
11
4
20
25
66
14
66
18
60
7
40
37
70
4
48
30
26
48
11
4
1
68
45
55
18
4
58
48
11
11
5
7
50
24
19
71
0
45
7
12
49
36
57
41
23
27
15
24
14
9
1
56
61
6
35
2
45
76
24
3
36
52
8
14
26
2
17
90
60
2
71
61
8
27
70
32
49
29
77
10
1
53
57
7
12
60
62
6
50
81
47
63
6
41
39
51
63
65
4
28
5
7
27
34
17
28
8
12
12
1
28
70
70
10
49
40
0
73
18
33
12
32
21
10
46
56
23
54
3
31
20
10
4
5
88
0
48
21
55
11
87
26
73
22
13
15
13
72
66
79
41
3
24
54
33
34
28
7
52
13
96
32
71
10
18
3
19
72
12
22
14
75
9
36
9
33
47
15
20
18
3
35
33
76
31
0
19
47
18
4
36
29
1
54
6
37
41
15
30
80
51
54
61
14
51
6
75
62
27
24
7
54
24
13
69
48
91
29
21
8
39
43
3
28
24
53
19
71
3
30
7
52
25
21
53
69
39
21
10
28
22
39
74
2
4
12
83
0
65
34
27
46
4
27
22
64
18
44
38
74
1
28
20
65
46
66
70
42
30
18
14
0
27
16
31
27
48
93
7
43
10
49
57
21
56
65
15
14
26
17
10
34
58
6
68
6
84
10
11
4
33
36
32
12
38
49
60
28
7
74
0
34
3
36
32
33
4
15
42
8
64
15
35
52
93
21
46
15
56
1
21
47
81
18
35
34
32
12
37
6
38
83
2
1
40
52
6
32
41
85
11
29
22
60
9
26
22
13
50
22
30
74
54
64
36
11
16
52
24
24
79
19
97
72
45
17
45
61
26
29
36
7
1
19
25
29
56
17
36
32
36
31
67
52
59
21
73
20
12
23
50
44
31
27
25
16
16
53
44
45
1
2
91
54
67
11
4
70
14
9
29
75
51
48
41
86
59
74
2
39
60
14
56
22
30
30
51
6
6
62
11
41
14
2
52
48
86
60
39
43
8
1
64
29
4
0
17
53
4
8
33
40
23
19
9
8
16
10
69
61
4
46
74
63
27
5
28
33
55
10
45
26
2
39
61
69
73
18
13
20
31
24
55
67
43
61
59
49
17
40
54
74
54
23
55
21
13
0
49
43
64
68
12
52
9
14
38
40
74
63
24
1
9
52
29
43
12
17
79
7
23
41
91
74
72
55
50
36
22
16
11
60
27
50
32
42
42
34
13
39
2
7
14
47
35
31
1
48
19
22
40
56
70
49
6
22
73
32
75
72
18
32
31
51
46
3
3
36
22
27
19
11
44
38
52
62
28
20
46
73
10
15
16
27
64
40
75
34
3
56
4
19
23
30
17
15
6
23
57
31
50
61
48
12
39
15
71
5
49
24
35
48
5
73
25
2
5
4
38
47
67
14
6
15
7
0
59
18
91
30
40
62
19
1
87
2
14
5
77
80
22
55
3
48
35
15
8
51
76
18
12
8
75
49
11
49
50
28
5
24
11
18
27
74
49
33
48
13
21
6
37
39
90
90
64
1
58
51
4
13
41
39
1
0
9
77
7
29
61
93
26
3
32
57
4
42
9
87
9
49
17
58
6
57
28
16
64
25
12
49
0
34
77
42
18
20
53
29
27
77
44
14
52
26
32
15
10
70
3
13
71
5
81
36
36
10
4
2
1
28
40
5
75
2
67
6
33
45
26
90
1
70
20
73
60
22
48
43
15
31
16
40
39
51
48
22
24
7
29
64
9
28
6
43
10
24
35
17
16
60
25
21
38
77
59
42
1
13
13
15
39
9
64
18
59
31
14
68
4
16
47
51
61
37
25
71
16
80
26
32
12
28
16
23
11
34
38
27
66
32
17
50
68
34
6
11
11
5
56
41
9
3
89
35
82
69
31
21
5
72
65
97
47
79
60
29
33
30
83
14
28
21
30
26
20
20
12
76
51
3
59
82
18
77
22
43
10
42
17
14
66
36
20
7
17
33
33
91
76
23
0
54
3
16
43
10
50
40
57
63
18
14
80
8
47
44
12
63
3
95
40
21
0
1
19
23
22
12
2
91
16
27
15
77
51
43
57
15
49
15
33
50
54
15
39
23
15
6
16
8
67
41
40
23
7
9
54
49
72
73
50
9
53
15
15
74
46
28
78
21
20
15
42
29
34
37
9
2
42
9
55
72
30
26
14
42
33
73
53
0
69
16
1
5
7
14
19
14
3
13
1
14
69
61
27
52
37
30
18
63
19
55
25
62
29
36
22
31
50
13
2
43
14
18
44
3
57
42
25
35
24
16
20
20
54
28
7
4
53
17
32
19
40
9
53
8
36
41
0
11
79
30
79
23
18
9
28
10
21
22
13
25
10
92
50
55
52
43
36
10
39
0
73
14
19
33
29
27
13
49
55
6
15
44
5
33
70
63
97
48
11
17
82
34
75
25
35
34
52
19
26
15
34
6
7
54
47
24
43
34
31
42
63
43
47
21
54
23
37
4
13
48
55
3
15
40
18
40
45
19
27
1
27
49
43
19
11
27
2
21
88
29
26
85
43
18
2
53
29
31
0
1
81
29
47
67
30
92
85
28
52
15
50
14
17
12
6
30
16
47
70
18
17
7
7
37
11
45
21
35
10
8
13
1
22
61
39
31
59
42
18
54
73
18
33
55
57
93
11
41
44
69
60
52
43
11
2
0
54
19
39
20
13
83
40
37
19
1
28
14
11
2
13
32
36
10
39
8
27
2
45
24
14
43
14
48
30
14
27
31
40
89
34
28
94
7
49
86
16
2
29
58
22
47
12
42
19
17
2
74
39
7
16
64
32
9
13
0
3
32
33
6
30
28
34
17
23
22
5
66
55
12
23
0
41
5
33
7
35
45
13
41
55
69
44
52
83
68
8
17
38
56
76
43
52
4
20
1
62
14
8
3
1
29
58
16
15
30
37
42
59
26
64
10
78
8
67
56
24
75
69
29
49
79
25
32
3
84
78
29
4
27
47
30
3
7
49
36
72
19
2
52
19
34
36
38
9
28
18
54
26
27
9
23
66
0
41
41
37
41
28
20
52
40
55
46
64
15
55
10
53
11
51
90
13
29
19
51
60
41
10
33
11
2
34
30
0
8
77
69
70
73
32
18
65
5
12
10
4
18
50
12
70
12
48
69
5
48
37
4
23
22
60
26
20
42
73
5
84
89
63
96
93
8
1
16
25
43
