70994
42468
141979
42489
36249
22715
98481
4378
3414
28260
42839
140450
8601
83296
33159
35027
101510
106321
65528
32086
24130
48088
76557
49422
117138
91471
14885
23643
127014
55892
45345
89574
34093
61689
35655
11352
13413
75442
89589
106361
35476
3511
70760
28881
1850
46668
23256
23975
58920
62071
17484
34548
132108
151271
78886
54797
129606
81436
46967
17863
23790
22272
140958
112590
9532
150582
130244
52392
43424
18534
99541
123608
33363
44267
108530
9756
73810
63033
27441
111053
151514
70715
35199
94249
70867
7688
41472
34348
73812
75516
131150
66988
10080
36498
88118
26010
43613
61385
24929
20047
142568
115871
165294
104197
130932
121886
66698
4644
114308
166935
27599
18166
18617
26675
4708
18969
56505
86359
16862
15834
50607
6838
15444
3267
30070
83027
123720
81250
77463
62220
114621
49345
139903
32691
9727
115100
108628
65883
119279
124292
48081
156987
76998
130841
46005
65883
27729
159802
25166
39571
135368
31289
100736
73643
23001
170246
30525
63776
48371
21099
110756
2071
49947
91102
51752
147726
146343
141954
132465
25007
157074
154381
107753
78079
66296
135914
98955
115805
78184
18999
67238
8992
20315
111303
105100
6413
70972
33920
55825
151303
165829
18635
149203
47688
93436
99847
130928
31374
59514
70885
18019
7692
76383
44400
28325
166348
33510
112395
129472
25599
2907
143957
88141
185713
17985
56679
34933
7973
135916
106216
163078
2194
86280
22868
35049
30652
65744
144908
57321
56882
3208
95858
113082
59699
18290
66910
3798
72593
52316
83778
33758
88923
89975
80687
12391
26172
135921
131937
35200
55783
39888
105858
100756
74294
76169
39727
160068
177418
93901
70298
134397
92656
94864
126095
96356
6816
127488
30616
188151
64638
107061
58568
29842
2295
28264
47680
14998
10523
107588
34503
48091
66769
33587
93990
15822
103929
23318
44302
55214
5747
133136
53387
159106
42545
157944
87377
10589
124682
94198
27275
65114
9949
131147
46542
72248
23573
164419
2752
100657
20067
23839
121376
112985
123284
26372
51451
73343
111115
15052
50263
151148
2163
173814
2273
11056
96540
33322
110176
84738
84385
95679
152477
150479
90774
50234
111944
24706
152524
56898
21378
38722
57566
133597
71082
168803
152615
133529
48131
100662
48862
22011
153377
127152
45957
63985
117451
46060
45041
27967
81232
21920
87900
46433
146639
34376
74687
78142
29971
109850
29406
44111
61125
13113
12880
13576
6545
38153
45351
129644
72817
112654
41139
66171
1536
31179
100599
46542
37907
8160
75159
99990
107974
104658
174070
46308
50114
107815
92794
38902
92213
139569
92727
26501
36008
57037
20939
58478
25074
41886
36106
134079
12358
62051
13498
52419
9557
25696
139931
105468
27772
24733
10550
3865
2119
33772
11154
132639
44917
174359
23521
27915
10876
19909
74312
87707
24178
11556
12114
181474
56827
4033
20710
154352
43983
13323
126226
28759
47814
43664
67669
74488
6179
25619
6153
77968
58734
104374
24513
39073
65748
65835
87873
159991
58630
5225
62189
34550
62071
135226
8115
87435
2334
37540
118435
9412
11578
132061
6132
114901
8612
109098
34171
154018
123527
58741
11981
160626
84613
28825
48546
53500
57526
74587
49506
100282
79397
33520
5861
38249
88711
25074
10729
25261
21699
54208
53919
16809
57121
50902
41633
8915
23596
37714
58754
104573
30329
52882
38774
62776
53049
49322
39068
40205
54692
158095
51924
53760
11785
65962
40298
10035
187386
143506
20487
41610
96283
8903
191315
6460
79839
155226
8895
5662
95535
76571
138846
52430
41232
15051
2909
38737
33983
2993
23525
58789
141941
167880
28305
12594
5579
43646
161039
115346
76137
42230
148958
100685
13459
4857
105546
31908
104408
121633
107338
12165
95481
36202
125145
14996
106570
41902
111579
29836
74143
130220
77643
57574
27462
54971
97258
3875
100045
88642
84913
124120
170190
80659
123216
109301
11041
69093
6442
32321
23161
49616
1930
29463
70400
104905
88610
431
81761
149039
78813
40994
78032
147073
24305
17738
69904
53473
58609
5618
1352
78935
132616
53085
122228
24121
37164
118640
155274
37138
69327
106273
6417
174185
91150
134389
57386
75997
18451
67236
1138
45409
79118
60197
82140
71281
160112
88635
65778
34950
42411
133764
11770
70304
54969
100553
5127
80748
15933
39971
13947
18540
7523
178838
39809
15977
96373
5368
144057
136341
53101
16951
3176
23921
58734
30240
143230
175274
157196
104106
103552
13191
60457
70851
90439
79088
54436
113793
24350
12276
39823
40158
83733
66671
133434
119212
74114
3674
98955
110971
56658
84441
30681
40380
126916
119837
34157
157153
145991
3945
164485
33945
25111
33121
18952
71129
134581
89755
17366
34377
67389
173353
27761
38673
23903
42084
71428
60579
52819
26564
113159
30061
46112
81572
13691
32103
104001
22024
52643
63652
13842
164432
18452
17771
43527
61972
135653
78219
69726
14283
70168
34264
103342
47362
34240
36280
43798
18073
43129
4184
25283
30720
54861
28961
25666
99586
9535
25882
65757
28525
63677
73508
56979
23605
103901
2772
42911
24580
89363
51793
159361
17974
53161
44539
108168
94029
17509
84526
35626
140214
144283
119867
52529
151209
26509
54071
18473
97782
57208
50202
93112
70347
26984
39796
46098
133481
142718
51484
29342
68179
102866
135922
19267
68641
29265
51120
20488
63427
14252
17120
70269
25174
78234
54667
39444
70367
53657
32918
168101
92458
31374
138693
112059
70787
123464
81086
165682
32509
102076
182109
33618
65193
32072
26813
76017
60783
43022
179654
181712
77620
69121
55375
83098
151784
6767
54947
95556
18336
16139
19402
52741
33435
9348
141573
101759
75128
106733
81228
74441
85228
33017
74737
56945
106767
46262
1788
119590
20100
149134
73826
85488
105743
80585
77030
76387
65918
188235
132
4988
5700
46378
15109
33967
79567
11038
141834
162641
10319
38402
73840
106210
129647
148183
119935
37747
50770
27495
172934
6311
38751
73313
62098
23304
969
92740
32867
80024
42731
104207
19349
54577
27097
87789
63300
105576
42855
45240
23171
37795
88163
40225
15046
159335
25512
3944
140608
172832
1985
183107
122311
61082
30981
60441
55717
9135
86025
7151
116640
48792
27293
17798
51726
23611
31630
18109
29207
5383
22972
57319
50654
4328
82395
27501
63719
52586
23490
104329
73939
53951
97606
20509
33020
114977
1087
104994
139914
92596
84266
76646
33581
29915
38876
17193
75552
125901
99609
70591
75143
128922
101721
16269
105996
91970
148324
61708
13573
29091
36081
26614
43177
66818
50962
66694
104187
133555
50731
67536
81478
71817
112691
37031
316
6084
67172
32241
22559
56073
2205
136537
104812
6784
105297
46026
66068
19008
23049
47567
192099
36243
6338
29160
23388
94405
99508
79763
144686
6971
66612
51941
46437
2480
9115
29742
43910
106033
32559
94367
85034
81720
104149
1964
33926
14870
77956
55054
124497
137809
73100
68259
83658
28672
99812
38800
88682
190491
57096
68643
76206
11666
102914
28676
34926
32536
10235
62073
27561
17734
9556
94604
47208
50750
85099
66583
39040
36426
102053
109309
1587
27577
100625
10339
56965
30491
22871
57738
164304
50255
46522
5732
90649
1728
38369
54144
101184
32721
18231
86527
93660
106321
16125
38777
6849
15562
96127
141148
6850
24295
5700
114756
36850
46410
3853
15264
108389
152727
35836
74263
22819
40567
13604
34334
59121
13909
127165
44289
12033
58643
103214
77489
37522
57128
104664
29641
114091
52192
37223
16503
135272
142054
56278
26902
121728
11128
112900
35521
102817
103405
124534
101908
50383
44127
18791
147528
32217
119321
43474
157200
80982
91764
588
121789
55225
85688
1319
144615
30288
133495
157455
30820
12986
32158
15429
119278
130714
244
71264
100000
38544
26872
62205
33927
35335
58558
113194
77753
34890
10148
70744
50977
12248
29857
3220
133435
67355
7304
20385
14814
27347
52856
10247
61270
85578
187221
23732
67343
98085
21273
63031
148896
1001
59507
119623
56614
67219
132466
46422
170797
1831
45931
137185
12914
51221
103844
115935
79478
36071
121432
7515
162066
4688
36036
94916
44642
12024
23858
161113
66085
106897
74793
25021
138317
46844
58611
90384
60991
121329
3018
121046
27447
41092
57059
20550
103532
23212
10261
82963
17065
118807
58839
55306
23336
130242
41642
101258
1487
21175
27591
29273
123310
141656
103030
55923
135719
48936
3198
114319
2633
40926
97837
108447
1190
13505
115100
65855
136029
15119
25869
44353
28269
154469
35935
62047
45277
82294
154132
23292
80495
189735
82158
97280
13695
44974
33280
6522
46466
54399
35198
64795
36300
55196
9814
23541
39769
143983
142081
49095
52490
71832
42338
103963
124941
57272
116159
26053
42542
105607
133460
66233
47364
142117
3659
24215
5631
29179
13319
91591
10566
54346
72063
48505
4372
115279
77273
37908
30816
34849
176875
61851
41063
44557
32946
50480
59190
100545
15659
57386
126200
95485
49253
98026
23327
173693
82781
81308
24374
69113
82069
114538
66484
20472
94776
158499
8130
144380
90834
57142
67120
72843
52246
122247
32763
26257
99789
136013
125326
41859
76102
186272
39270
82162
32560
73612
62769
121504
147440
29177
63103
20982
23077
150055
105350
18667
34605
60510
9037
56616
4486
95970
43852
93282
61805
55830
54242
10211
40873
32094
147341
15674
172012
54422
67960
44071
90785
94046
14454
38166
32664
18257
77862
30500
6842
94423
97590
110287
101745
14778
67193
43317
80229
137509
3869
54895
57367
95578
110762
89875
26191
28999
42354
132710
100884
143445
21182
20504
16287
74576
33272
21681
57154
53353
122857
64202
68826
18910
6503
16846
85894
12810
10209
7355
14352
28098
106215
3897
53577
3149
147273
83189
52133
104476
78178
161300
81647
81369
81389
90761
2505
27402
57671
3803
96846
55280
29384
31017
40492
74273
109144
427
27265
21402
19816
31402
45079
40481
37914
53611
3633
63224
77213
54818
53773
178319
142478
118226
121256
69621
49004
119324
137466
65480
23972
62905
130919
70482
67854
75962
103909
114774
34869
119930
6697
20223
158403
37619
101014
62853
43345
17513
80883
12352
49675
73004
84704
5606
9704
18978
45968
79257
18731
77921
17924
2301
27429
16999
55696
77716
24367
55202
4456
10132
16295
19550
59873
55671
10593
20536
116850
22141
11105
136549
95839
153086
50196
86866
93665
8433
4177
54473
36287
9605
62089
19647
72207
81428
53389
6571
94071
13385
164069
114577
55419
52225
55107
8486
74580
105476
129948
41277
104272
118865
148378
13525
46975
83852
8889
97560
78200
29866
44968
113151
7166
1296
94190
81748
120555
45191
23953
67177
37318
76716
33182
33613
22494
85847
70513
75302
9245
100731
1171
122267
117922
2266
130584
10873
144843
104485
127641
56473
64163
120907
13191
179731
10550
154643
88713
150933
147926
7025
46840
42182
39390
92020
52199
35204
71081
26876
90315
3960
5474
18250
91791
48030
191219
32542
120834
4356
18565
138308
120373
59937
20199
96391
56959
88966
9392
68343
11811
27798
72817
4281
7811
15294
145330
31693
116668
139641
100231
651
19304
5620
100561
81872
33630
170721
117003
8497
34065
142570
90346
143493
17944
24276
34510
50384
96797
135542
68997
9854
15307
17900
61850
58059
11776
7979
74141
91857
113549
133398
46727
57665
3907
26727
59281
33215
105209
50698
62075
31343
26313
78734
72640
149951
18026
20964
13451
71012
101170
178918
79212
3997
163490
152051
22576
120714
181447
56129
51771
36591
2351
133115
8421
5931
47738
29603
171188
108092
105442
28016
20350
124789
4847
96995
84800
69212
36239
6042
1173
49196
9856
103168
6616
106627
5043
137017
159441
33042
20028
64238
5858
114340
38614
6060
9563
10234
37032
4287
63118
109378
13634
95564
21208
135808
13720
90329
91339
42867
105590
115249
66992
11086
63987
26282
44971
93061
110436
35241
26860
5666
35775
733
82389
35164
90182
154537
183870
108280
109778
18342
97796
80987
3975
43196
28976
35408
87923
153911
34953
21093
129503
58531
14378
67167
113618
104056
42257
26431
112580
102429
80944
53647
30600
113777
17765
23648
95088
22309
81088
3088
80300
153794
64137
155603
90838
46867
38899
54682
49893
99614
7231
80968
80580
108343
19882
51840
133275
9974
6111
84505
48162
39178
38050
79986
77634
12117
172570
58577
5425
91256
37718
10729
23595
110105
48814
131033
55128
44018
118387
32960
79545
76181
153072
88126
35345
10455
28184
28114
95657
22631
116703
51777
5990
51130
21612
104206
59284
66569
140501
20263
46847
26053
74394
57428
123504
92779
90851
182263
72779
90066
64686
13915
71140
67431
174909
99836
165782
26195
54008
46738
74366
69371
18313
130385
3147
19692
54547
5638
1158
72195
50180
104709
74468
3410
105461
50305
83260
84081
51446
126074
184899
113005
57758
129211
16527
96134
147719
143401
117951
73206
40971
71526
18341
94268
81336
86231
111394
61741
136544
36738
68094
166995
36022
96263
150440
17297
56790
65338
26848
143736
74464
38252
1702
15432
65040
52812
54093
46252
27323
6575
62803
21650
115144
20213
5044
46749
69525
53930
123544
18087
35690
342
32589
115208
50293
139774
18655
58699
154349
98577
95521
6677
138507
45164
61091
107428
133950
27585
28272
47593
125065
189128
84006
23305
21909
45297
19693
45860
120202
46775
41296
117284
109208
57675
109860
91621
114377
46451
123394
32520
75170
58964
36259
38062
72497
46440
36112
11108
66207
61286
115130
202
74732
127200
11260
149764
3027
3569
67052
82342
27366
102517
90494
112567
71761
39600
75586
45101
95401
9596
49227
39365
9934
19427
45027
57805
65016
100835
8968
123399
19982
74633
14777
33806
79129
11210
133513
156945
11229
80377
27393
31369
24711
54817
25245
22526
16732
7185
55754
30137
77540
118811
49209
15431
72668
3120
152417
136329
80277
154359
152854
77644
12945
4973
87782
29467
110773
109784
90054
130719
24003
15512
50270
48177
109150
39589
177995
151622
56254
129670
139749
83725
79710
26625
72651
55982
28820
127586
85569
3839
27428
36261
11038
139680
52904
6217
49064
51799
132529
48281
34007
125199
42787
72700
126852
80592
81710
31415
37210
4866
115011
665
152410
29706
98236
46867
13456
94737
21456
110594
12262
68923
139149
40038
15354
47773
157987
8257
116937
144929
58912
10548
32622
73097
118843
142994
138658
177464
331
41600
23249
60222
55363
22332
87208
62166
19547
1679
83593
108428
50139
157286
2767
39165
99544
72400
69230
5970
20884
39349
28763
2259
84596
84557
92187
55500
47804
89145
39804
40339
83248
11506
83506
5950
442
32934
142783
79727
68740
156887
82304
138294
80261
14914
137219
44215
16767
36431
20204
39683
117707
11917
98436
100319
12546
12949
82172
168640
56689
155432
151414
346
77644
51302
347
12126
23837
93423
74958
65588
20238
166860
45599
73229
85891
30030
128437
16034
107011
43297
47725
46888
5561
22711
190645
161694
52574
15257
80877
46495
53959
123028
51982
46380
169001
11935
14598
68709
45282
93267
66798
7
97464
18214
94305
11388
170814
110054
58326
35280
140067
91275
35714
46998
54615
14601
33383
64902
98612
140270
10508
39330
117906
85289
116055
25318
18982
132870
79478
74157
73639
141042
69254
17255
66913
105142
167404
13159
101397
154126
123218
2623
20393
49998
50308
24581
81246
113953
50215
2784
24311
4226
130093
103587
12
65032
54946
35264
45070
5689
10369
57653
12632
50303
143380
45191
108760
76237
145500
95692
70490
10838
125599
70453
65760
29473
118083
82492
23682
11925
81773
104802
129420
74869
13205
40931
29204
132518
32233
14619
81424
62097
117959
137978
126289
56941
99549
105918
111418
58911
21511
63833
78976
24365
159654
34375
18608
46179
103957
52460
100782
33339
69047
165045
104781
14965
10270
81004
20780
27067
13988
135133
35849
48424
141756
23986
5212
68061
109677
3371
145299
37980
25975
62394
140535
47578
34164
142883
17096
64807
81895
58790
54445
101509
80471
69518
98608
50851
70719
96333
144763
126424
13557
27751
5747
112416
57131
52137
66971
142248
5804
178389
10190
58341
5678
98490
174982
58699
72876
128894
17847
40989
129123
92288
4658
24417
35755
118326
7864
66355
76249
36189
125622
25748
34337
47870
130668
151388
19260
26760
35291
137476
15380
25275
96021
26608
37250
27970
26149
73721
7255
96182
169376
17718
52270
3095
10160
33970
87854
11664
27697
36630
25284
118417
85469
508
45110
29884
89599
19956
64343
135523
2344
89926
32941
38292
31513
8525
56959
32788
9247
86759
9679
71516
11912
7826
173777
57070
12135
68379
107122
93555
126005
81031
155128
20566
105406
6077
108877
10448
17494
18270
54482
9980
33632
73548
35160
44978
52408
9325
99339
47556
36467
7814
72949
39187
113603
107583
127576
16096
105295
109241
162524
66210
21430
163907
29844
4365
49244
97059
160420
82528
41559
19336
50963
1847
117525
116236
36387
18923
88128
108744
40989
49904
62031
4508
100465
37970
122309
187363
69576
5182
82482
58466
18347
158829
87831
25485
127639
26677
24723
29000
40306
22399
4459
161318
4210
27317
14047
27920
9472
105275
26895
48107
117603
5799
10462
62092
25083
45375
28585
138795
75200
13696
23433
32773
156603
95703
77963
55810
139485
17303
8250
24166
33976
108296
40792
15720
135271
132994
16629
37090
98532
61044
30623
111849
72290
126027
81470
114252
30558
39824
3462
29167
52276
20531
154390
65226
811
14331
172851
121404
59275
14586
165201
82702
100215
62035
156730
89731
9626
87752
7022
39344
62031
14583
65838
15225
174463
16534
32876
107663
23438
145013
21179
3079
59641
37818
41556
6626
32882
7940
154443
58987
23544
81976
61840
70755
36348
44083
50331
9702
62158
48693
77472
12136
42444
9585
95086
7414
100938
85750
36450
142671
7458
25184
1650
19511
116568
63769
52103
11760
41238
34918
10080
55296
8799
13768
129952
130608
108105
138912
114865
133148
73715
107084
22958
100345
80901
36506
55244
80822
112739
53450
164540
101239
128481
74206
19119
70522
35037
61380
20696
59145
48495
74327
34679
7105
195892
99909
91455
2222
54541
36504
141239
72032
6589
80857
23509
89915
155586
30423
6814
44855
54914
92360
55820
115163
979
148621
154327
7763
175840
28379
26811
185244
7678
102486
79905
105624
55150
35144
134986
77394
143928
62700
106862
33275
23845
21630
15490
133229
149265
55691
55467
76968
27461
13970
11779
54608
26531
17672
56888
20795
39001
97383
96154
22354
70555
102899
5477
27636
152340
16449
46185
68559
34767
26061
105826
29001
3012
39680
46574
44449
93907
110899
15611
5531
52304
65403
94415
23370
104670
39914
116100
26743
47380
20725
135144
5732
1261
17470
101843
90538
3772
20452
40708
147484
149413
95818
23708
5043
21260
969
115794
34228
3878
46158
10224
72076
25058
35215
107663
62860
599
86534
48445
80049
35068
63721
115075
11398
70679
13935
29276
30377
30236
69418
59496
142210
10195
120544
132901
26890
12271
119027
113100
29475
163987
242
40339
52628
11123
14167
52079
85755
34625
88745
49752
107894
3004
177842
37096
84260
18042
62799
29943
117808
32354
77896
73239
53448
29050
8448
63469
64865
58250
16708
2900
28700
39
16709
23126
104711
25672
6505
5276
81619
2597
17572
4675
125332
12206
20054
99595
30495
50271
14486
114178
129545
61219
76363
132303
132880
30136
44435
46179
77270
47610
49925
12391
51926
78828
83470
52260
32943
119386
36556
2815
83330
11387
157203
128454
95689
18514
55497
45202
37394
74104
19126
93268
55372
28915
27774
4309
67999
31188
161151
44946
67834
33847
130037
23649
2455
3974
4041
21624
99775
47651
120774
103006
76982
70502
20563
92230
12393
41715
31787
23576
115985
100
142599
168081
24565
6956
9585
1485
2027
22038
100247
157738
151778
66678
34360
95924
50546
37294
157392
5643
25701
100915
100703
88684
33638
105964
13779
18889
56866
49643
104172
144133
82699
30979
85547
103074
40939
145118
16602
157688
48883
9955
24425
16300
13429
49130
33062
49160
15332
53382
62010
14840
23047
37964
15982
8206
41045
32335
39199
16825
1585
57114
14399
145609
67358
13322
20473
151653
126724
19887
72387
69855
13991
159775
62974
134715
91912
26102
66073
39790
107653
30129
14149
77916
167915
53842
130165
20599
46441
154653
53703
44734
98424
106579
130597
167218
11101
33053
27853
73418
145385
36914
11693
29348
30495
17236
38555
44208
67002
99373
81153
164638
49260
125009
103689
119663
61035
75668
106705
14004
43713
57525
138772
22919
66712
10111
156193
3872
111264
58872
104460
65912
5523
16176
78376
51410
38984
127560
118753
50680
44279
19929
119140
27904
88795
27933
10338
14103
93279
36873
75939
17276
1290
99962
142874
87145
136807
59077
180104
3836
111493
30735
30667
105382
50085
166035
13495
145065
66054
14144
11636
41676
19367
17440
44921
85280
82046
117632
54972
100571
60156
30146
131137
139178
48210
43672
95639
170907
113730
16139
151809
25670
68042
91222
50119
85286
24224
36299
41034
115684
27249
33607
52343
33661
79350
8408
4144
88354
17619
57473
20803
75694
16458
12644
147705
114737
32495
9133
55855
45511
87672
31710
168886
50562
70720
79008
136114
70361
42107
292
102723
84437
27697
20988
37754
131841
55775
13306
123711
12582
21923
62563
176723
145202
41757
74836
12374
77729
76338
34180
30474
1818
70330
26099
109377
96735
1781
34976
56321
41982
47144
37933
140371
135271
50855
47166
69028
55403
13547
22790
47323
46258
22861
12140
46972
67235
55580
82446
117351
50435
68087
78901
9001
31358
89014
31223
116565
99906
2324
42640
105211
26658
89140
96868
16093
54231
56945
139425
46778
46061
56554
143536
75254
69543
96621
19261
100435
16130
77739
74293
107018
2738
73102
26860
108801
23011
72827
40006
9809
50165
50534
20835
86363
139404
126306
49251
3872
70495
118913
103404
17755
44197
29647
107162
12831
157701
63069
99603
7424
399
99908
80325
338
108625
189238
5455
14247
102236
92693
149609
91769
18139
58279
16618
120448
130138
146841
19367
5114
11131
67354
70474
59903
88300
50294
86248
95873
39762
115061
105640
36108
107140
34442
127140
19077
4467
7115
16288
54561
83416
51824
123517
12328
40769
108917
17489
66543
31786
134373
134961
33629
54987
105877
39048
86087
173293
25566
57196
47737
130665
57428
105061
68252
41243
149901
116311
49378
34415
16481
48469
16464
34876
22988
26503
52860
177699
13662
186700
35673
95890
133355
115086
108962
66914
15897
5012
56668
127826
60106
20024
18545
52836
49279
142229
67615
68487
119341
56494
39617
11009
40757
20852
45800
39996
36264
92289
50800
90781
51562
22897
17119
29536
33895
34248
37339
88167
27229
77426
118362
132882
175335
55870
39678
171477
20377
57472
162451
185231
76234
145350
9016
58806
29108
26170
74583
57106
34237
43828
76355
42272
125344
62944
132831
143043
139832
115079
42292
60433
112686
107418
11635
40009
61971
7218
123316
25648
101547
36387
145346
43673
24211
62346
10723
137569
181942
94275
25170
43313
25090
87014
91782
36002
78842
178662
98525
39258
9302
40928
7637
3919
80333
2887
432
77261
122954
153720
11904
116106
44636
33109
132835
157304
10561
39193
6540
144900
14207
119203
11903
107449
39428
47606
140296
17494
9484
79801
43632
175599
7354
148754
106793
144220
62085
56508
75143
77432
148696
35300
40473
49193
5380
85380
50829
138956
94306
53777
48745
62728
114599
119596
52437
58948
70344
163040
4402
16555
80094
4724
21387
19049
3054
166903
33166
38294
108580
134971
4321
138454
30212
31473
85123
93177
84190
65402
44050
72762
66773
33482
29276
56739
39114
54941
90336
100292
8892
16941
22421
18974
110035
69101
9351
101003
35392
104294
48734
51151
18469
29347
21010
106408
141815
41368
50656
153468
57191
157479
142576
44029
14809
153256
82229
48500
56694
1495
65782
36624
78106
24589
46391
53078
138136
80032
77676
112176
51343
17113
47045
3136
66727
116768
49461
36250
36808
5287
30117
43732
30687
57215
4232
80310
70106
90578
54386
73110
3032
45092
10363
109971
55351
45322
10119
18540
129727
143221
42812
8929
49772
66986
141701
14043
138354
73485
100707
5621
16061
61721
35638
52840
109323
49122
12815
138147
32953
30820
14682
55486
13289
42191
121424
57371
7347
61225
101742
23918
28066
64115
9132
97826
36637
26633
102348
5606
43854
134208
73816
67263
156931
95023
38118
92745
20773
99722
164786
53911
50410
75941
132857
65646
68165
136082
47041
59018
62290
142292
38632
40318
96232
146760
71748
182138
18
74720
56076
153879
46429
97176
55547
134187
30806
181549
101760
25722
60435
30201
129913
16989
64329
26270
11869
47268
166900
136255
52768
88295
27877
32304
126540
75165
156068
55415
34423
56661
55457
29901
19230
68406
43960
58527
78440
53629
47799
42253
112205
28230
26950
94426
71593
39841
1553
121318
17583
85607
23949
33290
35281
165470
100736
79436
9963
36249
36834
14402
22291
134398
87494
61826
141517
43311
55718
36604
155891
55575
140413
139285
140158
656
56714
146632
79866
8351
118946
3145
113868
56834
25001
77209
2499
76011
21996
14971
50042
196172
638
90213
54897
56015
96083
54108
25310
67485
72713
30162
78033
19269
15633
48343
106683
70967
64801
86987
88675
135686
16594
47902
54755
75500
106440
37582
122231
20012
34169
71168
151875
27852
64420
41522
45228
2141
29526
20139
70869
175628
10191
1221
94486
105463
51868
37219
42239
3358
7503
17014
17675
34324
170806
68485
67371
1210
93157
141748
103517
121446
39934
72434
9593
33840
141941
123376
77665
82938
10221
99537
62033
143771
113736
20914
36576
49321
45493
73039
80837
58941
9946
14442
6853
59540
75225
32738
3015
31650
112330
143401
18320
320
35431
41059
21973
49350
93545
62199
55188
54013
86266
53535
52771
53671
92385
188866
71134
13013
81620
70861
13781
3432
2800
154369
132694
148102
49494
37056
23052
109662
158406
14097
15084
107148
2846
40006
129191
104619
133992
74755
29094
18296
14312
141045
84525
103034
25599
27525
144893
63910
173631
52928
14819
58037
47272
76557
39680
10174
143161
94668
17545
24910
109581
14133
114597
142974
140853
53663
59050
7821
54654
140454
139929
16507
93052
23512
117404
110850
32349
155094
80283
102815
41874
9071
28887
80027
99822
85577
14063
34876
9087
110122
38851
93825
13950
51897
81445
116914
98899
134972
9994
138482
77601
171355
127009
18437
80974
108032
36254
17748
98450
35327
55778
37699
81783
95850
115022
45548
70230
63240
100001
28499
66774
86273
75229
100130
75497
159983
32652
125653
46169
47631
141757
54338
88616
126527
35321
7351
52831
58398
112422
24239
139518
3481
88494
122086
3837
78048
5899
3878
94863
58277
96208
100810
55116
77443
41885
92703
77594
154672
70488
61132
139026
3062
77946
71594
74770
41840
126050
153160
92172
47949
33002
44382
48680
112440
55825
37546
105450
97542
115704
12297
32842
145505
12714
189159
113627
11355
233
10152
6392
16406
28098
54325
19563
145157
8925
36945
35806
24492
46425
30073
37404
117588
66938
8809
114801
25144
3902
163412
8191
90313
71336
4849
26945
77100
121157
66199
28798
60892
19391
52751
27818
169839
118340
33553
29
63679
26276
81833
109209
9671
95698
73390
24580
110240
98328
70649
22539
173775
93304
32574
88324
134836
20564
141620
104187
14112
94517
109461
22757
136372
20176
3305
47688
4673
15328
69216
46716
26454
131458
129832
76934
103835
108879
34761
18697
54170
26819
33138
188913
159735
22562
72852
20689
8823
3586
152091
54107
108791
32069
48209
42619
9750
6743
113413
6249
116514
13575
34232
60892
148887
107766
127148
26170
97449
30656
80207
44391
114234
44692
154894
14929
2196
11267
33843
58791
72065
22298
81305
15161
16602
61087
43266
91864
77055
71387
23346
66964
30657
68767
1634
60196
33699
111840
196554
158252
28158
19215
108335
82353
9424
131404
56466
99274
121299
118664
27603
120577
106909
79645
115247
12366
70925
54329
14002
79424
29206
139299
5138
22970
100740
81111
44011
4779
103275
152392
49353
31737
19650
66930
28119
46923
17900
47000
101891
105969
63211
92214
31061
69263
12003
77857
38058
157258
10080
94263
114234
31819
26076
101141
13106
10244
139745
3271
41206
49901
38105
34703
29798
52901
118296
98624
51100
5975
109085
16492
159824
100708
57481
49798
64806
67323
160969
104397
82686
68224
112475
16607
49353
2206
108368
42563
4631
61915
142853
197547
82270
100554
13961
82453
118894
78082
139701
67269
36410
20290
155681
43280
19611
45314
89924
68197
104174
48716
12173
7199
47063
84248
56957
142557
30192
30190
99539
19924
68012
95692
130259
44810
162289
55089
77804
33532
133995
63308
43449
129434
7641
3233
11
92735
160529
139121
105754
42695
85036
91338
155164
119321
18905
112598
5688
121565
29422
1639
58858
6740
106460
14677
12311
72825
84736
46724
38161
152955
45335
56272
79116
63059
121432
122674
54781
71288
61357
36042
136437
144382
17354
49549
160453
138878
146304
59230
66153
38022
71401
64752
23324
64215
108820
41537
69497
118989
52339
132728
33689
93126
154410
81473
110620
17848
106121
78003
21127
165429
155799
46765
349
43398
26004
150273
163571
130768
19092
89644
79648
67910
67861
58026
10447
141498
107673
74770
100008
71189
108506
20170
83564
22955
79745
94393
143728
85575
50463
29177
145159
55725
55991
25474
32367
71575
86653
34254
62014
48377
73016
78402
61928
142880
22792
74390
120032
77899
45939
53951
131016
5022
7274
46438
14036
37056
160106
43243
149170
5833
42096
121907
97891
16375
10539
149281
18403
25879
8928
79056
58580
20290
118292
82934
35256
53572
115067
28064
94123
165533
90988
14775
33057
110768
50593
97887
136717
95929
40597
40016
29838
3464
34126
70102
139047
52060
13880
32342
133526
112520
5173
28092
33681
110417
58107
113129
39335
59089
13904
96827
11748
26205
82926
73224
159790
25307
762
39889
58519
52087
129300
68
63030
88586
83608
47418
39955
90023
64969
5998
57720
119521
92513
66964
1016
136383
24981
106013
145088
35945
79992
51427
16200
14836
104721
103706
46599
70312
22633
89643
40449
81311
104900
14999
6900
67068
14612
141893
25332
65505
49787
64899
174110
131476
24451
2822
95795
22688
34935
109696
47670
43430
93086
87405
81577
75802
78795
11985
92065
102945
57964
23289
137539
33582
133294
111700
103303
46287
9209
93870
17668
133502
117542
13216
74601
79681
4305
61676
57112
61713
38849
138539
156815
8593
70017
23108
185245
6433
189166
100289
23132
23323
139660
141058
91305
180343
155974
163651
102796
80344
22125
121852
11057
164623
97828
91599
141079
115
18709
11531
31499
148870
8739
160055
84138
29004
148419
96306
109715
96873
69778
9948
27928
35853
60396
35947
71072
104150
51682
83129
32127
43698
103183
41201
29562
10219
17693
69230
140033
129905
29182
104731
121011
7991
22972
23295
94549
76528
54715
111396
123793
32616
57796
81628
175924
16404
68330
124908
753
117416
100803
128507
88483
89826
5477
53000
129575
9545
46925
33306
56612
46757
60528
36919
66216
28284
110593
194366
1385
39127
73464
78854
31126
69010
82951
124722
40540
16083
7784
75076
156839
57721
56220
8898
71669
32433
120556
22922
62779
13420
106909
123535
135374
62185
81894
85783
35896
110256
137734
130989
92948
4314
4507
46357
3612
82356
62472
16898
31815
117786
39136
2203
99301
43573
117071
73796
114407
82747
50600
37849
115377
157330
92952
57772
116111
32182
42853
58885
57109
117213
58366
25217
61721
61060
73011
17523
106053
9582
17151
131539
11928
77520
51704
74764
100670
120647
68462
35720
51242
16586
24404
63026
43311
26286
51823
26126
102319
10029
91718
17678
113465
37058
104659
13645
17091
115078
71273
4640
17856
42410
43785
88909
139203
26751
80553
178670
98783
109524
28214
20704
53047
122770
72840
166153
94064
2152
149246
15177
44649
83666
10561
69249
151574
147303
75736
17007
105559
120100
11737
78977
80037
21093
31876
81048
36475
169005
101549
16908
59381
35335
82674
13139
7409
72693
40431
95225
174184
55356
165615
66604
131977
34098
1824
115159
14893
162418
25942
160777
196401
6321
13734
11266
105463
115020
118105
32117
14362
140966
60699
41356
363
54472
11021
49708
52729
15506
114559
58765
100496
44467
24951
42243
20586
156867
91752
4393
47905
88052
52810
133247
105353
38380
55781
22254
35200
11787
67759
16373
50779
89608
84839
2790
23218
82115
53114
97397
5569
70989
20596
36093
92245
15311
61402
18269
41476
24660
25340
69264
118740
115574
19173
93979
40738
99694
39455
27509
43906
44590
44548
9906
100684
101581
5600
