96534
58063
6335
110890
157905
147561
99300
137299
25839
45623
19218
108751
156445
8525
23520
10142
161362
93452
121649
87916
78657
111008
96385
47492
144926
90197
66718
61116
168916
172869
9228
23296
165962
20320
47354
171058
64466
44331
63073
74751
38821
22186
21879
153861
28893
74461
54491
28079
6705
110452
98267
100655
93832
116943
294
8926
137070
131261
46245
7430
97890
126202
96302
59527
90850
130
161714
136471
109756
46140
102454
118253
46806
162633
43039
108285
17922
137695
63734
94837
177159
32907
129037
109111
41883
54341
146876
16473
74985
143031
144077
120772
98608
165278
181598
122995
92022
3674
95665
146648
