3208
890
936
2990
307
2333
2090
2869
662
3722
23
2238
3820
799
2289
770
2338
2373
998
639
3020
2078
2933
3000
760
3682
3362
66
393
267
2388
2300
30
639
2930
3096
398
2277
622
280
707
996
2397
2307
3723
998
936
2008
2887
62
707
2039
3886
3762
3227
2397
987
3097
203
3326
2332
2396
2809
3830
2887
2072
736
2770
2836
2666
600
3663
3798
2676
3390
936
2989
203
2636
3632
2836
99
2388
3277
3263
877
900
2696
2679
2760
3868
3097
3606
3297
992
377
2862
3692
932
830
678
387
90
3308
3879
2886
3086
906
3096
3372
603
2073
387
3387
3883
2028
2693
3088
2099
2772
3638
232
878
2020
26
78
9
687
908
2289
3723
3398
96
3823
2639
3666
3832
263
2207
2326
3602
237
207
90
3090
3898
3309
3760
2332
3603
2696
839
3222
269
679
0
3822
299
26
3800
2298
2862
739
678
3730
2636
783
607
3602
2368
236
3926
3086
3837
3009
2782
3068
2622
698
379
2009
2072
327
3623
962
2293
787
389
2923
3707
6
392
898
739
2238
3896
3088
9
2930
788
2208
772
936
2300
2387
830
2036
392
688
2272
2293
927
3767
3326
399
2877
337
2202
2397
97
3789
2693
2777
3926
3878
3379
2736
2923
3936
977
860
398
2786
3073
322
2083
2926
3739
3062
3007
373
702
667
966
3606
3370
2976
2339
282
3602
2992
927
3626
3866
363
3762
3629
3363
689
80
360
90
3797
396
739
2820
983
837
2838
963
3639
660
3363
882
2280
3296
2926
26
800
3363
2236
20
2786
2836
390
788
823
2677
3096
333
3336
3676
3878
300
390
2097
708
779
2983
720
3636
783
390
3232
2090
3600
2992
3038
3262
3638
3867
2787
738
3236
3222
2377
263
3799
3622
3889
388
22
3693
988
3820
2077
889
292
909
3362
782
3398
2903
3896
3379
877
8
3838
2820
2373
292
3789
2960
3339
869
382
2338
239
260
2689
2
2979
2636
3072
806
3802
3778
608
2660
2203
3820
630
3822
279
97
2096
2020
80
378
2088
2932
2999
2032
2780
3639
639
237
3928
792
3886
308
3290
3336
3667
3937
2763
0
972
2383
723
3628
3908
3039
3069
2966
3387
309
70
3203
860
3767
777
3382
2822
26
3230
3002
2787
2937
3903
3620
2230
3292
2778
900
3396
666
228
3630
332
600
2020
709
3289
3328
2273
2989
3030
2690
3236
3226
729
3088
3032
90
2227
2223
2729
3609
3628
3697
2023
3708
687
2230
3390
687
3267
3603
3627
3229
838
3778
3800
3309
3223
2089
229
2637
3677
3832
320
2078
3237
2777
720
638
236
3798
309
2329
893
3322
2793
963
682
3629
3360
2270
3627
3769
3399
372
3200
2833
3727
3233
3893
3078
2678
3862
3880
698
3707
2208
2289
2027
2800
3883
807
3073
92
3667
2239
227
3007
3908
2988
2903
667
3703
2839
2278
2067
2
2287
2980
2788
3036
3233
2099
667
2380
2667
2802
670
2320
2278
2368
3637
3378
2760
299
2602
3868
3872
3678
2762
2820
2279
3690
273
2203
667
3079
3836
3202
2273
2022
327
3209
2309
3832
2860
679
609
609
788
3722
288
2386
3628
383
3300
927
2992
966
392
3898
733
6
3068
3787
2727
3609
2277
2036
2328
3937
2738
2330
2270
2388
3907
3663
3626
3020
2782
67
3329
687
2399
270
69
2030
3808
2886
3399
977
2202
2679
368
289
339
299
709
2323
2392
2733
288
982
283
872
296
909
3366
923
3709
237
3063
3039
3293
2906
872
2922
3880
3762
869
3937
3727
3702
2682
870
2828
372
3208
699
223
3690
2267
3027
2290
3230
867
3893
3607
3826
2267
3600
3689
308
27
2988
3607
3606
983
308
3826
3777
2676
2920
86
3882
2326
3278
683
300
2788
220
3309
2379
3806
2376
3023
3099
3828
2978
673
390
970
3209
3798
3633
377
3327
3073
2386
2392
3768
2003
630
2676
976
280
387
276
2399
3393
898
730
3266
3077
2376
2637
2763
89
29
2938
2796
309
609
2083
2766
2028
3039
3367
2973
836
2332
626
2983
88
2728
3700
2880
2296
2699
3360
390
3076
2206
67
2200
3239
2008
2982
2936
2099
26
697
2700
602
3737
2988
3086
773
2266
2662
272
2878
209
2903
3668
799
602
2986
2690
873
3090
2820
3777
632
3006
3762
2626
2207
2782
3760
2963
2079
2768
90
3809
689
3827
383
2022
282
2307
2673
2677
3267
3802
2026
2088
2800
73
767
2636
679
2999
2079
3689
336
3780
2827
662
3873
2979
2627
623
727
769
2899
2960
2332
802
2289
722
3272
2037
2386
3633
2672
827
3072
3669
782
2770
2263
3628
2767
827
2903
2987
3808
2969
769
2698
3390
790
2007
3036
3929
209
208
3790
2828
2282
28
3072
88
2323
3288
939
3270
3666
2286
2668
299
2383
3908
2036
680
2688
2967
2089
202
2299
2000
873
827
290
3898
636
3278
60
3762
708
270
2797
283
3283
3906
2666
670
778
2633
278
2630
977
2780
2833
688
768
3780
2830
8
2827
903
3266
2968
3808
632
339
3677
3800
776
2830
2069
926
2967
3889
3367
3883
3736
806
263
732
383
2233
3392
3637
360
3299
2878
922
2266
2838
788
728
3206
3738
2673
693
2320
967
937
3902
2336
2922
690
2366
3008
3670
2998
382
3779
3370
3687
996
3772
238
2780
938
3726
969
937
2388
3883
227
2292
622
739
2992
2982
3376
279
3363
3320
3808
3360
2769
2979
3098
3262
3009
2992
999
309
383
2993
3020
3778
3398
202
982
768
3699
92
767
2636
2329
3700
3687
2766
3623
773
279
2632
3273
2386
2706
3297
2097
3723
993
3668
2860
2962
