332577895
336590304
388605040
873703685
419225778
344111240
3473293
204094738
842270073
417080254
737080425
452558436
965869132
294464715
58718268
380390630
780293144
133743113
34177660
953026218
829296519
3099271
784858560
381310315
692240340
898510352
304444515
6944275
299611490
161253626
63986849
408494185
37614353
777995819
727277677
877703930
31977408
898518809
70843202
871089920
429732845
785839674
391192499
198707058
908260849
973785866
878705391
88627286
323934085
74505033
288214083
933033279
988749440
832512122
639150314
41159220
749290220
882995800
345546442
814396033
429427210
771821446
832100813
622694815
226723696
951728332
267608083
732582976
57045855
35074865
837418966
247672657
841792260
340569505
959680372
431566673
680374756
448581459
96039640
432965374
448719545
773985890
738227244
429005207
74677264
392907220
389993297
895745836
344342560
307974880
202777107
48050244
27839671
861847142
302562217
237923070
750469257
993828244
771881084
208274319
981838738
884649919
956566582
418740079
689037402
47141941
739546424
674051007
43123777
412701098
943335668
876446814
719430800
327244585
948263687
53430405
151639166
465751655
934398994
944343769
42319877
949987663
713436017
431151906
667986457
409609745
821160209
638351827
248088106
840696598
25191407
928058766
732264209
355849306
351838023
431392692
736458493
361315890
991115087
6991381
180425793
713959604
378056870
845182859
318596523
318903262
905852256
352770098
333201823
144547364
270328799
201623741
868269550
32574374
157294120
428937743
915392217
325428118
693564633
739779776
205026542
140569612
679760851
741456195
751017208
441619011
829958587
228945704
100069491
383136555
192070806
160166378
834741982
68710837
399626782
74876508
395701379
386747448
912441726
244664191
987750737
113067747
371276026
108008879
946610608
106410882
718891599
900610422
823537652
799257040
197327833
722621594
355884752
972503333
75520586
831941086
31236937
442561906
455846380
749467515
364324040
918421294
842614456
408141439
259658307
399101552
371903601
47464561
693064815
948943064
109571051
896161749
373186826
63476925
691136865
79330731
939039327
244597515
713051778
856067147
717227741
166090874
986823183
334510109
82905777
261157677
272957850
20616086
880605834
702369168
721945534
116543793
785143258
323269999
342489222
673750017
75724253
934173270
130439800
931538948
135610798
42500032
402556532
819026105
441548923
433405202
37812380
338544839
28287071
935160333
46740280
789739316
10081410
330613029
813826084
898305384
23966155
508179030
418312470
947466189
147249215
375339201
334879308
782571489
764901836
988887779
273140146
703708101
794222981
287812579
666283832
844898381
782990601
272649758
743278030
391831254
109891794
49905208
431266318
24603432
113977213
249620559
689392252
696811562
990909671
382912063
910078529
433668783
744196789
416990883
771499617
688818804
918618181
394203791
861226917
285716578
773577666
122987752
808990836
118292383
805245584
806332083
977292563
314256031
8238776
989786049
399219432
802326626
778615123
892394377
799347267
840627574
401267895
35747447
345637180
959381003
29974806
5010824
946736472
37379879
506834433
703010318
932872049
341616279
320748268
135514895
920253912
45728789
41065256
891024198
376560101
759103419
966900664
735553211
361901523
985209144
243336767
824833896
976504220
371258948
864297074
307875015
254966476
9298537
955017531
76303493
895867079
384079092
848443523
360124114
43483359
671906608
491378041
316088400
426376335
976431721
407277761
779158554
734409363
247253719
440486225
958957941
666393269
701213213
23759619
214894863
835449600
740095369
20061324
23914944
886985318
966779119
644366084
242435560
437297272
27217278
439572092
41981577
783840915
135201727
872973104
58195100
61734431
185888492
113495819
12408828
976714166
393186267
953794866
336338939
354541194
672092078
306249971
905840849
445215971
739620206
155195085
679766673
903541458
193435389
854674462
738676907
61799222
663939953
276046815
842375812
428366586
795247335
37345862
35891683
938035250
792761800
727202176
760875416
136027192
69150490
801898080
428544191
192561207
774529654
770091546
355434099
795974227
134306500
711326467
943724759
277378542
192779037
637921842
342525006
402287152
108390602
80010084
237191273
208843813
650221270
114538431
64868559
936066063
155202434
992112493
74274062
329638512
766591965
323576321
193972383
152432561
804193380
980838033
738811332
718869544
986256677
17288680
107193579
147072261
984279581
424650442
740825463
731686530
336418139
902672089
335473273
36298117
910241275
10937472
946991879
828318428
752246570
422086089
353966924
396636650
413610542
892069308
934219643
141572203
313499117
13478554
104281331
290131664
503376453
375568553
872242065
839722176
142661262
416984823
18273790
41995978
125873001
254731687
971845011
931500570
257051478
114263668
728649777
394559758
387866732
966929347
250081191
46455060
49067679
389378737
764409526
342344972
155511100
85311902
948023530
737678544
72985037
192966057
845764911
319602563
97895844
27306892
73469777
507408387
265406624
887545804
748273087
809147833
662041798
35201795
854129330
985279318
280899098
279727776
148749286
57141587
632214182
975312238
17112347
915833026
788495557
942303013
67989002
775175731
782927751
154541590
394226631
309798656
117030985
376001355
396345114
280378870
889678018
396758602
411597156
701835067
486587021
714074505
28132107
984081672
741533614
120314211
46802316
335598087
92935900
927729929
321006049
441451410
448837621
427457031
427352607
267495649
398426610
648373141
465709110
464934622
336722006
993586149
393532761
3159507
188751739
214943608
918363266
472996664
126118383
57083076
139436684
640711574
875502170
384526921
900263258
986883438
146493961
944141729
935799576
684714998
422334090
685480444
48723033
802672599
385189607
194435697
915579845
996020720
780106439
278434002
757505248
32560265
805550940
930873411
690410514
36736179
979201652
972981968
710373783
836259943
702556216
340768543
988874336
976756868
938626083
834503485
996632799
369873286
36425071
114067500
312023501
801895061
88470462
312842842
850898528
441936875
44037630
52455847
104989447
748302943
39465616
798250522
254102508
874998292
277022479
75302556
296065010
972827745
937773722
44795735
406344924
238607668
849651431
33600955
886999433
853501759
55029699
329625378
698352231
642495308
689604756
65334329
238546869
838567564
823733820
872961925
830683147
395491522
962157519
838188983
92967904
364655211
683794631
109471859
45677673
933925882
110245200
818173146
803236622
355821506
893699729
976110486
433242114
812119898
803834504
943033007
289243826
838901490
47484839
43824020
105452382
319607688
957140171
846856658
422451967
778987854
715820720
782729123
302313206
988563764
176989088
334326146
708463461
988911026
373324849
283873677
778613250
826076800
948386879
885576707
271487414
629604091
314671618
93713813
678491614
12699756
869985042
744645679
258776171
131535438
357140832
990668756
846541753
952426403
389302066
831658741
45349247
896136390
794130275
772746497
174568028
799231423
754543310
70163361
43647725
45090806
294147933
376749622
939362487
354713205
251980325
213022308
110357768
915796452
110038567
486565434
39141509
744665008
813054382
56481199
44295696
634265030
711352763
33494596
300869026
74036959
721719759
849996919
137599991
951180908
923152083
248552536
395554042
86730071
402580551
675692547
349901655
956606091
941829225
371013207
37847948
702449022
473302602
748276801
278697229
802081082
380632069
860102273
686266985
923848096
200780827
129731365
808020849
764439964
321195805
869796655
724735461
789603615
64479577
925048278
671899845
696788192
168149232
983373072
777926213
700861607
843153977
894497225
933737816
373872173
119968488
756592623
791562480
114701686
10923693
324969
955233173
132228186
673686007
355285814
84214090
805923478
809520771
443150395
886251690
889029856
886370077
37769698
282732937
843705449
304583130
708314555
952269148
737813378
265954603
288606178
839043912
933335727
204271088
812769107
336205184
746462781
141370235
751957043
147191849
140520039
115269098
89040123
778850934
895543559
677204784
960460030
852157924
965848164
166322709
42310571
443680101
762243199
386969686
893473721
623327606
418118411
976585901
961472609
855330789
867591542
399704792
789263961
19152649
636867551
336902054
62686687
138133936
109318216
316273216
294227005
462242145
796483622
701148497
731292000
911735024
812061546
428679808
706725398
779535041
425928958
923111936
869487236
378440642
460483921
342003178
104162901
965007097
378069856
992231554
906075052
853793323
63498469
690344904
748996859
384845842
947604827
331402798
41748721
903738865
881421108
127588769
410206745
735777493
414677401
324087089
44774542
697320862
101579869
842979818
445082800
327214146
309026456
834367315
289881303
912351501
335302190
949497348
279458846
906052948
893140101
103567491
799587568
760763220
156632739
849491790
43887540
709479213
932178992
304257268
17318427
428142812
714648263
712175799
90450024
771192492
958999206
683388356
97410623
820626076
371850311
187840147
208159627
11444145
860307639
707333373
296833113
278604599
189765629
404546931
25358883
287313781
771231976
821541807
818264038
937668783
315494938
325626746
924710865
352746428
286485989
799271231
733959046
413387607
934120276
912297355
314494538
719622194
435936682
727112663
41405670
935731213
334795272
674183183
363880397
721335155
809252213
762201102
9774765
818254551
946955076
905479012
990832295
665324028
841020304
843545571
3936854
711376657
330143434
457191845
838217450
838482216
771094054
411306613
788735089
174075183
826612841
887233910
727656228
303806490
384403377
917316208
367588323
337614613
115022460
274452659
788285731
812543976
40495548
727435422
347705467
437478458
752280965
844247440
711913316
49395821
74477422
782932653
