277789780
99676286
67637283
63979307
269830372
29678602
269826727
93628892
66786297
228980309
272398908
229338200
28267392
228680868
3326076
232936279
88970997
238977863
27288387
32783387
26760386
30388869
36889088
73600378
239692808
206726087
232036303
8282026
8386736
3020789
227922366
32928232
232776320
86772237
83979033
32692998
98929822
68093970
226373689
62609826
206096826
222380666
99080628
72367282
28700693
766896
99838888
26006779
28767308
2630667
93739873
220867637
227828393
276837093
80979762
22267278
26927373
228360383
70278028
32037687
279322379
99880693
279068278
96229709
90368977
263633629
98386208
68920737
262976900
279206082
98636320
277073870
239723608
30099879
238908769
206286892
268773867
200077260
82779263
69926997
200702937
70280283
6702963
62320792
92768399
227883360
99267037
8099383
280063398
208676690
78299620
33867386
267828239
27027326
32779768
88699897
27269923
28686872
267732793
72987023
223608022
228786863
97636666
92309999
72073880
77093373
237982979
22279682
20280026
206872336
82702960
38023677
62867889
22669336
82638929
33639877
70799226
229088007
70099728
270799229
87933996
80600860
93309698
76202036
73887207
66777963
6833770
90098600
37262929
98080009
97787372
202820023
82837297
27203997
99633879
86086897
268377626
273963093
27372709
98607733
273382378
273778896
96983073
66262609
22306378
60323902
62609099
32880032
270922209
229639663
238932037
263892932
232063362
28026003
232328779
67338826
86926966
232906330
203808087
80203709
266279093
6262333
260078272
68760707
220897763
97988679
220776668
269608028
6820027
263378697
266399932
29369263
68278683
8293329
278387670
80033280
83369737
27087378
76730386
3220938
33333832
32397228
99899766
2732838
276073273
80678909
76980877
37727367
79867937
273086007
72086383
70773278
20982809
60669089
208672039
82792889
687708
67706267
236087802
238997606
266236302
69828273
226080237
203986089
62392673
237877960
27786880
280002229
69376092
200790967
209223837
278066997
70290779
276702698
77973290
66206776
37208763
87222962
68062837
79830326
278290620
87273273
23363860
39070696
206369073
72990796
223670707
228263838
88908770
72367699
36687860
268066992
8639703
7973332
96308870
98297892
98263776
72206673
37062772
79666099
36298969
73229099
232930782
9390999
6079998
268003327
7223666
222797097
98970836
276022033
3763237
36002688
202630308
32203872
63666068
220873233
8686700
278283378
7986099
67397262
26983703
27033672
228967806
92009299
237886396
26796726
267270708
80689809
77792839
269693922
266802287
73966763
269787036
66906090
66820968
266366703
26809708
20369667
267392393
63737736
229777223
2039939
226227332
78390068
260988960
233309968
203893096
88989273
237920736
82372237
28327327
262863902
99238009
29307089
83327760
7700883
38233827
207830769
200372609
9368272
227868626
209666896
273808922
23988866
272770396
230386808
273966387
80636638
70390033
7338339
3392603
26862297
272628868
273078799
70203600
79328220
272938862
79963976
278678092
222782706
273327360
37979792
279826027
37360996
79063298
267680669
277388732
232923792
69829877
6660763
262280830
73208239
278868233
29027008
39360226
36932833
206603883
67638833
80660668
206063236
96032792
238877699
227209883
23926276
88998839
83760683
89892027
262997077
209296307
89297630
8793762
93368270
30292297
279067669
92978899
63820920
270293777
22966826
87937322
3863068
222806609
99692929
90236972
23733860
260697206
77003223
82878380
38209282
27939282
22333272
70773030
98880279
63672706
278766370
32280033
208793679
26389026
203963006
228622892
208793727
202990988
229397003
202328826
220638322
80706803
66368308
263027208
232306700
70663008
209666228
80096078
78073397
62720769
8603362
88927782
270336096
208208892
68609093
277797966
89697897
33630928
223729370
63839092
233289023
268909792
23602739
207267262
236299680
28209778
9887089
262827779
233697689
272692868
79980908
32006733
9227302
260070302
237687778
273028333
28739039
32877620
276686360
23760378
206966297
72638639
83368093
220272267
67373326
276723399
233208663
203006089
33206007
82278072
268837772
238033068
86288330
220009822
276326622
69383829
73303390
83988300
62000878
60379699
73073002
222633882
202732027
30866382
39069628
83870938
30986073
69000768
29663860
208738299
222977393
82888233
39979270
72207607
222327669
82023763
209966787
30323087
89922703
6267226
32633060
96722683
96393022
97708992
80933287
78922023
276303826
230728098
239322777
269228989
67832027
9067702
69667278
62730766
236286293
272693778
9782797
23822379
26700977
202689283
73080096
209878763
207769060
200967230
262972770
222699696
83629970
202883602
268978679
78039728
260009206
92667309
230077623
62008389
86897667
82793890
30383732
292290
278803236
72307777
236823390
236927770
9869602
206733067
3266920
72909062
278932707
60099668
93709777
228932633
8627838
238677360
39290009
239938769
206909823
63883268
227073293
220306989
272770680
6790808
277773827
263707867
228399086
67978788
23288897
27396296
76683363
270228962
63682077
280883022
236623067
262033878
73263836
233632880
6627298
6888329
76008870
80022082
80008780
82702986
960686
232272669
3693668
238268987
33667903
220629228
238733993
72703967
90373602
98276007
70873699
76708979
6289792
90768003
269809300
82662076
83896273
60870266
272870739
93388096
38237383
87792989
230723769
237288762
260890023
207886727
28872709
232923987
26308992
279873772
220972688
23082968
29768706
223883379
228269973
200368077
72867209
223780729
239688376
97228938
223279899
76399733
263300399
3792862
222828269
36770939
202239662
77609629
3200707
6838323
203383009
229863626
97829688
222077332
77832302
86987078
72830882
82998083
209909203
38802709
238360360
98823376
3766787
278703926
39730739
269237769
276093278
30323733
29030788
80032790
2030233
83877038
82608609
262972220
22937970
63936770
278080082
270889070
268279382
88269320
272930309
66893926
237007092
237377909
83392229
29687373
276680260
86829790
233802977
260003066
228702089
233297689
82793323
278396669
270736286
233890902
62227320
26370696
83999897
30802693
270390978
96839798
260030737
29982278
62366933
230963990
77682036
26363892
23609873
36067007
77628837
73603836
29936398
99766980
99082902
208763976
28082838
209082268
33990366
87826079
273830098
233028722
276689929
96273738
238333899
70886370
202609276
78398898
33973999
237362073
266967323
89238936
22798070
92936878
223098793
68922322
269279007
223789293
73602006
263036229
32390633
232387637
83387022
79079868
32262230
8802826
30889932
68808276
36969262
232999200
276790367
69388988
78982036
262828376
233076
79827263
30729898
36900038
276936386
78039962
279206076
68230869
269628886
208927907
78820777
223368668
96203907
203392700
232723377
278898986
209087272
279726362
202236063
32008028
209736627
99673628
230973662
27976897
223086808
73999079
73790906
278696986
76963297
260963682
79282399
22082009
237699093
93622289
29603836
262897923
62732663
230289327
202089606
60096739
273070622
207800203
60092960
88780879
236228739
237903939
80929973
238936776
237778386
3339203
278069973
226206079
260767089
72922869
7696232
228772203
99308272
278790227
97026282
69926208
62600377
3387092
68009322
207028388
207732672
66977969
232892667
277877033
96799330
269977272
239628897
89208632
237822337
262229307
232003867
72700678
77307702
270762202
36927392
78363870
69288837
208382273
87802398
268909760
226066733
88373932
93089792
7823380
83909038
33700992
30220289
93638396
280077009
930638
226706963
663930
237870077
260393763
39692773
232980998
62707670
27993766
23239320
202220082
266297669
266387330
268389003
208930922
68390708
93300620
238689830
32098767
73380863
87270776
76382809
200068009
39620800
229823608
270977663
6090276
28068808
276379776
92338903
79283762
7398208
272690877
207370237
268088869
87223796
29809869
27380903
30279837
72868632
272027968
33906779
260276080
277878960
96007333
268727702
62069700
20793739
33396039
73020393
30866006
69693267
96702292
87287388
9686263
873062
262662699
208677293
39002277
72993280
72330022
270228738
230237236
207093760
30207906
266332802
7067923
233027893
67022032
87373790
33387672
23269093
266930209
232603997
207678220
200632662
276239700
232982088
99080899
232376297
29892700
269237768
279028990
98769038
207936280
272777829
227269888
280883928
29888666
9087693
70320373
8030837
239980320
26970208
223327888
278739896
98637923
37763387
227228828
89986079
62629669
73772799
2703677
200097239
226276029
99370966
263299028
76826776
92980672
260282863
66370060
30667633
208889632
89276697
32669967
23076709
200200330
97362308
272973890
22670836
262738690
27898932
87079292
90669060
96020229
38660079
60023239
69366336
280908903
236997622
86230332
278828367
83989830
87062778
68222083
202632968
79276337
36988689
206300902
22990833
69620030
39068893
268962669
263077993
202707273
83629778
237863220
260896990
262872277
36936890
263688732
276826208
99690373
227086909
98776930
87668326
79028672
28632379
263923279
230937728
226278669
90638837
86607068
276803887
37897779
77900702
22302683
88087009
92283702
200709833
280807882
7396038
8006990
38828360
6933706
273089082
202388067
276080238
76870327
239090603
83022073
228720089
96787803
70708370
272330700
20732993
39737978
62898270
278773268
238998726
208620809
228670833
69783608
206768802
93388306
39283
209709280
63992008
229888039
78383702
86808983
88989676
88786732
280626608
280893
37366809
228688322
222967709
222368808
223792837
