90776803
97987937
72090628
26033930
266382766
96992922
227806086
228228306
260872708
278272982
76809603
60963708
222879007
36272620
220899906
96360026
83902080
8283097
3280608
66367922
237076337
260806280
73883768
90206630
32290720
223036238
208377897
232338336
232973780
23068778
88292232
280923906
66302963
276792687
33783600
90088067
227866090
202689032
226000933
62339728
73807980
79889707
272920269
203733896
68008688
222966970
70269262
272336799
277687990
29003029
206673330
230763938
37779862
202377823
22798233
73679826
77283926
23026066
226320800
226932230
20686380
273809967
37238206
62302860
268637
23087320
79062762
272077973
63660890
99008069
238077788
209097878
39887089
79678637
2682826
239377662
28362380
279766260
207080883
266396609
270372793
83830960
6002962
32889
8332937
88369790
203296028
206777823
26868873
68693668
232960276
263098
278078272
26299762
90087892
73038230
7620822
268320693
88063766
270880660
269202908
222787669
230982229
29007373
92302808
278980322
90820398
202007229
38029762
233678832
223900908
76099892
237607900
83088393
80869837
203329288
23998309
229832287
66870003
227870826
272073697
229787207
82639223
76277776
27088706
79088620
60838297
8279837
280776730
82886836
69620327
73992736
82777730
227929786
60237766
60982669
98669878
270093933
28800663
208020720
88820068
27036760
263300027
203870836
2336626
228880927
70830623
76033098
36987626
6862770
262009633
73376837
280770079
82636326
32037672
68728798
66877309
79780808
99029360
77830680
206909083
33363397
8783060
27733629
203376226
230303930
79933332
39987067
207732369
90979267
228727792
202292207
22737798
226273867
223899737
227670802
8898288
2988076
268096988
7890870
278926203
20769792
38923279
6867679
88627963
270787073
6292622
27062872
277686873
38007836
238796379
239092237
6772708
29883370
278869820
228360906
262799973
270666289
67336708
28772739
66737730
36239828
208990987
39066382
9866986
36307203
36787673
97038908
37366636
226033762
88790083
200983089
263006298
96733766
22793228
2900363
79996200
98697733
6776987
32072626
77738067
60939202
98223903
8980782
262076763
223670732
7328797
20607663
68930737
203338900
98302626
78868663
32803863
260788070
20860928
22863962
273726973
82967368
30686080
77990823
229360633
99879200
30200629
278669862
69927229
29280923
227832936
238809929
88769738
203366893
96977276
2227887
36639209
2682766
206607968
92392920
90030002
269768603
266087787
69329362
32707078
23389620
90389206
236788839
269870839
88770699
2723622
273366939
3978928
26602983
269702963
273267060
227003730
83680037
272927778
236602077
90760930
77339739
202872622
7026670
233908689
236669208
280620238
263630727
67879379
6736990
226368798
3336322
236987999
207329202
238339993
88268232
63687992
39969002
232393389
278360687
99779762
262898833
276339870
26979223
260690039
20999890
226202772
88726306
30977076
60329202
263383708
62062826
269293769
9382806
2376389
260398039
79063098
237000920
236980383
232687729
36386628
278266263
269906327
229027727
270977923
220878989
89822033
62628863
98996209
99087230
36923837
269008020
30009999
62982033
37038077
29729882
66822387
88693289
279797862
266328977
277037727
39092962
90039288
270762329
8398369
82729683
36998766
62696077
236380780
6008800
23806203
266628208
98960620
209687233
3729603
269328677
227620032
268989288
262296607
27932983
92828922
3770296
228379797
223890630
23377876
99788988
69629676
70080869
267007886
273983837
36673038
278736737
23620883
97922637
262637682
263399360
92988063
228666799
33802323
239967378
36679289
36203266
26388897
78982882
39677602
20606369
90679702
97800832
29907799
62837738
237686398
83670638
7888889
86633079
82689332
39038972
99822789
230396968
229678292
232307970
229332867
97996303
232763206
62030733
273377200
87069876
207606320
277978303
29389832
233368863
69733338
63206888
233026933
37988766
230272796
73937330
268980303
63988970
97287270
37923600
82776336
32392939
82873369
89838673
232069268
207937270
278633909
62676622
86769390
202632836
86960289
37827737
97268390
27923302
79372266
226008886
272667289
276787209
62687077
83079793
27906633
93000282
276893933
230679077
77202873
29922872
79008263
277393878
30968327
229909720
206809879
203866998
206797387
237233928
270936088
96778623
7903922
220078333
267029333
72736260
202870908
82322900
277038768
272083389
2663607
66690672
236779709
79289390
86206083
23280886
270376207
86086076
22996982
82039626
30908698
239780230
80289098
220773607
32222270
23390780
86798396
79276803
260093076
72208739
263239836
67627723
9209873
37260987
269233629
37766039
270296079
32878366
68306983
280380726
277392289
262769902
237069978
38307936
279389897
39720337
278797030
30682688
67897896
208760333
267002038
20822639
26006620
70077637
239300662
80722322
80386260
87060963
27607696
28793602
229662328
269900783
92097067
93970376
69789839
200366308
269326226
263297686
233726888
23760
200839877
20862072
87869087
220299623
260636363
239290236
277909303
68222886
26909908
80709780
32677872
66683997
26706623
97932783
98788008
36079030
268379387
28398003
202390928
76603066
99637092
99629962
227976360
280926603
8873938
239990302
37697862
88777003
262339723
96727792
206776220
273638270
28276069
236200622
222769072
220328690
203092637
208202276
220772770
228606002
72728776
202396979
86362632
92037868
87790933
79762320
76879990
27087070
8738969
239709706
200093678
236980302
30303222
206883966
266999867
230330992
7732879
7229206
236797036
238000820
202778623
90766633
203708367
236338203
63826389
23296000
207973698
266080962
207682880
92723060
222298678
82098993
267286876
63886067
637898
277206278
207873606
69073367
80038936
207332006
98009300
82330789
38239200
220892896
237039298
60000328
87990927
23023270
203383839
263982297
272999337
90383987
69703688
226627078
223680303
22386280
67897703
209823223
3090883
278669298
78960973
279339607
92720098
8238862
208338897
27639886
83360937
227870736
80397666
8790683
63888262
9667820
6803220
270877909
38779372
99763063
238399328
29690820
32709370
260263680
278093382
62773039
237207627
39273282
68387299
207897322
222220679
203068386
98628702
67036397
269233682
27663268
278287687
96793780
29683606
200896632
8320788
77860230
277909023
82770067
26906808
238999227
230970690
260067277
268899626
96688883
200799760
33879807
37376732
99793096
889803
32862338
27223883
263068363
96709836
99628622
28093839
203299209
209006820
80378669
7826986
66703777
230728866
96937726
228003707
6093880
39006722
8893766
226393003
223637029
238280277
263230398
260860886
207933729
23263393
67832623
280788932
72923298
37880207
93098883
70230776
237337329
37096302
239800309
260890907
69638893
270206362
96980888
87933283
277773290
269303073
229097309
200298603
36222608
67806638
37829660
86309277
88670263
73073677
239772097
30283628
270363603
239332703
83763839
90777923
233700730
273292286
239733387
88097087
2707399
69803207
2837326
30937960
99396820
7980930
263978673
39303736
93860782
90880689
228672703
26692633
72896999
86038329
27968037
278376072
97737693
232622300
7079893
62889630
73080833
98762970
233988676
232993920
6860770
222328820
80226307
262620699
69988398
8783276
260209226
223689273
76922379
6086838
278797729
93673068
2220030
60722903
222239968
28736309
97980877
279680689
97020887
38983778
87726063
22789000
62699883
66696903
68998096
87372802
32838099
89286923
208706237
99788083
39982290
30687732
279077063
237702906
79927820
262699727
277878929
32029808
9639033
77608998
90398927
26037063
278737677
86688787
32032027
32323929
233326622
96990663
82703978
92763707
86737697
279626689
203326988
276820377
7076690
206220220
20397377
38982786
29920008
3063886
226989237
222606082
267226923
78339760
26997723
90762296
267237707
233820782
93733802
266080796
2936033
70328072
237980269
9278703
33096283
272697326
266760780
37287688
60908320
238007739
206206767
236369976
269867620
96722330
69902993
69977728
77379766
36076673
263973338
220926229
203327897
26388869
83973903
238292709
93869296
238876322
233000280
203937262
2908972
276926073
278369727
68299996
273898663
86727337
260688669
270888062
96088670
73280276
93889267
68699887
233339366
276362628
66862972
237779920
226969799
29366023
266809308
87720708
238089099
280266280
2970067
23220280
98008993
60223972
2668883
236032288
223763803
268699268
270989908
232306608
89297227
200799292
22623387
37872892
36307082
229080093
83069670
3732399
97382607
63228237
8928389
232702688
200603922
39797708
39873208
38668363
207208982
238927722
89623829
63290222
98066790
89828903
3882628
226289938
2230702
223808078
209026230
20080086
66798022
38906270
86308329
89209820
32360397
66880767
66798926
273368976
73227998
200322099
237387789
6669982
970039
263822282
37060870
270696087
68363226
226787968
202089760
200938896
30288277
280928337
270069678
76887360
97287
82838923
97837620
92662677
39077062
222908906
229908769
236022268
260827082
22627229
28676333
233820320
29738723
280892736
63283686
66223637
23033228
87000066
97679089
23923320
280203029
232369903
8672633
237983663
27703979
9200973
239738276
63377367
90330088
76336730
89639670
88828797
220223680
92879360
30790863
8639336
99700073
98703906
87366863
209038270
263330069
36092839
92897709
203273380
33730682
89628986
23730680
278822827
27933396
266862203
90306938
238606292
66970682
37968699
9766093
63739390
22727897
70906980
93668087
273238367
33088933
27973697
38733232
78787302
237739879
