238322329
263096086
69706939
26399027
226086782
70297233
96398677
38989937
208937666
78899909
7382776
83220932
26789607
278870992
60878398
63279892
206622830
209393672
267079979
227929727
29397262
266237706
209663773
87989387
273926633
280398220
83907893
90600889
20329023
232200736
228902679
87027976
60227689
280338973
20309789
88878376
222820862
262772922
239828786
207320709
70606669
238238032
98676628
237287709
32687080
233236699
262977762
33296370
268622780
260936936
236780227
280362062
67338898
273909328
239803092
268766827
98803633
272236920
279628976
227332979
233227293
69027278
90889386
7378973
6036298
260926033
20069232
60867093
23983263
226679390
279280762
226030000
237267729
67927892
30832798
30287386
76823908
238300839
72899777
233887768
260620662
273089323
269880232
76326692
280998262
233888909
30203379
238027887
208326368
68038697
3072937
36267806
230208986
237626809
263867698
207787260
30906033
222700936
77660068
222668097
279639039
220783773
78882800
87788027
277290622
280932727
3269263
206662068
220699888
77606996
97033669
89286383
72308087
62027033
72067286
60373770
270700762
99777733
232982298
262732980
96790863
226839872
2778367
209768689
263639683
29320902
88060902
223608330
72606098
239306637
222996697
76960279
279086237
68388338
237988726
207726320
220067267
278770320
268902066
237669093
3236337
69776069
92608826
6872600
227078639
9079922
230923832
269322783
39337609
76309703
270998286
96066789
8270039
97206239
66366787
27996270
26738868
276083273
96639936
28303933
268278279
207072270
66979267
79886339
263739269
72720663
37732096
277629387
277689030
233660072
260893300
96263823
32277999
270987398
277909903
207000688
8892220
9022002
70390838
72736230
229267296
228992900
86782930
89978367
78830009
28833983
229982396
276893037
73786776
7360676
3379367
72663923
86632826
209907689
99689036
8790308
323372
280337628
273293297
86902607
207830989
233287060
6386669
2033302
272906368
273790602
7920086
692798
8978090
209986790
72838622
93327399
202003627
39626920
8772289
202906387
78877082
262397383
227266868
226828988
86703699
33883669
276679098
37236287
277887920
73083727
8072036
868637
73883
86707768
238780208
206839887
226839870
36008268
262770692
76628920
67899366
230338223
77690699
78766289
77903307
266906376
80203926
272038698
73672262
209392037
272808298
22006600
83366369
27693278
232779862
202896392
230203630
207309376
37326986
87939706
222078722
70679388
236866309
280008827
33997273
28330020
232928089
90329663
33028673
267977893
63083892
238626083
272768236
278378882
97878070
273322026
6398637
227689807
202378897
68306939
83073670
208396990
67632883
60268733
72923009
277892282
92383336
230227928
239377992
209670836
228608026
270267790
6863776
67797999
82782893
263877977
202222222
263922237
263239376
2898783
67692780
280962866
37076369
96393282
87069698
32738639
76922772
39679770
229270933
99666270
229206338
267977386
277339833
200799306
209782279
263230882
263609897
28026908
278800266
80636666
26909890
98760988
29838223
78976820
39369038
238388907
272273707
200003873
202392830
277786322
29996289
263379886
23830288
230763626
20966739
70020873
7037370
262628872
232989823
93378923
70780970
237889060
227692799
3709090
92263092
32707977
87082979
82077033
222720678
200793780
237839786
223678309
30668936
32600889
220722207
236802898
268806372
92003080
20370387
79289322
96383887
223922896
262088697
273702089
223680922
239333238
68072787
263678769
279683382
60698620
7092000
78903088
277289999
203209388
209936960
23278660
32692727
32089983
6080226
268893769
280626829
267727780
97693370
38386339
22770923
263322936
232763333
222380266
277399980
77283979
62060967
670208
8307709
20020362
268886678
88002262
269688223
263793809
263303262
79609028
30933276
222708897
33837693
27399660
209280036
36299727
3763037
69839738
68396886
23666973
83807096
37300369
267776767
78822887
96677267
262290869
77383300
237237723
6272077
98000038
79989762
2689668
29736286
7267
70262672
233068736
70793620
86783963
276027000
2722627
23932962
68730876
233333007
72633979
39067873
86369897
232793787
278979273
209892083
236668833
239023307
63998266
266803899
29223997
209678330
70720866
697666
2070376
9276893
267977797
623386
272386238
87323339
209623739
67263068
93637802
30382020
38387668
220763863
270633806
200077022
82262328
209939693
272062237
36728986
828799
263276067
88967760
223728369
36936772
69003886
2790093
208937280
38307820
38922296
80798007
270003702
80639963
232993996
72088832
222097798
77033727
73782789
99870239
38936793
230022379
207220379
87276323
3606283
89292269
209626660
62090803
277399089
266273677
28267280
38827926
220036080
27907608
276007770
68769097
78676602
220883000
226300998
227707626
200200203
27338660
237793927
97263822
222320263
3093827
80097878
22323682
70666832
99986270
263397632
89720888
277220333
60328038
279938903
9200378
229080386
227989367
292072
209782703
260388078
83283728
99693722
228867300
68379278
96380287
76220763
78802763
276228973
276202320
38692387
278883080
203639386
28378829
90670808
203389873
30299368
73626996
92760386
32707090
76760073
37769803
88889630
76929370
87390368
30898639
276962670
276263208
268760893
223666662
227668309
228683287
72087309
226677769
77868682
238967826
637688
276227606
82768976
89372709
268780807
82890982
73372073
37236006
260839692
203286968
87262228
97876996
69280373
269792329
97289603
87037697
260666368
30090336
70760069
262089962
36368666
270909727
33307397
23790278
66920227
763830
82676639
70393762
36797203
270338776
206008689
237338389
63727669
88327070
222766633
33066837
67879338
269667363
33799999
208082938
77283693
97367766
76722877
38680799
70387322
227960723
200820238
90736709
236206200
63839392
73093999
62728308
229627962
273766677
60073288
223399660
260223690
78903880
266996707
206228869
698809
263892692
8099079
80293376
239888792
97909229
268032609
98373722
3906609
27930288
66623239
232983003
78367289
207822268
228708023
99322363
36096386
73629378
270682668
239977968
89898020
6008783
233882289
238020362
67323230
266372939
262703069
6937602
229838228
208286867
209732730
230783828
207009922
80676983
229323392
260827368
98238237
239797707
239266702
269708
60070096
279700289
202303369
72307763
8720339
82690002
7867076
239097368
37897830
30927889
279636273
7929669
73293978
69607000
66272606
209036862
79708983
272998739
32282368
3866363
27667309
38369936
277963636
63890267
26778982
62627376
223222337
8960966
238309687
208386273
96203093
26038268
97373767
87936369
269367079
260368263
92767962
230682063
66830206
27796377
277626603
69936698
38960009
86289327
36793276
209072799
279962339
236786808
267370930
269603679
69007366
236867798
29382620
229380937
268066789
63270992
230608896
26603902
90683789
797778
60876062
28329882
228838073
207837078
232770893
78299696
62927083
229936062
27382062
200396266
69882007
23377680
268236898
73738289
280877383
88029770
26098727
237976086
67807726
73892839
83392307
269888632
239032368
30383270
208320200
27272606
89036038
29202782
237089928
280762238
73262777
22389603
269092282
3397802
220729722
8982926
9286789
269072097
233926600
238323230
23273089
62838807
7960687
226268206
279838300
72630790
269337783
78723236
70990702
32379993
98722729
99302060
239763027
202932777
223803927
83226090
29398229
29028903
29782003
203783398
22689399
228692299
228096223
263387032
38777289
237939980
30030307
227838379
233292896
262706037
267232996
6976973
36390320
222678227
83269897
22309623
237229390
72200222
3003923
99739287
236686766
270238089
268938736
207222026
220036688
60620993
83687638
93626378
202899806
78720723
208288828
268279999
36627280
268600038
277686992
99226736
270303662
67789339
86728608
207800996
278877279
2376786
27999869
272680368
206970699
262703809
79692989
228687036
227830782
23639897
93072086
82766770
276800880
228879006
223320928
302326
36092802
262090228
27329672
203639768
89277070
9072908
79280239
939088
228706037
37832332
98787888
82968270
38637708
97037287
99379633
267637237
96673633
270203038
37769783
208609298
23690639
226929986
209703328
39768326
229038706
6803339
236069369
228337630
89078370
228687907
80632007
72963020
237987730
62069729
28693629
267762223
20836607
277862370
29923938
66828833
20239990
66982326
280882893
227886869
23280898
7976380
73990898
67203330
89828369
66987999
279082097
72673379
78706936
92830273
83378289
36638887
88030009
32966963
20268208
86030707
236080938
223399203
228088977
207692683
9360736
88383263
62620603
27263680
87862670
92368930
32920867
3707886
87089332
278663927
86707372
202363682
267226329
27228373
2399367
92806329
27637038
263938928
9868236
239826768
206678203
268293790
222906802
277896629
273738236
6820922
9238736
80679723
68038782
33229092
270366872
86207992
6672907
26706796
226797826
27069667
6206093
89732780
76228239
20838793
268893893
66830932
238823667
222890397
232296770
272338882
9076609
83306072
276733887
82096770
63606230
278702738
6872009
66903280
238366726
66066266
68222827
9980362
206362067
22023097
82077699
93790329
28363699
203027226
78968888
79230739
89290070
83789768
207687798
72260283
239979380
98982808
236277022
208697979
62678769
203228279
228072082
260999627
266387780
96732866
96986036
82868002
270983829
260896887
63229907
70388299
272873837
29929978
20069686
222823828
37280098
27682328
62038622
90630776
267762069
202309732
80809779
96282766
820807
208202377
98292967
227062903
92236667
33330838
