148201671
429128706
985895167
293952079
284172215
825800638
19783760
813423130
393220933
311720911
287878859
98670838
51131245
388428493
608097778
509203022
865948793
823057600
831575831
894964907
928857562
786566157
385475138
346906247
665433218
382439729
109386621
378905237
45415404
347535799
936531228
696559088
776557310
328746539
243121190
25974688
303133386
613233229
30772769
342209116
95199591
216263289
942584213
249763671
732540171
846810101
789596132
893532319
873917455
208659474
693142669
371098893
124715117
44923979
784990809
841438972
279740148
952716593
24717953
161769225
50606443
776078767
938106102
292597866
278647622
827696626
925420402
420981662
343575189
897852599
79718884
926079147
260930933
723732142
10532770
390586855
877293335
131281725
912422445
966227633
916178591
703149530
103110164
804612518
696595388
29744122
103129950
48370549
878236547
333882531
43182236
129400565
318718268
942928906
199523714
99641406
728596338
222118399
334974425
27399358
877843913
479613990
835335671
900331214
883047132
991852480
269570181
830919201
688242948
293129131
796890168
350819039
430925569
350744426
802077783
986683636
393551616
742998640
829014222
991290527
738901240
322307630
311904997
271330921
23497825
673413972
291267275
702837974
343900510
6188981
903313651
443522576
198426551
711430175
5976008
349803996
715326592
356515569
803641962
982140212
273143088
914167543
727290638
284953926
21699954
933083255
939143991
946198954
695765677
375010203
122121807
810704597
310421072
706905041
317517499
352741161
2127248
137852606
6890910
350824628
842919821
932252436
102231110
858782308
77226467
394770562
360010572
86703450
942638742
104428237
141438470
339242414
83899679
741226596
17241724
841362262
101841566
797288927
133669802
403025266
7308226
816420142
824711091
403960571
38886635
447518356
322867913
870118381
141877192
369370838
391738377
406216809
131648178
829943450
315339884
892771806
698793287
897310978
962506217
146862680
40142098
717444554
502128103
10260976
294627147
643345963
892840889
969157169
454140088
722071560
403240739
121143642
408458313
896718650
885112200
495966639
912557451
214565607
83709229
243561882
13745785
990702262
33915565
380277475
835808423
381308956
298403482
917964389
31755795
766165633
935913189
175648558
905204274
450637565
151640013
44636331
832919609
151016658
827289563
974351818
818250094
688958905
273613148
323994436
380161580
853048264
696083837
430497146
12369568
936126964
356470029
70042999
11151381
814236271
816570115
265733610
44856202
477874560
145489323
4339284
713280317
640133214
169235902
900166218
812417927
946219697
273684755
931759661
847295632
655458389
952037748
382236843
82925808
101777893
871810512
326404307
3833129
274748216
768070018
6045218
944810729
424146726
951739837
882943997
745663153
692227081
44311750
894306089
655449430
454404494
106084774
243241651
101312182
25757409
909105008
449923041
837437455
464022258
334709251
404093495
436778322
994022406
2963227
809229734
939612491
46414583
677297563
303548114
366579320
808393763
961756315
966326928
153184278
977831912
785297260
962990036
978031785
307984099
715386008
883702363
266962437
888970005
734597482
783697393
704617858
895072213
90579576
246283004
96276736
835856302
970283619
755778188
916771263
404893550
800234539
336825783
755911563
427955184
955865912
277185883
717076801
969100738
106772733
993037628
330670706
86330051
341538400
955075529
942955803
154580371
136643629
374352115
138344730
88943376
661322413
396172700
876140156
686881912
904514087
971071004
316648493
711847622
388766287
808101352
295874350
240900842
988202459
720681275
782424102
123645506
924887987
994087208
754191230
397240347
776479754
436634930
440472078
937453522
743428738
346704614
947693655
67672939
884724006
991508264
36327463
286587677
335407473
951189104
444120389
77495944
293165901
797370708
789677122
92161729
93355668
668757117
382177200
375796912
345575366
295792091
336658444
325604902
953414572
119855980
328770663
633323993
339543855
844226598
764420619
964274932
976860165
789175737
438792710
325608128
456685355
382724903
868505550
33663397
104163557
899020518
905644573
784947539
954192847
147512814
906553796
384801460
130932060
806487696
744911609
341613427
915592896
433592130
734735759
416817006
923966183
246485811
942277758
849158604
988191026
870093080
883650446
344235723
983680395
919894782
373625759
956813013
932785209
378404399
800927562
750959470
644136704
397104546
255284885
372938261
246950541
869681369
732819377
719611759
802954018
74040607
890720992
900657562
37760952
738037899
323911385
828576770
890429544
725727803
435126249
823243363
992337772
331790803
888840783
14261390
29666407
290084559
868943442
84585912
64150648
224232132
938266740
966589594
888413697
325027330
252517590
766746089
437585124
965058026
412912523
335738221
438912737
695357905
892965549
969248116
815762468
925274649
298947578
208656609
118840771
408453996
356869790
48564678
342041743
681537035
47659836
666584967
338787282
41469287
794964628
930982061
418052946
56820633
689783272
981266269
326474552
371509961
340478581
96820969
112567624
146467153
102439915
700866963
348732677
788172624
42467748
115400072
37207856
939679597
873440153
43794436
3544981
491616687
495248802
851268558
912902791
923640928
919543047
917426103
338269682
308369922
296097194
455605905
315470506
103635008
47945154
81384545
36683844
321900833
935226218
65711931
711552217
874200618
822801400
388132792
84007024
802049766
776545140
281444555
142959790
191142982
421918360
818247210
853077886
296169051
392924252
134646020
747408100
989057386
52628946
78482429
966193627
934269606
732920402
918270489
135833023
879178258
114017487
313220124
25900396
762269702
824258071
6822590
740698691
406676515
330949690
908687854
448876093
269207130
676060725
78276679
425473995
314301915
944495745
806755096
497970910
388510081
687898679
723475655
716308487
890209022
167635080
341887028
927010510
448577110
921125062
706858015
704524152
52040055
857012971
400376633
337311636
822602707
318619909
680368846
973643278
132981104
889042950
861336037
307118282
741914019
411864802
270019187
809493002
411708698
439353678
907750851
134033584
752882081
377832041
110608549
106037924
347457030
765876842
804190930
788273571
778958819
230189993
394201188
813349672
179688197
187909338
785220247
985578033
862375613
36125147
502733006
52345686
747697556
808752837
102109899
294011504
815954213
968904723
984295558
764766327
878144843
399338278
4385617
144263114
809778698
82634105
872866148
714463377
435835816
840858562
6054780
710367487
353324996
753983983
776514808
105464203
498140069
183293137
268442313
71387966
65307134
327662419
906370422
447880152
991277379
92532439
445573158
623337248
422049472
217894489
892996228
39009020
145473083
736151070
52993389
851593128
929881610
957697199
12437792
733160685
19658788
787104401
425281396
928622873
320630241
445283618
74074512
723680029
992780321
25154354
737882843
784991548
853879702
319981545
308890453
50682736
727438536
702926789
68449268
946369291
336356604
935268122
738943387
745730894
743822203
792963737
976484310
369078056
334251102
919556255
888704650
434922161
936487884
309829076
838245791
305347864
147279602
96269212
433244094
791319161
995545134
723890080
789518317
359520615
933996569
87276769
334970544
333728970
796771062
313813030
824170861
607275124
686186662
815078722
808096264
60875084
666840060
125529629
64385458
863507407
450368750
361139216
897777387
929042910
130208573
776321488
985790133
961307937
924608662
691336407
633234374
645663163
379931572
944145228
733433565
457679329
669070202
811388535
775954275
117181369
733601862
662492596
98637908
644180808
337443508
74974823
466547352
806080806
318514837
939613143
841387014
885628100
855810173
961965675
803798826
434624894
52531918
50516258
401870160
336944448
388089311
803269058
39077784
184926121
846368910
35682607
37168381
90278566
139683863
78087560
821748064
98670404
341201200
267949743
29534455
803441951
397592829
246561275
135718064
717951382
41013160
660158627
148567761
733454312
906446925
892787077
649659574
371488534
46111276
961223590
134216973
109134202
683968681
847642456
212487920
888842994
502822400
783992802
184560916
512964962
777768701
956243152
333101282
786790976
735231243
445829991
848623911
96686900
112146827
910494263
389234224
293970684
980208620
857253043
789453001
28935283
703290323
900692954
4786326
749587859
390709227
915192670
893254845
886974050
129553262
693703382
734991806
66651457
647875953
43001085
141345556
258576136
879761422
949670538
130559287
808776837
320416889
865617218
144897399
706308327
126884085
797782849
431471069
954388030
45266855
327158716
785185913
949918562
451196671
889178361
866841366
894001672
436698690
832614142
845652614
878186655
844572905
325164625
453474889
837508687
314051677
388918749
798451646
357193135
984852197
38332048
136302197
939979180
143968821
428579611
852081365
725386277
944300273
691922237
356193533
687941615
79583644
827701263
758914922
293782935
96600284
418752190
671588021
127760849
359812230
432657917
450684655
903676807
756629496
878494469
125658799
796130863
417247883
848019038
253324209
940111966
373943524
76212241
927337222
668732312
290678568
621128836
121851942
944970462
403530754
89068502
677196755
942035630
124870745
269475564
737391976
792411589
948262257
85935668
795618477
374213044
76047670
157057025
120703206
308213783
992041458
748936036
704890456
34495987
990297605
745719701
444434948
729942438
747051822
8875534
886619988
420646603
6843406
892149170
371270210
910518395
84040098
78977737
674426065
788328638
888803776
842408727
220161145
52454552
748162740
922537438
272922572
641136045
835129491
254320114
946089459
676196915
401256780
693000018
756138455
837873976
50432539
947366949
283520488
135227561
234956219
19756217
798310121
355329820
325945861
