928807160
371057858
693088205
42993920
438635590
54159277
215569749
645164340
733972798
30207365
289323968
81187816
168144171
890241432
119487425
954267798
993303903
230838292
142242620
83278842
40510422
435279369
374407184
384665251
966013483
737895409
288919501
717799336
96306717
322938643
406799432
71593618
835945989
894014377
978397807
97364294
643761660
817876207
62936872
448228619
680153942
444708840
813647306
267948979
738602602
845019190
361885230
29506509
616428502
320426239
975737302
144344947
95025744
606290580
960407569
333511713
843970801
970814259
18457159
947783468
801649205
822930013
11787054
130008513
67728
433746745
865908682
25560907
729263961
995573631
759291255
740733687
326897096
698138625
289029031
448157133
34736541
354839577
52561062
778512153
943086160
726062841
803365053
435011707
386070152
829152953
911320014
333566329
812730116
91914360
708876200
754635906
371189571
719671827
344022106
679480383
98470430
145872648
498881990
249366253
37938483
755715649
182810876
866210381
954763557
915630800
863902938
769477474
962002537
743044594
348536447
100964270
679982944
941711961
67194389
268262846
448602771
370075218
689389419
81359190
872110949
406536642
246913714
454693699
36913150
656151188
784335599
19580630
985539515
738826724
693009558
403801928
910979527
344471731
611499679
896713819
131281999
246450151
441889986
479477104
819328899
833618819
373408904
38396450
371655171
358265576
450035613
16001815
71187025
698027327
971473311
366113002
780286753
282833386
931540876
126315125
997378552
82813407
232394627
389373912
124133719
323983044
102903149
104051202
901869368
87551489
405821630
992897632
345502982
654608762
271242501
702560260
442974061
299688332
969593894
217934013
672669203
19554880
818842880
888940119
722775055
795610913
437781842
146179593
48399025
705657628
902245405
706604327
780068288
708688686
942543671
692592028
73456781
956507301
838313308
92728432
952092607
841228943
845889909
363606217
281035973
322124754
926553866
924893679
674053156
979240802
440674148
870764178
860804611
94117453
630718564
621672883
717423963
831202066
929260180
673043788
994621213
97763210
745305213
417860345
266908614
875236149
402827565
942916878
334821839
51341091
145390136
85527495
778880928
317471745
284374081
307743940
448556944
977199084
938032867
394832799
84091668
350262638
329062279
974012851
697253785
83872664
638669311
803771884
919388796
991846043
988172711
106450092
130087386
66742389
35497557
765940540
248729754
488698975
824743837
220187749
408742268
829653486
642145013
77294696
213432172
439394818
796236491
678868576
851259236
810741231
185048696
454887602
12833984
856176566
293790894
938822866
994863041
851656979
279187568
151798750
836265230
366851067
27602738
401160889
713300517
945225856
703875021
747256776
975882916
435611028
14442840
61736647
44243524
391910932
207668967
378989066
35500738
885062920
363569985
823881666
364807930
812892506
217563614
843374166
896131398
980969678
30718980
724014037
671331581
867626959
49157202
306167940
17541662
333673500
674781123
434585967
746497202
87759271
773764165
765299931
669244193
58763430
693322868
77161195
680942636
390961736
97594320
400974072
917759869
334291311
830859588
752679453
932983039
439984523
829806171
393540505
326702292
840853204
808375156
345205649
890977108
271505169
986390904
766370431
958025499
906646781
379460541
772238462
284006023
125417526
296085364
741159959
154190298
77790773
449192739
825286998
805186183
188167459
394159537
987213002
878669730
909233707
930608662
83329969
413202378
991896195
632997072
263166948
745188531
694173791
144503509
347288853
868648510
284314199
277307449
389393079
43452725
24328428
658437185
806178149
676270408
672946028
977671823
921319340
714220861
431214333
954021222
335678742
943066561
672688702
144593425
741686894
79394683
334967394
994289994
89001100
934905382
284973643
298423605
40082159
918855599
135777836
957044667
208723046
803829731
675525796
330028729
429517440
315651003
766747012
30948337
392015791
424595490
64433002
841316662
844421745
365094230
797015274
135578397
912323512
882292063
420477016
430900463
959307226
821006641
991705412
88561053
18574662
138547092
395584942
831463490
877402959
396043574
19403717
707563663
373346907
827278867
711783165
668647703
658033149
850017393
1549910
2944828
994065641
473961843
37652784
741262097
881341440
841442151
139333424
724911843
908006741
390616188
799071456
889046415
708375138
953721469
76149010
39791458
669345784
457367161
846552366
293390370
318594118
714218488
268375949
413344039
950840388
295476839
832728423
445663731
377406828
721087708
9386597
833776008
46493466
345077909
418979722
955206505
897579215
395670269
829058674
238880715
83283985
357965811
824719449
349407626
157042591
384913174
268189549
916163295
788059091
814950022
932646919
497585087
32517265
92831575
825899929
9457710
80894655
330613369
819447514
668083067
20276796
228367839
415618391
424453809
382249039
337292822
392077892
671547895
793379930
92924195
378308060
142717086
433314434
693106866
373292393
873244841
353092956
286886003
8223370
437593741
728114849
842721700
19657496
386706377
775435793
293898906
974137545
825395952
96239062
197539876
678314184
717860270
78195404
864675568
88570503
275238893
736767184
105407093
936112904
313133628
7720938
897799526
88906954
392630852
75672615
911889025
665479412
397501937
773241365
902618961
994004949
711067946
34829464
713398262
342716706
42001092
337768228
489066782
987648158
658942330
453697593
817884569
129421626
19361745
68266536
293219755
662222332
123847034
23812730
106875074
242649947
934624267
48080053
995579481
898578887
684883015
393508381
648888089
918322295
334752562
18517866
348860061
80341207
221933174
58471231
94054020
671729302
997645107
978524084
776793464
388029234
762079320
941665014
772137883
121713316
41837046
771720917
909677964
637331846
914891491
794117897
995522916
445423876
299813675
34096814
52551723
752356110
126196301
896507527
894417781
892903563
711606683
383073646
940593497
293408368
415523800
318652101
178318747
38168186
948543629
724628758
819557405
109231862
763081161
106756279
405324840
248007385
786751608
325603111
953734440
402683208
739262435
37335411
95174255
888373048
125489276
96807909
300108244
792573368
310376306
67051308
673795942
718633388
447113379
946642948
901322812
292185246
925331717
325948772
757397922
54191200
1381565
646014610
975622506
124900608
438157102
817181060
104313028
79089567
831131032
774616402
73120690
966803860
29795672
793713206
997120101
289304009
391199138
845103088
446476068
979957006
78968033
343413383
20204649
636962200
778603154
613655223
919113329
803329822
912173294
392195627
778554767
341809052
391050484
944512413
83917602
887011509
278005532
468146272
693970094
846409620
148056027
672520971
182261998
279795970
662610512
79153810
620298738
38986203
834164102
159640922
315476192
818820976
408201538
205495465
746693629
808287562
995146299
243096755
755375933
657304046
791834815
775623300
922410700
669410529
327718518
838057740
844053547
426291952
374957294
641142442
911442309
144183794
832964711
351536105
878040558
373731641
783940089
109381914
996696051
901490016
392128903
391486148
20177795
408881270
731441136
740142571
82844337
729370280
413462493
885877194
989411190
41849719
708280982
61776627
828631639
274221742
333979635
364991002
908066684
44216485
713740526
819118027
766737376
827234788
504228387
397451626
803743684
391750986
332598905
28484318
378026088
103352394
935937104
404586911
669320022
478911783
304256303
932870210
685435584
832530004
85823414
929890304
84350710
143665100
4098049
85008970
928722753
324876853
795942497
403667719
308688796
337294750
981742055
89950977
827681123
897456613
402778414
258191753
321015212
703327969
47962863
974665858
937966870
993033506
718361616
934193359
940041889
6688669
665982794
465621595
694022910
49093805
766134120
701523972
431598478
791398101
35601859
103716090
273752789
386537192
138245877
613629920
322425821
698150948
882913202
427946587
76699323
903682969
471119997
129489271
692466612
903312058
91560217
779708137
929306023
359376601
873080312
768177040
732294125
640210802
311820490
439676279
835942419
941383323
707974210
944663095
901952705
954034054
378500540
861594942
96341608
418121023
495740689
736654853
897098916
916642548
846333614
760063339
837832623
754605455
381748180
397310180
260823366
176058846
631490267
446681797
16769912
795920884
747343063
726400248
342075498
260722299
894952308
281799331
806970768
398427813
268448012
749942073
432457051
667142590
840157372
472571209
146157447
399917224
731233240
297733333
748256726
881875290
50563743
283839851
786537270
335691202
51300274
15994431
259624230
876255760
674394791
353652991
908238392
36050013
641923008
974276295
930619581
327273154
373165690
648127732
644648099
995744358
488976023
771253033
23102379
93621246
946230965
373811878
960592063
460504572
850496578
31265752
737768339
761443316
717072163
676922813
272430332
828373658
16629722
991139181
344636728
767196289
719092225
18817210
877140499
953540230
964668162
272313129
47228673
883345562
46293868
42469170
973842175
489529070
953101604
344557601
97456632
423707660
767033982
438372408
702810002
66160144
789571368
154080665
777880606
731914903
5922748
805745274
26303199
862266531
411072861
886333829
396089432
745617711
982835743
74038518
132882622
856100546
818598037
47300255
932616796
901317767
4747736
155263999
724809360
742327176
451679935
440567090
102941274
733101476
353562090
47442462
879404858
911878448
794170277
767975818
934612578
633414902
124152227
948436755
441450834
940893752
965106017
860242371
777273175
718116683
934706066
291878348
634467914
868343140
928409660
717128444
690859216
812836809
738996468
846742316
401895216
31730325
347210744
367435303
374966565
379316575
840894501
130186312
