765390931
835458774
977910542
243089507
437732531
841910972
832189100
293267012
905769203
319887576
372988575
342444902
690240484
33756143
431657902
955119937
910263075
195122947
63540964
686313321
757798958
223787989
127319024
42353349
394422213
350328535
805853072
933465716
733669207
411906243
724066192
602077787
872381383
905105252
126536990
908575630
20249167
247393273
658212019
440147331
203813557
476141540
13604446
761661841
21030147
462829677
94049931
909272269
913611505
360430130
769758274
37538895
955799320
351981318
915912262
614497778
479570538
918012823
980201096
872948149
149407835
711270659
76439799
977476963
995976876
944690049
723343672
774923699
906582824
302596725
493799
111644100
908282793
416586151
40183526
935558022
719867073
443735703
384994941
842212188
745957582
737567233
102718254
286794558
17881925
55409805
271336212
723655494
264122879
823082017
932066055
861416243
394768442
125271570
130836562
87180264
875965709
991796266
798631234
990583624
418951022
257321813
673853699
805875963
931537626
847166327
113067348
734377670
288742465
921313211
759445414
891022236
794187574
18813839
310465951
815411239
718202100
926206732
50082376
115438203
295443571
76536865
856818331
984640052
135965552
122858452
52789552
871816963
913987432
936867329
718679559
303128883
976640603
965073056
819766804
734958831
976060846
995372562
756461795
806621662
296022391
790990971
704782005
830438967
721526972
897836066
945895371
690933979
905718010
833970229
819864690
133258500
952541494
940892553
989002752
397559030
69243177
689046643
57018378
772636776
434709911
46583846
672906030
714671498
1062337
925480600
42289788
280445167
286672837
47617880
880010838
914327208
435067500
120641642
111063564
713269482
181579406
438731706
973112323
431105931
386160340
976394376
794679693
402177000
12534210
342817076
399236059
275486151
914233684
144873893
730230955
368588801
990535456
824412766
325710366
984493267
418605983
884950411
282634548
953543303
89538921
814677259
851436302
10159603
471777776
927253864
677562979
409011779
749843577
319019512
404322899
127335291
837948962
305258100
159347314
690190118
323469198
497889496
383294279
959387317
677889778
939700893
69456859
798777274
987088092
335957096
85351437
349804872
923571613
341266561
316751682
155766033
296054425
332896962
622831092
381275796
927204636
372512201
389380521
819679973
344500062
127673710
66841562
176583742
341258332
346080967
135775392
732797218
442990484
263207520
403602620
911052564
109073088
239803588
74984691
716723611
829094592
808230674
640573508
364116026
925527638
789812635
402157441
615659902
127897290
423147756
300011849
264211246
395882662
653345076
782150156
395577565
948243841
804009646
325639642
908877369
424392036
898182768
295482178
747735819
976651262
139146748
776884512
882780894
791268597
677871263
54578386
349295598
945169750
761904330
964557680
140846931
97992096
941946039
309047949
844982157
38589249
713024855
298482842
104021454
440200178
68386031
368791936
808020201
918247653
686008222
35989780
455791912
6505553
129394318
741730381
54162498
894413431
726641490
7704741
972933218
711929911
123199719
90291385
731345771
112218682
987952182
887141898
282979686
273593425
715613042
934102241
824471525
743354849
668873430
400537824
422710022
783273214
791180986
678674422
659524537
695899602
407368568
377463888
939590530
137284735
168193011
876299521
294468055
29960730
264722526
676643880
292470719
294418397
293807875
154923656
747609541
293728267
98641045
855219701
867646234
741520869
317781503
791995915
413403408
16984846
983073782
58421358
733322860
845271769
53855145
690938802
846322094
738913190
316562189
694568715
18606571
388279232
682601446
51353316
767829171
97025977
393771922
744040278
205240811
786069808
886538504
846539254
635422013
362874268
744493439
692989624
39542176
312011976
338165711
816711835
905506920
960917141
36169552
303289767
95083495
939834693
366452823
729311023
921957210
777753046
661497496
86167337
329792514
808899031
785007696
974570031
640675145
15620519
178763040
808712012
401520422
344764190
837304084
333334212
693579139
68336329
893923663
814025239
944564763
438626153
139121001
336702508
930624257
46703175
45331119
952576522
840743854
706265310
696927179
413402148
333682329
696305275
682126855
755806938
786244909
792970766
815505692
692830261
684503514
682446459
364791036
20401191
909770896
850749263
742530213
43456608
884614154
189105922
363996882
228698282
808911810
153205691
385281914
908501672
100776247
691534580
972327134
874852969
344444559
257840166
960367383
411426262
427024619
938407604
746405566
894569470
125663904
448565333
759467346
860300030
421567206
866666443
805624231
334136440
697503950
328841001
117917342
427688459
698568272
198698939
56955487
834487740
833870742
299363867
916789709
156054407
706106573
341744429
10284345
846966766
385046643
261922210
712503309
835946211
812672861
336718614
746451048
336836854
127066995
803475530
658885841
891078438
672356031
40562513
692745443
34167649
387481997
39531691
746273041
913893045
842063525
966545452
841912689
971838737
222501
46209696
89936760
989295472
790790070
340419171
796116078
920963862
873798020
875939770
506917016
76855256
899228298
274414936
685303057
11520975
923427855
750426985
678893930
979190491
876510354
460623893
620168619
947076178
668404123
778450632
372180981
974331211
140672605
213220901
434979133
109217516
437830047
97571244
907274029
855790993
92379609
918875178
294394226
94672529
997809862
368044210
988099869
494735916
67992800
19805794
100946104
613316778
691400391
1069741
883994435
125774676
150880265
890626258
254403377
775954714
379298207
763494868
847441482
966600204
831385676
437873644
741754000
105388222
983570514
136047464
893331666
278302554
395598569
54205549
43493817
84186137
478693149
890401510
413249689
129455510
685779141
854547582
44671197
278545850
904706563
772443172
161294965
665440274
734843858
712881382
771948900
805211857
325597699
290337788
353725389
802139309
336090649
35662719
824707049
17897436
392558340
448458571
311967325
836481641
263541271
945199338
397281026
940563821
7767698
736139801
987535455
326920382
871589103
320977279
351084708
923413220
432919602
460603349
694332747
824035262
872021056
397776886
391411672
167449322
804778502
970367968
375438109
316067176
306719519
291811354
34924069
818358335
708866037
904406636
434303179
70238636
289822237
134283132
934265111
289807781
154857939
88364220
837857954
20199951
51198823
795545279
993999702
756260896
336639512
421432190
332003525
734733208
925842230
391342790
9525265
444003274
206739931
643349307
62373859
766309740
675939452
73967831
701403511
395334913
935852811
954100478
313093304
242412999
211304550
241912552
341332944
328685728
796823458
818710526
455473533
647776145
28781591
102339435
504116146
828815766
184193601
655529106
649046145
699521895
743983833
791285382
683275466
685181331
637937233
841677628
879573783
76103310
116839039
830811072
410605683
658802850
811812690
423768561
139007813
674042355
743311671
654174805
981301981
988709036
17454750
146487674
334643968
110912905
636798971
477539529
92763646
823222902
910862578
335545121
502419683
297322567
723919519
838476363
447172231
104172705
990709878
396799746
326381672
823822708
723889842
624185226
995390041
938932138
832102628
431162008
388013500
314748749
704858536
823037115
102728337
874348468
323902990
132351716
323077558
114809902
973417453
728467158
941650470
787404130
508665799
374243137
903015289
752770072
956301490
917144490
122870782
974957171
956974553
389110906
373191501
308632463
403031352
716836948
89804091
270990879
676237386
844983624
716602588
440887407
341915503
273410914
133070619
407493644
948809569
435884289
371555745
712988711
988275789
415429099
41744973
757142923
881692642
48355608
816378899
916488444
68431133
372976243
297384869
103599732
725802182
740792202
909669560
851276276
951976098
386899097
680690302
710285826
232196807
305562455
492168148
775656798
714029085
291915908
265838877
967961306
96968400
60009609
997891152
397516720
444026176
923930779
164549109
141576174
685436682
923983498
675412408
837225894
84954948
57898616
391213981
31011523
343966079
431738489
729035037
816348313
876656607
125431662
398593529
925635044
374017083
692572281
832539910
207282203
239528122
154704799
68494579
794266444
976635531
907342750
918598432
888061700
950442681
898814114
416245013
376147115
365922107
106649175
437739011
332916979
433149032
768360571
324550927
103203669
620720677
982227394
440412670
994501091
323849896
838809180
977589601
996110816
680913257
971268562
852665963
482687150
844163348
7995193
103883242
822772859
315255018
274873038
83894440
203233997
125083329
384813382
744955272
706450818
373189250
385646733
112121821
142287227
978285589
844574788
924869137
446007311
286225124
736250667
914736492
384728415
861002286
52032575
942573820
362249567
887279316
758758841
896813558
759065095
298110443
678904037
690438930
844068592
666136125
55887099
706283805
996176027
778843383
272094228
420620077
808504304
722188339
906022976
389988898
323156919
192969498
784559001
442547803
839763108
381520911
961273877
704037009
938864103
30990499
676004829
726510311
839537748
15635520
212408131
130714495
132896577
141876752
385099330
21434142
704370641
661733634
830894996
776663222
863293602
380763908
51621741
714777523
54128695
912229737
711924856
687969940
852970129
845003526
685662492
772455024
747196650
14734549
101911061
735401490
392749164
653868506
366975331
394913405
725163240
423446659
761077255
416306107
905139722
3067678
813245569
21465922
18378257
292080152
965899723
851212089
41323796
209651030
839737563
910775548
75563506
324873209
703124906
14072237
331240545
37895438
714926496
651887456
682728967
149978439
845980879
777618437
841543892
375568110
860666117
774892210
281065499
273647616
953725074
206913097
76977797
417004523
