2548326818
1439088395
1001539528
9397157457
737993577
5333229074
896737232
994862880
429388840
1707451251
2594911487
183254507
1874106360
752645455
1530501611
1145606882
2083675816
927129643
1318682131
424775038
470109751
551704831
2716188341
1665724682
437641202
5322579642
1243126698
254717812
920037844
440135705
1341052747
2744372395
710981948
3626613926
4905398789
1066610980
573507741
4728581038
1346671948
918437031
1280326690
1018649013
1020222977
6138961254
1507084726
3591792183
1447514215
914288728
1216846401
8542602872
2344276442
1145519513
361006821
1030055085
3448157080
11276192322
887605139
4783288975
758754688
3283461660
586748507
9787426918
1194399570
6428326910
1588450787
5753919401
3451309229
1322301852
1649572827
129138043
13884842983
3326926990
999794926
863628199
2898287132
790226247
2874397264
795273361
259747039
6132813963
3923290036
4416781225
1360009406
2075165703
2049227666
921677099
10149759999
616704653
572625423
514978075
759689089
958344821
3618710956
1949644839
