47195
32957
34177
157248
36043
62099
121997
46440
52229
22373
2476
98804
12092
51320
55782
74087
52054
26439
71900
79589
76346
19921
125
106953
70965
16833
41822
87956
60559
142878
20578
100602
67504
24830
51632
41195
10126
144543
43732
74583
32518
139033
141499
192179
73940
69429
135089
168159
35015
114357
23023
110202
139772
147288
34854
15238
133497
4766
8091
92890
121176
31863
49819
82754
177745
141790
2061
59160
77745
93248
90675
61970
87041
105917
11672
116755
68683
39002
135752
85206
160498
113249
89647
8619
122842
12413
139402
87810
33986
41757
89815
115806
98970
93527
23207
10180
48000
52367
104644
26318
8651
157299
55613
104037
172039
13337
38511
42217
66616
93664
54430
58904
67560
133625
91271
3888
13050
37020
67405
36818
96359
30013
5337
53343
60829
58706
129202
4426
60517
303
116483
76084
11097
123358
54050
78377
117187
78617
47463
27
14701
3933
4079
121483
87269
23878
113742
47984
31322
27509
118071
32717
57727
133723
57000
78854
109736
30229
40478
17126
3322
67473
55927
113959
8062
66200
176935
68322
148399
35032
121927
4932
47670
190741
18352
34949
47119
20553
161059
53196
112304
41989
14963
151394
14239
124416
101376
96320
1012
123123
64614
9555
90205
51762
13407
65010
14903
121387
50240
127591
77504
121853
22494
24692
141236
34375
30940
152385
6129
62143
95353
62871
136251
47476
34191
92931
49039
7862
13488
42219
150283
125800
14262
11333
43331
76172
13459
143504
44151
58345
162417
106105
36645
56136
101053
9275
5206
23987
66579
99653
46658
129867
88463
36079
121009
41493
82651
178250
141824
14633
44137
93356
43334
23678
9262
25378
154879
34366
58671
94770
161686
21850
9322
11190
113678
58716
108721
40758
95974
51307
154878
53841
65883
138036
61556
52455
58511
38345
158021
111205
8611
123373
80251
107426
57914
51076
122696
66780
80717
40213
7009
33235
58533
34693
30612
147076
172120
106491
51326
60308
110846
143019
26524
41495
17937
7981
106711
16331
30249
181442
45559
102299
10025
5848
20389
53443
140013
72230
42659
57287
105574
58943
37777
112817
40504
61210
177682
36536
18947
121476
7367
49382
63774
109524
128891
84770
46843
46968
106568
19463
7350
106073
21907
1662
9306
34537
15073
48606
76381
61393
1131
49240
27585
36703
105856
35106
44283
45348
118117
16052
44477
95125
39931
46896
22546
100194
3511
76280
151991
148174
92819
53911
102726
28342
14767
65893
70134
26575
43571
69373
49878
81479
22129
19192
34438
108506
21324
20655
159122
69617
165424
5535
83930
86259
32576
145192
34175
66299
46633
62989
45407
37399
100914
18802
122973
152786
72887
143417
143212
92741
60589
105823
93382
78135
41090
66131
31878
13715
77158
108129
10071
9510
44176
38521
42365
100084
120068
46245
56134
122760
47131
83042
48985
703
59699
108778
127473
136125
34069
6778
84381
70798
168102
79561
69816
20319
7253
114257
22608
4574
48353
51244
186051
53269
131865
60573
96103
155036
73767
64167
15036
3997
126329
113503
125583
51484
22511
24732
10337
10053
62498
26027
2022
82749
28681
71516
118893
6774
80654
9601
107416
134416
10417
99844
53797
5826
64935
82940
85065
85318
158899
60537
112256
118659
32713
56095
11080
45481
158247
63374
22666
78401
21918
104579
84760
186620
9020
115081
29134
19912
55791
3008
44125
162327
41692
32319
13815
11671
138771
57000
14705
140732
2533
45196
23431
20906
46953
15166
85057
87210
96472
3590
99741
53677
64366
43167
13332
180578
130599
87458
78590
27254
10403
29630
101780
92534
105682
55795
32884
2670
44135
74807
6501
82325
96712
11649
119989
1055
68783
51408
28963
8121
92557
143775
9138
117879
99638
90456
7946
75237
61842
26611
132383
2464
75111
38217
147016
42465
41618
71091
3440
11144
108586
26240
105559
45573
29155
53983
173763
27993
40214
5561
92945
36646
84536
8224
11345
66677
90154
20420
7778
108537
16057
3049
106085
78503
7193
32725
51355
98839
11855
119083
113132
52131
40305
31021
79870
29804
47562
116501
43184
18457
66393
163941
5923
74785
10496
49320
10436
63953
6110
41972
120902
146762
42827
32605
135622
31296
77490
103685
122571
8421
46355
173007
71661
33324
6022
50813
53221
64508
12747
46337
89862
54014
32262
32451
13404
36415
40709
35058
111272
173789
56879
59015
48940
4727
39122
49822
1232
49005
53870
154003
23420
14218
74555
5871
33201
119310
95281
87950
6445
105755
23215
78229
165687
14811
15139
106566
61260
44988
38791
48657
149867
126377
47601
99703
111960
85995
4535
127584
52562
137960
124944
46021
127274
72725
60638
26680
119190
95155
1285
167179
44483
6130
91416
86720
54271
36424
34446
64596
46277
20711
141876
30106
64972
92033
181219
103302
62948
5654
27218
102054
50709
40240
84353
19504
40751
104664
74901
15417
7857
128456
114865
35143
6132
104696
105755
103236
32854
166213
25328
96028
162305
20948
95844
97896
152964
15984
64006
91290
126743
91327
49916
43219
37599
39815
38525
14447
33965
38332
152988
25704
45817
114357
57090
11674
100458
30491
137433
47447
162816
40793
81098
127170
4838
18498
153560
43668
3745
44807
132154
72762
33739
51646
43677
41503
84836
105574
124377
138786
10756
14570
15576
111356
136632
6475
56813
149937
121177
126473
48109
80580
108618
2505
25873
115053
94503
57438
138144
39032
46969
32724
16169
68833
92398
154891
69175
15054
13537
40591
129562
667
144207
96362
11852
29889
139763
6941
122915
39753
26450
79737
37996
25443
98813
44979
150897
98290
13413
34057
11987
107320
7656
41959
121967
44894
105080
104482
30638
43701
10493
184348
84376
106542
165681
12845
89759
4624
146028
72978
89367
85574
22125
82596
131187
52226
183820
100734
82088
146813
78766
2087
44400
108883
56740
71817
70772
152896
22584
27006
56783
9018
40350
3759
129863
19563
7407
42724
14385
113178
14388
43299
79663
146784
35818
116411
24832
73289
118017
96706
79481
45790
628
27995
21278
94706
39919
123042
166403
112230
109977
26598
33903
146674
24465
133613
167533
2625
33461
42317
25262
2040
26631
52465
88870
157644
122703
151370
1278
15983
116507
80817
54441
27156
156590
121278
120252
36276
81924
76412
66597
138324
113124
34642
51836
118349
120171
71795
13958
80871
114903
112701
43836
103412
43265
79081
5125
53122
5557
143597
11459
75789
2844
95453
93551
40069
96394
142098
18654
61897
7004
7347
40259
54336
40520
100290
129813
18414
2387
47157
8234
12517
147822
134050
61535
15744
34074
30487
1385
19675
16180
6092
44511
3075
19866
2941
2701
25458
44353
112788
138475
74936
37377
115972
1822
63646
162292
54755
135355
96682
56965
52829
13709
161237
53240
41766
131043
131914
127790
4620
78652
53749
2383
45004
10130
25354
107748
18412
33292
11369
5313
119726
21286
178225
81357
23702
22097
19769
10877
47172
136291
64505
14130
116582
71636
5963
124182
51681
170651
105511
60805
9734
83870
9046
86650
85207
123111
82410
94671
4173
50625
17640
1657
54969
142225
118136
60198
55638
59277
45987
153341
11378
10282
58773
131662
49979
45924
173036
75323
45136
18551
6289
9573
25074
66779
161466
144663
49827
72269
141239
43451
13962
16839
124441
46639
51676
118069
120961
50907
16867
141465
120380
139047
39339
14361
2843
53790
99487
34037
61400
55724
62348
58214
51411
44558
104919
68014
63324
175735
15189
29976
30285
113685
42342
67087
55989
145111
8188
13258
1595
32677
87570
94813
81051
54151
53712
52624
98176
30009
60993
28053
40252
34345
92555
10246
108023
114783
73898
119355
101860
45447
668
30547
82503
72487
34069
16733
60327
72767
143225
141010
26404
103202
57336
90562
32362
96560
119457
114931
40766
43241
38501
4934
94886
52420
86528
97956
134798
39730
176739
155952
1138
78738
44559
53985
68991
12421
34752
131935
111565
49563
4222
56440
60850
38309
13810
12017
108577
89720
173897
177753
36482
115406
66153
22692
38725
69489
47
94811
32235
22782
29220
1661
117613
142547
88632
120558
52424
59299
73379
85591
134900
52537
12939
77042
48169
16146
162609
29442
43324
91481
12730
122520
119641
39913
3568
40777
28465
68639
65628
195155
161428
143244
73447
6733
125461
20368
148027
16902
103959
71713
34699
127363
72810
55542
75785
27925
103883
168734
75161
7377
139789
50670
3271
144861
156845
102854
122913
2860
115159
54397
40368
123198
24574
99978
72113
21640
98034
39643
6683
34118
9798
59259
107463
82697
14950
111608
9321
127667
79219
76226
16594
75766
18893
10552
135999
40424
121422
49951
115280
171013
10414
10377
31905
120477
52369
12653
178762
18753
85032
130037
133515
81293
1180
30095
20148
1414
7600
93166
122745
77400
119448
8759
98483
14357
43671
162869
66389
155952
1931
59981
40963
35135
59450
76956
41309
2187
170382
67802
49811
6462
105728
22841
53923
22858
19847
6074
15413
8301
140429
115860
151581
1051
42859
101064
23620
68877
78817
76897
15203
100772
109378
54859
158734
95718
65156
55664
106685
65449
136216
12146
102736
6605
3754
44365
967
113286
182277
39075
20213
80169
81938
86720
49855
126317
36401
8912
142924
172849
56981
99660
80306
89275
6455
38353
58493
31023
42553
37400
114797
45675
27173
55248
32376
41724
168768
118194
166755
60526
62543
131815
382
117531
75876
49891
56765
48199
51058
96721
119769
23190
12594
148620
2982
50587
51154
42409
29773
29406
43592
18393
28513
27916
13693
49833
104856
5690
108876
15894
81267
155195
149909
165915
100393
45175
54216
4571
112217
117479
77496
42662
28479
137396
82221
48312
11005
28957
34884
67494
48415
1896
39096
74420
138559
81616
4620
32801
18772
2799
8161
40249
28909
54671
129932
130615
149443
43533
27741
179686
20060
55542
150258
46406
86151
3688
99314
28661
142646
18929
59506
70834
143867
1992
67413
46777
127554
124197
142151
23841
123502
53313
100488
74012
53739
13666
23723
56942
12725
61081
95323
68241
65371
56978
50564
47805
53957
1987
20704
61099
118659
45882
179012
111894
156849
36944
28394
19450
16140
47045
34300
59644
8085
160333
9653
8054
2750
15535
162640
15263
76086
12393
21560
19348
58180
17900
94503
73968
23531
94392
126858
131624
117
96348
67502
48924
99299
140306
12104
36430
69792
76160
117550
180021
123838
50631
76726
68513
7555
48846
139858
89553
29598
50750
96758
8353
4017
113737
127799
144276
24661
105734
96474
20741
93316
35005
103900
67312
143339
55694
131024
89921
96014
29500
35282
141170
29219
106973
33155
35172
44083
138204
43004
63199
95998
70295
50736
112662
10668
74330
29439
92702
76469
58248
112657
80244
14041
17267
44168
22318
55897
131822
4589
52107
79931
62107
135024
17427
87926
45011
67229
128343
60741
73665
37710
62757
92356
23882
43728
35148
11571
25142
70945
41960
88902
103453
115887
9775
1353
100339
119798
28949
153664
139606
81096
18147
11734
70673
37149
100493
33066
79969
136216
30872
140241
146170
91742
46537
96460
34540
2583
28537
30225
3647
76113
91136
465
8392
8724
42653
95753
36211
38775
149196
13540
136756
25667
12091
64434
60995
44985
81475
22068
87856
49416
32081
50499
115890
152613
127148
73179
27514
56298
70080
31732
50831
37982
39817
1120
34446
35973
7810
46589
35080
10022
41176
18715
126806
11499
133126
127944
56521
133029
11382
53011
79701
88343
46425
3156
34901
115272
136152
78905
4517
74763
68897
43565
27198
91384
37431
119720
34048
125478
51077
98901
130111
84881
130901
28540
25675
100909
99257
79195
38786
41509
6977
63250
53293
38946
150091
99828
28480
2067
146742
66222
54684
75999
29845
2948
10193
7013
41144
94247
54941
27103
46261
111561
28844
135262
22644
149223
106144
178250
57544
46679
157830
40515
159648
49058
25452
13584
38348
138102
176396
46408
26970
33306
73639
110836
21243
32452
14303
19632
14885
120075
3289
84789
25373
52138
4774
87054
117145
62168
151061
31663
64545
123362
101594
156379
18726
158657
890
155066
76331
68017
9183
146032
41519
65013
116799
142332
70604
158686
122975
25565
104010
134664
133323
102131
1579
4907
4502
71686
34219
10639
19270
34835
62326
51204
54581
5252
42624
3792
9657
54475
93231
16851
47881
147045
15314
55366
35766
32413
10256
46577
73212
125082
97749
7255
110306
17072
16487
14407
99826
56959
1170
55672
91158
68213
89642
166035
53829
76032
73001
14225
26434
48450
46308
89085
10221
16287
29418
37964
22820
5135
34163
136646
49343
43344
30379
30394
38525
7915
4338
84064
93463
178703
41281
29431
123801
14666
1225
28116
18224
9179
12575
67775
30788
115454
32271
86227
20695
52508
1981
43675
75419
37264
42274
96032
96398
14200
59008
117203
12826
37051
92178
43460
16990
58357
12514
19908
18723
39745
32893
34685
6247
43970
121398
69960
20492
176151
731
125609
33146
21635
38884
10101
11190
35324
91304
55924
153279
69557
40776
28471
169540
58988
45203
131981
7493
5016
105648
180508
29065
41364
151708
37428
72081
82447
157952
39399
86557
45905
122069
53998
2857
24607
48371
23018
27651
39499
123833
54016
731
21344
78192
80999
102067
8211
80081
180112
20781
66195
17564
45142
138000
163580
85631
50074
143356
33783
47231
10973
20658
110444
149042
143953
121555
2794
47686
81106
3391
58351
27000
118461
128729
149067
44374
111612
114875
125583
5859
61961
77264
118604
65009
144854
38923
56724
18541
83961
99484
53534
49886
28766
15991
83067
66923
34703
34216
92316
136391
6424
131588
12429
49936
14121
155305
66954
81029
23361
58028
98962
50584
76134
63763
5257
41824
56774
6724
66379
93146
42851
35219
4167
86471
548
105027
88713
134039
122797
12324
83014
9510
135435
5442
32713
99498
2331
100191
177100
32314
51569
62598
74161
53523
59965
50367
101283
105651
92673
119794
114035
169360
37411
11876
54503
607
62770
17384
29005
66522
31718
123076
81214
3132
38830
116398
40175
24441
77070
61267
33032
131122
33726
24570
116416
181681
18429
27912
90843
156833
60189
133860
41444
107092
646
131250
79054
80514
7392
89066
4619
47910
48427
50181
10022
21834
119757
137725
54140
6380
38686
8892
104629
81791
98205
185
35097
156116
95884
48844
71085
81823
114199
143312
11540
119128
173836
146377
61073
46256
30906
39575
65526
135198
164
94009
149940
125502
131905
75123
68930
51168
130620
1304
135335
133877
10600
32294
100663
36147
4675
101897
16810
116827
46635
36593
9048
6730
9310
169584
3759
41742
168010
44871
32743
135420
40681
102378
174734
46978
143520
54750
149426
37379
20399
60705
26715
98391
87005
35430
19918
14451
85571
104929
125859
29378
70731
14635
113153
97409
44816
1289
102382
10477
88723
69987
108830
79551
18716
70991
142357
124273
49030
273
43295
72671
76432
57617
6675
40429
12754
43021
40048
66806
103660
46187
13743
65170
42032
85466
16046
137735
72902
114043
117310
138415
169363
40949
83977
66783
29697
132830
127660
33435
43632
78022
25405
15207
21783
26774
152372
196268
76216
72916
146472
132749
6352
901
118153
166299
105640
20005
171148
7670
54771
23070
16065
5295
72859
142591
62138
17731
75678
51895
109067
66229
4749
138989
45001
9165
84906
181241
76425
17845
99470
17280
5310
71120
30159
72711
105978
15521
1205
23348
9129
100497
96357
99999
79295
45261
141788
81539
52087
180496
156793
90920
53509
7015
14733
43664
28155
44013
22257
130571
79515
38420
94550
6841
100818
55157
184814
118090
59628
150602
161237
49996
102818
84293
24081
154004
50913
27594
15966
49560
26955
38903
53811
43617
35909
8764
152798
79602
19382
24235
90926
19718
11488
39611
164458
111765
137453
56096
139008
3474
62800
20904
54882
7034
38707
38519
38731
34710
86695
23278
12035
127368
37689
35029
171170
16928
9657
1284
60534
122053
116830
40400
7080
46278
121435
38268
156208
39057
141504
35162
59360
4033
30154
93760
181883
38982
41824
8151
129223
50688
15214
171340
63486
11408
152135
34124
22515
131437
65530
92134
57610
6554
17151
133356
32226
23480
20420
131780
32398
82996
40115
52292
160359
123416
79176
68445
9129
39626
51795
25334
71479
74060
147963
56117
2816
32091
9711
81621
17880
81042
38102
15296
4935
58590
35885
127457
21712
122973
13344
7640
82844
98093
130586
18981
50531
120413
138447
58485
14122
73946
3760
154354
185012
117720
49858
35016
9004
140689
20726
9945
2096
151330
17639
87066
35428
35754
58965
65588
125474
66047
43024
41943
150048
86587
81383
25178
9112
144469
30802
118812
29661
152933
44947
18424
86787
16559
20636
90696
35637
48355
23330
50919
17591
66535
152314
43241
81606
92768
63306
10799
104806
47401
15078
144548
116821
805
45508
5567
46736
85158
82008
10087
128734
55515
113002
175727
88645
33586
2123
82311
63195
104144
13546
18369
121869
58055
137731
95352
165082
105807
35576
53851
111592
65830
68814
128759
134262
73905
46395
58932
1851
128774
19071
47017
78485
164539
45548
14341
45937
494
8154
51066
92625
56213
103894
53251
58736
38974
37967
17118
24924
53604
48742
10892
32649
50004
50276
41496
38123
35980
13610
62758
132389
131435
45289
20033
94
28830
122832
58644
78791
77905
86644
113077
45397
1069
18869
44948
131957
86079
9118
82362
63187
20068
28132
30977
36449
90857
95874
139035
120178
41261
57191
62960
9236
87223
30786
18433
65816
18821
38459
51348
59634
89696
40169
77011
154430
11460
33532
46761
41094
54632
100813
99885
50101
55306
149952
32319
90163
52520
97563
51139
68798
155495
38360
37784
21210
7681
33116
38075
21284
93490
175326
13123
156649
117568
20303
94145
6490
140019
123237
54311
129783
10072
39445
22254
117659
29740
19216
124736
9313
55405
45453
120166
83002
115113
77762
135645
107067
34850
130301
32359
60142
97485
133264
86359
3224
21314
93639
48715
29015
45741
37963
13442
26103
56171
58397
55020
89137
77317
19410
48461
56773
98303
134408
47014
110525
20408
138646
121513
92082
156571
112294
20192
53198
59417
23373
34777
21675
101990
103398
8371
69801
118468
75149
126759
28648
81535
104468
66475
4159
27441
118609
18232
23407
10997
86189
180193
52634
108170
24834
38891
173086
128491
73095
171331
91542
65536
88037
186438
116851
107600
59617
8030
19286
28907
60930
55772
42073
18995
98060
62493
105048
88811
26560
61855
10738
15046
104226
121667
4893
60566
79091
114991
12058
126293
116476
185589
79020
6872
24669
95863
155621
74629
29506
110261
27131
47202
122052
78343
49674
20852
78478
8387
34710
13098
24670
13178
69104
95094
64608
53971
25805
62447
107646
135576
5827
18916
27229
92477
147997
131386
26949
20429
46870
131965
12662
22384
79774
82088
178996
130722
32243
103336
15160
149170
53613
91364
142989
96719
40963
48540
1941
32984
14435
127020
52597
102041
107693
117958
31139
103066
106478
44161
129400
101455
167531
149661
56227
5356
38036
66142
106363
12241
117008
115870
23900
20548
78645
120924
15005
125801
51917
5608
77002
28496
34164
118314
3005
9986
48741
1746
53648
59680
87886
33560
70744
115580
78946
108779
18801
61458
10585
111880
5599
130442
40100
83040
113758
48668
55619
46299
56381
66005
64253
129567
44148
41282
35816
5960
188401
71948
13570
114027
60864
22662
23716
154788
10480
80061
9050
95473
135006
105827
149998
34429
126055
44800
27923
125560
35383
30668
4983
139022
6834
141860
62498
640
102466
42610
27838
41232
59242
84097
46812
117708
48671
169925
98388
49085
66220
37434
50400
83290
116540
37295
157999
35726
12835
25152
70853
26172
84051
51172
21283
5598
116927
10093
31253
47741
112237
48716
9523
76430
73638
78252
48385
29852
83352
20057
99900
124919
15172
73803
143
838
134144
5631
82699
125997
135450
35212
75080
106158
43991
48178
45026
51291
33156
33177
141263
122078
4462
161039
43040
39484
27117
70061
22411
186231
102579
57191
133941
65510
141528
105262
69247
54693
166831
126715
53653
113361
18441
42132
78206
127706
26058
83422
7979
41372
133414
99956
17065
54962
131816
98081
43307
75133
12526
116388
51176
34164
3577
100606
99758
81170
4000
41296
115073
13956
99967
93781
55742
13186
109209
54691
6655
17822
13141
37770
136938
36066
119126
117245
6690
40361
25274
68620
47560
76445
81048
16087
506
103655
60265
48522
11270
20067
17104
161060
50248
86934
150253
69467
3178
31102
9165
39824
78643
85237
23587
8449
148009
91465
14577
55635
8939
142260
89047
93384
16727
108654
122835
92525
118019
161049
10656
178756
36357
55733
18926
134321
96290
20683
23924
23722
59926
6433
36648
166803
11200
19831
58570
225
113288
27384
91394
56674
12784
34910
65562
150578
29386
40828
32583
48796
12207
36463
160287
149387
33892
92398
53502
81325
12636
104911
50666
2031
1433
161387
107467
72096
97627
38046
2354
180435
64826
27597
39226
77199
16771
31991
62346
119610
61685
48122
103835
31249
64368
86821
17753
41388
14648
91084
6930
33015
15718
155159
25375
96392
65011
50476
42111
86442
127777
98533
42711
103575
4123
98975
39634
155631
8122
53806
153794
120684
83102
88857
82484
5390
141667
62098
8573
13774
105904
61979
49594
175435
65169
79492
23117
31989
27303
134808
143677
99026
51946
72186
20336
2756
103976
39757
18743
149134
43481
106820
38708
138760
64263
120524
117183
78701
59658
65820
161056
67803
67185
125070
135557
71070
105492
149322
9421
31747
99988
3192
45876
102901
37338
36290
74670
19592
56478
155436
81211
85698
129812
90171
69266
17713
99316
82928
5892
144864
11464
95417
156275
29657
118960
125997
39740
100518
49926
8661
35894
123186
38847
63455
84476
6918
33486
83631
49553
125886
10389
34937
18931
188530
73188
15722
160105
139000
16030
13867
44126
177072
32137
76793
21552
73799
128648
140036
38254
10807
33786
37263
47205
98021
52381
131771
124078
26357
87553
49208
47835
53883
15838
2707
121798
75715
31835
137413
62554
109253
4486
110793
11772
34403
60335
47965
42082
12876
57918
118880
22763
67739
177224
10941
51538
13185
8581
66058
118417
94769
13953
16515
24605
62761
3126
169599
3625
21637
22037
58638
70963
121963
52598
54139
11640
99930
74934
13810
46246
28710
66655
123670
24105
6988
123179
10764
72041
46494
93852
59268
62721
41203
57285
13658
199132
3467
32597
55405
83483
94132
3505
121338
60465
11726
98849
35597
25225
29643
43670
36514
77742
115930
133941
71132
14592
48983
356
15085
46723
154577
49859
5078
82485
172027
138721
18223
45380
15700
40931
73111
65462
5567
167159
119754
28390
56241
11005
94292
22819
63259
583
132399
97960
134123
52482
31608
146688
30987
182867
4766
58599
89718
9295
161836
28110
107100
80844
27552
123982
3494
43279
132382
41936
134234
130882
16428
52888
7028
9861
94270
95512
67354
60880
97984
79982
110168
66139
73728
79236
9305
97682
128803
169062
27102
70887
79485
26554
151240
91446
66341
57304
66167
42377
121253
13006
2007
155206
24844
14366
60473
177781
7898
38551
113105
24529
1953
109209
76154
48393
35655
57637
4310
55652
51676
108946
73388
154796
6140
147217
20038
21414
136953
121976
166574
129955
55180
27387
37827
123416
114269
85191
83664
79084
121348
37645
60630
88517
119484
34910
6930
66716
87991
15452
6279
118949
34421
14226
127401
19669
18264
81986
37981
41177
142253
156157
19307
7989
36290
53444
149689
114000
2017
21184
44892
122415
64993
142658
139853
106957
87691
41088
96203
68159
111658
49011
100456
68317
82729
7191
91013
160158
48452
2682
58286
154224
152726
99409
60158
136651
18843
22032
127493
110713
116466
4366
28870
41486
11373
99493
130558
39529
105459
20055
58622
47934
15733
96197
80722
28512
51808
67511
115943
36296
45796
126918
20739
84246
106680
82898
66130
105845
73389
112780
62809
36842
21080
6239
112161
45389
41577
52374
35817
3236
83123
2315
73158
170097
52740
94546
39042
49996
75388
56868
18682
50738
154510
29356
9815
22709
36079
74385
105924
179
18625
120260
87977
3038
82038
47945
87368
62973
111532
22436
48444
108177
9395
49262
95694
5695
152902
11277
12327
98399
10925
151300
46631
16317
55590
58913
117826
97607
47955
30437
168688
24506
16046
112536
19643
11616
1588
45964
49245
133427
39268
62422
33936
43720
967
174152
87630
107035
92211
95771
41418
160577
147501
44111
58140
55693
83823
85529
23038
95083
59480
76271
30423
98098
55460
33927
21024
117952
62033
51809
85143
77196
105264
159946
46060
117192
85640
6048
54025
160273
96272
147010
14506
117758
13581
28018
6657
86280
79549
25890
161120
33076
22106
195195
116478
67035
10496
29654
97148
6711
72628
47067
141847
27017
87632
327
86043
44929
44069
114492
146161
139456
125832
67475
85169
82198
130665
37504
31937
50887
1149
76270
36759
125916
25583
93545
40826
11439
101116
2792
127577
113455
1861
184065
87946
125575
100117
108992
1546
119821
77176
545
101997
52113
36387
45117
127074
52372
53469
25677
149923
41837
78608
123188
157891
22625
78015
116678
173025
60337
679
62499
136108
2124
8137
82247
9774
18437
1423
152776
45365
72730
27932
40676
148387
36052
75056
167055
123833
93005
51485
57238
3568
112486
3680
67028
32981
82667
165663
104288
82650
19739
15094
157617
12814
57907
84597
10464
8618
67494
56933
6138
48067
170494
111826
16107
154581
28458
15610
18094
154189
44494
134626
118963
18827
24293
49219
52189
42391
16566
24830
107344
20814
113608
91829
81672
189661
45689
31482
11600
63962
178607
26074
117510
32314
28629
9079
21751
57058
38778
79263
78591
31047
130760
64406
158214
79354
3734
43226
94621
74042
31640
113858
17682
18407
73107
21737
16937
151747
46393
182731
26703
161556
59909
33673
128717
75988
121247
110697
38491
58903
26426
53561
36762
63637
13866
59555
71844
62660
7224
20542
79695
3074
105491
145973
10284
39710
97516
59466
14229
17201
2449
10531
121071
58063
60778
53723
7120
117598
48397
109021
97243
18589
67000
96137
12080
3456
33531
44117
124686
31505
111879
2033
27522
64421
16120
145933
173534
87806
4149
36362
51228
154942
114237
90574
76331
11407
105485
22975
20251
8780
117332
160186
135747
48691
39978
86020
55547
50605
50131
153076
16910
34740
57225
118015
48450
7750
85716
57220
184005
46886
68743
29991
34202
142531
126530
140055
41075
130625
67425
25081
78804
52339
35134
12453
5424
26157
28285
53332
32142
112
6968
101064
58986
73254
48101
59081
33678
69119
31004
67577
72579
42460
12377
85345
24964
34808
13368
321
38447
72662
53094
28975
121650
101968
2971
130054
84804
96351
12897
45128
35143
20149
16939
45432
18666
49839
39835
42695
12010
42027
7034
152941
38439
148125
2957
72997
14845
22586
18200
89166
121232
72323
130800
110606
58945
1090
65990
26047
85160
100061
37669
42414
45435
31591
74481
3546
103889
9185
78639
77498
90837
149737
83449
80642
8880
72005
63232
101660
32656
67024
102882
62804
134483
29413
39994
93162
66206
16537
26558
26948
97776
128203
9433
35848
61474
158717
62896
67780
71163
117340
57113
97328
34223
103643
59239
50749
138414
62875
72587
98793
1471
123101
54875
109923
103581
100935
109390
64985
43227
74002
87614
40985
36649
10093
59112
94314
145348
21109
139100
129258
43019
109925
36402
26196
124295
139995
15987
78736
41525
53399
92798
186379
31752
4373
7052
38116
47809
133906
6378
113725
34914
155855
148306
89745
131228
102443
108630
14933
170082
98953
136417
26168
39054
66663
13021
43641
31921
24103
65026
94751
73577
126701
127820
32614
10855
17921
161740
73899
66187
88818
100002
93660
172673
139865
178804
57820
115220
28658
105683
53653
136654
34608
59630
10553
164257
52962
118497
113249
48648
88872
39
71470
55369
176012
148644
79742
39935
4285
29923
75012
58707
166603
127244
100847
155223
30178
35313
31751
47880
114006
123072
9963
45462
105453
1347
120410
102885
81544
165703
51328
59158
45519
66336
55050
89659
401
14399
173879
10386
103845
7611
87914
57473
40619
44856
159969
19598
22367
107942
82990
6340
87781
145987
56181
3739
72065
165278
48625
106813
161469
139025
55780
113095
41590
34943
63998
9153
20864
185522
110838
60786
46199
19393
84909
60936
62429
58033
98304
66394
117285
166580
8264
111170
94234
24817
55425
20458
115282
28788
45522
23285
105377
19568
54250
86608
16807
43610
163297
106028
4724
79065
516
43507
93073
117171
7001
109407
49866
24764
39583
26346
184812
36431
188389
72535
64997
15966
50956
97875
171292
1294
105489
52084
79867
17127
5083
105872
149163
25815
51296
85930
49942
78597
123641
25767
99583
31103
31491
44209
79608
118536
12007
114922
77701
91364
41867
102913
35136
51860
13929
137891
45465
635
94859
120042
113446
117987
36318
31019
1304
138021
152983
172
70808
2751
164
113339
103979
146730
115019
92020
51617
41659
38370
17122
18585
94673
58488
53111
179414
117202
25079
22457
79512
9279
7928
56237
135455
17839
99174
60742
144179
73942
1189
90153
106216
27692
86534
61061
60182
135292
59280
57036
57294
36101
16740
109668
29423
42349
68665
81941
156716
121342
159930
80312
106190
23196
70906
43864
2910
29888
148609
7036
163180
72102
41081
5861
148605
88670
28616
13220
77778
119407
108826
11157
12392
35864
6767
68140
3489
4893
50445
169826
48407
77370
42324
149014
13197
76893
90913
14282
126555
66830
85895
144505
120908
78781
6084
86261
149860
44447
156580
32386
108595
27427
52481
19524
71840
55554
37660
154829
54511
36752
131732
167087
34818
63768
87290
26652
61689
85276
56252
51058
54875
85211
8152
57360
96078
21136
97867
75716
156602
126332
49901
46267
54210
32658
124953
65572
117012
120102
105186
64391
69319
51771
34410
106462
192924
106844
52563
23751
119214
35594
29302
67835
78240
58436
76410
141399
157621
48043
8088
14441
93864
141848
25874
11122
159870
18444
123161
40913
13367
3473
2584
16536
37495
824
29107
33403
157624
2157
35023
8558
61532
56855
114229
45263
171458
44857
88033
62301
78147
116489
84669
32303
26073
14373
77973
96367
33871
40337
23447
15513
6060
120244
88740
93959
103276
43241
134690
108612
9929
54977
46516
63237
31482
30096
39891
94239
28837
114709
57209
3598
134966
21589
96509
84379
61490
120707
45197
74093
102926
16254
45575
94218
37477
80759
29804
81945
10459
58667
126966
28583
42309
61459
30419
1145
163943
139763
29580
35400
90873
80986
38735
105720
23439
18271
54971
10883
22859
123044
21614
112698
168074
82259
60008
110455
144
44840
136004
73952
160527
50182
63167
116129
84763
26910
87201
124101
16967
53969
3182
66947
13055
61120
135370
126829
33037
38922
71767
45129
5719
661
1973
74362
67851
30391
56049
125407
78825
74679
12545
40455
13335
55158
4830
50210
5544
50826
116447
566
4018
114407
55090
31088
60524
27804
121445
1300
52093
29046
13223
12855
18264
11360
159745
19926
82974
8068
111892
56382
48722
31376
45544
14290
126409
78686
17725
77806
131968
92902
95419
84378
12514
49469
18501
29819
101886
55656
90973
1815
3984
1163
17655
152868
88846
152053
45678
50324
146594
47927
30697
105659
17013
82297
118572
15271
31960
88423
6859
166844
16052
24195
21018
18867
62694
116840
89656
109642
52397
130508
20950
25442
44154
131817
15973
86174
106383
155016
141780
105740
71067
2490
31043
69863
96327
98081
92751
73065
100968
24194
35205
39951
76337
59574
36355
154798
43226
104256
38399
45045
6429
45185
181300
10711
22446
20296
101281
94019
152155
131718
16393
51707
20977
51610
38559
92
60515
938
43631
48330
87812
49941
98108
40316
154169
4151
136666
971
18220
45416
96356
40962
36500
65265
41200
38770
56309
23423
5513
68037
50857
99315
103886
36077
168899
48022
97653
10892
67885
17599
5579
67703
14735
58896
53837
31693
29764
122087
158756
78903
43357
27024
131590
5758
52034
59398
169504
62014
33507
36588
3331
139996
68960
56886
120498
105373
24005
122033
21105
4302
43757
46929
19809
46390
34249
52801
178326
134186
47834
118123
4659
147419
34955
57745
38259
109222
45142
2587
4375
180483
50404
30986
40289
85461
25250
71353
101721
84562
72071
52182
57858
8668
76533
12746
113560
21624
15066
57932
10839
29943
65236
29162
426
30703
92512
44175
116430
163700
30648
49810
16783
54598
48790
41636
76721
42276
92747
84564
172810
104780
143330
25063
38964
144555
11302
155110
53550
2432
32323
82874
11167
53472
45096
27205
77900
79287
72959
31243
38830
1504
34947
63289
137051
46965
35909
122924
159595
32047
98125
140826
132003
22400
43019
65109
400
113025
47264
6270
148706
117241
36462
36745
61092
61395
29162
2850
12592
21727
23243
5849
12538
8206
19662
148137
152807
15050
857
36630
41749
11203
17180
33326
2032
60968
32091
82998
15370
21394
40915
25196
35175
9607
46670
89127
97441
61402
19835
3141
94791
27785
41728
15244
56949
69277
17262
67411
95907
157001
39896
105197
57037
4351
53761
4726
87607
100611
118510
16653
70913
27599
3986
32332
57950
122116
45712
45822
73217
120561
121855
82397
110039
3488
41186
124221
16634
97015
13162
104166
10631
76584
46837
3460
9223
94511
69383
151100
13138
144492
9826
127300
60686
29365
6229
63039
116624
28536
70506
2772
21500
51556
3815
36239
113217
29929
97353
124137
5307
14016
41588
76987
131955
19089
173034
79594
103662
58015
52490
28565
87730
173727
79932
64066
126967
106986
77710
110997
40069
23468
160969
15626
60631
24638
71772
75820
32015
46825
95442
160112
141842
113484
42186
181716
150497
15793
5870
115934
16793
111415
1741
127743
26482
154744
12039
76725
149573
19237
67646
73181
79065
61544
119732
5168
108581
64921
185592
128120
25479
94513
39136
60483
52439
31999
4334
106515
142209
36602
128440
121041
59575
47714
60071
60969
52116
6548
1166
52138
34751
129927
114085
69649
98805
11870
108383
16056
81054
39541
10408
40474
31267
10145
165397
25101
6201
55220
131317
67204
99894
95390
15466
30127
188251
31996
48168
28118
337
127917
56669
110475
45812
70841
79753
2613
26939
82267
105384
119446
93110
155118
107418
44477
169336
90070
151305
73714
160616
36414
29603
52695
75813
51513
75512
99586
21007
67146
12166
79717
37320
22678
85564
139394
110808
127054
57222
48991
62413
32849
11150
112447
119721
120727
82515
57242
10680
34672
5770
45856
129428
51242
7305
89647
5316
94462
147866
495
125947
8228
78730
45470
125962
9425
47181
82046
135449
7575
67496
68235
18213
109904
32457
155996
84386
42113
99708
8353
44585
76044
49579
116919
4982
156770
28005
65137
9321
43911
66595
123107
51707
22498
12741
58423
10142
13443
49917
49402
82004
164163
14421
40753
121357
24548
33797
9216
18734
58900
51875
66823
105642
87894
83295
41835
71327
105514
39852
83731
73726
21045
121258
1324
31232
144872
41831
3518
10733
43255
63642
148841
131765
38509
84290
168048
41998
22066
48972
55059
79952
47431
13333
22432
136391
24307
155726
41662
66794
142873
99566
118308
21652
30886
2814
134108
46302
163438
68183
27341
141841
104537
68991
10755
86328
80103
22011
53464
141999
7443
43615
49035
99895
191434
142251
117053
31848
89843
64821
63252
22358
27920
8022
115747
44459
29834
38027
39117
56910
53553
70063
45655
23900
32085
127909
17734
145009
11256
82314
141966
101163
25189
840
94200
116892
122844
85333
23625
149680
51717
152800
141434
135784
20252
62106
69479
76726
55011
67975
69325
88576
112252
29832
12491
41427
51834
33827
88972
25747
138243
12118
57275
13353
45387
65560
20490
152444
123286
9087
56964
126820
25595
149352
50405
32195
76817
28546
44948
161685
34965
52577
36546
53887
61500
34665
26484
41880
98869
91868
131282
94602
137866
58436
6350
68443
91680
169427
42211
123203
120578
13150
9076
139108
5586
98466
48380
2286
85258
52675
14757
68007
81881
18712
69871
14889
2215
90923
17171
1833
115250
48453
75646
133586
32602
91571
81480
89321
2063
161263
80032
120859
167605
18438
87831
40002
20186
143870
84612
30950
130081
9850
12590
92478
38568
113021
9145
48066
160192
144654
76378
67850
28578
168118
153946
58308
131716
25772
58013
123358
121079
60611
22729
14929
26765
11661
45472
36711
107940
19888
77484
45043
35451
11676
87594
137558
90907
155410
59358
97947
84862
78888
14065
104262
50065
90596
34899
11200
9497
110684
11297
98511
76501
129984
134885
147138
9948
42617
134828
94423
171309
110971
28289
4350
54891
25230
16128
29276
9513
6745
17210
25482
73258
106357
30693
53518
36008
171232
34822
48784
38899
180690
70620
116702
76488
67639
44702
14197
28173
8359
51211
146458
101394
71185
31057
60509
127
23661
144549
47439
16062
24424
80587
5029
18336
87599
48175
69861
100932
56837
94569
199323
35344
26697
15049
87476
122375
81229
24543
54499
59169
87649
6073
49918
118516
20367
89861
951
84028
75557
122145
72492
58072
59424
92505
123826
92027
73341
10159
7766
57759
77434
32290
153093
93245
71646
67551
156997
48747
68912
29596
2749
113657
68487
26271
69313
18745
79310
152951
98174
120606
141403
50307
83068
80968
63309
154382
13856
36051
82394
43858
170776
54680
105059
53105
133390
25129
122926
11814
3260
87105
10476
26583
31716
13217
115352
42282
62012
3724
30996
29281
26156
18695
111857
118948
47009
84359
39316
107686
117804
32134
31985
22208
45256
32156
17308
41702
88816
44458
154616
51304
1669
52419
13873
19203
3956
10265
172854
121015
38874
43817
3938
185577
6799
33391
21027
17638
48196
38179
95688
92842
181716
4441
21354
53404
4089
35432
25247
1376
106867
181920
43578
85404
11618
44258
75208
21225
147197
60280
37420
184827
21464
23313
48864
30327
59346
36702
47998
95297
42917
63590
138950
72060
140168
118888
79796
38428
59615
10949
98407
23120
9577
86826
154874
120449
83102
49785
125766
85867
54986
30371
6520
2712
70058
46259
34823
53334
125376
8564
36533
13939
63910
54017
131332
16577
57199
154156
20450
107065
42995
77773
18428
62512
113391
11169
76968
171389
14517
41396
53434
18768
1309
54658
111987
61166
59280
96138
38396
72735
103173
21249
60362
142210
84582
59133
3997
169731
143379
28681
40541
54090
66072
101542
116799
55102
50734
39556
71512
29273
8586
56403
73603
55177
17921
65353
9650
4585
92855
59078
62663
63440
110885
5544
50011
40507
37359
80671
128037
5873
139374
38669
76205
45783
18827
72570
143384
83401
14007
41890
20004
22161
50460
62854
87990
190851
167535
137530
131727
121175
27341
49313
79914
25574
98232
14948
69364
48442
183849
1614
55117
74007
27768
47171
42990
36367
16907
98438
182402
70262
24872
77049
14415
195
47341
71906
156107
158759
6776
97278
62464
172674
29662
107126
22246
39710
21249
85956
137293
77215
106027
1973
114846
69447
29393
111699
106328
163375
57467
73127
49234
139808
76306
141391
63846
25078
80317
182852
125377
49195
48115
77792
165324
39436
79410
29395
23579
20515
99102
25075
3842
116126
44161
73987
156084
180295
137935
64777
18875
43724
73117
56577
77923
51453
44443
145578
15689
11284
83073
90023
10087
134106
69911
25158
23864
26084
28217
68651
10631
54284
70726
41148
78090
126029
6531
50975
141898
65197
65805
147143
41888
40454
117625
161845
118603
45275
8024
8474
5680
94500
5863
44056
49855
127929
28998
36878
101467
11620
57394
79878
85216
167869
161551
11314
173043
85154
17688
16899
54460
41778
118513
72667
99943
31369
21
38045
100986
32853
73742
2257
45651
39333
20568
128924
112216
67785
61638
153653
81771
6786
11889
58224
21650
66827
55565
127666
99890
9183
26036
84731
25779
65786
61526
37875
35366
38435
37079
134220
34354
107153
54498
19072
72117
86791
79416
16141
13398
57696
3125
86
5235
135422
25440
51715
6059
104029
133582
97140
14855
99570
136195
79729
65430
28416
89119
17127
41363
88919
81615
58631
45746
27563
22909
179126
9126
2183
110075
98001
37781
380
139093
28030
62345
164507
187508
172210
121064
45844
69057
20446
167049
5122
14313
34600
10149
18721
82835
75097
63157
121427
36396
96365
70996
165620
11387
18123
6329
69444
34055
12052
42803
46117
54422
56820
63428
32192
25355
26594
5633
141205
42814
35451
133664
180517
82317
96353
139856
43850
35026
22030
104255
27524
25410
135821
2507
116687
94434
26134
22560
108453
33937
171559
47522
65892
99427
32694
87353
21185
100932
17881
12414
84446
15645
59466
40189
44563
53662
165219
38450
23909
79228
30634
120822
56489
56352
69727
65486
49047
49848
113998
29456
55641
5061
59395
49932
78829
48133
64607
34270
103073
3487
178569
53692
87195
112297
17916
30702
14308
76776
129952
59281
129778
147596
9256
77416
58629
101254
6656
2182
35036
61755
41487
110289
3076
54280
139096
80855
118911
78357
62521
138638
104183
58246
40849
39150
118375
120877
100015
35513
94000
7480
21952
28655
148066
142407
111726
51731
106078
14273
97714
57863
111983
64611
35280
32436
17298
43089
167630
53453
26428
77829
50068
2786
4643
160351
54493
33050
51822
160560
4688
59295
158802
106053
79800
193664
85961
50093
61392
9276
25409
49938
12489
14937
58014
19849
84189
127574
94614
119414
45193
16833
15641
115985
35864
852
104755
29881
27525
71509
113935
30623
49495
71037
31465
177066
55594
37371
38536
15122
11501
67764
9531
143200
52804
38097
18004
78647
109731
97140
36827
67574
45775
96499
26257
22173
8172
23621
2394
173058
34286
112838
114086
135289
109798
98724
137547
76938
117444
40112
40261
35954
25225
105353
25539
139868
71346
5334
12488
160106
92781
102051
120329
4540
115976
32302
105682
76858
44168
96644
54825
149727
64580
121254
28196
102905
99015
84169
27706
66740
27571
131448
86071
43555
138093
35774
95796
45085
3471
108861
142193
47785
50373
94609
78326
82581
106129
132497
16473
155045
69671
21593
10539
40156
58376
2030
24441
33388
92672
43294
130774
124874
134391
71396
160636
78090
161679
35807
99409
102136
164786
50936
91939
9287
48116
156039
15122
48567
30220
58328
109470
185949
111412
94921
64784
16142
111195
61802
59473
34166
67781
92106
60673
43126
82611
184050
81289
30462
9311
115268
22305
51502
114528
121403
125882
138403
105958
87183
48808
914
13499
61062
59165
75083
91485
32646
92483
39392
13548
9221
142081
21186
34173
88374
97770
41426
372
152832
86123
175914
23532
68239
156681
36907
2016
65638
39272
10733
112471
61525
86814
32147
103299
91640
12777
130087
132410
6316
86242
33747
48499
25088
111451
67259
6278
62100
72623
79153
17210
111705
14039
21306
17071
121433
58165
54932
126082
76691
46087
163185
59967
132862
82321
120542
88891
3252
96082
38892
115477
39438
122333
109670
35497
111489
29228
79097
139031
144574
110843
12046
134086
37079
82933
89157
111847
115947
155303
28668
18770
156081
32874
86837
134414
162812
50822
35415
65217
51432
17848
160844
73276
50353
133889
5934
132061
70852
102955
115666
13622
16853
3701
18683
70048
21374
117139
9147
18845
61964
139103
5312
12488
79547
133832
107516
38949
90296
166706
33750
78344
84541
23053
98840
24417
37508
35071
56714
20975
79785
5862
29855
128198
48304
4841
3513
65775
65751
64641
1263
52160
92342
4482
21209
69730
13650
138354
49937
71857
4692
24554
61424
97497
82807
63524
143419
90644
93472
75539
76637
95149
129583
17842
64345
7502
30490
82758
130393
57508
185412
14649
16315
17053
6454
30481
55677
105091
47974
34062
40211
21891
84503
42437
104245
141928
8634
182875
34661
80778
95313
35100
28533
139160
107321
15556
52867
87926
103092
16056
38272
109249
62025
65503
72650
20799
18543
81889
128187
22660
48827
51927
129809
83991
37352
11376
25373
47861
15807
12877
49770
34615
127702
92587
118953
42349
93720
89161
52833
67034
27471
155728
35142
110203
1527
25774
35436
23094
10986
119526
28781
66883
116192
48115
147839
22406
77225
872
15555
24694
43382
91039
34280
41745
29307
91841
65784
21461
124898
58872
144520
33085
37694
76839
79769
51932
51451
75801
86965
99807
57171
12422
49295
78605
101085
99415
5833
21149
14802
99516
96578
118
80949
89578
54656
105284
7248
184295
4463
95627
44539
13130
34022
8215
100096
121188
42095
31153
32243
53487
120520
54705
2861
119543
10514
16116
56561
73451
100408
98847
34381
180282
84609
3345
2141
48485
12642
64572
44763
129887
2878
5923
141064
135683
8538
154330
95930
168159
12814
75698
57024
115882
163473
123466
50535
24109
78761
14513
40218
31132
76180
120551
33027
29204
77566
65963
46298
33541
14664
122968
142329
48684
2161
75089
102891
109813
44454
9939
72192
163523
107782
89675
162400
76217
21145
32314
14035
116413
119002
22324
101357
82283
52774
61544
81585
98160
142
35184
23389
31460
911
45851
16234
72127
14557
54246
121090
10372
88805
95993
157533
13957
12429
43111
516
71073
35967
89030
56005
49905
90453
165275
120507
44340
42278
91101
44711
28521
72007
170283
8834
65768
8601
69529
80749
72560
68976
85108
55320
128724
101815
55667
7558
79939
24622
53987
84013
17920
36745
83537
73681
52994
55576
29650
21580
160136
114597
35327
50740
9346
80128
65664
157225
133791
2487
117347
106070
134058
2819
78161
40323
7226
149230
31037
20160
86511
12698
179066
15445
15991
15074
75559
64491
47544
46299
9142
17237
154820
27193
101360
54730
28189
163736
121638
74672
46603
2694
100845
53278
136835
25081
79570
45652
81267
67336
14487
51625
178818
44524
58429
32491
95740
165608
58005
119193
106211
105471
116795
7998
57440
32578
31285
5729
97081
145244
138352
18869
73332
19949
40911
4972
159847
98847
66539
66007
2403
91302
102081
48228
17269
160315
49062
76302
14796
1609
12427
2490
23358
90947
77417
39408
111710
134940
7592
9374
145312
64512
192847
60020
2354
72186
34880
45447
117028
9621
14861
32070
2850
22090
107638
64958
70609
52130
1065
126756
68962
37241
74988
84489
113434
39123
41478
20973
123
52212
67021
152589
69398
36082
97401
101957
165252
6542
92012
22179
174163
28452
2578
80835
70837
52397
39750
34437
23672
9857
33690
11313
90051
53988
102478
76289
64758
51004
106514
93583
53520
24303
43665
53929
14423
13093
36461
116871
10606
50032
5304
95692
172248
4742
44896
92592
43780
2171
92690
6176
34920
27170
39472
54308
11885
7188
112404
141189
70870
10321
105290
157763
35871
70439
160541
36495
156651
101323
3405
55092
60060
13919
35404
102008
14628
30470
59516
50587
27446
3850
40203
141931
73323
88379
34162
100846
66814
7998
137597
127052
57110
24311
46116
100061
9679
19011
37191
56847
38285
149422
43863
23315
42707
6726
56094
120015
5924
76323
73136
137319
134193
46598
12430
67841
55825
3175
43134
160282
135570
44885
162436
11184
84495
63636
34538
320
22077
32703
54975
8251
145683
114092
32123
124961
3532
42171
43697
59598
52364
25742
143368
8572
45441
57314
64944
78384
19833
2037
25654
11814
193631
113097
165472
98493
90990
6623
830
15286
35055
106010
148988
9094
34705
26856
83471
76479
104498
95696
68078
20259
15539
57551
7760
8198
37623
38322
36030
22696
96257
67266
3891
28296
56714
102304
165661
67304
133686
18317
123773
155966
100506
42414
5593
127675
146769
13202
132131
36052
76877
80364
49981
50828
112362
10338
24772
113779
52219
64660
129131
161617
35220
80038
73804
30962
75296
69372
155316
2037
31405
3342
4324
88582
142610
168171
58655
154827
36061
43359
24989
138804
124976
131881
42769
5889
25034
131658
105873
41567
115054
139548
40956
139833
157865
16246
112289
63995
54175
76788
26519
117955
16793
92299
161519
1779
3666
166349
73604
63119
54023
40802
6901
22317
230
149105
28398
11519
13841
45330
51808
12822
2030
131404
131849
36093
108709
18629
98171
54894
394
127796
57205
130682
102595
34735
31528
35139
25573
117618
30348
157476
117378
86743
61371
45660
50363
51724
10218
48328
7142
84959
73696
1186
24267
57640
23437
63248
69618
85538
153136
46854
14467
51051
127152
151926
68618
122968
12562
5595
54268
121973
153875
10190
83519
70836
59047
47700
92283
161253
60759
80276
21599
116103
4337
63898
37559
118780
80962
96311
67244
119797
161823
25418
50569
162507
28079
70690
101248
176949
113030
110824
163241
29599
24146
50735
3108
141924
31379
113466
111506
128240
49213
118113
32948
129831
6353
21080
32335
66792
38445
32198
5507
39533
48636
32535
98828
152951
64249
82319
25041
81329
61405
141677
28944
106190
41884
155030
36705
20158
62157
89064
122059
110216
24693
99399
7019
28355
41718
165937
81932
30941
111906
85487
176099
105037
88271
36811
44726
17312
58516
20866
17889
80937
83765
74128
63996
109398
5649
29663
89087
88151
30705
66790
20447
104387
15522
138086
114265
52656
16843
7230
60604
110537
6095
63716
93395
33526
87599
38314
66753
19146
55431
165253
119557
93230
4277
58769
67548
119052
99268
72860
53832
44593
72831
32262
138914
38076
108610
122570
19299
24902
59525
122517
67712
56842
49550
46387
19530
38673
118578
32969
53131
67427
19699
152809
13673
85154
37631
73743
72825
135768
140777
22337
60541
33482
49827
115825
141094
74752
5929
16760
13921
130170
111829
110599
29000
5289
32061
68201
99148
5026
37094
93862
66109
26968
52423
78986
42873
65009
34887
143728
162172
12744
119204
11266
136231
87421
14209
44311
11526
30205
42480
135028
40172
39308
72271
42888
24663
4529
187520
38727
99834
29094
30179
65007
79407
164803
40723
122008
5296
100218
6822
64015
32409
146696
19573
75976
81650
10127
81788
81506
107036
38224
78727
25466
1583
109069
2279
15255
101760
141862
109193
143384
11309
50191
2459
42701
89918
60836
9949
80973
97011
91315
169410
144534
107581
81804
43241
38883
20219
509
88666
3824
27530
109865
45734
57898
39928
118966
17279
28960
137933
10122
111385
151367
24387
14376
117237
73760
132942
51167
31422
165482
93190
53989
96605
13109
75854
78689
125566
10458
50676
32618
65844
132328
19062
58462
51531
89136
118530
23873
75039
3239
65885
59163
12490
13350
97060
31543
84617
8407
50659
76265
87189
129082
88283
103970
56082
6299
114859
56082
35505
148261
85127
88188
5007
111573
33396
130382
13615
95083
76654
39386
168911
61721
18741
83291
35295
32677
40867
18562
39256
30983
71335
32385
101279
32438
25737
89023
143808
60382
139428
32697
125742
161755
7657
8113
54508
54481
105923
101116
85524
154223
112940
147128
136660
160330
32356
24205
34930
133233
3316
57155
38815
37664
15215
142496
435
92776
104699
3094
78851
92752
364
17031
37357
48
15890
115152
1519
142897
14480
8327
122418
112252
63692
75091
79002
26038
6294
51559
56827
15277
81991
49040
149258
6405
84860
123229
143419
106516
142630
16729
79762
7437
52904
33837
96775
45930
1841
3057
53960
8507
8053
118624
14296
12391
5987
18847
131289
60694
63635
1898
96387
81105
97612
8326
95467
11724
3713
127921
101958
56701
15569
133709
5363
13056
69975
70338
143372
73395
72873
185588
73791
37981
49461
114006
63850
12358
42699
2281
70626
16986
91406
100574
93245
65131
87114
42120
97350
64197
24985
7674
131994
176222
63669
192826
8922
53491
9288
13033
1767
91731
106425
71594
72628
90036
37339
99480
132531
70732
133077
47717
21696
33715
59189
96193
32441
2800
30586
2423
6720
35933
139278
56916
59412
3676
34939
136692
185370
21751
74987
148763
51749
169624
110735
30849
127201
62659
375
43867
96780
46564
14423
46334
6117
2060
72753
133909
65178
116113
6972
189159
15560
128901
78007
62734
176982
142845
114921
65858
43762
45048
64182
101291
12684
78616
114085
43004
21852
53526
50873
40444
42752
79988
17751
180514
73151
108777
35269
26796
6236
16348
68613
64472
131364
1414
149632
84890
77382
139854
83361
55575
15982
40274
35033
12042
12144
40976
63964
27357
53598
101160
123302
101717
118025
63815
29079
25876
4694
39340
13297
131912
7134
71984
7919
68148
32535
10331
174094
151480
6268
81342
112483
147828
161636
33327
53900
1462
127146
85080
23183
55972
17089
5224
51432
44314
144273
118823
108327
56815
34809
23226
86921
41723
31262
27974
30988
116424
39821
117361
46725
119795
115092
2174
34553
37721
140990
8298
195762
6113
102829
99329
95462
87781
90177
125580
2218
161025
2754
5895
14229
121227
48921
21567
182784
137230
184105
14620
59965
128381
5004
73687
128414
158356
15591
101998
629
13189
52927
30757
73672
14498
30737
29137
58543
10963
71606
114723
59733
80536
80789
78037
190334
29658
35644
31839
46747
127037
9511
36104
79341
20093
128901
71983
14916
135917
78302
58800
71666
129390
40438
73171
8992
180196
21289
141828
36419
5942
29613
35056
32246
42412
24847
43420
88501
172321
13530
30010
35908
76219
7004
167601
51170
47516
122502
59596
44531
31778
72071
119298
177707
54492
10748
44587
130330
111377
63264
104760
37420
21254
47298
102655
3296
48670
49893
23396
37294
131866
142927
43228
83036
50351
105368
110436
59713
29375
84749
125900
53762
34961
6537
9306
15792
43856
42384
10260
3687
165697
28527
13424
5069
118156
7802
138454
142460
12631
136137
23651
38498
101605
158775
2155
16567
31491
36942
118507
97110
189907
116219
125783
73293
37928
103582
77179
188740
91439
122757
122145
127952
59384
149681
24387
123152
28215
76923
54394
50115
138178
148297
106435
53093
83337
147317
75288
42095
16960
141306
114559
33109
2797
8625
93242
42916
55922
27225
130817
90921
119135
26314
18398
24678
25229
156344
143435
16794
31756
3476
90289
64892
152491
76869
122943
16080
16154
68135
49463
32848
20158
177
35509
40216
21110
69731
112
101263
34950
42824
38801
56045
13534
9621
45077
105774
104864
6708
16454
24506
72071
155881
165939
34535
88324
17559
24210
70852
141819
72988
82710
33826
145056
66010
44423
24650
24502
75189
133961
72782
71109
47957
70818
68561
132220
59601
433
30946
15779
109234
19188
37580
71464
149917
43653
76186
146462
59263
102312
169613
130988
53483
643
49950
131454
40779
150668
17114
31631
6469
7752
8828
45723
188770
106105
131252
64634
10309
80969
125219
74516
75094
96856
165150
172111
59136
71785
69696
55560
81316
75531
71280
1224
117422
52535
22868
136371
6239
121193
75673
32102
48449
7817
9527
52486
25352
71765
48152
134472
118722
6942
15221
64246
27898
92618
15828
41810
102767
2624
10254
15574
1935
132678
17516
86419
91547
148588
43337
157855
112082
17244
121109
70249
20788
44047
148114
52724
78044
26465
30186
14554
31505
69278
27916
3437
74060
26056
31075
89020
34793
17218
95296
2815
27916
138494
156755
135802
8379
65231
4519
141217
39923
38584
129258
94756
156704
125369
67011
43354
78627
131491
113979
130406
83562
61276
30327
52696
63607
18469
8667
37300
84741
12175
78458
5
37961
74075
137784
113063
20714
6319
155527
27091
48465
78297
30087
118579
51368
63481
71289
53996
130299
105797
938
182792
93264
1900
22550
14101
39769
34956
121035
58683
15993
8117
140471
13185
71454
84645
9422
14352
22293
22566
28189
34947
108965
43783
26640
101070
35160
43244
142027
58590
113641
79683
130657
55261
10856
112453
77569
31745
22797
121677
59667
69324
57100
149783
19420
15257
128880
9103
70194
76123
113232
162903
30561
132565
76178
17344
70351
37710
37142
15017
135198
100362
59954
93733
35012
30581
19696
89263
77850
6677
99378
2144
76584
86257
144133
16136
174702
9534
77639
28465
30209
23206
30765
130595
5992
94365
2157
159526
22323
64807
42625
113818
43290
33768
45812
98895
84448
115166
50058
137677
102702
18453
80689
37435
120693
62861
130607
102421
141740
141479
39063
16140
11379
21393
36742
157611
130065
37498
24370
54517
9150
20166
16159
123880
76315
62937
6948
35808
71838
51929
90904
58896
20455
108826
5857
101347
53427
185437
93251
70066
94199
52790
70494
64828
68229
87436
158848
26948
2698
99594
181760
125150
128433
72651
95502
141765
144455
4890
110705
84032
31324
49276
44362
17963
57669
74238
51880
27268
13389
139808
44669
53238
34236
44505
55644
46661
48551
78572
92073
84276
52503
77579
31153
89956
36066
103447
108239
172349
154806
24768
87515
112532
74138
133902
41351
122791
115310
36174
67665
3264
129722
41195
22572
78779
43262
12025
96782
15947
36204
69867
60263
12579
172226
136200
65744
43638
117578
25083
79175
17785
36488
115376
118041
103939
12511
33846
120881
95704
14703
180116
23614
33242
30527
121432
14637
23282
667
30898
61927
97142
108672
52015
30886
44847
81827
73986
124282
32160
141191
99397
87059
141060
7752
13424
148522
77785
92378
106575
55561
43669
99646
67612
116519
22142
67290
103228
24848
66035
85770
40751
87303
172632
2778
12826
128953
116850
44187
4726
24123
131208
49026
120851
8920
72700
10557
94323
138794
34718
84622
105291
79117
29033
91429
58066
142299
2786
27685
67203
56308
24551
22254
177557
54240
91238
48755
43218
21130
21289
49974
166574
59529
96796
129316
21211
86357
59516
103918
71761
65944
142188
119849
106718
46383
122024
47933
1711
52203
149354
36519
72555
12948
17279
129509
75056
72926
18867
17229
84974
37772
19596
82627
45969
34891
161063
151386
14589
10417
143477
3419
130919
70134
24257
43399
94644
104
55817
143418
9838
48597
168724
25171
118981
122982
59243
42726
66922
119805
2846
15972
84420
64738
57754
82402
1189
34412
132249
30494
10608
114964
10465
74741
131385
17399
57660
29995
102029
106759
73930
31699
1381
118105
20782
35191
26357
86955
29315
181
36652
52861
143739
94334
59483
37348
40812
30493
96661
31716
6949
8887
43710
141930
23619
30445
87619
2455
108661
84749
80318
22540
192745
51254
5921
16547
108083
88266
111121
9960
37096
39386
96421
10906
78212
64514
27363
133751
112148
31714
6107
120553
110277
47579
4211
30402
105859
8867
43840
73053
34212
159943
139060
129760
40178
13723
79458
119424
65053
57042
83381
20553
34565
102012
117326
585
45441
50821
61387
56749
644
15664
9179
36180
33228
53279
118693
25112
67406
126217
1466
15343
14657
31748
65979
109692
2710
14390
58616
15596
99097
117489
144574
5390
133308
113130
40787
90025
23710
9031
95635
32359
109297
1654
77036
82023
75879
118391
47964
123801
111041
127165
154966
84825
53365
76987
120656
9396
126950
37726
55097
5079
132040
408
28144
143213
87097
82785
91289
143167
37384
158757
14640
9357
145618
3626
45303
143728
170018
944
35298
17429
8919
19396
113495
117231
33910
115501
79359
38520
101245
97620
7028
52310
9233
51725
40402
9988
36308
18619
118145
17887
50795
95500
63270
73742
7995
63144
28400
97506
53267
49084
25430
15119
115722
5372
25271
15774
32208
8185
120557
21439
81529
123871
93339
18473
45281
35865
19909
53657
6120
101059
8477
57937
104910
62670
234
68998
110863
55812
20578
10005
633
5707
8128
86059
24087
82817
108958
176427
22983
18528
25430
64673
71748
61949
10272
63375
44242
28050
50386
61453
127753
7072
66657
168746
2479
148398
1154
138511
130675
98076
41899
54181
57266
9440
46867
24563
92337
131430
139991
107373
147742
15772
2303
30567
42643
46827
125917
96944
143675
171302
81413
16863
97032
50929
147739
73814
61413
27588
11827
38236
51122
109732
5200
77001
76743
101846
199184
6072
83961
132022
2821
51960
3320
131763
65416
86627
37131
60500
85057
81888
158054
30469
153106
8059
40632
32327
130689
132721
35120
46003
31085
39208
82667
107448
19197
1813
8551
53694
147571
51909
1092
54798
110631
143256
27136
173983
147900
28820
105325
125012
55684
34312
1925
51791
25386
127745
108594
18779
77700
54053
13131
42584
25762
34764
72943
125272
115860
5885
966
2980
89983
7030
138585
61360
19890
76074
78749
86770
83112
63782
14581
38853
119415
5924
172272
36631
98987
57700
39070
39660
113162
58715
51416
27190
83276
24937
27086
68159
4786
35179
42261
55426
10732
111877
2952
130676
36729
9831
162641
81922
135305
85034
35148
53224
21739
320
53356
38300
72944
122153
149216
30933
23078
53408
114018
123358
102215
104135
103955
60397
125173
94789
30081
30784
186351
174818
70771
135547
30470
99838
49450
24385
32959
74012
44207
16140
17843
101814
89858
105217
54772
90098
25158
147435
68917
137403
82306
36477
129718
26265
126174
73674
51356
48914
58614
50203
39556
69073
67912
48140
83345
128840
50118
113169
23720
28442
55043
160904
57757
53698
5943
12805
14371
48997
3413
96732
70067
87191
134173
28645
31015
49837
84334
12719
179717
141113
113097
51871
101420
6253
34749
132834
28606
45016
27849
31991
52391
105841
63054
135799
47849
109738
60863
43743
93802
40344
98181
22880
51138
38949
31341
97924
113756
41547
96359
81494
66813
41747
33965
81111
60450
176
19211
25625
85711
16849
16028
2968
146184
140414
3254
84706
49892
109601
39326
68803
95614
85536
4923
110762
77127
11410
180697
53621
83560
89507
106665
140433
85938
66927
2547
49153
46974
20487
90066
113500
3439
78538
88566
107394
20116
25994
120432
5700
74797
1857
75313
88493
78862
78797
101065
41931
30942
117507
76246
25391
17707
56416
60414
153572
88572
770
18863
66676
28167
161657
24655
113052
142521
129388
96378
26826
16082
120988
40966
121267
6949
7647
91288
141910
69076
8787
76896
138166
46211
105401
128036
88289
25966
137366
84825
53752
40372
74388
74621
83878
143350
133004
5928
27733
53081
2294
58693
5946
37293
92688
78523
143579
164759
72831
91801
22243
92039
15737
2176
160707
21270
132006
9156
10134
124596
106409
116792
51747
153452
81465
103971
88546
75323
156745
135983
71810
2004
35596
90801
2671
99897
76873
46788
132314
69620
63391
131390
14056
83812
24591
18777
166184
29452
54501
95307
43259
5680
26914
127498
100459
34323
55416
53706
55200
149440
68810
97730
101734
19254
107489
119775
58011
52775
11489
126066
36243
54184
165074
133295
30800
55572
32430
168660
75828
124128
83972
20120
5997
81483
37106
32886
60674
65882
18517
41941
84446
76581
32486
20770
54747
70462
113283
55221
54602
117078
32574
2246
118614
56544
38464
79868
7057
71521
4420
69634
13349
21257
82258
70779
9283
67660
49594
91001
57840
28009
59237
108643
108619
75518
13454
113003
5277
23495
91299
48788
140900
47903
48129
110860
21056
168771
61562
13141
51598
29077
70045
161707
91633
59899
18470
110764
53844
56455
19599
43774
4374
110529
122367
36646
25266
31673
157671
85475
76912
101791
47846
46110
79215
39768
38229
67381
57186
26946
41686
24856
34075
141701
38056
102921
147761
17977
102546
47810
15776
6792
82750
3321
51629
82795
78122
53342
14685
41664
32477
22647
36166
50053
106288
73221
117628
158797
34915
10280
117003
53828
100327
108296
20078
30198
38767
27720
42245
71781
9375
86203
110188
179929
37910
16355
26214
52152
58160
36042
130033
4304
31499
81377
25023
111386
105466
147318
43696
58295
75529
5916
9165
60996
42053
68153
38421
61826
58572
42241
39946
123748
35253
74605
34273
41675
109413
33238
37328
63314
16974
18866
128630
121046
62074
145276
102899
58559
28515
59205
162385
128303
52629
28948
118146
51070
79978
20282
23090
45132
2202
9403
121265
123215
117904
39025
85088
60379
26757
115140
103698
14199
62136
20896
143222
41132
39457
9763
14664
107335
32024
23168
119153
58392
13303
52419
25863
51421
71223
92066
116874
35332
4892
72219
26778
32086
57174
71511
20386
61507
133423
4545
99141
41069
71510
96296
101476
68977
174649
151652
68358
68804
51074
103482
61319
32705
24644
7639
33767
74280
97757
79986
18974
23414
45089
30497
32049
97933
101053
179958
55078
15099
30985
36691
31035
41248
14413
131208
50405
105018
189943
38595
91104
58496
4372
11232
106656
150266
99327
111808
144774
99081
19889
41017
51143
49942
52547
92076
34866
75071
20360
56116
122978
43443
30708
12026
87639
150421
18431
36970
26019
55536
117201
65001
99381
117038
131822
76302
114258
96655
8131
99115
86661
250
49785
133055
29958
26780
130408
85476
135996
21468
98604
10376
119382
68001
27910
107767
62
169630
52820
38472
32223
38307
114018
85908
18928
108894
111278
34388
27194
65509
14672
60698
19195
52679
110386
79835
44602
56033
87014
59575
38543
56864
74667
141901
100039
10270
78658
138354
72943
34704
11783
90586
150214
55179
153302
25587
2160
6479
123090
128444
65588
17693
35837
58717
101122
109885
151759
48999
38491
112593
20042
76380
28484
24312
57931
100337
26929
54133
34909
18715
162122
88819
93224
126755
129953
17005
156611
5845
66633
14857
117529
71028
13862
43040
21079
124015
10757
6069
72560
1081
92345
36325
27830
72415
40695
118719
111610
22553
82311
94390
154719
3372
79751
55658
106436
63571
51723
18405
38614
31918
154850
61471
23037
135384
88639
53934
115749
147
85470
24123
90950
101961
44413
36061
1169
99891
57920
2698
79279
88862
56024
44443
116084
57983
49832
8475
4029
134904
26594
22333
42475
109284
15953
85595
32248
46085
44822
44188
40531
32835
78434
72817
187640
6315
9589
3542
31126
2397
15991
57365
2942
41462
64675
34601
86924
27443
41527
78367
130277
34191
101518
4653
83896
26550
72940
101150
80292
83138
29717
156116
86387
42045
99609
56245
160292
34767
32624
51571
47018
103259
12105
11824
115850
149906
125628
41682
49040
86192
40748
181696
48642
103476
66105
85588
69021
36637
89907
40921
35532
25237
29984
82475
122154
